[2016.02.14-13.07.27:293][  0]Log file open, 02/14/16 14:07:27
[2016.02.14-13.07.27:293][  0]LogInit:Display: Running engine for game: StarFox
[2016.02.14-13.07.27:293][  0]LogInit:Display: RandInit(-1162138355) SRandInit(-1162138355).
[2016.02.14-13.07.27:293][  0]LogTaskGraph: Started task graph with 4 named threads and 7 total threads.
[2016.02.14-13.07.27:293][  0]LogStats: Stats thread started at 0.074886
[2016.02.14-13.07.27:293][  0]LogInit: Version: 4.9.2-2707645+++depot+UE4-Releases+4.9
[2016.02.14-13.07.27:293][  0]LogInit: API Version: 2672455
[2016.02.14-13.07.27:293][  0]LogInit: Compiled (64-bit): Sep 28 2015 10:25:44
[2016.02.14-13.07.27:293][  0]LogInit: Compiled with Visual C++: 18.00.21005.01
[2016.02.14-13.07.27:293][  0]LogInit: Build Configuration: Development
[2016.02.14-13.07.27:293][  0]LogInit: Branch Name: ++depot+UE4-Releases+4.9
[2016.02.14-13.07.27:293][  0]LogInit: Command line:  
[2016.02.14-13.07.27:293][  0]LogInit: Base directory: C:/Program Files/Epic Games/4.9/Engine/Binaries/Win64/
[2016.02.14-13.07.27:293][  0]LogInit: Rocket: 1
[2016.02.14-13.07.27:314][  0]LogInit: Using libcurl 7.41.0
[2016.02.14-13.07.27:314][  0]LogInit:  - built for x86_64-pc-win32
[2016.02.14-13.07.27:314][  0]LogInit:  - supports SSL with WinSSL
[2016.02.14-13.07.27:314][  0]LogInit:  - other features:
[2016.02.14-13.07.27:314][  0]LogInit:      CURL_VERSION_SSL
[2016.02.14-13.07.27:314][  0]LogInit:      CURL_VERSION_IPV6
[2016.02.14-13.07.27:314][  0]LogInit:      CURL_VERSION_ASYNCHDNS
[2016.02.14-13.07.27:314][  0]LogInit:      CURL_VERSION_LARGEFILE
[2016.02.14-13.07.27:314][  0]LogInit:      CURL_VERSION_IDN
[2016.02.14-13.07.27:314][  0]LogInit:  CurlRequestOptions (configurable via config and command line):
[2016.02.14-13.07.27:314][  0]LogInit:  - bVerifyPeer = true  - Libcurl will verify peer certificate
[2016.02.14-13.07.27:314][  0]LogInit:  - bUseHttpProxy = false  - Libcurl will NOT use HTTP proxy
[2016.02.14-13.07.27:314][  0]LogInit:  - bDontReuseConnections = false  - Libcurl will reuse connections
[2016.02.14-13.07.27:314][  0]LogInit:  - CertBundlePath = nullptr  - Libcurl will use whatever was configured at build time.
[2016.02.14-13.07.27:332][  0]LogInit: Presizing for 0 objects not considered by GC, pre-allocating 0 bytes.
[2016.02.14-13.07.27:339][  0]LogInit: Object subsystem initialized
[2016.02.14-13.07.27:342][  0]LogInit: Selected Device Profile: [Windows]
[2016.02.14-13.07.27:342][  0]LogInit: Applying CVar settings loaded from the selected device profile: [Windows]
[2016.02.14-13.07.27:361][  0]LogInit: Computer: FIDUS
[2016.02.14-13.07.27:361][  0]LogInit: User: Niclas
[2016.02.14-13.07.27:361][  0]LogInit: CPU Page size=4096, Cores=4
[2016.02.14-13.07.27:361][  0]LogInit: High frequency timer resolution =3.386480 MHz
[2016.02.14-13.07.27:361][  0]LogMemory: Memory total: Physical=15.9GB (16GB approx)
[2016.02.14-13.07.27:361][  0]LogMemory: Platform Memory Stats for Windows
[2016.02.14-13.07.27:361][  0]LogMemory: Process Physical Memory: 54.32 MB used, 54.32 MB peak
[2016.02.14-13.07.27:361][  0]LogMemory: Process Virtual Memory: 58.30 MB used, 58.30 MB peak
[2016.02.14-13.07.27:361][  0]LogMemory: Physical Memory: 6844.39 MB used, 16332.28 MB total
[2016.02.14-13.07.27:361][  0]LogMemory: Virtual Memory: 372.12 MB used, 134217728.00 MB total
[2016.02.14-13.07.27:390][  0]LogTextLocalizationManager: No translations for ('sv-SE') exist, falling back to 'en' for localization and internationalization data.
[2016.02.14-13.07.28:250][  0]LogD3D11RHI: Found D3D11 adapter 0: AMD Radeon HD 7800 Series (Feature Level 11_0)
[2016.02.14-13.07.28:250][  0]LogD3D11RHI: Adapter has 2030MB of dedicated video memory, 0MB of dedicated system memory, and 8166MB of shared system memory, 1 output[s]
[2016.02.14-13.07.28:251][  0]LogD3D11RHI: Found D3D11 adapter 1: Microsoft Basic Render Driver (Feature Level 11_0)
[2016.02.14-13.07.28:251][  0]LogD3D11RHI: Adapter has 0MB of dedicated video memory, 0MB of dedicated system memory, and 8166MB of shared system memory, 0 output[s]
[2016.02.14-13.07.28:251][  0]LogD3D11RHI: Chosen D3D11 Adapter Id = 0
[2016.02.14-13.07.28:254][  0]LogD3D11RHI: !Direct3DDevice
[2016.02.14-13.07.28:254][  0]LogRHI: Texture pool is 1361 MB (70% of 1945 MB)
[2016.02.14-13.07.28:259][  0]LogD3D11RHI: Async texture creation disabled: no driver support
[2016.02.14-13.07.28:268][  0]LogShaderCompilers: Guid format shader working directory is 15 characters bigger than the processId version (../../../../../../Users/Niclas/Documents/GitHub/Staroxurur/StarFox/Intermediate/Shaders/WorkingDirectory/8520/).
[2016.02.14-13.07.28:268][  0]LogShaderCompilers: Cleaned the shader compiler working directory '../../../../../../Users/Niclas/Documents/GitHub/Staroxurur/StarFox/Intermediate/Shaders/tmp/7AE9621843947EA299B6469770128D00/'.
[2016.02.14-13.07.28:268][  0]LogShaderCompilers:Display: Using Local Shader Compiler.
[2016.02.14-13.07.29:266][  0]LogTemp:Display: Loaded TP AllDesktopTargetPlatform
[2016.02.14-13.07.29:271][  0]LogTemp:Display: Loaded TP WindowsClientTargetPlatform
[2016.02.14-13.07.29:277][  0]LogTemp:Display: Loaded TP WindowsNoEditorTargetPlatform
[2016.02.14-13.07.29:283][  0]LogTemp:Display: Loaded TP WindowsServerTargetPlatform
[2016.02.14-13.07.29:288][  0]LogTemp:Display: Loaded TP WindowsTargetPlatform
[2016.02.14-13.07.29:292][  0]LogTemp:Display: Loaded TP AndroidTargetPlatform
[2016.02.14-13.07.29:296][  0]LogTemp:Display: Loaded TP Android_ASTCTargetPlatform
[2016.02.14-13.07.29:299][  0]LogTemp:Display: Loaded TP Android_ATCTargetPlatform
[2016.02.14-13.07.29:303][  0]LogTemp:Display: Loaded TP Android_DXTTargetPlatform
[2016.02.14-13.07.29:306][  0]LogTemp:Display: Loaded TP Android_ETC1TargetPlatform
[2016.02.14-13.07.29:310][  0]LogTemp:Display: Loaded TP Android_ETC2TargetPlatform
[2016.02.14-13.07.29:313][  0]LogTemp:Display: Loaded TP Android_PVRTCTargetPlatform
[2016.02.14-13.07.29:314][  0]LogTemp:Display: Loaded TP HTML5TargetPlatform
[2016.02.14-13.07.29:331][  0]LogTemp:Display: Loaded TP IOSTargetPlatform
[2016.02.14-13.07.29:334][  0]LogTemp:Display: Loaded TP LinuxNoEditorTargetPlatform
[2016.02.14-13.07.29:338][  0]LogTemp:Display: Loaded TP LinuxServerTargetPlatform
[2016.02.14-13.07.29:341][  0]LogTemp:Display: Loaded TP LinuxTargetPlatform
[2016.02.14-13.07.29:341][  0]LogTargetPlatformManager:Display: Building Assets For Windows
[2016.02.14-13.07.29:438][  0]LogDerivedDataCache:Display: Max Cache Size: 512 MB
[2016.02.14-13.07.29:478][  0]LogDerivedDataCache: Loaded boot cache 0.04s 44MB C:/Users/Niclas/AppData/Local/UnrealEngine/4.9/DerivedDataCache/Boot.ddc.
[2016.02.14-13.07.29:478][  0]LogDerivedDataCache:Display: Loaded Boot cache: C:/Users/Niclas/AppData/Local/UnrealEngine/4.9/DerivedDataCache/Boot.ddc
[2016.02.14-13.07.29:479][  0]LogDerivedDataCache: FDerivedDataBackendGraph:  Pak pak cache file ../../../../../../Users/Niclas/Documents/GitHub/Staroxurur/StarFox/DerivedDataCache/DDC.ddp not found, will not use a pak cache.
[2016.02.14-13.07.29:479][  0]LogDerivedDataCache: Unable to find inner node Pak for hierarchical cache Hierarchy.
[2016.02.14-13.07.29:479][  0]LogDerivedDataCache: FDerivedDataBackendGraph:  CompressedPak pak cache file ../../../../../../Users/Niclas/Documents/GitHub/Staroxurur/StarFox/DerivedDataCache/Compressed.ddp not found, will not use a pak cache.
[2016.02.14-13.07.29:479][  0]LogDerivedDataCache: Unable to find inner node CompressedPak for hierarchical cache Hierarchy.
[2016.02.14-13.07.29:605][  0]LogDerivedDataCache:Display: Pak cache opened for reading ../../../Engine/DerivedDataCache/Compressed.ddp.
[2016.02.14-13.07.29:617][  0]LogDerivedDataCache: Using Local data cache path C:/Users/Niclas/AppData/Local/UnrealEngine/Common/DerivedDataCache: Writable
[2016.02.14-13.07.29:822][  0]LogInit: Selected Device Profile: [Windows]
[2016.02.14-13.07.29:826][  0]LogContentStreaming: Texture pool size is 0.000000MB
[2016.02.14-13.07.29:954][  0]LogMeshUtilities: No automatic mesh reduction module available
[2016.02.14-13.07.29:954][  0]LogMeshUtilities: No automatic mesh merging module available
[2016.02.14-13.07.30:172][  0]LogInit: WinSock: version 1.1 (2.2), MaxSocks=32767, MaxUdp=65467
[2016.02.14-13.07.30:857][  0]UdpMessaging: Initializing bridge on interface 0.0.0.0:0 to multicast group 230.0.0.1:6666.
[2016.02.14-13.07.30:971][  0]LogAssetRegistry: FAssetRegistry took 0.0106 seconds to start up
[2016.02.14-13.07.31:133][  0]SourceControl: Info Source control is disabled
[2016.02.14-13.07.31:134][  0]SourceControl: Info Source control is disabled
[2016.02.14-13.07.31:147][  0]SourceControl: Info Source control is disabled
[2016.02.14-13.07.31:160][  0]SourceControl: Info Source control is disabled
[2016.02.14-13.07.31:338][  0]LogLinker:Warning: Asset '../../../Engine/Plugins/Runtime/LeapMotionController/Content/LM_PassthroughMaterial.uasset' has been saved with empty engine version. The asset will be loaded but may be incompatible.
[2016.02.14-13.07.31:426][  0]LogObj: 28399 objects as part of root set at end of initial load.
[2016.02.14-13.07.31:426][  0]LogUObjectAllocator: 6056264 out of 0 bytes used by permanent object pool.
[2016.02.14-13.07.31:475][  0]LogEngine: Initializing Engine...
[2016.02.14-13.07.31:477][  0]LogHMD: Can't find Oculus library dev build: is proper Runtime installed? Version: 0.7.0.0
[2016.02.14-13.07.31:478][  0]LogHMD: SteamVR failed to initialize.  Err: 110
[2016.02.14-13.07.31:582][  0]LogAIModule: Creating AISystem for world NewWorld
[2016.02.14-13.07.31:594][  0]LogInit: XAudio2 using '1 - BenQ GW2750H (AMD High Definition Audio Device)' : 2 channels at 48 kHz using 16 bits per sample (channel mask 0x3)
[2016.02.14-13.07.31:602][  0]LogInit: FAudioDevice initialized.
[2016.02.14-13.07.31:622][  0]LogDerivedDataCache: Saved boot cache 0.02s 44MB C:/Users/Niclas/AppData/Local/UnrealEngine/4.9/DerivedDataCache/Boot.ddc.
[2016.02.14-13.07.31:625][  0]LogInit: Texture streaming: Enabled
[2016.02.14-13.07.31:631][  0]LogAnalytics: Creating configured Analytics provider AnalyticsET
[2016.02.14-13.07.31:631][  0]LogAnalytics: [UEEditor.Rocket.Release] APIServer = http://et2.epicgames.com/ET2/. AppVersion = 4.9.2-2707645+++depot+UE4-Releases+4.9
[2016.02.14-13.07.31:631][  0]LogAnalytics: [UEEditor.Rocket.Release] SetUserId 8d5f2d8b4e520712a8f1e688fed765ab|99f216c1865e471987722078da7bde5f|50f43dcd-c54f-4aa6-a5c1-e948023fc359
[2016.02.14-13.07.31:631][  0]LogAnalytics: [UEEditor.Rocket.Release] AnalyticsET::StartSession
[2016.02.14-13.07.31:659][  0]LogInit: Transaction tracking system initialized
[2016.02.14-13.07.31:708][  0]BlueprintLog: New page: Editor Load
[2016.02.14-13.07.31:819][  0]LocalizationService: Info Localization service is disabled
[2016.02.14-13.07.31:920][  0]LogConsoleResponse:Display: 
[2016.02.14-13.07.32:096][  0]LogCook:Display: Done creating registry. It took  0.00s.
[2016.02.14-13.07.32:217][  0]LogFileCache: Scanning file cache for directory 'C:/Users/Niclas/Documents/GitHub/Staroxurur/StarFox/Content/' took 0.04s
[2016.02.14-13.07.32:217][  0]SourceControl: Info Source control is disabled
[2016.02.14-13.07.39:452][  0]LogWindowsTextInputMethodSystem:Display: IME system now deactivated.
[2016.02.14-13.07.39:462][  0]LogWindowsTextInputMethodSystem:Display: IME system now deactivated.
[2016.02.14-13.07.41:376][  0]LogWindowsTextInputMethodSystem:Display: IME system now deactivated.
[2016.02.14-13.07.41:390][  0]LogWindowsTextInputMethodSystem:Display: IME system now deactivated.
[2016.02.14-13.07.41:390][  0]Cmd: MAP LOAD FILE="../../../../../../Users/Niclas/Documents/GitHub/Staroxurur/StarFox/Content/StarterContent/Maps/Minimal_Default.umap" TEMPLATE=0 SHOWPROGRESS=1 FEATURELEVEL=3
[2016.02.14-13.07.41:391][  0]LightingResults: New page: Lighting Build
[2016.02.14-13.07.41:411][  0]MapCheck: New page: Map Check
[2016.02.14-13.07.41:411][  0]LightingResults: New page: Lighting Build
[2016.02.14-13.07.41:420][  0]LogParticles: Destroying 0 GPU particle simulations for FXSystem 0x00000201A813B6A0
[2016.02.14-13.07.41:640][  0]LogBlueprint:Warning: [compiler FlyingPawn] Warning Input Axis Event references unknown Axis 'MoveRight' for  InputAxis MoveRight 
[2016.02.14-13.07.41:640][  0]LogBlueprint:Warning: [compiler FlyingPawn] Warning Input Axis Event references unknown Axis 'MoveUp' for  InputAxis MoveUp 
[2016.02.14-13.07.41:645][  0]LogBlueprint:Warning: [compiler FlyingPawn] Warning [0015.44] Compile of FlyingPawn successful, but with 2 Warning(s) [in 15 ms]
[2016.02.14-13.07.41:645][  0]LogBlueprint:Warning: [compiler FlyingPawn] Warning [0015.44] Compile of FlyingPawn successful, but with 3 Warning(s) [in 0 ms]
[2016.02.14-13.07.41:645][  0]LogBlueprint:Warning: [compiler FlyingPawn] Warning [0015.44] Compile of FlyingPawn successful, but with 4 Warning(s) [in 0 ms]
[2016.02.14-13.07.41:662][  0]LogBlueprint:Warning: [compiler FlyingPawn] Warning Input Axis Event references unknown Axis 'MoveRight' for  InputAxis MoveRight 
[2016.02.14-13.07.41:662][  0]LogBlueprint:Warning: [compiler FlyingPawn] Warning Input Axis Event references unknown Axis 'MoveUp' for  InputAxis MoveUp 
[2016.02.14-13.07.41:666][  0]LogBlueprint:Warning: [compiler FlyingPawn] Warning [0015.46] Compile of FlyingPawn successful, but with 2 Warning(s) [in 16 ms]
[2016.02.14-13.07.41:666][  0]LogBlueprint:Warning: [compiler FlyingPawn] Warning [0015.46] Compile of FlyingPawn successful, but with 3 Warning(s) [in 0 ms]
[2016.02.14-13.07.41:666][  0]LogBlueprint:Warning: [compiler FlyingPawn] Warning [0015.46] Compile of FlyingPawn successful, but with 4 Warning(s) [in 0 ms]
[2016.02.14-13.07.41:898][  0]LogAIModule: Creating AISystem for world Minimal_Default
[2016.02.14-13.07.41:905][  0]LogEditorServer: Finished looking for orphan Actors (0.000 secs)
[2016.02.14-13.07.41:906][  0]Cmd: MAP CHECKDEP NOCLEARLOG
[2016.02.14-13.07.41:990][  0]MapCheck: Info Map check complete: 0 Error(s), 0 Warning(s), took 83.359ms to complete.
[2016.02.14-13.07.41:990][  0]LogFileHelpers: Loading map 'Minimal_Default' took 0.600
[2016.02.14-13.07.41:994][  0]LogWindowsTextInputMethodSystem:Display: IME system now deactivated.
[2016.02.14-13.07.42:046][  0]LogCollectionManager: Loaded 0 collections in 0.002338 seconds
[2016.02.14-13.07.42:086][  0]LogFileCache: Scanning file cache for directory 'C:/Users/Niclas/Documents/GitHub/Staroxurur/StarFox/Saved/Collections/' took 0.01s
[2016.02.14-13.07.42:086][  0]LogFileCache: Scanning file cache for directory 'C:/Users/Niclas/Documents/GitHub/Staroxurur/StarFox/Content/Developers/Niclas/Collections/' took 0.01s
[2016.02.14-13.07.42:086][  0]LogFileCache: Scanning file cache for directory 'C:/Users/Niclas/Documents/GitHub/Staroxurur/StarFox/Content/Collections/' took 0.01s
[2016.02.14-13.07.42:086][  0]LogContentBrowser: Native class hierarchy populated in 0.0068 seconds. Added 1871 classes and 335 folders.
[2016.02.14-13.07.42:092][  0]LogCollectionManager: Rebuilt the GUID cache for 0 collections in 0.000002 seconds
[2016.02.14-13.07.42:100][  0]LogContentBrowser: Native class hierarchy updated for 'WidgetCarousel' in 0.0013 seconds. Added 0 classes and 0 folders.
[2016.02.14-13.07.42:143][  0]LogContentBrowser: Native class hierarchy updated for 'AddContentDialog' in 0.0017 seconds. Added 0 classes and 0 folders.
[2016.02.14-13.07.42:148][  0]LogContentBrowser: Native class hierarchy updated for 'SceneOutliner' in 0.0013 seconds. Added 1 classes and 2 folders.
[2016.02.14-13.07.42:170][  0]LogCrashTracker: Crashtracker disabled due to settings.
[2016.02.14-13.07.42:174][  0]LogUObjectGlobals:Warning: Failed to find object 'Class None.'
[2016.02.14-13.07.42:196][  0]LogStats:Warning: MetaData mismatch. Did you assign a stat to two groups? New //STATGROUP_Threads//SplashScreenThread///Thread_1570_0///####STATCAT_Advanced#### old //STATGROUP_Threads//SplashScreenThread///Thread_19f8_0///####STATCAT_Advanced####
[2016.02.14-13.07.42:196][  0]LogLoad: Full Startup: 15.99 seconds (BP compile: 0.09 seconds)
[2016.02.14-13.07.42:260][  0]LogContentStreaming: Texture pool size now 1000 MB
[2016.02.14-13.07.42:364][  0]LogRenderer: Reallocating scene render targets to support 1208x576 (Frame:2).
[2016.02.14-13.07.42:562][  1]LogCollectionManager: Rebuilt the object cache for 0 collections in 0.000001 seconds (found 0 objects)
[2016.02.14-13.07.42:681][  3]LogAssetRegistry: Asset discovery search completed in 11.7207 seconds
[2016.02.14-13.07.42:681][  3]LogCollectionManager: Fixed up redirectors for 0 collections in 0.000006 seconds (updated 0 objects)
[2016.02.14-13.07.44:193][178]LogBlueprintUserMessages: Early PlayInEditor Detection: Level '/Game/StarterContent/Maps/Minimal_Default.Minimal_Default:PersistentLevel' has LevelScriptBlueprint '/Game/StarterContent/Maps/Minimal_Default.Minimal_Default:PersistentLevel.Minimal_Default' with GeneratedClass '/Game/StarterContent/Maps/Minimal_Default.Minimal_Default_C' with ClassGeneratedBy '/Game/StarterContent/Maps/Minimal_Default.Minimal_Default:PersistentLevel.Minimal_Default'
[2016.02.14-13.07.44:193][178]LogPlayLevel: PlayLevel: No blueprints needed recompiling
[2016.02.14-13.07.44:193][178]PIE: New page: PIE session: Minimal_Default (Feb 14, 2016, 3:07:44 PM)
[2016.02.14-13.07.44:193][178]LogPlayLevel: Creating play world package: /Game/StarterContent/Maps/UEDPIE_0_Minimal_Default
[2016.02.14-13.07.44:202][178]LogPlayLevel: PIE: StaticDuplicateObject took: (0.009113s)
[2016.02.14-13.07.44:203][178]LogAIModule: Creating AISystem for world Minimal_Default
[2016.02.14-13.07.44:203][178]LogPlayLevel: PIE: World Init took: (0.000740s)
[2016.02.14-13.07.44:203][178]LogPlayLevel: PIE: Created PIE world by copying editor world from /Game/StarterContent/Maps/Minimal_Default.Minimal_Default to /Game/StarterContent/Maps/UEDPIE_0_Minimal_Default.Minimal_Default (0.010063s)
[2016.02.14-13.07.44:234][178]LogInit: XAudio2 using '1 - BenQ GW2750H (AMD High Definition Audio Device)' : 2 channels at 48 kHz using 16 bits per sample (channel mask 0x3)
[2016.02.14-13.07.44:241][178]LogInit: FAudioDevice initialized.
[2016.02.14-13.07.44:304][178]LogWorld: Game class is 'MyStarFoxGameModeBP_C'
[2016.02.14-13.07.44:311][178]LogWorld:Warning: *** WARNING - PATHS MAY NOT BE VALID ***
[2016.02.14-13.07.44:311][178]LogWorld: Bringing World /Game/StarterContent/Maps/UEDPIE_0_Minimal_Default.Minimal_Default up for play (max tick rate 0) at 2016.02.14-14.07.44
[2016.02.14-13.07.44:311][178]LogActor:Warning: GameSession /Game/StarterContent/Maps/UEDPIE_0_Minimal_Default.Minimal_Default:PersistentLevel.GameSession_0 has natively added scene component(s), but none of them were set as the actor's RootComponent - picking one arbitrarily
[2016.02.14-13.07.44:311][178]LogActor:Warning: GameNetworkManager /Game/StarterContent/Maps/UEDPIE_0_Minimal_Default.Minimal_Default:PersistentLevel.GameNetworkManager_0 has natively added scene component(s), but none of them were set as the actor's RootComponent - picking one arbitrarily
[2016.02.14-13.07.44:313][178]LogWorld: Bringing up level for play took: 0.007072
[2016.02.14-13.07.44:314][178]PIE: Info Play in editor start time for /Game/StarterContent/Maps/UEDPIE_0_Minimal_Default 1.072
[2016.02.14-13.07.44:314][178]LogBlueprintUserMessages: Late PlayInEditor Detection: Level '/Game/StarterContent/Maps/Minimal_Default.Minimal_Default:PersistentLevel' has LevelScriptBlueprint '/Game/StarterContent/Maps/Minimal_Default.Minimal_Default:PersistentLevel.Minimal_Default' with GeneratedClass '/Game/StarterContent/Maps/Minimal_Default.Minimal_Default_C' with ClassGeneratedBy '/Game/StarterContent/Maps/Minimal_Default.Minimal_Default:PersistentLevel.Minimal_Default'
[2016.02.14-13.07.46:079][384]LogBlueprintUserMessages: Early EndPlayMap Detection: Level '/Game/StarterContent/Maps/Minimal_Default.Minimal_Default:PersistentLevel' has LevelScriptBlueprint '/Game/StarterContent/Maps/Minimal_Default.Minimal_Default:PersistentLevel.Minimal_Default' with GeneratedClass '/Game/StarterContent/Maps/Minimal_Default.Minimal_Default_C' with ClassGeneratedBy '/Game/StarterContent/Maps/Minimal_Default.Minimal_Default:PersistentLevel.Minimal_Default'
[2016.02.14-13.07.46:114][384]LogBlueprintUserMessages: Late EndPlayMap Detection: Level '/Game/StarterContent/Maps/Minimal_Default.Minimal_Default:PersistentLevel' has LevelScriptBlueprint '/Game/StarterContent/Maps/Minimal_Default.Minimal_Default:PersistentLevel.Minimal_Default' with GeneratedClass '/Game/StarterContent/Maps/Minimal_Default.Minimal_Default_C' with ClassGeneratedBy '/Game/StarterContent/Maps/Minimal_Default.Minimal_Default:PersistentLevel.Minimal_Default'
[2016.02.14-13.07.46:124][384]LogParticles: Destroying 0 GPU particle simulations for FXSystem 0x000002019B7119E0
[2016.02.14-13.08.05:803][703]LogLinker:Warning: Asset '../../../Engine/Content/ArtTools/RenderToTexture/Macros/RenderToTextureMacros.uasset' has been saved with empty engine version. The asset will be loaded but may be incompatible.
[2016.02.14-13.08.06:262][703]LogContentBrowser: Native class hierarchy updated for 'BlueprintGraph' in 0.0017 seconds. Added 107 classes and 0 folders.
[2016.02.14-13.08.06:703][703]LogRenderer: Reallocating scene render targets to support 1208x900 (Frame:2702).
[2016.02.14-13.08.14:465][216]LogWindows:Error: Windows GetLastError: The operation completed successfully. (0)
[2016.02.14-13.08.14:643][216]LogCrashTracker: 


[2016.02.14-13.08.14:643][216]LogCrashTracker: 


[2016.02.14-13.08.14:643][216]LogWindows: === Critical error: ===
Assertion failed: (Index >= 0) & (Index < ArrayNum) [File:D:\BuildFarm\buildmachine_++depot+UE4-Releases+4.9\Engine\Source\Runtime\Core\Public\Containers\Array.h] [Line: 678] 
Array index out of bounds: -1319530528 from an array of size -1315773360




[2016.02.14-13.08.14:748][216]LogExit: Executing StaticShutdownAfterError
[2016.02.14-13.08.14:752][216]LogPhysics:Warning: PHYSX: ..\..\PhysX\src\NpScene.cpp (2946) 8 : PxScene::unlockWrite() called without matching call to PxScene::lockWrite(), behaviour will be undefined.
[2016.02.14-13.08.14:752][216]LogPhysics:Warning: PHYSX: ..\..\PhysX\src\NpScene.cpp (2946) 8 : PxScene::unlockWrite() called without matching call to PxScene::lockWrite(), behaviour will be undefined.
[2016.02.14-13.08.14:752][216]LogPhysics:Warning: PHYSX: ..\..\PhysX\src\NpScene.cpp (2946) 8 : PxScene::unlockWrite() called without matching call to PxScene::lockWrite(), behaviour will be undefined.
[2016.02.14-13.08.14:752][216]LogPhysics:Warning: PHYSX: ..\..\PhysX\src\NpScene.cpp (2946) 8 : PxScene::unlockWrite() called without matching call to PxScene::lockWrite(), behaviour will be undefined.
[2016.02.14-13.08.14:752][216]LogWindows: FPlatformMisc::RequestExit(1)
[2016.02.14-13.08.14:752][216]Log file closed, 02/14/16 14:08:14
