[2016.02.14-13.08.25:126][  0]Log file open, 02/14/16 14:08:25
[2016.02.14-13.08.25:126][  0]LogInit:Display: Running engine for game: StarFox
[2016.02.14-13.08.25:126][  0]LogInit:Display: RandInit(-965834419) SRandInit(-965834419).
[2016.02.14-13.08.25:126][  0]LogTaskGraph: Started task graph with 4 named threads and 7 total threads.
[2016.02.14-13.08.25:126][  0]LogStats: Stats thread started at 0.078063
[2016.02.14-13.08.25:126][  0]LogInit: Version: 4.9.2-2707645+++depot+UE4-Releases+4.9
[2016.02.14-13.08.25:126][  0]LogInit: API Version: 2672455
[2016.02.14-13.08.25:126][  0]LogInit: Compiled (64-bit): Sep 28 2015 10:25:44
[2016.02.14-13.08.25:126][  0]LogInit: Compiled with Visual C++: 18.00.21005.01
[2016.02.14-13.08.25:126][  0]LogInit: Build Configuration: Development
[2016.02.14-13.08.25:126][  0]LogInit: Branch Name: ++depot+UE4-Releases+4.9
[2016.02.14-13.08.25:126][  0]LogInit: Command line:  
[2016.02.14-13.08.25:126][  0]LogInit: Base directory: C:/Program Files/Epic Games/4.9/Engine/Binaries/Win64/
[2016.02.14-13.08.25:126][  0]LogInit: Rocket: 1
[2016.02.14-13.08.25:134][  0]LogInit: Using libcurl 7.41.0
[2016.02.14-13.08.25:134][  0]LogInit:  - built for x86_64-pc-win32
[2016.02.14-13.08.25:134][  0]LogInit:  - supports SSL with WinSSL
[2016.02.14-13.08.25:134][  0]LogInit:  - other features:
[2016.02.14-13.08.25:134][  0]LogInit:      CURL_VERSION_SSL
[2016.02.14-13.08.25:134][  0]LogInit:      CURL_VERSION_IPV6
[2016.02.14-13.08.25:134][  0]LogInit:      CURL_VERSION_ASYNCHDNS
[2016.02.14-13.08.25:134][  0]LogInit:      CURL_VERSION_LARGEFILE
[2016.02.14-13.08.25:134][  0]LogInit:      CURL_VERSION_IDN
[2016.02.14-13.08.25:134][  0]LogInit:  CurlRequestOptions (configurable via config and command line):
[2016.02.14-13.08.25:134][  0]LogInit:  - bVerifyPeer = true  - Libcurl will verify peer certificate
[2016.02.14-13.08.25:134][  0]LogInit:  - bUseHttpProxy = false  - Libcurl will NOT use HTTP proxy
[2016.02.14-13.08.25:134][  0]LogInit:  - bDontReuseConnections = false  - Libcurl will reuse connections
[2016.02.14-13.08.25:134][  0]LogInit:  - CertBundlePath = nullptr  - Libcurl will use whatever was configured at build time.
[2016.02.14-13.08.25:141][  0]LogInit: Presizing for 0 objects not considered by GC, pre-allocating 0 bytes.
[2016.02.14-13.08.25:148][  0]LogInit: Object subsystem initialized
[2016.02.14-13.08.25:149][  0]LogInit: Selected Device Profile: [Windows]
[2016.02.14-13.08.25:149][  0]LogInit: Applying CVar settings loaded from the selected device profile: [Windows]
[2016.02.14-13.08.25:156][  0]LogInit: Computer: FIDUS
[2016.02.14-13.08.25:156][  0]LogInit: User: Niclas
[2016.02.14-13.08.25:156][  0]LogInit: CPU Page size=4096, Cores=4
[2016.02.14-13.08.25:156][  0]LogInit: High frequency timer resolution =3.386480 MHz
[2016.02.14-13.08.25:156][  0]LogMemory: Memory total: Physical=15.9GB (16GB approx)
[2016.02.14-13.08.25:156][  0]LogMemory: Platform Memory Stats for Windows
[2016.02.14-13.08.25:156][  0]LogMemory: Process Physical Memory: 54.34 MB used, 54.34 MB peak
[2016.02.14-13.08.25:156][  0]LogMemory: Process Virtual Memory: 58.44 MB used, 58.44 MB peak
[2016.02.14-13.08.25:156][  0]LogMemory: Physical Memory: 6761.55 MB used, 16332.28 MB total
[2016.02.14-13.08.25:156][  0]LogMemory: Virtual Memory: 372.12 MB used, 134217728.00 MB total
[2016.02.14-13.08.25:184][  0]LogTextLocalizationManager: No translations for ('sv-SE') exist, falling back to 'en' for localization and internationalization data.
[2016.02.14-13.08.25:827][  0]LogD3D11RHI: Found D3D11 adapter 0: AMD Radeon HD 7800 Series (Feature Level 11_0)
[2016.02.14-13.08.25:827][  0]LogD3D11RHI: Adapter has 2030MB of dedicated video memory, 0MB of dedicated system memory, and 8166MB of shared system memory, 1 output[s]
[2016.02.14-13.08.25:828][  0]LogD3D11RHI: Found D3D11 adapter 1: Microsoft Basic Render Driver (Feature Level 11_0)
[2016.02.14-13.08.25:828][  0]LogD3D11RHI: Adapter has 0MB of dedicated video memory, 0MB of dedicated system memory, and 8166MB of shared system memory, 0 output[s]
[2016.02.14-13.08.25:828][  0]LogD3D11RHI: Chosen D3D11 Adapter Id = 0
[2016.02.14-13.08.25:831][  0]LogD3D11RHI: !Direct3DDevice
[2016.02.14-13.08.25:831][  0]LogRHI: Texture pool is 1361 MB (70% of 1945 MB)
[2016.02.14-13.08.25:836][  0]LogD3D11RHI: Async texture creation disabled: no driver support
[2016.02.14-13.08.25:847][  0]LogShaderCompilers: Guid format shader working directory is 15 characters bigger than the processId version (../../../../../../Users/Niclas/Documents/GitHub/Staroxurur/StarFox/Intermediate/Shaders/WorkingDirectory/5992/).
[2016.02.14-13.08.25:847][  0]LogShaderCompilers: Cleaned the shader compiler working directory '../../../../../../Users/Niclas/Documents/GitHub/Staroxurur/StarFox/Intermediate/Shaders/tmp/7A1C628A4AD01F312C263988279690DD/'.
[2016.02.14-13.08.25:847][  0]LogShaderCompilers:Display: Using Local Shader Compiler.
[2016.02.14-13.08.26:789][  0]LogTemp:Display: Loaded TP AllDesktopTargetPlatform
[2016.02.14-13.08.26:795][  0]LogTemp:Display: Loaded TP WindowsClientTargetPlatform
[2016.02.14-13.08.26:800][  0]LogTemp:Display: Loaded TP WindowsNoEditorTargetPlatform
[2016.02.14-13.08.26:805][  0]LogTemp:Display: Loaded TP WindowsServerTargetPlatform
[2016.02.14-13.08.26:810][  0]LogTemp:Display: Loaded TP WindowsTargetPlatform
[2016.02.14-13.08.26:813][  0]LogTemp:Display: Loaded TP AndroidTargetPlatform
[2016.02.14-13.08.26:816][  0]LogTemp:Display: Loaded TP Android_ASTCTargetPlatform
[2016.02.14-13.08.26:819][  0]LogTemp:Display: Loaded TP Android_ATCTargetPlatform
[2016.02.14-13.08.26:822][  0]LogTemp:Display: Loaded TP Android_DXTTargetPlatform
[2016.02.14-13.08.26:826][  0]LogTemp:Display: Loaded TP Android_ETC1TargetPlatform
[2016.02.14-13.08.26:829][  0]LogTemp:Display: Loaded TP Android_ETC2TargetPlatform
[2016.02.14-13.08.26:832][  0]LogTemp:Display: Loaded TP Android_PVRTCTargetPlatform
[2016.02.14-13.08.26:833][  0]LogTemp:Display: Loaded TP HTML5TargetPlatform
[2016.02.14-13.08.26:850][  0]LogTemp:Display: Loaded TP IOSTargetPlatform
[2016.02.14-13.08.26:853][  0]LogTemp:Display: Loaded TP LinuxNoEditorTargetPlatform
[2016.02.14-13.08.26:856][  0]LogTemp:Display: Loaded TP LinuxServerTargetPlatform
[2016.02.14-13.08.26:859][  0]LogTemp:Display: Loaded TP LinuxTargetPlatform
[2016.02.14-13.08.26:859][  0]LogTargetPlatformManager:Display: Building Assets For Windows
[2016.02.14-13.08.26:949][  0]LogDerivedDataCache:Display: Max Cache Size: 512 MB
[2016.02.14-13.08.26:985][  0]LogDerivedDataCache: Loaded boot cache 0.04s 44MB C:/Users/Niclas/AppData/Local/UnrealEngine/4.9/DerivedDataCache/Boot.ddc.
[2016.02.14-13.08.26:985][  0]LogDerivedDataCache:Display: Loaded Boot cache: C:/Users/Niclas/AppData/Local/UnrealEngine/4.9/DerivedDataCache/Boot.ddc
[2016.02.14-13.08.26:986][  0]LogDerivedDataCache: FDerivedDataBackendGraph:  Pak pak cache file ../../../../../../Users/Niclas/Documents/GitHub/Staroxurur/StarFox/DerivedDataCache/DDC.ddp not found, will not use a pak cache.
[2016.02.14-13.08.26:986][  0]LogDerivedDataCache: Unable to find inner node Pak for hierarchical cache Hierarchy.
[2016.02.14-13.08.26:986][  0]LogDerivedDataCache: FDerivedDataBackendGraph:  CompressedPak pak cache file ../../../../../../Users/Niclas/Documents/GitHub/Staroxurur/StarFox/DerivedDataCache/Compressed.ddp not found, will not use a pak cache.
[2016.02.14-13.08.26:986][  0]LogDerivedDataCache: Unable to find inner node CompressedPak for hierarchical cache Hierarchy.
[2016.02.14-13.08.27:109][  0]LogDerivedDataCache:Display: Pak cache opened for reading ../../../Engine/DerivedDataCache/Compressed.ddp.
[2016.02.14-13.08.27:121][  0]LogDerivedDataCache: Using Local data cache path C:/Users/Niclas/AppData/Local/UnrealEngine/Common/DerivedDataCache: Writable
[2016.02.14-13.08.27:298][  0]LogInit: Selected Device Profile: [Windows]
[2016.02.14-13.08.27:299][  0]LogContentStreaming: Texture pool size is 0.000000MB
[2016.02.14-13.08.27:406][  0]LogMeshUtilities: No automatic mesh reduction module available
[2016.02.14-13.08.27:406][  0]LogMeshUtilities: No automatic mesh merging module available
[2016.02.14-13.08.27:625][  0]LogInit: WinSock: version 1.1 (2.2), MaxSocks=32767, MaxUdp=65467
[2016.02.14-13.08.28:231][  0]UdpMessaging: Initializing bridge on interface 0.0.0.0:0 to multicast group 230.0.0.1:6666.
[2016.02.14-13.08.28:367][  0]LogAssetRegistry: FAssetRegistry took 0.0104 seconds to start up
[2016.02.14-13.08.28:528][  0]SourceControl: Info Source control is disabled
[2016.02.14-13.08.28:529][  0]SourceControl: Info Source control is disabled
[2016.02.14-13.08.28:542][  0]SourceControl: Info Source control is disabled
[2016.02.14-13.08.28:559][  0]SourceControl: Info Source control is disabled
[2016.02.14-13.08.28:739][  0]LogLinker:Warning: Asset '../../../Engine/Plugins/Runtime/LeapMotionController/Content/LM_PassthroughMaterial.uasset' has been saved with empty engine version. The asset will be loaded but may be incompatible.
[2016.02.14-13.08.28:833][  0]LogObj: 28399 objects as part of root set at end of initial load.
[2016.02.14-13.08.28:833][  0]LogUObjectAllocator: 6056264 out of 0 bytes used by permanent object pool.
[2016.02.14-13.08.28:883][  0]LogEngine: Initializing Engine...
[2016.02.14-13.08.28:886][  0]LogHMD: Can't find Oculus library dev build: is proper Runtime installed? Version: 0.7.0.0
[2016.02.14-13.08.28:886][  0]LogHMD: SteamVR failed to initialize.  Err: 110
[2016.02.14-13.08.28:992][  0]LogAIModule: Creating AISystem for world NewWorld
[2016.02.14-13.08.29:004][  0]LogInit: XAudio2 using '1 - BenQ GW2750H (AMD High Definition Audio Device)' : 2 channels at 48 kHz using 16 bits per sample (channel mask 0x3)
[2016.02.14-13.08.29:012][  0]LogInit: FAudioDevice initialized.
[2016.02.14-13.08.29:042][  0]LogDerivedDataCache: Saved boot cache 0.03s 44MB C:/Users/Niclas/AppData/Local/UnrealEngine/4.9/DerivedDataCache/Boot.ddc.
[2016.02.14-13.08.29:045][  0]LogInit: Texture streaming: Enabled
[2016.02.14-13.08.29:051][  0]LogAnalytics: Creating configured Analytics provider AnalyticsET
[2016.02.14-13.08.29:051][  0]LogAnalytics: [UEEditor.Rocket.Release] APIServer = http://et2.epicgames.com/ET2/. AppVersion = 4.9.2-2707645+++depot+UE4-Releases+4.9
[2016.02.14-13.08.29:051][  0]LogAnalytics: [UEEditor.Rocket.Release] SetUserId 8d5f2d8b4e520712a8f1e688fed765ab|99f216c1865e471987722078da7bde5f|50f43dcd-c54f-4aa6-a5c1-e948023fc359
[2016.02.14-13.08.29:051][  0]LogAnalytics: [UEEditor.Rocket.Release] AnalyticsET::StartSession
[2016.02.14-13.08.29:079][  0]LogInit: Transaction tracking system initialized
[2016.02.14-13.08.29:114][  0]BlueprintLog: New page: Editor Load
[2016.02.14-13.08.29:209][  0]LocalizationService: Info Localization service is disabled
[2016.02.14-13.08.29:291][  0]LogConsoleResponse:Display: 
[2016.02.14-13.08.29:419][  0]LogCook:Display: Done creating registry. It took  0.00s.
[2016.02.14-13.08.29:492][  0]LogFileCache: Scanning file cache for directory 'C:/Users/Niclas/Documents/GitHub/Staroxurur/StarFox/Content/' took 0.03s
[2016.02.14-13.08.29:492][  0]SourceControl: Info Source control is disabled
[2016.02.14-13.08.29:492][  0]Cmd: MAP LOAD FILE="../../../../../../Users/Niclas/Documents/GitHub/Staroxurur/StarFox/Content/StarterContent/Maps/Minimal_Default.umap" TEMPLATE=0 SHOWPROGRESS=1 FEATURELEVEL=3
[2016.02.14-13.08.29:492][  0]LightingResults: New page: Lighting Build
[2016.02.14-13.08.29:496][  0]MapCheck: New page: Map Check
[2016.02.14-13.08.29:496][  0]LightingResults: New page: Lighting Build
[2016.02.14-13.08.29:506][  0]LogParticles: Destroying 0 GPU particle simulations for FXSystem 0x0000021D022F36A0
[2016.02.14-13.08.29:786][  0]LogBlueprint:Warning: [compiler FlyingPawn] Warning Input Axis Event references unknown Axis 'MoveRight' for  InputAxis MoveRight 
[2016.02.14-13.08.29:787][  0]LogBlueprint:Warning: [compiler FlyingPawn] Warning Input Axis Event references unknown Axis 'MoveUp' for  InputAxis MoveUp 
[2016.02.14-13.08.29:791][  0]LogBlueprint:Warning: [compiler FlyingPawn] Warning [0005.62] Compile of FlyingPawn successful, but with 2 Warning(s) [in 21 ms]
[2016.02.14-13.08.29:791][  0]LogBlueprint:Warning: [compiler FlyingPawn] Warning [0005.62] Compile of FlyingPawn successful, but with 3 Warning(s) [in 0 ms]
[2016.02.14-13.08.29:791][  0]LogBlueprint:Warning: [compiler FlyingPawn] Warning [0005.62] Compile of FlyingPawn successful, but with 4 Warning(s) [in 0 ms]
[2016.02.14-13.08.29:808][  0]LogBlueprint:Warning: [compiler FlyingPawn] Warning Input Axis Event references unknown Axis 'MoveRight' for  InputAxis MoveRight 
[2016.02.14-13.08.29:808][  0]LogBlueprint:Warning: [compiler FlyingPawn] Warning Input Axis Event references unknown Axis 'MoveUp' for  InputAxis MoveUp 
[2016.02.14-13.08.29:813][  0]LogBlueprint:Warning: [compiler FlyingPawn] Warning [0005.64] Compile of FlyingPawn successful, but with 2 Warning(s) [in 16 ms]
[2016.02.14-13.08.29:814][  0]LogBlueprint:Warning: [compiler FlyingPawn] Warning [0005.64] Compile of FlyingPawn successful, but with 3 Warning(s) [in 0 ms]
[2016.02.14-13.08.29:814][  0]LogBlueprint:Warning: [compiler FlyingPawn] Warning [0005.64] Compile of FlyingPawn successful, but with 4 Warning(s) [in 0 ms]
[2016.02.14-13.08.30:039][  0]LogAIModule: Creating AISystem for world Minimal_Default
[2016.02.14-13.08.30:062][  0]LogEditorServer: Finished looking for orphan Actors (0.000 secs)
[2016.02.14-13.08.30:062][  0]Cmd: MAP CHECKDEP NOCLEARLOG
[2016.02.14-13.08.30:137][  0]MapCheck: Info Map check complete: 0 Error(s), 0 Warning(s), took 73.743ms to complete.
[2016.02.14-13.08.30:137][  0]LogFileHelpers: Loading map 'Minimal_Default' took 0.645
[2016.02.14-13.08.30:259][  0]LogCollectionManager: Loaded 0 collections in 0.002250 seconds
[2016.02.14-13.08.30:302][  0]LogFileCache: Scanning file cache for directory 'C:/Users/Niclas/Documents/GitHub/Staroxurur/StarFox/Saved/Collections/' took 0.01s
[2016.02.14-13.08.30:302][  0]LogFileCache: Scanning file cache for directory 'C:/Users/Niclas/Documents/GitHub/Staroxurur/StarFox/Content/Developers/Niclas/Collections/' took 0.02s
[2016.02.14-13.08.30:302][  0]LogFileCache: Scanning file cache for directory 'C:/Users/Niclas/Documents/GitHub/Staroxurur/StarFox/Content/Collections/' took 0.01s
[2016.02.14-13.08.30:302][  0]LogContentBrowser: Native class hierarchy populated in 0.0073 seconds. Added 1871 classes and 335 folders.
[2016.02.14-13.08.30:311][  0]LogCollectionManager: Rebuilt the GUID cache for 0 collections in 0.000003 seconds
[2016.02.14-13.08.30:344][  0]LogContentBrowser: Native class hierarchy updated for 'WidgetCarousel' in 0.0016 seconds. Added 0 classes and 0 folders.
[2016.02.14-13.08.30:410][  0]LogContentBrowser: Native class hierarchy updated for 'AddContentDialog' in 0.0013 seconds. Added 0 classes and 0 folders.
[2016.02.14-13.08.30:417][  0]LogContentBrowser: Native class hierarchy updated for 'SceneOutliner' in 0.0014 seconds. Added 1 classes and 2 folders.
[2016.02.14-13.08.30:443][  0]LogCrashTracker: Crashtracker disabled due to settings.
[2016.02.14-13.08.30:447][  0]LogUObjectGlobals:Warning: Failed to find object 'Class None.'
[2016.02.14-13.08.30:469][  0]LogLoad: Full Startup: 6.30 seconds (BP compile: 0.11 seconds)
[2016.02.14-13.08.30:532][  0]LogContentStreaming: Texture pool size now 1000 MB
[2016.02.14-13.08.30:636][  0]LogRenderer: Reallocating scene render targets to support 1208x576 (Frame:2).
[2016.02.14-13.08.31:591][  3]LogAssetRegistry: Asset discovery search completed in 3.2343 seconds
[2016.02.14-13.08.31:591][  3]LogCollectionManager: Rebuilt the object cache for 0 collections in 0.000001 seconds (found 0 objects)
[2016.02.14-13.08.31:591][  3]LogCollectionManager: Fixed up redirectors for 0 collections in 0.000023 seconds (updated 0 objects)
[2016.02.14-13.08.51:337][851]LogLinker:Warning: Asset '../../../Engine/Content/ArtTools/RenderToTexture/Macros/RenderToTextureMacros.uasset' has been saved with empty engine version. The asset will be loaded but may be incompatible.
[2016.02.14-13.08.51:794][851]LogContentBrowser: Native class hierarchy updated for 'BlueprintGraph' in 0.0017 seconds. Added 107 classes and 0 folders.
[2016.02.14-13.08.52:228][851]LogRenderer: Reallocating scene render targets to support 1208x900 (Frame:1483).
[2016.02.14-13.09.31:224][563]BlueprintLog: New page: Compile RingBP
[2016.02.14-13.09.31:317][563]BlueprintEditorCompileResults: Info [0067.14] Compile of RingBP successful! [in 92 ms]
[2016.02.14-13.09.32:267][627]Cmd: OBJ SAVEPACKAGE PACKAGE="/Game/Blueprint/RingBP" FILE="../../../../../../Users/Niclas/Documents/GitHub/Staroxurur/StarFox/Content/Blueprint/RingBP.uasset" SILENT=true
[2016.02.14-13.09.32:287][627]LogSavePackage: Save=18.089874ms
[2016.02.14-13.09.32:287][627]LogSavePackage: Moving '../../../../../../Users/Niclas/Documents/GitHub/Staroxurur/StarFox/Saved/RingBPEBED51F34F73F061386EC2B7D67F8058.tmp' to '../../../../../../Users/Niclas/Documents/GitHub/Staroxurur/StarFox/Content/Blueprint/RingBP.uasset'
[2016.02.14-13.09.32:289][627]LogSavePackage: Total save time: 20.170499ms
[2016.02.14-13.09.32:289][627]LogSavePackage:Warning: Finished SavePackage ../../../../../../Users/Niclas/Documents/GitHub/Staroxurur/StarFox/Content/Blueprint/RingBP.uasset
[2016.02.14-13.09.39:634][172]LogSavePackage: Save=120.843178ms
[2016.02.14-13.09.39:634][172]LogSavePackage: Moving '../../../../../../Users/Niclas/Documents/GitHub/Staroxurur/StarFox/Saved/Minimal_Default6907811048D408B8F84B3899742D44CA.tmp' to '../../../../../../Users/Niclas/Documents/GitHub/Staroxurur/StarFox/Content/StarterContent/Maps/Minimal_Default.umap'
[2016.02.14-13.09.39:636][172]LogSavePackage: Total save time: 129.240982ms
[2016.02.14-13.09.39:636][172]LogSavePackage:Warning: Finished SavePackage ../../../../../../Users/Niclas/Documents/GitHub/Staroxurur/StarFox/Content/StarterContent/Maps/Minimal_Default.umap
[2016.02.14-13.17.55:176][ 39]Recompiling StarFox...
[2016.02.14-13.17.55:177][ 39]Launching UnrealBuildTool... [C:/Program Files/Epic Games/4.9/Engine/Binaries/DotNET/UnrealBuildTool.exe StarFox -ModuleWithSuffix StarFox 9530 Win64 Development -editorrecompile -canskiplink "C:/Users/Niclas/Documents/GitHub/Staroxurur/StarFox/StarFox.uproject" -rocket  -rocket]
[2016.02.14-13.17.55:179][ 39]Warning: Starting HotReload took  0.0s.
[2016.02.14-13.18.06:519][332]CompilerResultsLog: New page: Compilation - Feb 14, 2016, 3:18:06 PM
[2016.02.14-13.18.06:519][332]CompilerResultsLog: Info Compiling game modules for hot reload
[2016.02.14-13.18.06:519][332]CompilerResultsLog: Info Parsing headers for StarFoxEditor
[2016.02.14-13.18.06:519][332]CompilerResultsLog: Info   Running UnrealHeaderTool "C:/Users/Niclas/Documents/GitHub/Staroxurur/StarFox/StarFox.uproject" "C:\Users\Niclas\Documents\GitHub\Staroxurur\StarFox\Intermediate\Build\Win64\StarFoxEditor\Development\UnrealHeaderTool.manifest" -LogCmds="loginit warning, logexit warning, logdatabase error" -rocket -installed
[2016.02.14-13.18.06:519][332]CompilerResultsLog: Info Reflection code generated for StarFoxEditor in 7,4496403 seconds
[2016.02.14-13.18.06:519][332]CompilerResultsLog: Info Performing 3 actions (4 in parallel)
[2016.02.14-13.18.06:519][332]CompilerResultsLog: Info StarFox.generated.cpp
[2016.02.14-13.18.06:519][332]CompilerResultsLog: Info StarFoxGameMode.cpp
[2016.02.14-13.18.06:519][332]CompilerResultsLog:Error: Error C:\Users\Niclas\Documents\GitHub\Staroxurur\StarFox\Source\StarFox\StarFoxGameMode.cpp(24)  : error C2065: 'handle' : undeclared identifier
[2016.02.14-13.18.06:519][332]CompilerResultsLog: Info -------- End Detailed Actions Stats -----------------------------------------------------------
[2016.02.14-13.18.06:519][332]CompilerResultsLog: Info ERROR: UBT ERROR: Failed to produce item: C:\Users\Niclas\Documents\GitHub\Staroxurur\StarFox\Binaries\Win64\UE4Editor-StarFox-9530.dll
[2016.02.14-13.18.06:519][332]CompilerResultsLog: Info Total build time: 11,26 seconds
[2016.02.14-13.18.06:519][332]LogMainFrame: MainFrame: Module compiling took 11.347 seconds
[2016.02.14-13.18.06:519][332]Warning: HotReload failed, recompile failed
[2016.02.14-13.24.50:102][172]Recompiling StarFox...
[2016.02.14-13.24.50:103][172]Launching UnrealBuildTool... [C:/Program Files/Epic Games/4.9/Engine/Binaries/DotNET/UnrealBuildTool.exe StarFox -ModuleWithSuffix StarFox 1901 Win64 Development -editorrecompile -canskiplink "C:/Users/Niclas/Documents/GitHub/Staroxurur/StarFox/StarFox.uproject" -rocket  -rocket]
[2016.02.14-13.24.50:105][172]Warning: Starting HotReload took  0.0s.
[2016.02.14-13.25.02:805][618]CompilerResultsLog: New page: Compilation - Feb 14, 2016, 3:25:02 PM
[2016.02.14-13.25.02:805][618]CompilerResultsLog: Info Compiling game modules for hot reload
[2016.02.14-13.25.02:805][618]CompilerResultsLog: Info Parsing headers for StarFoxEditor
[2016.02.14-13.25.02:805][618]CompilerResultsLog: Info   Running UnrealHeaderTool "C:/Users/Niclas/Documents/GitHub/Staroxurur/StarFox/StarFox.uproject" "C:\Users\Niclas\Documents\GitHub\Staroxurur\StarFox\Intermediate\Build\Win64\StarFoxEditor\Development\UnrealHeaderTool.manifest" -LogCmds="loginit warning, logexit warning, logdatabase error" -rocket -installed
[2016.02.14-13.25.02:805][618]CompilerResultsLog: Info Reflection code generated for StarFoxEditor in 7,7458753 seconds
[2016.02.14-13.25.02:805][618]CompilerResultsLog: Info Performing 3 actions (4 in parallel)
[2016.02.14-13.25.02:805][618]CompilerResultsLog: Info StarFox.generated.cpp
[2016.02.14-13.25.02:805][618]CompilerResultsLog: Info StarFoxGameMode.cpp
[2016.02.14-13.25.02:805][618]CompilerResultsLog: Info [3/3] Link UE4Editor-StarFox-1901.dll
[2016.02.14-13.25.02:805][618]CompilerResultsLog: Info    Creating library C:\Users\Niclas\Documents\GitHub\Staroxurur\StarFox\Intermediate/Build/Win64\UE4Editor\Development\UE4Editor-StarFox-1901.lib and object C:\Users\Niclas\Documents\GitHub\Staroxurur\StarFox\Intermediate/Build/Win64\UE4Editor\Development\UE4Editor-StarFox-1901.exp
[2016.02.14-13.25.02:805][618]CompilerResultsLog: Info -------- End Detailed Actions Stats -----------------------------------------------------------
[2016.02.14-13.25.02:805][618]CompilerResultsLog: Info Total build time: 12,65 seconds
[2016.02.14-13.25.02:805][618]LogMainFrame: MainFrame: Module compiling took 12.706 seconds
[2016.02.14-13.25.02:823][618]LogParticles: Destroying 0 GPU particle simulations for FXSystem 0x0000021D14AE4EA0
[2016.02.14-13.25.02:841][618]LogClass: Could not find existing class StarFoxGameMode in package /Script/StarFox for HotReload, assuming new class
[2016.02.14-13.25.02:843][618]LogHotReload: Re-instancing StarFoxGameMode after hot-reload.
[2016.02.14-13.25.02:874][618]LogContentBrowser: Native class hierarchy updated for 'StarFox' in 0.0015 seconds. Added 4 classes and 2 folders.
[2016.02.14-13.25.02:875][618]Warning: HotReload successful (1 functions remapped  0 scriptstructs remapped)
[2016.02.14-13.25.03:263][618]LogContentBrowser: Native class hierarchy populated in 0.0073 seconds. Added 1872 classes and 337 folders.
[2016.02.14-13.25.05:062][804]LogSavePackage: Save=117.746155ms
[2016.02.14-13.25.05:062][804]LogSavePackage: Moving '../../../../../../Users/Niclas/Documents/GitHub/Staroxurur/StarFox/Saved/Minimal_Default5565783B49A46F2A8FB1BA9962B61C06.tmp' to '../../../../../../Users/Niclas/Documents/GitHub/Staroxurur/StarFox/Content/StarterContent/Maps/Minimal_Default.umap'
[2016.02.14-13.25.05:064][804]LogSavePackage: Total save time: 128.784459ms
[2016.02.14-13.25.05:064][804]LogSavePackage:Warning: Finished SavePackage ../../../../../../Users/Niclas/Documents/GitHub/Staroxurur/StarFox/Content/StarterContent/Maps/Minimal_Default.umap
[2016.02.14-13.25.06:696][961]LogWindowsTextInputMethodSystem:Display: IME system now deactivated.
[2016.02.14-13.25.06:929][962]Cmd: QUIT_EDITOR
[2016.02.14-13.25.07:143][962]LogExit: Preparing to exit.
[2016.02.14-13.25.07:576][962]LogExit: Editor shut down
[2016.02.14-13.25.07:576][962]LogExit: Transaction tracking system shut down
[2016.02.14-13.25.07:578][962]LogParticles: Destroying 0 GPU particle simulations for FXSystem 0x0000021D794A9C60
[2016.02.14-13.25.07:578][962]LogParticles: Destroying 0 GPU particle simulations for FXSystem 0x0000021D0B127880
[2016.02.14-13.25.07:578][962]LogParticles: Destroying 0 GPU particle simulations for FXSystem 0x0000021D0B092AC0
[2016.02.14-13.25.07:579][962]LogParticles: Destroying 0 GPU particle simulations for FXSystem 0x0000021D741DB100
[2016.02.14-13.25.07:710][962]LogExit: Object subsystem successfully closed.
[2016.02.14-13.25.07:726][962]LogD3D11RHI: Shutdown
[2016.02.14-13.25.07:726][962]LogD3D11RHI: CleanupD3DDevice
[2016.02.14-13.25.07:792][962]LogD3D11RHI: ~FD3D11DynamicRHI
[2016.02.14-13.25.07:813][962]LogModuleManager: Shutting down and abandoning module BlueprintGraph (199)
[2016.02.14-13.25.07:813][962]LogModuleManager: Shutting down and abandoning module CrashTracker (198)
[2016.02.14-13.25.07:813][962]LogModuleManager: Shutting down and abandoning module SceneOutliner (197)
[2016.02.14-13.25.07:813][962]LogModuleManager: Shutting down and abandoning module SuperSearch (196)
[2016.02.14-13.25.07:813][962]LogModuleManager: Shutting down and abandoning module WidgetCarousel (195)
[2016.02.14-13.25.07:813][962]LogModuleManager: Shutting down and abandoning module AddContentDialog (194)
[2016.02.14-13.25.07:813][962]LogModuleManager: Shutting down and abandoning module EditorWidgets (193)
[2016.02.14-13.25.07:813][962]LogModuleManager: Shutting down and abandoning module CollectionManager (192)
[2016.02.14-13.25.07:814][962]LogModuleManager: Shutting down and abandoning module StatsViewer (191)
[2016.02.14-13.25.07:814][962]LogModuleManager: Shutting down and abandoning module FoliageEdit (190)
[2016.02.14-13.25.07:814][962]LogModuleManager: Shutting down and abandoning module LandscapeEditor (189)
[2016.02.14-13.25.07:814][962]LogModuleManager: Shutting down and abandoning module ActorPickerMode (188)
[2016.02.14-13.25.07:814][962]LogModuleManager: Shutting down and abandoning module GeometryMode (187)
[2016.02.14-13.25.07:814][962]LogModuleManager: Shutting down and abandoning module TextureAlignMode (186)
[2016.02.14-13.25.07:814][962]LogModuleManager: Shutting down and abandoning module BspMode (185)
[2016.02.14-13.25.07:814][962]LogModuleManager: Shutting down and abandoning module PlacementMode (184)
[2016.02.14-13.25.07:814][962]LogModuleManager: Shutting down and abandoning module AutomationWorker (183)
[2016.02.14-13.25.07:814][962]LogModuleManager: Shutting down and abandoning module CharacterAI (182)
[2016.02.14-13.25.07:814][962]LogModuleManager: Shutting down and abandoning module SmartSnapping (181)
[2016.02.14-13.25.07:814][962]LogModuleManager: Shutting down and abandoning module ViewportSnapping (180)
[2016.02.14-13.25.07:814][962]LogModuleManager: Shutting down and abandoning module LogVisualizer (179)
[2016.02.14-13.25.07:814][962]LogModuleManager: Shutting down and abandoning module GameProjectGeneration (178)
[2016.02.14-13.25.07:814][962]LogModuleManager: Shutting down and abandoning module IntroTutorials (177)
[2016.02.14-13.25.07:814][962]LogModuleManager: Shutting down and abandoning module EditorLiveStreaming (176)
[2016.02.14-13.25.07:814][962]LogModuleManager: Shutting down and abandoning module IOSPlatformEditor (175)
[2016.02.14-13.25.07:814][962]LogModuleManager: Shutting down and abandoning module HTML5PlatformEditor (174)
[2016.02.14-13.25.07:814][962]LogModuleManager: Shutting down and abandoning module AndroidDeviceDetection (173)
[2016.02.14-13.25.08:523][962]LogModuleManager: Shutting down and abandoning module AndroidPlatformEditor (172)
[2016.02.14-13.25.08:523][962]LogModuleManager: Shutting down and abandoning module IOSRuntimeSettings (171)
[2016.02.14-13.25.08:523][962]LogModuleManager: Shutting down and abandoning module AndroidRuntimeSettings (170)
[2016.02.14-13.25.08:523][962]LogModuleManager: Shutting down and abandoning module MergeActors (169)
[2016.02.14-13.25.08:523][962]LogModuleManager: Shutting down and abandoning module SizeMap (168)
[2016.02.14-13.25.08:523][962]LogModuleManager: Shutting down and abandoning module TreeMap (167)
[2016.02.14-13.25.08:523][962]LogModuleManager: Shutting down and abandoning module ReferenceViewer (166)
[2016.02.14-13.25.08:523][962]LogModuleManager: Shutting down and abandoning module LocalizationService (165)
[2016.02.14-13.25.08:523][962]LogModuleManager: Shutting down and abandoning module LocalizationDashboard (164)
[2016.02.14-13.25.08:523][962]LogModuleManager: Shutting down and abandoning module HardwareTargeting (163)
[2016.02.14-13.25.08:523][962]LogModuleManager: Shutting down and abandoning module DeviceProfileEditor (162)
[2016.02.14-13.25.08:523][962]LogModuleManager: Shutting down and abandoning module UndoHistory (161)
[2016.02.14-13.25.08:523][962]LogModuleManager: Shutting down and abandoning module GameplayTagsEditor (160)
[2016.02.14-13.25.08:523][962]LogModuleManager: Shutting down and abandoning module UserFeedback (159)
[2016.02.14-13.25.08:523][962]LogModuleManager: Shutting down and abandoning module XmlParser (158)
[2016.02.14-13.25.08:523][962]LogModuleManager: Shutting down and abandoning module Blutility (157)
[2016.02.14-13.25.08:523][962]LogModuleManager: Shutting down and abandoning module ProjectTargetPlatformEditor (156)
[2016.02.14-13.25.08:523][962]LogModuleManager: Shutting down and abandoning module ProjectSettingsViewer (155)
[2016.02.14-13.25.08:523][962]LogModuleManager: Shutting down and abandoning module InputBindingEditor (154)
[2016.02.14-13.25.08:523][962]LogModuleManager: Shutting down and abandoning module EditorSettingsViewer (153)
[2016.02.14-13.25.08:523][962]LogModuleManager: Shutting down and abandoning module SettingsEditor (152)
[2016.02.14-13.25.08:523][962]LogModuleManager: Shutting down and abandoning module ProjectLauncher (151)
[2016.02.14-13.25.08:523][962]LogModuleManager: Shutting down and abandoning module SessionFrontend (150)
[2016.02.14-13.25.08:523][962]LogModuleManager: Shutting down and abandoning module ProfilerClient (149)
[2016.02.14-13.25.08:523][962]LogModuleManager: Shutting down and abandoning module TargetDeviceServices (148)
[2016.02.14-13.25.08:523][962]LogModuleManager: Shutting down and abandoning module DeviceManager (147)
[2016.02.14-13.25.08:523][962]LogModuleManager: Shutting down and abandoning module AutomationController (146)
[2016.02.14-13.25.08:523][962]LogModuleManager: Shutting down and abandoning module AutomationWindow (145)
[2016.02.14-13.25.08:523][962]LogModuleManager: Shutting down and abandoning module Layers (144)
[2016.02.14-13.25.08:523][962]LogModuleManager: Shutting down and abandoning module ComponentVisualizers (143)
[2016.02.14-13.25.08:523][962]LogModuleManager: Shutting down and abandoning module DetailCustomizations (142)
[2016.02.14-13.25.08:523][962]LogModuleManager: Shutting down and abandoning module PackagesDialog (141)
[2016.02.14-13.25.08:524][962]LogModuleManager: Shutting down and abandoning module Persona (140)
[2016.02.14-13.25.08:524][962]LogModuleManager: Shutting down and abandoning module Kismet (139)
[2016.02.14-13.25.08:524][962]LogModuleManager: Shutting down and abandoning module GraphEditor (138)
[2016.02.14-13.25.08:524][962]LogModuleManager: Shutting down and abandoning module ClassViewer (137)
[2016.02.14-13.25.08:524][962]LogModuleManager: Shutting down and abandoning module Toolbox (136)
[2016.02.14-13.25.08:524][962]LogModuleManager: Shutting down and abandoning module ModuleUI (135)
[2016.02.14-13.25.08:524][962]LogModuleManager: Shutting down and abandoning module MovieSceneTools (134)
[2016.02.14-13.25.08:525][962]LogModuleManager: Shutting down and abandoning module OutputLog (133)
[2016.02.14-13.25.08:525][962]LogModuleManager: Shutting down and abandoning module GammaUI (132)
[2016.02.14-13.25.08:525][962]LogModuleManager: Shutting down and abandoning module Documentation (131)
[2016.02.14-13.25.08:525][962]LogModuleManager: Shutting down and abandoning module GameLiveStreaming (130)
[2016.02.14-13.25.08:525][962]LogModuleManager: Shutting down and abandoning module StreamingPauseRendering (129)
[2016.02.14-13.25.08:525][962]LogModuleManager: Shutting down and abandoning module AnalyticsET (128)
[2016.02.14-13.25.08:525][962]LogModuleManager: Shutting down and abandoning module Analytics (127)
[2016.02.14-13.25.08:525][962]LogModuleManager: Shutting down and abandoning module AITestSuite (126)
[2016.02.14-13.25.08:525][962]LogModuleManager: Shutting down and abandoning module GameplayDebugger (125)
[2016.02.14-13.25.08:525][962]LogModuleManager: Shutting down and abandoning module AIModule (124)
[2016.02.14-13.25.08:525][962]LogModuleManager: Shutting down and abandoning module ProfilerService (123)
[2016.02.14-13.25.08:712][962]LogModuleManager: Shutting down and abandoning module TaskGraph (122)
[2016.02.14-13.25.08:712][962]LogModuleManager: Shutting down and abandoning module SlateRemote (121)
[2016.02.14-13.25.08:712][962]LogModuleManager: Shutting down and abandoning module SteamVRController (120)
[2016.02.14-13.25.08:712][962]LogModuleManager: Shutting down and abandoning module SteamVR (119)
[2016.02.14-13.25.08:712][962]LogModuleManager: Shutting down and abandoning module ProceduralMeshComponent (118)
[2016.02.14-13.25.08:712][962]LogModuleManager: Shutting down and abandoning module OculusRift (117)
[2016.02.14-13.25.08:712][962]LogModuleManager: Shutting down and abandoning module OculusLibrary (116)
[2016.02.14-13.25.08:712][962]LogModuleManager: Shutting down and abandoning module LeapMotionController (115)
[2016.02.14-13.25.08:721][962]LogModuleManager: Shutting down and abandoning module CustomMeshComponent (114)
[2016.02.14-13.25.08:721][962]LogModuleManager: Shutting down and abandoning module CableComponent (113)
[2016.02.14-13.25.08:721][962]LogModuleManager: Shutting down and abandoning module ArchVisCharacter (112)
[2016.02.14-13.25.08:721][962]LogModuleManager: Shutting down and abandoning module MessagingDebugger (111)
[2016.02.14-13.25.08:721][962]LogModuleManager: Shutting down and abandoning module MediaPlayerEditor (110)
[2016.02.14-13.25.08:721][962]LogModuleManager: Shutting down and abandoning module HTML5Networking (109)
[2016.02.14-13.25.08:721][962]LogModuleManager: Shutting down and abandoning module SpeedTreeImporter (108)
[2016.02.14-13.25.08:721][962]LogModuleManager: Shutting down and abandoning module PluginBrowser (107)
[2016.02.14-13.25.08:722][962]LogModuleManager: Shutting down and abandoning module EpicSurvey (106)
[2016.02.14-13.25.08:722][962]LogModuleManager: Shutting down and abandoning module DesktopPlatform (105)
[2016.02.14-13.25.08:722][962]LogModuleManager: Shutting down and abandoning module VisualStudioSourceCodeAccess (104)
[2016.02.14-13.25.08:722][962]LogModuleManager: Shutting down and abandoning module UObjectPlugin (103)
[2016.02.14-13.25.08:722][962]LogModuleManager: Shutting down and abandoning module SubversionSourceControl (102)
[2016.02.14-13.25.08:722][962]LogModuleManager: Shutting down and abandoning module PerforceSourceControl (101)
[2016.02.14-13.25.08:722][962]LogModuleManager: Shutting down and abandoning module SourceControl (100)
[2016.02.14-13.25.08:722][962]LogModuleManager: Shutting down and abandoning module GitSourceControl (99)
[2016.02.14-13.25.08:722][962]LogModuleManager: Shutting down and abandoning module LightPropagationVolumeEditor (98)
[2016.02.14-13.25.08:722][962]LogModuleManager: Shutting down and abandoning module PaperTiledImporter (97)
[2016.02.14-13.25.08:722][962]LogModuleManager: Shutting down and abandoning module PaperSpriteSheetImporter (96)
[2016.02.14-13.25.08:722][962]LogModuleManager: Shutting down and abandoning module MeshPaint (95)
[2016.02.14-13.25.08:722][962]LogModuleManager: Shutting down and abandoning module SlateReflector (94)
[2016.02.14-13.25.08:722][962]LogModuleManager: Shutting down and abandoning module HotReload (93)
[2016.02.14-13.25.08:722][962]LogModuleManager: Shutting down and abandoning module MainFrame (92)
[2016.02.14-13.25.08:722][962]LogModuleManager: Shutting down and abandoning module LevelEditor (91)
[2016.02.14-13.25.08:723][962]LogModuleManager: Shutting down and abandoning module DirectoryWatcher (90)
[2016.02.14-13.25.08:723][962]LogModuleManager: Shutting down and abandoning module AssetRegistry (89)
[2016.02.14-13.25.08:755][962]LogModuleManager: Shutting down and abandoning module ContentBrowser (88)
[2016.02.14-13.25.08:756][962]LogModuleManager: Shutting down and abandoning module Paper2DEditor (87)
[2016.02.14-13.25.08:756][962]LogModuleManager: Shutting down and abandoning module StarFox (86)
[2016.02.14-13.25.08:756][962]LogModuleManager: Shutting down and abandoning module UdpMessaging (85)
[2016.02.14-13.25.08:857][962]LogModuleManager: Shutting down and abandoning module LightPropagationVolumeRuntime (84)
[2016.02.14-13.25.08:857][962]LogModuleManager: Shutting down and abandoning module Paper2D (83)
[2016.02.14-13.25.08:857][962]LogModuleManager: Shutting down and abandoning module WindowsMoviePlayer (82)
[2016.02.14-13.25.08:860][962]LogModuleManager: Shutting down and abandoning module Media (81)
[2016.02.14-13.25.08:860][962]LogModuleManager: Shutting down and abandoning module WmfMedia (80)
[2016.02.14-13.25.08:860][962]LogModuleManager: Shutting down and abandoning module OnlineBlueprintSupport (79)
[2016.02.14-13.25.08:860][962]LogModuleManager: Shutting down and abandoning module GameplayTasksEditor (78)
[2016.02.14-13.25.08:860][962]LogModuleManager: Shutting down and abandoning module PropertyEditor (77)
[2016.02.14-13.25.08:860][962]LogModuleManager: Shutting down and abandoning module BehaviorTreeEditor (76)
[2016.02.14-13.25.08:860][962]LogModuleManager: Shutting down and abandoning module FunctionalTesting (75)
[2016.02.14-13.25.08:860][962]LogModuleManager: Shutting down and abandoning module CollisionAnalyzer (74)
[2016.02.14-13.25.08:860][962]LogModuleManager: Shutting down and abandoning module WorkspaceMenuStructure (73)
[2016.02.14-13.25.08:860][962]LogModuleManager: Shutting down and abandoning module MessageLog (72)
[2016.02.14-13.25.08:860][962]LogModuleManager: Shutting down and abandoning module Sequencer (71)
[2016.02.14-13.25.08:860][962]LogModuleManager: Shutting down and abandoning module AssetTools (70)
[2016.02.14-13.25.08:860][962]LogModuleManager: Shutting down and abandoning module UMGEditor (69)
[2016.02.14-13.25.08:860][962]LogModuleManager: Shutting down and abandoning module UMG (68)
[2016.02.14-13.25.08:860][962]LogModuleManager: Shutting down and abandoning module Slate (67)
[2016.02.14-13.25.08:860][962]LogModuleManager: Shutting down and abandoning module EditorStyle (66)
[2016.02.14-13.25.08:863][962]LogModuleManager: Shutting down and abandoning module SessionServices (65)
[2016.02.14-13.25.08:863][962]LogModuleManager: Shutting down and abandoning module SourceCodeAccess (64)
[2016.02.14-13.25.08:863][962]LogModuleManager: Shutting down and abandoning module HeadMountedDisplay (63)
[2016.02.14-13.25.08:863][962]LogModuleManager: Shutting down and abandoning module XAudio2 (62)
[2016.02.14-13.25.08:863][962]LogModuleManager: Shutting down and abandoning module Networking (60)
[2016.02.14-13.25.08:863][962]LogModuleManager: Shutting down and abandoning module Core (59)
[2016.02.14-13.25.08:863][962]LogModuleManager: Shutting down and abandoning module KismetCompiler (58)
[2016.02.14-13.25.08:863][962]LogModuleManager: Shutting down and abandoning module PhysXFormats (57)
[2016.02.14-13.25.08:863][962]LogModuleManager: Shutting down and abandoning module MeshUtilities (56)
[2016.02.14-13.25.08:863][962]LogModuleManager: Shutting down and abandoning module CookingStats (55)
[2016.02.14-13.25.08:864][962]LogModuleManager: Shutting down and abandoning module DerivedDataCache (54)
[2016.02.14-13.25.08:888][962]LogDerivedDataCache: Shutdown
[2016.02.14-13.25.08:888][962]LogModuleManager: Shutting down and abandoning module ShaderFormatOpenGL (53)
[2016.02.14-13.25.08:888][962]LogModuleManager: Shutting down and abandoning module ShaderFormatD3D (52)
[2016.02.14-13.25.08:888][962]LogModuleManager: Shutting down and abandoning module MetalShaderFormat (51)
[2016.02.14-13.25.08:888][962]LogModuleManager: Shutting down and abandoning module TextureFormatUncompressed (50)
[2016.02.14-13.25.08:888][962]LogModuleManager: Shutting down and abandoning module TextureFormatPVR (49)
[2016.02.14-13.25.08:888][962]LogModuleManager: Shutting down and abandoning module TextureFormatIntelISPCTexComp (48)
[2016.02.14-13.25.08:888][962]LogModuleManager: Shutting down and abandoning module TextureFormatDXT (47)
[2016.02.14-13.25.08:888][962]LogModuleManager: Shutting down and abandoning module ImageWrapper (46)
[2016.02.14-13.25.08:888][962]LogModuleManager: Shutting down and abandoning module TextureFormatASTC (45)
[2016.02.14-13.25.08:888][962]LogModuleManager: Shutting down and abandoning module TextureFormatAndroid (44)
[2016.02.14-13.25.08:888][962]LogModuleManager: Shutting down and abandoning module AudioFormatOpus (43)
[2016.02.14-13.25.08:888][962]LogModuleManager: Shutting down and abandoning module AudioFormatOgg (42)
[2016.02.14-13.25.08:888][962]LogModuleManager: Shutting down and abandoning module AudioFormatADPCM (41)
[2016.02.14-13.25.08:888][962]LogModuleManager: Shutting down and abandoning module LinuxTargetPlatform (40)
[2016.02.14-13.25.08:888][962]LogModuleManager: Shutting down and abandoning module LinuxServerTargetPlatform (39)
[2016.02.14-13.25.08:888][962]LogModuleManager: Shutting down and abandoning module LinuxNoEditorTargetPlatform (38)
[2016.02.14-13.25.08:888][962]LogModuleManager: Shutting down and abandoning module Messaging (37)
[2016.02.14-13.25.08:888][962]LogModuleManager: Shutting down and abandoning module IOSTargetPlatform (36)
[2016.02.14-13.25.08:888][962]LogModuleManager: Shutting down and abandoning module HTML5TargetPlatform (35)
[2016.02.14-13.25.08:888][962]LogModuleManager: Shutting down and abandoning module Android_PVRTCTargetPlatform (34)
[2016.02.14-13.25.08:888][962]LogModuleManager: Shutting down and abandoning module Android_ETC2TargetPlatform (33)
[2016.02.14-13.25.08:888][962]LogModuleManager: Shutting down and abandoning module Android_ETC1TargetPlatform (32)
[2016.02.14-13.25.08:888][962]LogModuleManager: Shutting down and abandoning module Android_DXTTargetPlatform (31)
[2016.02.14-13.25.08:888][962]LogModuleManager: Shutting down and abandoning module Android_ATCTargetPlatform (30)
[2016.02.14-13.25.08:888][962]LogModuleManager: Shutting down and abandoning module Android_ASTCTargetPlatform (29)
[2016.02.14-13.25.08:888][962]LogModuleManager: Shutting down and abandoning module AndroidTargetPlatform (28)
[2016.02.14-13.25.08:888][962]LogModuleManager: Shutting down and abandoning module WindowsTargetPlatform (27)
[2016.02.14-13.25.08:888][962]LogModuleManager: Shutting down and abandoning module WindowsServerTargetPlatform (26)
[2016.02.14-13.25.08:888][962]LogModuleManager: Shutting down and abandoning module WindowsNoEditorTargetPlatform (25)
[2016.02.14-13.25.08:888][962]LogModuleManager: Shutting down and abandoning module WindowsClientTargetPlatform (24)
[2016.02.14-13.25.08:888][962]LogModuleManager: Shutting down and abandoning module AllDesktopTargetPlatform (23)
[2016.02.14-13.25.08:888][962]LogModuleManager: Shutting down and abandoning module TargetPlatform (22)
[2016.02.14-13.25.08:888][962]LogModuleManager: Shutting down and abandoning module InputCore (21)
[2016.02.14-13.25.08:888][962]LogModuleManager: Shutting down and abandoning module Settings (20)
[2016.02.14-13.25.08:888][962]LogModuleManager: Shutting down and abandoning module OnlineSubsystem (18)
[2016.02.14-13.25.08:888][962]LogModuleManager: Shutting down and abandoning module HTTP (17)
[2016.02.14-13.25.09:893][962]LogModuleManager: Shutting down and abandoning module XMPP (16)
[2016.02.14-13.25.09:893][962]LogModuleManager: Shutting down and abandoning module ExampleDeviceProfileSelector (15)
[2016.02.14-13.25.09:893][962]LogModuleManager: Shutting down and abandoning module TextureCompressor (14)
[2016.02.14-13.25.09:893][962]LogModuleManager: Shutting down and abandoning module ShaderCore (13)
[2016.02.14-13.25.09:893][962]LogModuleManager: Shutting down and abandoning module Landscape (12)
[2016.02.14-13.25.09:893][962]LogModuleManager: Shutting down and abandoning module SlateRHIRenderer (11)
[2016.02.14-13.25.09:893][962]LogModuleManager: Shutting down and abandoning module OpenGLDrv (10)
[2016.02.14-13.25.09:893][962]LogModuleManager: Shutting down and abandoning module D3D11RHI (9)
[2016.02.14-13.25.09:893][962]LogModuleManager: Shutting down and abandoning module AnimGraphRuntime (8)
[2016.02.14-13.25.09:894][962]LogModuleManager: Shutting down and abandoning module Renderer (7)
[2016.02.14-13.25.09:894][962]LogModuleManager: Shutting down and abandoning module Engine (6)
[2016.02.14-13.25.09:894][962]LogModuleManager: Shutting down and abandoning module CoreUObject (5)
[2016.02.14-13.25.09:894][962]LogModuleManager: Shutting down and abandoning module NetworkFile (4)
[2016.02.14-13.25.09:894][962]LogModuleManager: Shutting down and abandoning module StreamingFile (3)
[2016.02.14-13.25.09:894][962]LogModuleManager: Shutting down and abandoning module SandboxFile (2)
[2016.02.14-13.25.09:894][962]LogModuleManager: Shutting down and abandoning module PakFile (1)
[2016.02.14-13.25.09:894][962]LogExit: Exiting.
[2016.02.14-13.25.09:895][962]Log file closed, 02/14/16 14:25:09
