[2016.02.17-00.02.32:486][  0]Log file open, 02/17/16 01:02:32
[2016.02.17-00.02.32:486][  0]LogInit:Display: Running engine for game: StarFox
[2016.02.17-00.02.32:486][  0]LogPlatformFile: Not using cached read wrapper
[2016.02.17-00.02.32:486][  0]LogInit:Display: RandInit(393963994) SRandInit(393963996).
[2016.02.17-00.02.32:486][  0]LogTaskGraph: Started task graph with 4 named threads and 7 total threads.
[2016.02.17-00.02.32:486][  0]LogStats: Stats thread started at 0.073689
[2016.02.17-00.02.32:486][  0]LogInit: Version: 4.10.1-2791327+++depot+UE4-Releases+4.10
[2016.02.17-00.02.32:486][  0]LogInit: API Version: 2758231
[2016.02.17-00.02.32:486][  0]LogInit: Compiled (64-bit): Dec  4 2015 19:44:40
[2016.02.17-00.02.32:486][  0]LogInit: Compiled with Visual C++: 19.00.23026.00
[2016.02.17-00.02.32:486][  0]LogInit: Build Configuration: Development
[2016.02.17-00.02.32:486][  0]LogInit: Branch Name: ++depot+UE4-Releases+4.10
[2016.02.17-00.02.32:486][  0]LogInit: Command line:  
[2016.02.17-00.02.32:486][  0]LogInit: Base directory: C:/Program Files (x86)/Epic Games/4.10/Engine/Binaries/Win64/
[2016.02.17-00.02.32:486][  0]LogInit: Rocket: 1
[2016.02.17-00.02.32:492][  0]LogInit: Using libcurl 7.41.0
[2016.02.17-00.02.32:492][  0]LogInit:  - built for x86_64-pc-win32
[2016.02.17-00.02.32:492][  0]LogInit:  - supports SSL with WinSSL
[2016.02.17-00.02.32:492][  0]LogInit:  - other features:
[2016.02.17-00.02.32:492][  0]LogInit:      CURL_VERSION_SSL
[2016.02.17-00.02.32:492][  0]LogInit:      CURL_VERSION_IPV6
[2016.02.17-00.02.32:492][  0]LogInit:      CURL_VERSION_ASYNCHDNS
[2016.02.17-00.02.32:492][  0]LogInit:      CURL_VERSION_LARGEFILE
[2016.02.17-00.02.32:492][  0]LogInit:      CURL_VERSION_IDN
[2016.02.17-00.02.32:492][  0]LogInit:  CurlRequestOptions (configurable via config and command line):
[2016.02.17-00.02.32:492][  0]LogInit:  - bVerifyPeer = true  - Libcurl will verify peer certificate
[2016.02.17-00.02.32:492][  0]LogInit:  - bUseHttpProxy = false  - Libcurl will NOT use HTTP proxy
[2016.02.17-00.02.32:493][  0]LogInit:  - bDontReuseConnections = false  - Libcurl will reuse connections
[2016.02.17-00.02.32:493][  0]LogInit:  - CertBundlePath = nullptr  - Libcurl will use whatever was configured at build time.
[2016.02.17-00.02.32:499][  0]LogInit: Presizing for 0 objects not considered by GC, pre-allocating 0 bytes.
[2016.02.17-00.02.32:504][  0]LogInit: Object subsystem initialized
[2016.02.17-00.02.32:505][  0]LogInit: Selected Device Profile: [Windows]
[2016.02.17-00.02.32:505][  0]LogInit: Applying CVar settings loaded from the selected device profile: [Windows]
[2016.02.17-00.02.32:510][  0]LogInit: Computer: DESKTOP-6LQ70UE
[2016.02.17-00.02.32:510][  0]LogInit: User: AxelH
[2016.02.17-00.02.32:510][  0]LogInit: CPU Page size=4096, Cores=4
[2016.02.17-00.02.32:510][  0]LogInit: High frequency timer resolution =3.435888 MHz
[2016.02.17-00.02.32:510][  0]LogMemory: Memory total: Physical=8.0GB (8GB approx)
[2016.02.17-00.02.32:510][  0]LogMemory: Platform Memory Stats for Windows
[2016.02.17-00.02.32:510][  0]LogMemory: Process Physical Memory: 56.51 MB used, 56.51 MB peak
[2016.02.17-00.02.32:510][  0]LogMemory: Process Virtual Memory: 59.09 MB used, 59.09 MB peak
[2016.02.17-00.02.32:510][  0]LogMemory: Physical Memory: 4764.45 MB used, 8144.43 MB total
[2016.02.17-00.02.32:510][  0]LogMemory: Virtual Memory: 385.82 MB used, 134217728.00 MB total
[2016.02.17-00.02.32:540][  0]LogTextLocalizationManager: No translations for ('sv-SE') exist, falling back to 'en' for localization and internationalization data.
[2016.02.17-00.02.32:948][  0]LogD3D11RHI: Found D3D11 adapter 0: NVIDIA GeForce GTX 660   (Feature Level 11_0)
[2016.02.17-00.02.32:948][  0]LogD3D11RHI: Adapter has 1988MB of dedicated video memory, 0MB of dedicated system memory, and 4072MB of shared system memory, 1 output[s]
[2016.02.17-00.02.32:949][  0]LogD3D11RHI: Found D3D11 adapter 1: Microsoft Basic Render Driver (Feature Level 11_0)
[2016.02.17-00.02.32:949][  0]LogD3D11RHI: Adapter has 0MB of dedicated video memory, 0MB of dedicated system memory, and 4072MB of shared system memory, 0 output[s]
[2016.02.17-00.02.32:949][  0]LogD3D11RHI: Chosen D3D11 Adapter Id = 0
[2016.02.17-00.02.32:952][  0]LogD3D11RHI: !Direct3DDevice
[2016.02.17-00.02.32:952][  0]LogRHI: Texture pool is 1361 MB (70% of 1945 MB)
[2016.02.17-00.02.32:968][  0]LogD3D11RHI: Async texture creation enabled
[2016.02.17-00.02.32:983][  0]LogShaderCompilers: Guid format shader working directory is 2 characters bigger than the processId version (F:/Download/starwing/StarWingururur/StarFox/Intermediate/Shaders/WorkingDirectory/11976/).
[2016.02.17-00.02.32:983][  0]LogShaderCompilers: Cleaned the shader compiler working directory 'C:/Users/AxelH/AppData/Local/Temp/UnrealShaderWorkingDir/D7EFB356480D85FB8A373E898DCC18B5/'.
[2016.02.17-00.02.32:983][  0]LogShaderCompilers:Display: Using Local Shader Compiler.
[2016.02.17-00.02.33:674][  0]LogTemp:Display: Loaded TP AllDesktopTargetPlatform
[2016.02.17-00.02.33:678][  0]LogTemp:Display: Loaded TP WindowsClientTargetPlatform
[2016.02.17-00.02.33:682][  0]LogTemp:Display: Loaded TP WindowsNoEditorTargetPlatform
[2016.02.17-00.02.33:687][  0]LogTemp:Display: Loaded TP WindowsServerTargetPlatform
[2016.02.17-00.02.33:691][  0]LogTemp:Display: Loaded TP WindowsTargetPlatform
[2016.02.17-00.02.33:693][  0]LogTemp:Display: Loaded TP AndroidTargetPlatform
[2016.02.17-00.02.33:694][  0]LogTemp:Display: Loaded TP Android_ASTCTargetPlatform
[2016.02.17-00.02.33:698][  0]LogTemp:Display: Loaded TP Android_ATCTargetPlatform
[2016.02.17-00.02.33:701][  0]LogTemp:Display: Loaded TP Android_DXTTargetPlatform
[2016.02.17-00.02.33:703][  0]LogTemp:Display: Loaded TP Android_ETC1TargetPlatform
[2016.02.17-00.02.33:705][  0]LogTemp:Display: Loaded TP Android_ETC2TargetPlatform
[2016.02.17-00.02.33:711][  0]LogTemp:Display: Loaded TP Android_MultiTargetPlatform
[2016.02.17-00.02.33:711][  0]LogTemp:Display: Loaded TP Android_PVRTCTargetPlatform
[2016.02.17-00.02.33:712][  0]LogTemp:Display: Loaded TP HTML5TargetPlatform
[2016.02.17-00.02.33:727][  0]LogTemp:Display: Loaded TP IOSTargetPlatform
[2016.02.17-00.02.33:730][  0]LogTemp:Display: Loaded TP LinuxNoEditorTargetPlatform
[2016.02.17-00.02.33:732][  0]LogTemp:Display: Loaded TP LinuxServerTargetPlatform
[2016.02.17-00.02.33:734][  0]LogTemp:Display: Loaded TP LinuxTargetPlatform
[2016.02.17-00.02.33:734][  0]LogTargetPlatformManager:Display: Building Assets For Windows
[2016.02.17-00.02.33:818][  0]LogDerivedDataCache:Display: Max Cache Size: 512 MB
[2016.02.17-00.02.33:861][  0]LogDerivedDataCache: Loaded boot cache 0.04s 41MB C:/Users/AxelH/AppData/Local/UnrealEngine/4.10/DerivedDataCache/Boot.ddc.
[2016.02.17-00.02.33:861][  0]LogDerivedDataCache:Display: Loaded Boot cache: C:/Users/AxelH/AppData/Local/UnrealEngine/4.10/DerivedDataCache/Boot.ddc
[2016.02.17-00.02.33:861][  0]LogDerivedDataCache: FDerivedDataBackendGraph:  Pak pak cache file F:/Download/starwing/StarWingururur/StarFox/DerivedDataCache/DDC.ddp not found, will not use a pak cache.
[2016.02.17-00.02.33:861][  0]LogDerivedDataCache: Unable to find inner node Pak for hierarchical cache Hierarchy.
[2016.02.17-00.02.33:861][  0]LogDerivedDataCache: FDerivedDataBackendGraph:  CompressedPak pak cache file F:/Download/starwing/StarWingururur/StarFox/DerivedDataCache/Compressed.ddp not found, will not use a pak cache.
[2016.02.17-00.02.33:861][  0]LogDerivedDataCache: Unable to find inner node CompressedPak for hierarchical cache Hierarchy.
[2016.02.17-00.02.33:909][  0]LogDerivedDataCache:Display: Pak cache opened for reading ../../../Engine/DerivedDataCache/Compressed.ddp.
[2016.02.17-00.02.33:920][  0]LogDerivedDataCache: Using Local data cache path C:/Users/AxelH/AppData/Local/UnrealEngine/Common/DerivedDataCache: Writable
[2016.02.17-00.02.34:089][  0]LogInit: Selected Device Profile: [Windows]
[2016.02.17-00.02.34:090][  0]LogContentStreaming: Texture pool size is 0.000000MB
[2016.02.17-00.02.34:186][  0]LogMeshUtilities: No automatic mesh reduction module available
[2016.02.17-00.02.34:186][  0]LogMeshUtilities: No automatic mesh merging module available
[2016.02.17-00.02.34:380][  0]LogInit: WinSock: version 1.1 (2.2), MaxSocks=32767, MaxUdp=65467
[2016.02.17-00.02.34:994][  0]UdpMessaging: Initializing bridge on interface 0.0.0.0:0 to multicast group 230.0.0.1:6666.
[2016.02.17-00.02.35:102][  0]LogAssetRegistry: FAssetRegistry took 0.0106 seconds to start up
[2016.02.17-00.02.35:267][  0]SourceControl: Info Source control is disabled
[2016.02.17-00.02.35:296][  0]SourceControl: Info Source control is disabled
[2016.02.17-00.02.35:308][  0]SourceControl: Info Source control is disabled
[2016.02.17-00.02.35:322][  0]SourceControl: Info Source control is disabled
[2016.02.17-00.02.35:574][  0]LogObj: 28732 objects as part of root set at end of initial load.
[2016.02.17-00.02.35:574][  0]LogUObjectAllocator: 6142064 out of 0 bytes used by permanent object pool.
[2016.02.17-00.02.35:621][  0]LogEngine: Initializing Engine...
[2016.02.17-00.02.35:623][  0]LogHMD: Can't find Oculus library dev build: is proper Runtime installed? Version: 0.8.0.0
[2016.02.17-00.02.35:624][  0]LogHMD: SteamVR failed to initialize.  Err: 110
[2016.02.17-00.02.35:733][  0]LogAIModule: Creating AISystem for world NewWorld
[2016.02.17-00.02.35:739][  0]LogInit: XAudio2 using 'Hörlurar (2- High Definition Audio Device)' : 2 channels at 44.1 kHz using 16 bits per sample (channel mask 0x3)
[2016.02.17-00.02.35:749][  0]LogInit: FAudioDevice initialized.
[2016.02.17-00.02.35:772][  0]LogDerivedDataCache: Saved boot cache 0.02s 41MB C:/Users/AxelH/AppData/Local/UnrealEngine/4.10/DerivedDataCache/Boot.ddc.
[2016.02.17-00.02.35:776][  0]LogInit: Texture streaming: Enabled
[2016.02.17-00.02.35:780][  0]LogAnalytics: Creating configured Analytics provider AnalyticsET
[2016.02.17-00.02.35:780][  0]LogAnalytics: [UEEditor.Rocket.Release] APIServer = http://et2.epicgames.com/ET2/. AppVersion = 4.10.1-2791327+++depot+UE4-Releases+4.10
[2016.02.17-00.02.35:780][  0]LogAnalytics: [UEEditor.Rocket.Release] SetUserId a4f216174f906a18aa97f0b8354f8976|8e266f90fcd94ad2a2a68606efca8cb8|a8b9c902-8045-4965-8de3-26082bbcc6c0
[2016.02.17-00.02.35:780][  0]LogAnalytics: [UEEditor.Rocket.Release] AnalyticsET::StartSession
[2016.02.17-00.02.35:791][  0]LogWindowsTextInputMethodSystem:Display: IME system now deactivated.
[2016.02.17-00.02.35:806][  0]LogInit: Transaction tracking system initialized
[2016.02.17-00.02.35:837][  0]BlueprintLog: New page: Editor Load
[2016.02.17-00.02.35:912][  0]LocalizationService: Info Localization service is disabled
[2016.02.17-00.02.35:985][  0]LogConsoleResponse:Display: 
[2016.02.17-00.02.36:087][  0]LogCook:Display: Done creating registry. It took  0.00s.
[2016.02.17-00.02.36:145][  0]LogFileCache: Scanning file cache for directory 'F:/Download/starwing/StarWingururur/StarFox/Content/' took 0.01s
[2016.02.17-00.02.36:145][  0]SourceControl: Info Source control is disabled
[2016.02.17-00.02.36:145][  0]Cmd: MAP LOAD FILE="F:/Download/starwing/StarWingururur/StarFox/Content/StarterContent/Maps/Minimal_Default.umap" TEMPLATE=0 SHOWPROGRESS=1 FEATURELEVEL=3
[2016.02.17-00.02.36:145][  0]LogEditorServer:Warning: Can't find file 'F:/Download/starwing/StarWingururur/StarFox/Content/StarterContent/Maps/Minimal_Default.umap'
[2016.02.17-00.02.36:145][  0]Cmd: MAP CHECKDEP NOCLEARLOG
[2016.02.17-00.02.36:183][  0]MapCheck: Info Map check complete: 0 Error(s), 0 Warning(s), took 37.479ms to complete.
[2016.02.17-00.02.36:183][  0]LogFileHelpers: Loading map 'Minimal_Default' took 0.038
[2016.02.17-00.02.36:299][  0]LogCollectionManager: Loaded 0 collections in 0.002045 seconds
[2016.02.17-00.02.36:342][  0]LogFileCache: Scanning file cache for directory 'F:/Download/starwing/StarWingururur/StarFox/Saved/Collections/' took 0.01s
[2016.02.17-00.02.36:342][  0]LogFileCache: Scanning file cache for directory 'F:/Download/starwing/StarWingururur/StarFox/Content/Developers/AxelH/Collections/' took 0.01s
[2016.02.17-00.02.36:342][  0]LogFileCache: Scanning file cache for directory 'F:/Download/starwing/StarWingururur/StarFox/Content/Collections/' took 0.01s
[2016.02.17-00.02.36:342][  0]LogCollectionManager: Rebuilt the GUID cache for 0 collections in 0.000003 seconds
[2016.02.17-00.02.36:353][  0]LogContentBrowser: Native class hierarchy populated in 0.0108 seconds. Added 1901 classes and 340 folders.
[2016.02.17-00.02.36:363][  0]LogContentBrowser: Native class hierarchy updated for 'WidgetCarousel' in 0.0011 seconds. Added 0 classes and 0 folders.
[2016.02.17-00.02.36:407][  0]LogContentBrowser: Native class hierarchy updated for 'AddContentDialog' in 0.0012 seconds. Added 0 classes and 0 folders.
[2016.02.17-00.02.36:412][  0]LogContentBrowser: Native class hierarchy updated for 'SceneOutliner' in 0.0014 seconds. Added 1 classes and 2 folders.
[2016.02.17-00.02.36:431][  0]LogCrashTracker: Crashtracker disabled due to settings.
[2016.02.17-00.02.36:434][  0]LogUObjectGlobals:Warning: Failed to find object 'Class None.'
[2016.02.17-00.02.36:457][  0]LogLoad: Full Startup: 4.69 seconds (BP compile: 0.00 seconds)
[2016.02.17-00.02.36:470][  0]LogOcInput: Can't find Oculus library dev build: is proper Runtime installed? Version: 0.8.0.0
[2016.02.17-00.02.36:507][  0]LogContentStreaming: Texture pool size now 1000 MB
[2016.02.17-00.02.36:633][  0]LogRenderer: Reallocating scene render targets to support 1208x572 (Frame:2).
[2016.02.17-00.02.36:731][  1]LogAssetRegistry: Asset discovery search completed in 1.6398 seconds
[2016.02.17-00.02.36:731][  1]LogCollectionManager: Rebuilt the object cache for 0 collections in 0.000002 seconds (found 0 objects)
[2016.02.17-00.02.36:731][  1]LogCollectionManager: Fixed up redirectors for 0 collections in 0.000027 seconds (updated 0 objects)
[2016.02.17-00.02.43:629][356]LogUProjectInfo: Found projects:
[2016.02.17-00.03.34:720][109]Recompiling StarFox...
[2016.02.17-00.03.34:720][109]Launching UnrealBuildTool... [C:/Program Files (x86)/Epic Games/4.10/Engine/Binaries/DotNET/UnrealBuildTool.exe StarFox -ModuleWithSuffix StarFox 6224 Win64 Development -editorrecompile -canskiplink "F:/Download/starwing/StarWingururur/StarFox/StarFox.uproject" -rocket  -rocket -2015]
[2016.02.17-00.03.34:721][109]Warning: Starting HotReload took  0.0s.
[2016.02.17-00.03.53:136][134]CompilerResultsLog: New page: Compilation - Feb 17, 2016, 2:03:53 AM
[2016.02.17-00.03.53:136][134]CompilerResultsLog: Info Creating makefile for hot reloading StarFox (game project files are newer)
[2016.02.17-00.03.53:136][134]CompilerResultsLog: Info Compiling game modules for hot reload
[2016.02.17-00.03.53:136][134]CompilerResultsLog: Info Parsing headers for StarFoxEditor
[2016.02.17-00.03.53:136][134]CompilerResultsLog: Info   Running UnrealHeaderTool "F:/Download/starwing/StarWingururur/StarFox/StarFox.uproject" "F:\Download\starwing\StarWingururur\StarFox\Intermediate\Build\Win64\StarFoxEditor\Development\UnrealHeaderTool.manifest" -LogCmds="loginit warning, logexit warning, logdatabase error" -rocket -installed
[2016.02.17-00.03.53:136][134]CompilerResultsLog: Info Reflection code generated for StarFoxEditor in 7,3139482 seconds
[2016.02.17-00.03.53:136][134]CompilerResultsLog: Info Performing 5 actions (4 in parallel)
[2016.02.17-00.03.53:136][134]CompilerResultsLog: Info StarFoxGameMode.cpp
[2016.02.17-00.03.53:136][134]CompilerResultsLog: Info WinTrigger.cpp
[2016.02.17-00.03.53:136][134]CompilerResultsLog: Info ring.cpp
[2016.02.17-00.03.53:136][134]CompilerResultsLog:Error: Error f:\download\starwing\starwingururur\starfox\source\starfox\PawnWithCamera.h(47) : warning C4263: 'void APawnWithCamera::TakeDamage(void)': member function does not override any base class virtual member function
[2016.02.17-00.03.53:136][134]CompilerResultsLog:Error: Error f:\download\starwing\starwingururur\starfox\source\starfox\PawnWithCamera.h(47) : warning C4263: 'void APawnWithCamera::TakeDamage(void)': member function does not override any base class virtual member function
[2016.02.17-00.03.53:136][134]CompilerResultsLog:Error: Error f:\download\starwing\starwingururur\starfox\source\starfox\PawnWithCamera.h(115) : warning C4264: 'float APawn::TakeDamage(float,const FDamageEvent &,AController *,AActor *)': no override available for virtual member function from base 'APawn'; function is hidden
[2016.02.17-00.03.53:136][134]CompilerResultsLog: Info C:\Program Files (x86)\Epic Games\4.10\Engine\Source\Runtime\Engine\Classes\GameFramework/Pawn.h(216): note: see declaration of 'APawn::TakeDamage'f:\download\starwing\starwingururur\starfox\source\starfox\PawnWithCamera.h(115): warning C4264: 'float APawn::TakeDamage(float,const FDamageEvent &,AController *,AActor *)': no override available for virtual member function from base 'APawn'; function is hidden
[2016.02.17-00.03.53:136][134]CompilerResultsLog: Info 
[2016.02.17-00.03.53:136][134]CompilerResultsLog: Info C:\Program Files (x86)\Epic Games\4.10\Engine\Intermediate\Build\Win64\UE4Editor\Inc\Engine\CheatManager.generated.h(14): note: see declaration of 'APawn'C:\Program Files (x86)\Epic Games\4.10\Engine\Source\Runtime\Engine\Classes\GameFramework/Pawn.h(216): note: see declaration of 'APawn::TakeDamage'
[2016.02.17-00.03.53:136][134]CompilerResultsLog: Info 
[2016.02.17-00.03.53:136][134]CompilerResultsLog: Info C:\Program Files (x86)\Epic Games\4.10\Engine\Intermediate\Build\Win64\UE4Editor\Inc\Engine\CheatManager.generated.h(14): note: see declaration of 'APawn'
[2016.02.17-00.03.53:136][134]CompilerResultsLog: Info StarFox.generated.cpp
[2016.02.17-00.03.53:136][134]CompilerResultsLog:Error: Error F:\Download\starwing\StarWingururur\StarFox\Source\StarFox\PawnWithCamera.h(47) : warning C4263: 'void APawnWithCamera::TakeDamage(void)': member function does not override any base class virtual member function
[2016.02.17-00.03.53:136][134]CompilerResultsLog:Error: Error F:\Download\starwing\StarWingururur\StarFox\Source\StarFox\PawnWithCamera.h(115) : warning C4264: 'float APawn::TakeDamage(float,const FDamageEvent &,AController *,AActor *)': no override available for virtual member function from base 'APawn'; function is hidden
[2016.02.17-00.03.53:136][134]CompilerResultsLog: Info C:\Program Files (x86)\Epic Games\4.10\Engine\Source\Runtime\Engine\Classes\GameFramework/Pawn.h(216): note: see declaration of 'APawn::TakeDamage'
[2016.02.17-00.03.53:136][134]CompilerResultsLog: Info C:\Program Files (x86)\Epic Games\4.10\Engine\Intermediate\Build\Win64\UE4Editor\Inc\Engine\CheatManager.generated.h(14): note: see declaration of 'APawn'
[2016.02.17-00.03.53:136][134]CompilerResultsLog: Info [5/5] Link UE4Editor-StarFox-6224.dll
[2016.02.17-00.03.53:136][134]CompilerResultsLog: Info    Creating library F:\Download\starwing\StarWingururur\StarFox\Intermediate/Build/Win64\UE4Editor\Development\UE4Editor-StarFox-6224.lib and object F:\Download\starwing\StarWingururur\StarFox\Intermediate/Build/Win64\UE4Editor\Development\UE4Editor-StarFox-6224.exp
[2016.02.17-00.03.53:136][134]CompilerResultsLog: Info -------- End Detailed Actions Stats -----------------------------------------------------------
[2016.02.17-00.03.53:136][134]CompilerResultsLog: Info Total build time: 18,24 seconds
[2016.02.17-00.03.53:136][134]LogMainFrame: MainFrame: Module compiling took 18.423 seconds
[2016.02.17-00.03.53:165][134]LogClass: Could not find existing class StarFoxGameMode in package /Script/StarFox for HotReload, assuming new class
[2016.02.17-00.03.53:165][134]LogClass: Function AddTime is new.
[2016.02.17-00.03.53:165][134]LogClass: Function GetTime is new.
[2016.02.17-00.03.53:166][134]LogClass: Could not find existing class WinTrigger in package /Script/StarFox for HotReload, assuming new class
[2016.02.17-00.03.53:166][134]LogClass: Function OnBeginOverlap is new.
[2016.02.17-00.03.53:169][134]LogHotReload: Re-instancing StarFoxGameMode after hot-reload.
[2016.02.17-00.03.53:188][134]LogHotReload: Re-instancing WinTrigger after hot-reload.
[2016.02.17-00.03.53:213][134]LogContentBrowser: Native class hierarchy updated for 'StarFox' in 0.0016 seconds. Added 8 classes and 2 folders.
[2016.02.17-00.03.53:215][134]Warning: HotReload successful (4 functions remapped  0 scriptstructs remapped)
[2016.02.17-00.03.53:290][134]LogContentBrowser: Native class hierarchy populated in 0.0089 seconds. Added 1902 classes and 342 folders.
[2016.02.17-00.03.58:211][224]LogAIModule: Creating AISystem for world LevelOne
[2016.02.17-00.03.58:274][224]Cmd: MAP LOAD FILE="F:/Download/starwing/StarWingururur/StarFox/Content/Maps/LevelOne.umap" TEMPLATE=0 SHOWPROGRESS=1 FEATURELEVEL=3
[2016.02.17-00.03.58:274][224]LightingResults: New page: Lighting Build
[2016.02.17-00.03.58:290][224]LogContentBrowser: Native class hierarchy updated for 'StatsViewer' in 0.0010 seconds. Added 5 classes and 0 folders.
[2016.02.17-00.03.58:314][224]LoadErrors: New page: Loading map: LevelOne.umap
[2016.02.17-00.03.58:314][224]MapCheck: New page: Map Check
[2016.02.17-00.03.58:314][224]LightingResults: New page: Lighting Build
[2016.02.17-00.03.58:324][224]LogParticles: Destroying 0 GPU particle simulations for FXSystem 0x0000028F5FE33420
[2016.02.17-00.03.58:331][224]LogEditorServer: Finished looking for orphan Actors (0.000 secs)
[2016.02.17-00.03.58:358][224]Cmd: MAP CHECKDEP NOCLEARLOG
[2016.02.17-00.03.58:410][224]MapCheck: Info Map check complete: 0 Error(s), 0 Warning(s), took 51.132ms to complete.
[2016.02.17-00.03.58:410][224]LogFileHelpers: Loading map 'LevelOne' took 0.137
[2016.02.17-00.03.59:196][277]LogBlueprintUserMessages: Early PlayInEditor Detection: Level '/Game/Maps/LevelOne.LevelOne:PersistentLevel' has LevelScriptBlueprint '/Game/Maps/LevelOne.LevelOne:PersistentLevel.LevelOne' with GeneratedClass '/Game/Maps/LevelOne.LevelOne_C' with ClassGeneratedBy '/Game/Maps/LevelOne.LevelOne:PersistentLevel.LevelOne'
[2016.02.17-00.03.59:196][277]LogPlayLevel: PlayLevel: No blueprints needed recompiling
[2016.02.17-00.03.59:196][277]PIE: New page: PIE session: LevelOne (Feb 17, 2016, 2:03:59 AM)
[2016.02.17-00.03.59:196][277]LogPlayLevel: Creating play world package: /Game/Maps/UEDPIE_0_LevelOne
[2016.02.17-00.03.59:207][277]LogPlayLevel: PIE: StaticDuplicateObject took: (0.010693s)
[2016.02.17-00.03.59:207][277]LogAIModule: Creating AISystem for world LevelOne
[2016.02.17-00.03.59:207][277]LogPlayLevel: PIE: World Init took: (0.000566s)
[2016.02.17-00.03.59:207][277]LogPlayLevel: PIE: Created PIE world by copying editor world from /Game/Maps/LevelOne.LevelOne to /Game/Maps/UEDPIE_0_LevelOne.LevelOne (0.011464s)
[2016.02.17-00.03.59:220][277]LogInit: XAudio2 using 'Hörlurar (2- High Definition Audio Device)' : 2 channels at 44.1 kHz using 16 bits per sample (channel mask 0x3)
[2016.02.17-00.03.59:226][277]LogInit: FAudioDevice initialized.
[2016.02.17-00.03.59:303][277]LogWorld: Game class is 'MyStarFoxGameModeBP_C'
[2016.02.17-00.03.59:312][277]LogWorld: Bringing World /Game/Maps/UEDPIE_0_LevelOne.LevelOne up for play (max tick rate 0) at 2016.02.17-01.03.59
[2016.02.17-00.03.59:312][277]LogActor:Warning: GameSession /Game/Maps/UEDPIE_0_LevelOne.LevelOne:PersistentLevel.GameSession_0 has natively added scene component(s), but none of them were set as the actor's RootComponent - picking one arbitrarily
[2016.02.17-00.03.59:313][277]LogActor:Warning: GameNetworkManager /Game/Maps/UEDPIE_0_LevelOne.LevelOne:PersistentLevel.GameNetworkManager_0 has natively added scene component(s), but none of them were set as the actor's RootComponent - picking one arbitrarily
[2016.02.17-00.03.59:313][277]LogWorld: Bringing up level for play took: 0.009059
[2016.02.17-00.03.59:315][277]PIE: Info Play in editor start time for /Game/Maps/UEDPIE_0_LevelOne -0.88
[2016.02.17-00.03.59:315][277]LogBlueprintUserMessages: Late PlayInEditor Detection: Level '/Game/Maps/LevelOne.LevelOne:PersistentLevel' has LevelScriptBlueprint '/Game/Maps/LevelOne.LevelOne:PersistentLevel.LevelOne' with GeneratedClass '/Game/Maps/LevelOne.LevelOne_C' with ClassGeneratedBy '/Game/Maps/LevelOne.LevelOne:PersistentLevel.LevelOne'
[2016.02.17-00.04.17:821][747]LogGameMode: ProcessServerTravel: /Game/Maps/Win
[2016.02.17-00.04.17:826][748]LogEngine: Server switch level: /Game/Maps/Win
[2016.02.17-00.04.17:826][748]LogNet: Browse: /Game/Maps/Win
[2016.02.17-00.04.17:860][748]LogLoad: LoadMap: /Game/Maps/Win
[2016.02.17-00.04.17:879][748]LogParticles: Destroying 0 GPU particle simulations for FXSystem 0x0000028F63C3AB60
[2016.02.17-00.04.17:880][748]Cmd: MEM
[2016.02.17-00.04.17:891][748]LogMemory: Platform Memory Stats for Windows
[2016.02.17-00.04.17:891][748]LogMemory: Process Physical Memory: 665.07 MB used, 681.48 MB peak
[2016.02.17-00.04.17:891][748]LogMemory: Process Virtual Memory: 1252.16 MB used, 1273.34 MB peak
[2016.02.17-00.04.17:891][748]LogMemory: Physical Memory: 5478.31 MB used, 8144.43 MB total
[2016.02.17-00.04.17:891][748]LogMemory: Virtual Memory: 1968.31 MB used, 134217728.00 MB total
[2016.02.17-00.04.17:891][748]LogMemory: 
[2016.02.17-00.04.17:891][748]Allocator Stats for TBB: (not implemented)
[2016.02.17-00.04.18:861][748]LogAIModule: Creating AISystem for world Win
[2016.02.17-00.04.18:862][748]LogWorld: Game class is 'StarFoxGameMode'
[2016.02.17-00.04.18:863][748]LogWorld: Bringing World /Game/Maps/UEDPIE_0_Win.Win up for play (max tick rate 0) at 2016.02.17-01.04.18
[2016.02.17-00.04.18:863][748]LogActor:Warning: GameSession /Game/Maps/UEDPIE_0_Win.Win:PersistentLevel.GameSession_1 has natively added scene component(s), but none of them were set as the actor's RootComponent - picking one arbitrarily
[2016.02.17-00.04.18:863][748]LogActor:Warning: GameNetworkManager /Game/Maps/UEDPIE_0_Win.Win:PersistentLevel.GameNetworkManager_1 has natively added scene component(s), but none of them were set as the actor's RootComponent - picking one arbitrarily
[2016.02.17-00.04.18:864][748]LogWorld: Bringing up level for play took: 0.001335
[2016.02.17-00.04.18:864][748]LogGameMode: Warning - PATHS NOT DEFINED or NO PLAYERSTART with positive rating
[2016.02.17-00.04.28:018][747]LogGameMode: ProcessServerTravel: /Game/Maps/GameOver
[2016.02.17-00.04.28:026][748]LogEngine: Server switch level: /Game/Maps/GameOver
[2016.02.17-00.04.28:026][748]LogNet: Browse: /Game/Maps/GameOver
[2016.02.17-00.04.28:043][748]LogLoad: LoadMap: /Game/Maps/GameOver
[2016.02.17-00.04.28:060][748]LogParticles: Destroying 0 GPU particle simulations for FXSystem 0x0000028F54417740
[2016.02.17-00.04.28:060][748]Cmd: MEM
[2016.02.17-00.04.28:070][748]LogMemory: Platform Memory Stats for Windows
[2016.02.17-00.04.28:070][748]LogMemory: Process Physical Memory: 775.57 MB used, 810.25 MB peak
[2016.02.17-00.04.28:070][748]LogMemory: Process Virtual Memory: 1323.49 MB used, 1555.15 MB peak
[2016.02.17-00.04.28:070][748]LogMemory: Physical Memory: 5562.02 MB used, 8144.43 MB total
[2016.02.17-00.04.28:070][748]LogMemory: Virtual Memory: 2225.25 MB used, 134217728.00 MB total
[2016.02.17-00.04.28:070][748]LogMemory: 
[2016.02.17-00.04.28:070][748]Allocator Stats for TBB: (not implemented)
[2016.02.17-00.04.28:135][748]LogAIModule: Creating AISystem for world GameOver
[2016.02.17-00.04.28:135][748]LogWorld: Game class is 'StarFoxGameMode'
[2016.02.17-00.04.28:137][748]LogWorld: Bringing World /Game/Maps/UEDPIE_0_GameOver.GameOver up for play (max tick rate 0) at 2016.02.17-01.04.28
[2016.02.17-00.04.28:137][748]LogActor:Warning: GameSession /Game/Maps/UEDPIE_0_GameOver.GameOver:PersistentLevel.GameSession_2 has natively added scene component(s), but none of them were set as the actor's RootComponent - picking one arbitrarily
[2016.02.17-00.04.28:137][748]LogActor:Warning: GameNetworkManager /Game/Maps/UEDPIE_0_GameOver.GameOver:PersistentLevel.GameNetworkManager_2 has natively added scene component(s), but none of them were set as the actor's RootComponent - picking one arbitrarily
[2016.02.17-00.04.28:137][748]LogWorld: Bringing up level for play took: 0.001224
[2016.02.17-00.04.28:138][748]LogGameMode: Warning - PATHS NOT DEFINED or NO PLAYERSTART with positive rating
[2016.02.17-00.04.37:699][747]LogGameMode: ProcessServerTravel: /Game/Maps/GameOver
[2016.02.17-00.04.37:704][748]LogEngine: Server switch level: /Game/Maps/GameOver
[2016.02.17-00.04.37:704][748]LogNet: Browse: /Game/Maps/GameOver
[2016.02.17-00.04.37:708][748]LogLoad: LoadMap: /Game/Maps/GameOver
[2016.02.17-00.04.37:719][748]LogParticles: Destroying 0 GPU particle simulations for FXSystem 0x0000028F63C3C0E0
[2016.02.17-00.04.37:719][748]Cmd: MEM
[2016.02.17-00.04.37:728][748]LogMemory: Platform Memory Stats for Windows
[2016.02.17-00.04.37:728][748]LogMemory: Process Physical Memory: 777.82 MB used, 810.25 MB peak
[2016.02.17-00.04.37:728][748]LogMemory: Process Virtual Memory: 1327.76 MB used, 1555.15 MB peak
[2016.02.17-00.04.37:728][748]LogMemory: Physical Memory: 5552.00 MB used, 8144.43 MB total
[2016.02.17-00.04.37:728][748]LogMemory: Virtual Memory: 2172.50 MB used, 134217728.00 MB total
[2016.02.17-00.04.37:728][748]LogMemory: 
[2016.02.17-00.04.37:728][748]Allocator Stats for TBB: (not implemented)
[2016.02.17-00.04.37:744][748]LogAIModule: Creating AISystem for world GameOver
[2016.02.17-00.04.37:745][748]LogWorld: Game class is 'StarFoxGameMode'
[2016.02.17-00.04.37:747][748]LogWorld: Bringing World /Game/Maps/UEDPIE_0_GameOver.GameOver up for play (max tick rate 0) at 2016.02.17-01.04.37
[2016.02.17-00.04.37:747][748]LogActor:Warning: GameSession /Game/Maps/UEDPIE_0_GameOver.GameOver:PersistentLevel.GameSession_3 has natively added scene component(s), but none of them were set as the actor's RootComponent - picking one arbitrarily
[2016.02.17-00.04.37:747][748]LogActor:Warning: GameNetworkManager /Game/Maps/UEDPIE_0_GameOver.GameOver:PersistentLevel.GameNetworkManager_3 has natively added scene component(s), but none of them were set as the actor's RootComponent - picking one arbitrarily
[2016.02.17-00.04.37:747][748]LogWorld: Bringing up level for play took: 0.001426
[2016.02.17-00.04.37:748][748]LogGameMode: Warning - PATHS NOT DEFINED or NO PLAYERSTART with positive rating
[2016.02.17-00.05.30:550][377]Recompiling StarFox...
[2016.02.17-00.05.30:550][377]Launching UnrealBuildTool... [C:/Program Files (x86)/Epic Games/4.10/Engine/Binaries/DotNET/UnrealBuildTool.exe StarFox -ModuleWithSuffix StarFox 883 Win64 Development -editorrecompile -canskiplink "F:/Download/starwing/StarWingururur/StarFox/StarFox.uproject" -rocket  -rocket -2015]
[2016.02.17-00.05.30:552][377]Warning: Starting HotReload took  0.0s.
[2016.02.17-00.05.33:498][654]CompilerResultsLog: New page: Compilation - Feb 17, 2016, 2:05:33 AM
[2016.02.17-00.05.33:498][654]CompilerResultsLog: Info Compiling game modules for hot reload
[2016.02.17-00.05.33:498][654]CompilerResultsLog: Info Performing 2 actions (4 in parallel)
[2016.02.17-00.05.33:498][654]CompilerResultsLog: Info WinTrigger.cpp
[2016.02.17-00.05.33:498][654]CompilerResultsLog:Error: Error f:\download\starwing\starwingururur\starfox\source\starfox\PawnWithCamera.h(47) : warning C4263: 'void APawnWithCamera::TakeDamage(void)': member function does not override any base class virtual member function
[2016.02.17-00.05.33:498][654]CompilerResultsLog:Error: Error f:\download\starwing\starwingururur\starfox\source\starfox\PawnWithCamera.h(115) : warning C4264: 'float APawn::TakeDamage(float,const FDamageEvent &,AController *,AActor *)': no override available for virtual member function from base 'APawn'; function is hidden
[2016.02.17-00.05.33:498][654]CompilerResultsLog: Info C:\Program Files (x86)\Epic Games\4.10\Engine\Source\Runtime\Engine\Classes\GameFramework/Pawn.h(216): note: see declaration of 'APawn::TakeDamage'
[2016.02.17-00.05.33:498][654]CompilerResultsLog: Info C:\Program Files (x86)\Epic Games\4.10\Engine\Intermediate\Build\Win64\UE4Editor\Inc\Engine\CheatManager.generated.h(14): note: see declaration of 'APawn'
[2016.02.17-00.05.33:498][654]CompilerResultsLog:Error: Error F:\Download\starwing\StarWingururur\StarFox\Source\StarFox\WinTrigger.cpp(43) : error C2065: 'Time': undeclared identifier
[2016.02.17-00.05.33:498][654]CompilerResultsLog: Info -------- End Detailed Actions Stats -----------------------------------------------------------
[2016.02.17-00.05.33:498][654]CompilerResultsLog: Info ERROR: UBT ERROR: Failed to produce item: F:\Download\starwing\StarWingururur\StarFox\Binaries\Win64\UE4Editor-StarFox-883.dll
[2016.02.17-00.05.33:498][654]CompilerResultsLog: Info Total build time: 2,90 seconds
[2016.02.17-00.05.33:498][654]LogMainFrame: MainFrame: Module compiling took 2.964 seconds
[2016.02.17-00.05.33:498][654]Warning: HotReload failed, recompile failed
[2016.02.17-00.05.34:472][754]LogGameMode: ProcessServerTravel: /Game/Maps/GameOver
[2016.02.17-00.05.34:478][755]LogEngine: Server switch level: /Game/Maps/GameOver
[2016.02.17-00.05.34:478][755]LogNet: Browse: /Game/Maps/GameOver
[2016.02.17-00.05.34:478][755]LogLoad: LoadMap: /Game/Maps/GameOver
[2016.02.17-00.05.34:495][755]LogParticles: Destroying 0 GPU particle simulations for FXSystem 0x0000028F63AB6E80
[2016.02.17-00.05.34:495][755]Cmd: MEM
[2016.02.17-00.05.34:504][755]LogMemory: Platform Memory Stats for Windows
[2016.02.17-00.05.34:504][755]LogMemory: Process Physical Memory: 783.59 MB used, 810.25 MB peak
[2016.02.17-00.05.34:504][755]LogMemory: Process Virtual Memory: 1333.66 MB used, 1555.15 MB peak
[2016.02.17-00.05.34:504][755]LogMemory: Physical Memory: 5894.75 MB used, 8144.43 MB total
[2016.02.17-00.05.34:504][755]LogMemory: Virtual Memory: 2190.18 MB used, 134217728.00 MB total
[2016.02.17-00.05.34:504][755]LogMemory: 
[2016.02.17-00.05.34:504][755]Allocator Stats for TBB: (not implemented)
[2016.02.17-00.05.34:520][755]LogAIModule: Creating AISystem for world GameOver
[2016.02.17-00.05.34:520][755]LogWorld: Game class is 'StarFoxGameMode'
[2016.02.17-00.05.34:521][755]LogWorld: Bringing World /Game/Maps/UEDPIE_0_GameOver.GameOver up for play (max tick rate 0) at 2016.02.17-01.05.34
[2016.02.17-00.05.34:522][755]LogActor:Warning: GameSession /Game/Maps/UEDPIE_0_GameOver.GameOver:PersistentLevel.GameSession_4 has natively added scene component(s), but none of them were set as the actor's RootComponent - picking one arbitrarily
[2016.02.17-00.05.34:522][755]LogActor:Warning: GameNetworkManager /Game/Maps/UEDPIE_0_GameOver.GameOver:PersistentLevel.GameNetworkManager_4 has natively added scene component(s), but none of them were set as the actor's RootComponent - picking one arbitrarily
[2016.02.17-00.05.34:522][755]LogWorld: Bringing up level for play took: 0.000965
[2016.02.17-00.05.34:522][755]LogGameMode: Warning - PATHS NOT DEFINED or NO PLAYERSTART with positive rating
[2016.02.17-00.09.29:483][773]LogGameMode: ProcessServerTravel: /Game/Maps/GameOver
[2016.02.17-00.09.29:816][774]LogEngine: Server switch level: /Game/Maps/GameOver
[2016.02.17-00.09.29:816][774]LogNet: Browse: /Game/Maps/GameOver
[2016.02.17-00.09.29:816][774]LogLoad: LoadMap: /Game/Maps/GameOver
[2016.02.17-00.09.29:826][774]LogParticles: Destroying 0 GPU particle simulations for FXSystem 0x0000028F63AB65C0
[2016.02.17-00.09.29:827][774]Cmd: MEM
[2016.02.17-00.09.29:836][774]LogMemory: Platform Memory Stats for Windows
[2016.02.17-00.09.29:836][774]LogMemory: Process Physical Memory: 551.75 MB used, 810.25 MB peak
[2016.02.17-00.09.29:836][774]LogMemory: Process Virtual Memory: 1338.67 MB used, 1555.15 MB peak
[2016.02.17-00.09.29:836][774]LogMemory: Physical Memory: 5285.26 MB used, 8144.43 MB total
[2016.02.17-00.09.29:836][774]LogMemory: Virtual Memory: 2181.62 MB used, 134217728.00 MB total
[2016.02.17-00.09.29:836][774]LogMemory: 
[2016.02.17-00.09.29:836][774]Allocator Stats for TBB: (not implemented)
[2016.02.17-00.09.29:860][774]LogAIModule: Creating AISystem for world GameOver
[2016.02.17-00.09.29:861][774]LogWorld: Game class is 'StarFoxGameMode'
[2016.02.17-00.09.29:862][774]LogWorld: Bringing World /Game/Maps/UEDPIE_0_GameOver.GameOver up for play (max tick rate 3) at 2016.02.17-01.09.29
[2016.02.17-00.09.29:863][774]LogActor:Warning: GameSession /Game/Maps/UEDPIE_0_GameOver.GameOver:PersistentLevel.GameSession_5 has natively added scene component(s), but none of them were set as the actor's RootComponent - picking one arbitrarily
[2016.02.17-00.09.29:863][774]LogActor:Warning: GameNetworkManager /Game/Maps/UEDPIE_0_GameOver.GameOver:PersistentLevel.GameNetworkManager_5 has natively added scene component(s), but none of them were set as the actor's RootComponent - picking one arbitrarily
[2016.02.17-00.09.29:863][774]LogWorld: Bringing up level for play took: 0.001348
[2016.02.17-00.09.29:863][774]LogGameMode: Warning - PATHS NOT DEFINED or NO PLAYERSTART with positive rating
[2016.02.17-00.14.08:667][653]LogAIModule: Creating AISystem for world Menu
[2016.02.17-00.14.12:978][704]LogBlueprintUserMessages: Early EndPlayMap Detection: Level '/Game/Maps/LevelOne.LevelOne:PersistentLevel' has LevelScriptBlueprint '/Game/Maps/LevelOne.LevelOne:PersistentLevel.LevelOne' with GeneratedClass '/Game/Maps/LevelOne.LevelOne_C' with ClassGeneratedBy '/Game/Maps/LevelOne.LevelOne:PersistentLevel.LevelOne'
[2016.02.17-00.14.13:016][704]LogBlueprintUserMessages: Late EndPlayMap Detection: Level '/Game/Maps/LevelOne.LevelOne:PersistentLevel' has LevelScriptBlueprint '/Game/Maps/LevelOne.LevelOne:PersistentLevel.LevelOne' with GeneratedClass '/Game/Maps/LevelOne.LevelOne_C' with ClassGeneratedBy '/Game/Maps/LevelOne.LevelOne:PersistentLevel.LevelOne'
[2016.02.17-00.14.13:046][705]LogParticles: Destroying 0 GPU particle simulations for FXSystem 0x0000028F75FEE660
[2016.02.17-00.14.16:796][955]Cmd: MAP LOAD FILE="F:/Download/starwing/StarWingururur/StarFox/Content/Maps/LevelOne.umap" TEMPLATE=0 SHOWPROGRESS=1 FEATURELEVEL=3
[2016.02.17-00.14.16:796][955]LightingResults: New page: Lighting Build
[2016.02.17-00.14.16:817][955]LoadErrors: New page: Loading map: LevelOne.umap
[2016.02.17-00.14.16:818][955]MapCheck: New page: Map Check
[2016.02.17-00.14.16:818][955]LightingResults: New page: Lighting Build
[2016.02.17-00.14.16:833][955]LogParticles: Destroying 0 GPU particle simulations for FXSystem 0x0000028F54400E00
[2016.02.17-00.14.16:970][955]LogAIModule: Creating AISystem for world LevelOne
[2016.02.17-00.14.16:981][955]LogEditorServer: Finished looking for orphan Actors (0.000 secs)
[2016.02.17-00.14.17:004][955]Cmd: MAP CHECKDEP NOCLEARLOG
[2016.02.17-00.14.17:059][955]MapCheck: Info Map check complete: 0 Error(s), 0 Warning(s), took 55.246ms to complete.
[2016.02.17-00.14.17:060][955]LogFileHelpers: Loading map 'LevelOne' took 0.266
[2016.02.17-00.14.18:210][ 66]Recompiling StarFox...
[2016.02.17-00.14.18:211][ 66]Launching UnrealBuildTool... [C:/Program Files (x86)/Epic Games/4.10/Engine/Binaries/DotNET/UnrealBuildTool.exe StarFox -ModuleWithSuffix StarFox 955 Win64 Development -editorrecompile -canskiplink "F:/Download/starwing/StarWingururur/StarFox/StarFox.uproject" -rocket  -rocket -2015]
[2016.02.17-00.14.18:212][ 66]Warning: Starting HotReload took  0.0s.
[2016.02.17-00.14.28:067][ 88]CompilerResultsLog: New page: Compilation - Feb 17, 2016, 2:14:28 AM
[2016.02.17-00.14.28:067][ 88]CompilerResultsLog: Info Compiling game modules for hot reload
[2016.02.17-00.14.28:067][ 88]CompilerResultsLog: Info Parsing headers for StarFoxEditor
[2016.02.17-00.14.28:068][ 88]CompilerResultsLog: Info   Running UnrealHeaderTool "F:/Download/starwing/StarWingururur/StarFox/StarFox.uproject" "F:\Download\starwing\StarWingururur\StarFox\Intermediate\Build\Win64\StarFoxEditor\Development\UnrealHeaderTool.manifest" -LogCmds="loginit warning, logexit warning, logdatabase error" -rocket -installed
[2016.02.17-00.14.28:068][ 88]CompilerResultsLog: Info Reflection code generated for StarFoxEditor in 6,569022 seconds
[2016.02.17-00.14.28:068][ 88]CompilerResultsLog: Info Performing 4 actions (4 in parallel)
[2016.02.17-00.14.28:068][ 88]CompilerResultsLog: Info StarFox.generated.cpp
[2016.02.17-00.14.28:068][ 88]CompilerResultsLog: Info StarFoxGameMode.cpp
[2016.02.17-00.14.28:068][ 88]CompilerResultsLog: Info WinTrigger.cpp
[2016.02.17-00.14.28:068][ 88]CompilerResultsLog:Error: Error F:\Download\starwing\StarWingururur\StarFox\Source\StarFox\PawnWithCamera.h(47) : warning C4263: 'void APawnWithCamera::TakeDamage(void)': member function does not override any base class virtual member function
[2016.02.17-00.14.28:068][ 88]CompilerResultsLog:Error: Error F:\Download\starwing\StarWingururur\StarFox\Source\StarFox\PawnWithCamera.h(115) : warning C4264: 'float APawn::TakeDamage(float,const FDamageEvent &,AController *,AActor *)': no override available for virtual member function from base 'APawn'; function is hidden
[2016.02.17-00.14.28:068][ 88]CompilerResultsLog: Info C:\Program Files (x86)\Epic Games\4.10\Engine\Source\Runtime\Engine\Classes\GameFramework/Pawn.h(216): note: see declaration of 'APawn::TakeDamage'
[2016.02.17-00.14.28:068][ 88]CompilerResultsLog: Info C:\Program Files (x86)\Epic Games\4.10\Engine\Intermediate\Build\Win64\UE4Editor\Inc\Engine\CheatManager.generated.h(14): note: see declaration of 'APawn'
[2016.02.17-00.14.28:068][ 88]CompilerResultsLog:Error: Error f:\download\starwing\starwingururur\starfox\source\starfox\PawnWithCamera.h(47) : warning C4263: 'void APawnWithCamera::TakeDamage(void)': member function does not override any base class virtual member function
[2016.02.17-00.14.28:068][ 88]CompilerResultsLog:Error: Error f:\download\starwing\starwingururur\starfox\source\starfox\PawnWithCamera.h(115) : warning C4264: 'float APawn::TakeDamage(float,const FDamageEvent &,AController *,AActor *)': no override available for virtual member function from base 'APawn'; function is hidden
[2016.02.17-00.14.28:068][ 88]CompilerResultsLog: Info C:\Program Files (x86)\Epic Games\4.10\Engine\Source\Runtime\Engine\Classes\GameFramework/Pawn.h(216): note: see declaration of 'APawn::TakeDamage'
[2016.02.17-00.14.28:068][ 88]CompilerResultsLog: Info C:\Program Files (x86)\Epic Games\4.10\Engine\Intermediate\Build\Win64\UE4Editor\Inc\Engine\CheatManager.generated.h(14): note: see declaration of 'APawn'
[2016.02.17-00.14.28:068][ 88]CompilerResultsLog:Error: Error F:\Download\starwing\StarWingururur\StarFox\Source\StarFox\StarFoxGameMode.cpp(25) : error C3867: 'UWorld::GetMapName': non-standard syntax; use '&' to create a pointer to member
[2016.02.17-00.14.28:068][ 88]CompilerResultsLog:Error: Error F:\Download\starwing\StarWingururur\StarFox\Source\StarFox\StarFoxGameMode.cpp(25) : error C2678: binary '==': no operator found which takes a left-hand operand of type 'overloaded-function' (or there is no acceptable conversion)
[2016.02.17-00.14.28:068][ 88]CompilerResultsLog: Info C:\Program Files (x86)\Epic Games\4.10\Engine\Source\Runtime\Engine\Classes\Sound/DialogueWave.h(36): note: could be 'bool operator ==(const FDialogueContextMapping &,const FDialogueContextMapping &)'
[2016.02.17-00.14.28:068][ 88]CompilerResultsLog: Info C:\Program Files (x86)\Epic Games\4.10\Engine\Source\Runtime\Engine\Classes\Sound/DialogueTypes.h(56): note: or       'bool operator ==(const FDialogueContext &,const FDialogueContext &)'
[2016.02.17-00.14.28:068][ 88]CompilerResultsLog: Info C:\Program Files (x86)\Epic Games\4.10\Engine\Source\Runtime\Engine\Classes\Engine/StaticMesh.h(210): note: or       'bool operator ==(const FMeshSectionInfo &,const FMeshSectionInfo &)'
[2016.02.17-00.14.28:068][ 88]CompilerResultsLog: Info C:\Program Files (x86)\Epic Games\4.10\Engine\Source\Runtime\Engine\Classes\Engine/SkeletalMesh.h(521): note: or       'bool operator ==(const UMaterialInterface &,const FSkeletalMaterial &)'
[2016.02.17-00.14.28:068][ 88]CompilerResultsLog: Info C:\Program Files (x86)\Epic Games\4.10\Engine\Source\Runtime\Engine\Classes\Engine/SkeletalMesh.h(520): note: or       'bool operator ==(const FSkeletalMaterial &,const UMaterialInterface &)'
[2016.02.17-00.14.28:068][ 88]CompilerResultsLog: Info C:\Program Files (x86)\Epic Games\4.10\Engine\Source\Runtime\Engine\Classes\Engine/SkeletalMesh.h(519): note: or       'bool operator ==(const FSkeletalMaterial &,const FSkeletalMaterial &)'
[2016.02.17-00.14.28:068][ 88]CompilerResultsLog: Info c:\program files (x86)\epic games\4.10\engine\source\runtime\rhi\public\RHIResources.h(179): note: or       'bool operator ==(const FRHIUniformBufferLayout &,const FRHIUniformBufferLayout &)'
[2016.02.17-00.14.28:068][ 88]CompilerResultsLog: Info C:\Program Files (x86)\Windows Kits\8.1\include\shared\guiddef.h(192): note: or       'bool operator ==(const GUID &,const GUID &)'
[2016.02.17-00.14.28:068][ 88]CompilerResultsLog: Info C:\Program Files (x86)\Epic Games\4.10\Engine\Source\Runtime\Core\Public\Containers\UnrealString.h(1005): note: or       'bool operator ==(const FString &,const FString &)' [found using argument-dependent lookup]
[2016.02.17-00.14.28:068][ 88]CompilerResultsLog:Error: Error F:\Download\starwing\StarWingururur\StarFox\Source\StarFox\StarFoxGameMode.cpp(25) : note: while trying to match the argument list '(overloaded-function, FString)'
[2016.02.17-00.14.28:068][ 88]CompilerResultsLog: Info -------- End Detailed Actions Stats -----------------------------------------------------------
[2016.02.17-00.14.28:068][ 88]CompilerResultsLog: Info ERROR: UBT ERROR: Failed to produce item: F:\Download\starwing\StarWingururur\StarFox\Binaries\Win64\UE4Editor-StarFox-955.dll
[2016.02.17-00.14.28:068][ 88]CompilerResultsLog: Info Total build time: 9,81 seconds
[2016.02.17-00.14.28:068][ 88]LogMainFrame: MainFrame: Module compiling took 9.865 seconds
[2016.02.17-00.14.28:068][ 88]Warning: HotReload failed, recompile failed
[2016.02.17-00.17.45:022][151]Recompiling StarFox...
[2016.02.17-00.17.45:022][151]Launching UnrealBuildTool... [C:/Program Files (x86)/Epic Games/4.10/Engine/Binaries/DotNET/UnrealBuildTool.exe StarFox -ModuleWithSuffix StarFox 3207 Win64 Development -editorrecompile -canskiplink "F:/Download/starwing/StarWingururur/StarFox/StarFox.uproject" -rocket  -rocket -2015]
[2016.02.17-00.17.45:023][151]Warning: Starting HotReload took  0.0s.
[2016.02.17-00.17.49:075][536]CompilerResultsLog: New page: Compilation - Feb 17, 2016, 2:17:49 AM
[2016.02.17-00.17.49:075][536]CompilerResultsLog: Info Compiling game modules for hot reload
[2016.02.17-00.17.49:075][536]CompilerResultsLog: Info Performing 2 actions (4 in parallel)
[2016.02.17-00.17.49:075][536]CompilerResultsLog: Info StarFoxGameMode.cpp
[2016.02.17-00.17.49:075][536]CompilerResultsLog: Info [2/2] Link UE4Editor-StarFox-3207.dll
[2016.02.17-00.17.49:075][536]CompilerResultsLog: Info    Creating library F:\Download\starwing\StarWingururur\StarFox\Intermediate/Build/Win64\UE4Editor\Development\UE4Editor-StarFox-3207.lib and object F:\Download\starwing\StarWingururur\StarFox\Intermediate/Build/Win64\UE4Editor\Development\UE4Editor-StarFox-3207.exp
[2016.02.17-00.17.49:075][536]CompilerResultsLog: Info -------- End Detailed Actions Stats -----------------------------------------------------------
[2016.02.17-00.17.49:075][536]CompilerResultsLog: Info Total build time: 4,01 seconds
[2016.02.17-00.17.49:075][536]LogMainFrame: MainFrame: Module compiling took 4.060 seconds
[2016.02.17-00.17.49:106][536]LogContentBrowser: Native class hierarchy updated for 'StarFox' in 0.0012 seconds. Added 8 classes and 2 folders.
[2016.02.17-00.17.49:107][536]Warning: HotReload successful (7 functions remapped  0 scriptstructs remapped)
[2016.02.17-00.17.49:195][536]LogContentBrowser: Native class hierarchy populated in 0.0083 seconds. Added 1902 classes and 342 folders.
[2016.02.17-00.17.55:132][ 32]LogWindowsTextInputMethodSystem:Display: IME system now deactivated.
[2016.02.17-00.17.55:342][ 33]Cmd: QUIT_EDITOR
[2016.02.17-00.17.55:961][ 33]LogExit: Preparing to exit.
[2016.02.17-00.17.56:371][ 33]LogExit: Editor shut down
[2016.02.17-00.17.56:372][ 33]LogExit: Transaction tracking system shut down
[2016.02.17-00.17.56:373][ 33]LogParticles: Destroying 0 GPU particle simulations for FXSystem 0x0000028F51E08EA0
[2016.02.17-00.17.56:374][ 33]LogParticles: Destroying 0 GPU particle simulations for FXSystem 0x0000028F6B4F19E0
[2016.02.17-00.17.56:376][ 33]LogParticles: Destroying 0 GPU particle simulations for FXSystem 0x0000028F63CF3240
[2016.02.17-00.17.56:376][ 33]LogParticles: Destroying 0 GPU particle simulations for FXSystem 0x0000028F7956DA80
[2016.02.17-00.17.56:608][ 33]LogExit: Object subsystem successfully closed.
[2016.02.17-00.17.56:629][ 33]LogD3D11RHI: Shutdown
[2016.02.17-00.17.56:629][ 33]LogD3D11RHI: CleanupD3DDevice
[2016.02.17-00.17.56:680][ 33]LogD3D11RHI: ~FD3D11DynamicRHI
[2016.02.17-00.17.56:713][ 33]LogModuleManager: Shutting down and abandoning module StatsViewer (199)
[2016.02.17-00.17.56:714][ 33]LogModuleManager: Shutting down and abandoning module CrashTracker (198)
[2016.02.17-00.17.56:714][ 33]LogModuleManager: Shutting down and abandoning module SceneOutliner (197)
[2016.02.17-00.17.56:714][ 33]LogModuleManager: Shutting down and abandoning module SuperSearch (196)
[2016.02.17-00.17.56:714][ 33]LogModuleManager: Shutting down and abandoning module WidgetCarousel (195)
[2016.02.17-00.17.56:714][ 33]LogModuleManager: Shutting down and abandoning module AddContentDialog (194)
[2016.02.17-00.17.56:721][ 33]LogModuleManager: Shutting down and abandoning module EditorWidgets (193)
[2016.02.17-00.17.56:721][ 33]LogModuleManager: Shutting down and abandoning module CollectionManager (192)
[2016.02.17-00.17.56:721][ 33]LogModuleManager: Shutting down and abandoning module FoliageEdit (191)
[2016.02.17-00.17.56:723][ 33]LogModuleManager: Shutting down and abandoning module LandscapeEditor (190)
[2016.02.17-00.17.56:724][ 33]LogModuleManager: Shutting down and abandoning module ActorPickerMode (189)
[2016.02.17-00.17.56:724][ 33]LogModuleManager: Shutting down and abandoning module GeometryMode (188)
[2016.02.17-00.17.56:724][ 33]LogModuleManager: Shutting down and abandoning module TextureAlignMode (187)
[2016.02.17-00.17.56:724][ 33]LogModuleManager: Shutting down and abandoning module BspMode (186)
[2016.02.17-00.17.56:724][ 33]LogModuleManager: Shutting down and abandoning module PlacementMode (185)
[2016.02.17-00.17.56:724][ 33]LogModuleManager: Shutting down and abandoning module AutomationWorker (184)
[2016.02.17-00.17.56:724][ 33]LogModuleManager: Shutting down and abandoning module CharacterAI (183)
[2016.02.17-00.17.56:724][ 33]LogModuleManager: Shutting down and abandoning module SmartSnapping (182)
[2016.02.17-00.17.56:724][ 33]LogModuleManager: Shutting down and abandoning module ViewportSnapping (181)
[2016.02.17-00.17.56:724][ 33]LogModuleManager: Shutting down and abandoning module LogVisualizer (180)
[2016.02.17-00.17.56:725][ 33]LogModuleManager: Shutting down and abandoning module GameProjectGeneration (179)
[2016.02.17-00.17.56:725][ 33]LogModuleManager: Shutting down and abandoning module IntroTutorials (178)
[2016.02.17-00.17.56:726][ 33]LogModuleManager: Shutting down and abandoning module EditorLiveStreaming (177)
[2016.02.17-00.17.56:726][ 33]LogModuleManager: Shutting down and abandoning module IOSPlatformEditor (176)
[2016.02.17-00.17.56:727][ 33]LogModuleManager: Shutting down and abandoning module HTML5PlatformEditor (175)
[2016.02.17-00.17.56:727][ 33]LogModuleManager: Shutting down and abandoning module AndroidDeviceDetection (174)
[2016.02.17-00.17.57:247][ 33]LogModuleManager: Shutting down and abandoning module AndroidPlatformEditor (173)
[2016.02.17-00.17.57:247][ 33]LogModuleManager: Shutting down and abandoning module IOSRuntimeSettings (172)
[2016.02.17-00.17.57:247][ 33]LogModuleManager: Shutting down and abandoning module AndroidRuntimeSettings (171)
[2016.02.17-00.17.57:247][ 33]LogModuleManager: Shutting down and abandoning module MergeActors (170)
[2016.02.17-00.17.57:250][ 33]LogModuleManager: Shutting down and abandoning module SizeMap (169)
[2016.02.17-00.17.57:250][ 33]LogModuleManager: Shutting down and abandoning module TreeMap (168)
[2016.02.17-00.17.57:251][ 33]LogModuleManager: Shutting down and abandoning module ReferenceViewer (167)
[2016.02.17-00.17.57:251][ 33]LogModuleManager: Shutting down and abandoning module LocalizationService (166)
[2016.02.17-00.17.57:251][ 33]LogModuleManager: Shutting down and abandoning module LocalizationDashboard (165)
[2016.02.17-00.17.57:252][ 33]LogModuleManager: Shutting down and abandoning module HardwareTargeting (164)
[2016.02.17-00.17.57:253][ 33]LogModuleManager: Shutting down and abandoning module DeviceProfileEditor (163)
[2016.02.17-00.17.57:253][ 33]LogModuleManager: Shutting down and abandoning module UndoHistory (162)
[2016.02.17-00.17.57:253][ 33]LogModuleManager: Shutting down and abandoning module GameplayTagsEditor (161)
[2016.02.17-00.17.57:254][ 33]LogModuleManager: Shutting down and abandoning module UserFeedback (160)
[2016.02.17-00.17.57:254][ 33]LogModuleManager: Shutting down and abandoning module XmlParser (159)
[2016.02.17-00.17.57:254][ 33]LogModuleManager: Shutting down and abandoning module Blutility (158)
[2016.02.17-00.17.57:254][ 33]LogModuleManager: Shutting down and abandoning module ProjectTargetPlatformEditor (157)
[2016.02.17-00.17.57:254][ 33]LogModuleManager: Shutting down and abandoning module ProjectSettingsViewer (156)
[2016.02.17-00.17.57:254][ 33]LogModuleManager: Shutting down and abandoning module InputBindingEditor (155)
[2016.02.17-00.17.57:255][ 33]LogModuleManager: Shutting down and abandoning module EditorSettingsViewer (154)
[2016.02.17-00.17.57:255][ 33]LogModuleManager: Shutting down and abandoning module SettingsEditor (153)
[2016.02.17-00.17.57:256][ 33]LogModuleManager: Shutting down and abandoning module ProjectLauncher (152)
[2016.02.17-00.17.57:257][ 33]LogModuleManager: Shutting down and abandoning module SessionFrontend (151)
[2016.02.17-00.17.57:257][ 33]LogModuleManager: Shutting down and abandoning module ProfilerClient (150)
[2016.02.17-00.17.57:258][ 33]LogModuleManager: Shutting down and abandoning module TargetDeviceServices (149)
[2016.02.17-00.17.57:258][ 33]LogModuleManager: Shutting down and abandoning module DeviceManager (148)
[2016.02.17-00.17.57:259][ 33]LogModuleManager: Shutting down and abandoning module AutomationController (147)
[2016.02.17-00.17.57:259][ 33]LogModuleManager: Shutting down and abandoning module AutomationWindow (146)
[2016.02.17-00.17.57:259][ 33]LogModuleManager: Shutting down and abandoning module Layers (145)
[2016.02.17-00.17.57:262][ 33]LogModuleManager: Shutting down and abandoning module ComponentVisualizers (144)
[2016.02.17-00.17.57:262][ 33]LogModuleManager: Shutting down and abandoning module DetailCustomizations (143)
[2016.02.17-00.17.57:263][ 33]LogModuleManager: Shutting down and abandoning module PackagesDialog (142)
[2016.02.17-00.17.57:263][ 33]LogModuleManager: Shutting down and abandoning module Persona (141)
[2016.02.17-00.17.57:265][ 33]LogModuleManager: Shutting down and abandoning module Kismet (140)
[2016.02.17-00.17.57:265][ 33]LogModuleManager: Shutting down and abandoning module GraphEditor (139)
[2016.02.17-00.17.57:267][ 33]LogModuleManager: Shutting down and abandoning module ClassViewer (138)
[2016.02.17-00.17.57:267][ 33]LogModuleManager: Shutting down and abandoning module Toolbox (137)
[2016.02.17-00.17.57:268][ 33]LogModuleManager: Shutting down and abandoning module ModuleUI (136)
[2016.02.17-00.17.57:268][ 33]LogModuleManager: Shutting down and abandoning module MovieSceneTools (135)
[2016.02.17-00.17.57:269][ 33]LogModuleManager: Shutting down and abandoning module OutputLog (134)
[2016.02.17-00.17.57:269][ 33]LogModuleManager: Shutting down and abandoning module GammaUI (133)
[2016.02.17-00.17.57:269][ 33]LogModuleManager: Shutting down and abandoning module Documentation (132)
[2016.02.17-00.17.57:269][ 33]LogModuleManager: Shutting down and abandoning module GameLiveStreaming (131)
[2016.02.17-00.17.57:269][ 33]LogModuleManager: Shutting down and abandoning module StreamingPauseRendering (130)
[2016.02.17-00.17.57:269][ 33]LogModuleManager: Shutting down and abandoning module AnalyticsET (129)
[2016.02.17-00.17.57:269][ 33]LogModuleManager: Shutting down and abandoning module Analytics (128)
[2016.02.17-00.17.57:269][ 33]LogModuleManager: Shutting down and abandoning module AITestSuite (127)
[2016.02.17-00.17.57:269][ 33]LogModuleManager: Shutting down and abandoning module GameplayDebugger (126)
[2016.02.17-00.17.57:269][ 33]LogModuleManager: Shutting down and abandoning module AIModule (125)
[2016.02.17-00.17.57:269][ 33]LogModuleManager: Shutting down and abandoning module ProfilerService (124)
[2016.02.17-00.17.57:363][ 33]LogModuleManager: Shutting down and abandoning module TaskGraph (123)
[2016.02.17-00.17.57:364][ 33]LogModuleManager: Shutting down and abandoning module SlateRemote (122)
[2016.02.17-00.17.57:364][ 33]LogModuleManager: Shutting down and abandoning module SteamVRController (121)
[2016.02.17-00.17.57:364][ 33]LogModuleManager: Shutting down and abandoning module SteamVR (120)
[2016.02.17-00.17.57:364][ 33]LogModuleManager: Shutting down and abandoning module ProceduralMeshComponent (119)
[2016.02.17-00.17.57:364][ 33]LogModuleManager: Shutting down and abandoning module OculusLibrary (118)
[2016.02.17-00.17.57:364][ 33]LogModuleManager: Shutting down and abandoning module OculusInput (117)
[2016.02.17-00.17.57:364][ 33]LogModuleManager: Shutting down and abandoning module LeapMotionController (116)
[2016.02.17-00.17.57:380][ 33]LogModuleManager: Shutting down and abandoning module CustomMeshComponent (115)
[2016.02.17-00.17.57:380][ 33]LogModuleManager: Shutting down and abandoning module CableComponent (114)
[2016.02.17-00.17.57:380][ 33]LogModuleManager: Shutting down and abandoning module ArchVisCharacter (113)
[2016.02.17-00.17.57:380][ 33]LogModuleManager: Shutting down and abandoning module MessagingDebugger (112)
[2016.02.17-00.17.57:382][ 33]LogModuleManager: Shutting down and abandoning module MediaPlayerEditor (111)
[2016.02.17-00.17.57:383][ 33]LogModuleManager: Shutting down and abandoning module HTML5Networking (110)
[2016.02.17-00.17.57:383][ 33]LogModuleManager: Shutting down and abandoning module SpeedTreeImporter (109)
[2016.02.17-00.17.57:383][ 33]LogModuleManager: Shutting down and abandoning module PluginBrowser (108)
[2016.02.17-00.17.57:384][ 33]LogModuleManager: Shutting down and abandoning module EpicSurvey (107)
[2016.02.17-00.17.57:384][ 33]LogModuleManager: Shutting down and abandoning module DesktopPlatform (106)
[2016.02.17-00.17.57:384][ 33]LogModuleManager: Shutting down and abandoning module VisualStudioSourceCodeAccess (105)
[2016.02.17-00.17.57:384][ 33]LogModuleManager: Shutting down and abandoning module UObjectPlugin (104)
[2016.02.17-00.17.57:384][ 33]LogModuleManager: Shutting down and abandoning module SubversionSourceControl (103)
[2016.02.17-00.17.57:385][ 33]LogModuleManager: Shutting down and abandoning module PerforceSourceControl (102)
[2016.02.17-00.17.57:386][ 33]LogModuleManager: Shutting down and abandoning module SourceControl (101)
[2016.02.17-00.17.57:387][ 33]LogModuleManager: Shutting down and abandoning module GitSourceControl (100)
[2016.02.17-00.17.57:387][ 33]LogModuleManager: Shutting down and abandoning module LightPropagationVolumeEditor (99)
[2016.02.17-00.17.57:387][ 33]LogModuleManager: Shutting down and abandoning module PaperTiledImporter (98)
[2016.02.17-00.17.57:388][ 33]LogModuleManager: Shutting down and abandoning module PaperSpriteSheetImporter (97)
[2016.02.17-00.17.57:388][ 33]LogModuleManager: Shutting down and abandoning module MeshPaint (96)
[2016.02.17-00.17.57:388][ 33]LogModuleManager: Shutting down and abandoning module SlateReflector (95)
[2016.02.17-00.17.57:389][ 33]LogModuleManager: Shutting down and abandoning module HotReload (94)
[2016.02.17-00.17.57:389][ 33]LogModuleManager: Shutting down and abandoning module MainFrame (93)
[2016.02.17-00.17.57:389][ 33]LogModuleManager: Shutting down and abandoning module LevelEditor (92)
[2016.02.17-00.17.57:390][ 33]LogModuleManager: Shutting down and abandoning module DirectoryWatcher (91)
[2016.02.17-00.17.57:395][ 33]LogModuleManager: Shutting down and abandoning module AssetRegistry (90)
[2016.02.17-00.17.57:452][ 33]LogModuleManager: Shutting down and abandoning module ContentBrowser (89)
[2016.02.17-00.17.57:454][ 33]LogModuleManager: Shutting down and abandoning module Paper2DEditor (88)
[2016.02.17-00.17.57:455][ 33]LogModuleManager: Shutting down and abandoning module StarFox (87)
[2016.02.17-00.17.57:455][ 33]LogModuleManager: Shutting down and abandoning module UdpMessaging (86)
[2016.02.17-00.17.57:555][ 33]LogModuleManager: Shutting down and abandoning module LightPropagationVolumeRuntime (85)
[2016.02.17-00.17.57:555][ 33]LogModuleManager: Shutting down and abandoning module Paper2D (84)
[2016.02.17-00.17.57:557][ 33]LogModuleManager: Shutting down and abandoning module WindowsMoviePlayer (83)
[2016.02.17-00.17.57:561][ 33]LogModuleManager: Shutting down and abandoning module Media (82)
[2016.02.17-00.17.57:561][ 33]LogModuleManager: Shutting down and abandoning module WmfMedia (81)
[2016.02.17-00.17.57:562][ 33]LogModuleManager: Shutting down and abandoning module OnlineBlueprintSupport (80)
[2016.02.17-00.17.57:562][ 33]LogModuleManager: Shutting down and abandoning module GameplayTasksEditor (79)
[2016.02.17-00.17.57:562][ 33]LogModuleManager: Shutting down and abandoning module PropertyEditor (78)
[2016.02.17-00.17.57:563][ 33]LogModuleManager: Shutting down and abandoning module BehaviorTreeEditor (77)
[2016.02.17-00.17.57:564][ 33]LogModuleManager: Shutting down and abandoning module FunctionalTesting (76)
[2016.02.17-00.17.57:564][ 33]LogModuleManager: Shutting down and abandoning module CollisionAnalyzer (75)
[2016.02.17-00.17.57:564][ 33]LogModuleManager: Shutting down and abandoning module WorkspaceMenuStructure (74)
[2016.02.17-00.17.57:564][ 33]LogModuleManager: Shutting down and abandoning module MessageLog (73)
[2016.02.17-00.17.57:564][ 33]LogModuleManager: Shutting down and abandoning module Sequencer (72)
[2016.02.17-00.17.57:566][ 33]LogModuleManager: Shutting down and abandoning module AssetTools (71)
[2016.02.17-00.17.57:568][ 33]LogModuleManager: Shutting down and abandoning module UMGEditor (70)
[2016.02.17-00.17.57:569][ 33]LogModuleManager: Shutting down and abandoning module UMG (69)
[2016.02.17-00.17.57:569][ 33]LogModuleManager: Shutting down and abandoning module Slate (68)
[2016.02.17-00.17.57:569][ 33]LogModuleManager: Shutting down and abandoning module EditorStyle (67)
[2016.02.17-00.17.57:571][ 33]LogModuleManager: Shutting down and abandoning module SessionServices (66)
[2016.02.17-00.17.57:571][ 33]LogModuleManager: Shutting down and abandoning module SourceCodeAccess (65)
[2016.02.17-00.17.57:571][ 33]LogModuleManager: Shutting down and abandoning module HeadMountedDisplay (64)
[2016.02.17-00.17.57:571][ 33]LogModuleManager: Shutting down and abandoning module XAudio2 (63)
[2016.02.17-00.17.57:571][ 33]LogModuleManager: Shutting down and abandoning module Networking (61)
[2016.02.17-00.17.57:571][ 33]LogModuleManager: Shutting down and abandoning module Core (60)
[2016.02.17-00.17.57:571][ 33]LogModuleManager: Shutting down and abandoning module KismetCompiler (59)
[2016.02.17-00.17.57:571][ 33]LogModuleManager: Shutting down and abandoning module PhysXFormats (58)
[2016.02.17-00.17.57:571][ 33]LogModuleManager: Shutting down and abandoning module MeshUtilities (57)
[2016.02.17-00.17.57:572][ 33]LogModuleManager: Shutting down and abandoning module DerivedDataCache (56)
[2016.02.17-00.17.57:581][ 33]LogDerivedDataCache: Shutdown
[2016.02.17-00.17.57:581][ 33]LogModuleManager: Shutting down and abandoning module ShaderFormatOpenGL (55)
[2016.02.17-00.17.57:581][ 33]LogModuleManager: Shutting down and abandoning module ShaderFormatD3D (54)
[2016.02.17-00.17.57:581][ 33]LogModuleManager: Shutting down and abandoning module MetalShaderFormat (53)
[2016.02.17-00.17.57:581][ 33]LogModuleManager: Shutting down and abandoning module TextureFormatUncompressed (52)
[2016.02.17-00.17.57:581][ 33]LogModuleManager: Shutting down and abandoning module TextureFormatPVR (51)
[2016.02.17-00.17.57:581][ 33]LogModuleManager: Shutting down and abandoning module TextureFormatIntelISPCTexComp (50)
[2016.02.17-00.17.57:582][ 33]LogModuleManager: Shutting down and abandoning module TextureFormatDXT (49)
[2016.02.17-00.17.57:582][ 33]LogModuleManager: Shutting down and abandoning module ImageWrapper (48)
[2016.02.17-00.17.57:582][ 33]LogModuleManager: Shutting down and abandoning module TextureFormatASTC (47)
[2016.02.17-00.17.57:582][ 33]LogModuleManager: Shutting down and abandoning module TextureFormatAndroid (46)
[2016.02.17-00.17.57:582][ 33]LogModuleManager: Shutting down and abandoning module AudioFormatOpus (45)
[2016.02.17-00.17.57:582][ 33]LogModuleManager: Shutting down and abandoning module AudioFormatOgg (44)
[2016.02.17-00.17.57:582][ 33]LogModuleManager: Shutting down and abandoning module AudioFormatADPCM (43)
[2016.02.17-00.17.57:582][ 33]LogModuleManager: Shutting down and abandoning module LinuxTargetPlatform (42)
[2016.02.17-00.17.57:582][ 33]LogModuleManager: Shutting down and abandoning module LinuxServerTargetPlatform (41)
[2016.02.17-00.17.57:582][ 33]LogModuleManager: Shutting down and abandoning module LinuxNoEditorTargetPlatform (40)
[2016.02.17-00.17.57:582][ 33]LogModuleManager: Shutting down and abandoning module Messaging (39)
[2016.02.17-00.17.57:582][ 33]LogModuleManager: Shutting down and abandoning module IOSTargetPlatform (38)
[2016.02.17-00.17.57:582][ 33]LogModuleManager: Shutting down and abandoning module HTML5TargetPlatform (37)
[2016.02.17-00.17.57:582][ 33]LogModuleManager: Shutting down and abandoning module Android_PVRTCTargetPlatform (36)
[2016.02.17-00.17.57:582][ 33]LogModuleManager: Shutting down and abandoning module Android_MultiTargetPlatform (35)
[2016.02.17-00.17.57:582][ 33]LogModuleManager: Shutting down and abandoning module Android_ETC2TargetPlatform (34)
[2016.02.17-00.17.57:582][ 33]LogModuleManager: Shutting down and abandoning module Android_ETC1TargetPlatform (33)
[2016.02.17-00.17.57:582][ 33]LogModuleManager: Shutting down and abandoning module Android_DXTTargetPlatform (32)
[2016.02.17-00.17.57:582][ 33]LogModuleManager: Shutting down and abandoning module Android_ATCTargetPlatform (31)
[2016.02.17-00.17.57:582][ 33]LogModuleManager: Shutting down and abandoning module Android_ASTCTargetPlatform (30)
[2016.02.17-00.17.57:582][ 33]LogModuleManager: Shutting down and abandoning module AndroidTargetPlatform (29)
[2016.02.17-00.17.57:582][ 33]LogModuleManager: Shutting down and abandoning module WindowsTargetPlatform (28)
[2016.02.17-00.17.57:583][ 33]LogModuleManager: Shutting down and abandoning module WindowsServerTargetPlatform (27)
[2016.02.17-00.17.57:583][ 33]LogModuleManager: Shutting down and abandoning module WindowsNoEditorTargetPlatform (26)
[2016.02.17-00.17.57:583][ 33]LogModuleManager: Shutting down and abandoning module WindowsClientTargetPlatform (25)
[2016.02.17-00.17.57:583][ 33]LogModuleManager: Shutting down and abandoning module AllDesktopTargetPlatform (24)
[2016.02.17-00.17.57:583][ 33]LogModuleManager: Shutting down and abandoning module TargetPlatform (23)
[2016.02.17-00.17.57:583][ 33]LogModuleManager: Shutting down and abandoning module InputCore (22)
[2016.02.17-00.17.57:583][ 33]LogModuleManager: Shutting down and abandoning module Settings (21)
[2016.02.17-00.17.57:583][ 33]LogModuleManager: Shutting down and abandoning module OnlineSubsystem (19)
[2016.02.17-00.17.57:583][ 33]LogModuleManager: Shutting down and abandoning module HTTP (18)
[2016.02.17-00.17.59:585][ 33]LogModuleManager: Shutting down and abandoning module XMPP (17)
[2016.02.17-00.17.59:585][ 33]LogModuleManager: Shutting down and abandoning module OculusRift (16)
[2016.02.17-00.17.59:587][ 33]LogModuleManager: Shutting down and abandoning module ExampleDeviceProfileSelector (15)
[2016.02.17-00.17.59:587][ 33]LogModuleManager: Shutting down and abandoning module TextureCompressor (14)
[2016.02.17-00.17.59:588][ 33]LogModuleManager: Shutting down and abandoning module ShaderCore (13)
[2016.02.17-00.17.59:588][ 33]LogModuleManager: Shutting down and abandoning module Landscape (12)
[2016.02.17-00.17.59:588][ 33]LogModuleManager: Shutting down and abandoning module SlateRHIRenderer (11)
[2016.02.17-00.17.59:591][ 33]LogModuleManager: Shutting down and abandoning module OpenGLDrv (10)
[2016.02.17-00.17.59:591][ 33]LogModuleManager: Shutting down and abandoning module D3D11RHI (9)
[2016.02.17-00.17.59:591][ 33]LogModuleManager: Shutting down and abandoning module AnimGraphRuntime (8)
[2016.02.17-00.17.59:591][ 33]LogModuleManager: Shutting down and abandoning module Renderer (7)
[2016.02.17-00.17.59:591][ 33]LogModuleManager: Shutting down and abandoning module Engine (6)
[2016.02.17-00.17.59:591][ 33]LogModuleManager: Shutting down and abandoning module CoreUObject (5)
[2016.02.17-00.17.59:591][ 33]LogModuleManager: Shutting down and abandoning module NetworkFile (4)
[2016.02.17-00.17.59:592][ 33]LogModuleManager: Shutting down and abandoning module StreamingFile (3)
[2016.02.17-00.17.59:592][ 33]LogModuleManager: Shutting down and abandoning module SandboxFile (2)
[2016.02.17-00.17.59:592][ 33]LogModuleManager: Shutting down and abandoning module PakFile (1)
[2016.02.17-00.17.59:594][ 33]LogExit: Exiting.
[2016.02.17-00.17.59:597][ 33]Log file closed, 02/17/16 01:17:59
