[2016.02.15-12.27.45:029][  0]Log file open, 02/15/16 13:27:45
[2016.02.15-12.27.45:029][  0]LogInit:Display: Running engine for game: StarFox
[2016.02.15-12.27.45:029][  0]LogInit:Display: RandInit(599192115) SRandInit(599192116).
[2016.02.15-12.27.45:029][  0]LogTaskGraph: Started task graph with 4 named threads and 7 total threads.
[2016.02.15-12.27.45:029][  0]LogStats: Stats thread started at 0.103176
[2016.02.15-12.27.45:029][  0]LogInit: Version: 4.9.2-2707645+++depot+UE4-Releases+4.9
[2016.02.15-12.27.45:029][  0]LogInit: API Version: 2672455
[2016.02.15-12.27.45:029][  0]LogInit: Compiled (64-bit): Sep 28 2015 10:25:44
[2016.02.15-12.27.45:029][  0]LogInit: Compiled with Visual C++: 18.00.21005.01
[2016.02.15-12.27.45:029][  0]LogInit: Build Configuration: Development
[2016.02.15-12.27.45:029][  0]LogInit: Branch Name: ++depot+UE4-Releases+4.9
[2016.02.15-12.27.45:029][  0]LogInit: Command line:  
[2016.02.15-12.27.45:029][  0]LogInit: Base directory: C:/Program Files/Epic Games/4.9/Engine/Binaries/Win64/
[2016.02.15-12.27.45:029][  0]LogInit: Rocket: 1
[2016.02.15-12.27.45:049][  0]LogInit: Using libcurl 7.41.0
[2016.02.15-12.27.45:049][  0]LogInit:  - built for x86_64-pc-win32
[2016.02.15-12.27.45:049][  0]LogInit:  - supports SSL with WinSSL
[2016.02.15-12.27.45:049][  0]LogInit:  - other features:
[2016.02.15-12.27.45:049][  0]LogInit:      CURL_VERSION_SSL
[2016.02.15-12.27.45:049][  0]LogInit:      CURL_VERSION_IPV6
[2016.02.15-12.27.45:049][  0]LogInit:      CURL_VERSION_ASYNCHDNS
[2016.02.15-12.27.45:049][  0]LogInit:      CURL_VERSION_LARGEFILE
[2016.02.15-12.27.45:049][  0]LogInit:      CURL_VERSION_IDN
[2016.02.15-12.27.45:049][  0]LogInit:  CurlRequestOptions (configurable via config and command line):
[2016.02.15-12.27.45:049][  0]LogInit:  - bVerifyPeer = true  - Libcurl will verify peer certificate
[2016.02.15-12.27.45:049][  0]LogInit:  - bUseHttpProxy = false  - Libcurl will NOT use HTTP proxy
[2016.02.15-12.27.45:049][  0]LogInit:  - bDontReuseConnections = false  - Libcurl will reuse connections
[2016.02.15-12.27.45:049][  0]LogInit:  - CertBundlePath = nullptr  - Libcurl will use whatever was configured at build time.
[2016.02.15-12.27.45:080][  0]LogInit: Presizing for 0 objects not considered by GC, pre-allocating 0 bytes.
[2016.02.15-12.27.45:087][  0]LogInit: Object subsystem initialized
[2016.02.15-12.27.45:088][  0]LogInit: Selected Device Profile: [Windows]
[2016.02.15-12.27.45:088][  0]LogInit: Applying CVar settings loaded from the selected device profile: [Windows]
[2016.02.15-12.27.45:095][  0]LogInit: Computer: FIDUS
[2016.02.15-12.27.45:095][  0]LogInit: User: Niclas
[2016.02.15-12.27.45:095][  0]LogInit: CPU Page size=4096, Cores=4
[2016.02.15-12.27.45:095][  0]LogInit: High frequency timer resolution =3.386484 MHz
[2016.02.15-12.27.45:095][  0]LogMemory: Memory total: Physical=15.9GB (16GB approx)
[2016.02.15-12.27.45:095][  0]LogMemory: Platform Memory Stats for Windows
[2016.02.15-12.27.45:095][  0]LogMemory: Process Physical Memory: 54.25 MB used, 54.25 MB peak
[2016.02.15-12.27.45:095][  0]LogMemory: Process Virtual Memory: 58.14 MB used, 58.14 MB peak
[2016.02.15-12.27.45:095][  0]LogMemory: Physical Memory: 3085.17 MB used, 16332.28 MB total
[2016.02.15-12.27.45:095][  0]LogMemory: Virtual Memory: 372.15 MB used, 134217728.00 MB total
[2016.02.15-12.27.45:237][  0]LogTextLocalizationManager: No translations for ('sv-SE') exist, falling back to 'en' for localization and internationalization data.
[2016.02.15-12.27.45:967][  0]LogD3D11RHI: Found D3D11 adapter 0: AMD Radeon HD 7800 Series (Feature Level 11_0)
[2016.02.15-12.27.45:967][  0]LogD3D11RHI: Adapter has 2030MB of dedicated video memory, 0MB of dedicated system memory, and 8166MB of shared system memory, 1 output[s]
[2016.02.15-12.27.45:969][  0]LogD3D11RHI: Found D3D11 adapter 1: Microsoft Basic Render Driver (Feature Level 11_0)
[2016.02.15-12.27.45:969][  0]LogD3D11RHI: Adapter has 0MB of dedicated video memory, 0MB of dedicated system memory, and 8166MB of shared system memory, 0 output[s]
[2016.02.15-12.27.45:969][  0]LogD3D11RHI: Chosen D3D11 Adapter Id = 0
[2016.02.15-12.27.45:971][  0]LogD3D11RHI: !Direct3DDevice
[2016.02.15-12.27.45:971][  0]LogRHI: Texture pool is 1361 MB (70% of 1945 MB)
[2016.02.15-12.27.45:976][  0]LogD3D11RHI: Async texture creation disabled: no driver support
[2016.02.15-12.27.45:986][  0]LogShaderCompilers: Guid format shader working directory is 15 characters bigger than the processId version (../../../../../../Users/Niclas/Documents/GitHub/StarWingururur/StarFox/Intermediate/Shaders/WorkingDirectory/5200/).
[2016.02.15-12.27.45:987][  0]LogShaderCompilers: Cleaned the shader compiler working directory '../../../../../../Users/Niclas/Documents/GitHub/StarWingururur/StarFox/Intermediate/Shaders/tmp/0CEFD26D438FA3E92B1904BB95DABDDB/'.
[2016.02.15-12.27.45:987][  0]LogShaderCompilers:Display: Using Local Shader Compiler.
[2016.02.15-12.27.47:021][  0]LogTemp:Display: Loaded TP AllDesktopTargetPlatform
[2016.02.15-12.27.47:026][  0]LogTemp:Display: Loaded TP WindowsClientTargetPlatform
[2016.02.15-12.27.47:031][  0]LogTemp:Display: Loaded TP WindowsNoEditorTargetPlatform
[2016.02.15-12.27.47:043][  0]LogTemp:Display: Loaded TP WindowsServerTargetPlatform
[2016.02.15-12.27.47:055][  0]LogTemp:Display: Loaded TP WindowsTargetPlatform
[2016.02.15-12.27.47:066][  0]LogTemp:Display: Loaded TP AndroidTargetPlatform
[2016.02.15-12.27.47:078][  0]LogTemp:Display: Loaded TP Android_ASTCTargetPlatform
[2016.02.15-12.27.47:088][  0]LogTemp:Display: Loaded TP Android_ATCTargetPlatform
[2016.02.15-12.27.47:098][  0]LogTemp:Display: Loaded TP Android_DXTTargetPlatform
[2016.02.15-12.27.47:108][  0]LogTemp:Display: Loaded TP Android_ETC1TargetPlatform
[2016.02.15-12.27.47:118][  0]LogTemp:Display: Loaded TP Android_ETC2TargetPlatform
[2016.02.15-12.27.47:129][  0]LogTemp:Display: Loaded TP Android_PVRTCTargetPlatform
[2016.02.15-12.27.47:136][  0]LogTemp:Display: Loaded TP HTML5TargetPlatform
[2016.02.15-12.27.47:175][  0]LogTemp:Display: Loaded TP IOSTargetPlatform
[2016.02.15-12.27.47:184][  0]LogTemp:Display: Loaded TP LinuxNoEditorTargetPlatform
[2016.02.15-12.27.47:194][  0]LogTemp:Display: Loaded TP LinuxServerTargetPlatform
[2016.02.15-12.27.47:206][  0]LogTemp:Display: Loaded TP LinuxTargetPlatform
[2016.02.15-12.27.47:206][  0]LogTargetPlatformManager:Display: Building Assets For Windows
[2016.02.15-12.27.47:456][  0]LogDerivedDataCache:Display: Max Cache Size: 512 MB
[2016.02.15-12.27.47:490][  0]LogDerivedDataCache: Loaded boot cache 0.03s 41MB C:/Users/Niclas/AppData/Local/UnrealEngine/4.9/DerivedDataCache/Boot.ddc.
[2016.02.15-12.27.47:491][  0]LogDerivedDataCache:Display: Loaded Boot cache: C:/Users/Niclas/AppData/Local/UnrealEngine/4.9/DerivedDataCache/Boot.ddc
[2016.02.15-12.27.47:491][  0]LogDerivedDataCache: FDerivedDataBackendGraph:  Pak pak cache file ../../../../../../Users/Niclas/Documents/GitHub/StarWingururur/StarFox/DerivedDataCache/DDC.ddp not found, will not use a pak cache.
[2016.02.15-12.27.47:491][  0]LogDerivedDataCache: Unable to find inner node Pak for hierarchical cache Hierarchy.
[2016.02.15-12.27.47:491][  0]LogDerivedDataCache: FDerivedDataBackendGraph:  CompressedPak pak cache file ../../../../../../Users/Niclas/Documents/GitHub/StarWingururur/StarFox/DerivedDataCache/Compressed.ddp not found, will not use a pak cache.
[2016.02.15-12.27.47:491][  0]LogDerivedDataCache: Unable to find inner node CompressedPak for hierarchical cache Hierarchy.
[2016.02.15-12.27.47:614][  0]LogDerivedDataCache:Display: Pak cache opened for reading ../../../Engine/DerivedDataCache/Compressed.ddp.
[2016.02.15-12.27.47:626][  0]LogDerivedDataCache: Using Local data cache path C:/Users/Niclas/AppData/Local/UnrealEngine/Common/DerivedDataCache: Writable
[2016.02.15-12.27.47:825][  0]LogInit: Selected Device Profile: [Windows]
[2016.02.15-12.27.47:827][  0]LogContentStreaming: Texture pool size is 0.000000MB
[2016.02.15-12.27.47:947][  0]LogMeshUtilities: No automatic mesh reduction module available
[2016.02.15-12.27.47:947][  0]LogMeshUtilities: No automatic mesh merging module available
[2016.02.15-12.27.48:187][  0]LogInit: WinSock: version 1.1 (2.2), MaxSocks=32767, MaxUdp=65467
[2016.02.15-12.27.49:128][  0]UdpMessaging: Initializing bridge on interface 0.0.0.0:0 to multicast group 230.0.0.1:6666.
[2016.02.15-12.27.49:350][  0]LogAssetRegistry: FAssetRegistry took 0.0104 seconds to start up
[2016.02.15-12.27.49:633][  0]SourceControl: Info Source control is disabled
[2016.02.15-12.27.49:633][  0]SourceControl: Info Source control is disabled
[2016.02.15-12.27.49:683][  0]SourceControl: Info Source control is disabled
[2016.02.15-12.27.49:710][  0]SourceControl: Info Source control is disabled
[2016.02.15-12.27.50:001][  0]LogLinker:Warning: Asset '../../../Engine/Plugins/Runtime/LeapMotionController/Content/LM_PassthroughMaterial.uasset' has been saved with empty engine version. The asset will be loaded but may be incompatible.
[2016.02.15-12.27.50:167][  0]LogObj: 28417 objects as part of root set at end of initial load.
[2016.02.15-12.27.50:167][  0]LogUObjectAllocator: 6063960 out of 0 bytes used by permanent object pool.
[2016.02.15-12.27.50:242][  0]LogEngine: Initializing Engine...
[2016.02.15-12.27.50:244][  0]LogHMD: Can't find Oculus library dev build: is proper Runtime installed? Version: 0.7.0.0
[2016.02.15-12.27.50:251][  0]LogHMD: SteamVR failed to initialize.  Err: 110
[2016.02.15-12.27.50:363][  0]LogAIModule: Creating AISystem for world NewWorld
[2016.02.15-12.27.50:376][  0]LogInit: XAudio2 using '1 - BenQ GW2750H (AMD High Definition Audio Device)' : 2 channels at 48 kHz using 16 bits per sample (channel mask 0x3)
[2016.02.15-12.27.50:391][  0]LogInit: FAudioDevice initialized.
[2016.02.15-12.27.50:410][  0]LogDerivedDataCache: Saved boot cache 0.02s 41MB C:/Users/Niclas/AppData/Local/UnrealEngine/4.9/DerivedDataCache/Boot.ddc.
[2016.02.15-12.27.50:413][  0]LogInit: Texture streaming: Enabled
[2016.02.15-12.27.50:437][  0]LogAnalytics: Creating configured Analytics provider AnalyticsET
[2016.02.15-12.27.50:437][  0]LogAnalytics: [UEEditor.Rocket.Release] APIServer = http://et2.epicgames.com/ET2/. AppVersion = 4.9.2-2707645+++depot+UE4-Releases+4.9
[2016.02.15-12.27.50:437][  0]LogAnalytics: [UEEditor.Rocket.Release] SetUserId 8d5f2d8b4e520712a8f1e688fed765ab|99f216c1865e471987722078da7bde5f|50f43dcd-c54f-4aa6-a5c1-e948023fc359
[2016.02.15-12.27.50:437][  0]LogAnalytics: [UEEditor.Rocket.Release] AnalyticsET::StartSession
[2016.02.15-12.27.50:451][  0]LogWindowsTextInputMethodSystem:Display: IME system now deactivated.
[2016.02.15-12.27.50:490][  0]LogInit: Transaction tracking system initialized
[2016.02.15-12.27.50:572][  0]BlueprintLog: New page: Editor Load
[2016.02.15-12.27.50:883][  0]LocalizationService: Info Localization service is disabled
[2016.02.15-12.27.51:066][  0]LogConsoleResponse:Display: 
[2016.02.15-12.27.51:175][  0]LogCook:Display: Done creating registry. It took  0.00s.
[2016.02.15-12.27.51:309][  0]LogFileCache: Scanning file cache for directory 'C:/Users/Niclas/Documents/GitHub/StarWingururur/StarFox/Content/' took 0.01s
[2016.02.15-12.27.51:325][  0]SourceControl: Info Source control is disabled
[2016.02.15-12.27.51:325][  0]Cmd: MAP LOAD FILE="../../../../../../Users/Niclas/Documents/GitHub/StarWingururur/StarFox/Content/StarterContent/Maps/Minimal_Default.umap" TEMPLATE=0 SHOWPROGRESS=1 FEATURELEVEL=3
[2016.02.15-12.27.51:325][  0]LightingResults: New page: Lighting Build
[2016.02.15-12.27.51:328][  0]MapCheck: New page: Map Check
[2016.02.15-12.27.51:328][  0]LightingResults: New page: Lighting Build
[2016.02.15-12.27.51:336][  0]LogParticles: Destroying 0 GPU particle simulations for FXSystem 0x0000024E81BD6AC0
[2016.02.15-12.27.51:782][  0]LogAIModule: Creating AISystem for world Minimal_Default
[2016.02.15-12.27.51:790][  0]LogEditorServer: Finished looking for orphan Actors (0.000 secs)
[2016.02.15-12.27.51:791][  0]Cmd: MAP CHECKDEP NOCLEARLOG
[2016.02.15-12.27.51:850][  0]MapCheck: Info Map check complete: 0 Error(s), 0 Warning(s), took 59.613ms to complete.
[2016.02.15-12.27.51:850][  0]LogFileHelpers: Loading map 'Minimal_Default' took 0.525
[2016.02.15-12.27.51:954][  0]LogCollectionManager: Loaded 0 collections in 0.002346 seconds
[2016.02.15-12.27.51:995][  0]LogFileCache: Scanning file cache for directory 'C:/Users/Niclas/Documents/GitHub/StarWingururur/StarFox/Saved/Collections/' took 0.01s
[2016.02.15-12.27.51:995][  0]LogFileCache: Scanning file cache for directory 'C:/Users/Niclas/Documents/GitHub/StarWingururur/StarFox/Content/Developers/Niclas/Collections/' took 0.01s
[2016.02.15-12.27.51:995][  0]LogFileCache: Scanning file cache for directory 'C:/Users/Niclas/Documents/GitHub/StarWingururur/StarFox/Content/Collections/' took 0.01s
[2016.02.15-12.27.51:995][  0]LogContentBrowser: Native class hierarchy populated in 0.0071 seconds. Added 1872 classes and 335 folders.
[2016.02.15-12.27.51:999][  0]LogCollectionManager: Rebuilt the GUID cache for 0 collections in 0.000002 seconds
[2016.02.15-12.27.52:006][  0]LogContentBrowser: Native class hierarchy updated for 'WidgetCarousel' in 0.0013 seconds. Added 0 classes and 0 folders.
[2016.02.15-12.27.52:063][  0]LogContentBrowser: Native class hierarchy updated for 'AddContentDialog' in 0.0014 seconds. Added 0 classes and 0 folders.
[2016.02.15-12.27.52:078][  0]LogContentBrowser: Native class hierarchy updated for 'SceneOutliner' in 0.0014 seconds. Added 1 classes and 2 folders.
[2016.02.15-12.27.52:105][  0]LogCrashTracker: Crashtracker disabled due to settings.
[2016.02.15-12.27.52:150][  0]LogLoad: Full Startup: 8.15 seconds (BP compile: 0.08 seconds)
[2016.02.15-12.27.52:209][  0]LogContentStreaming: Texture pool size now 1000 MB
[2016.02.15-12.27.52:315][  0]LogRenderer: Reallocating scene render targets to support 1208x576 (Frame:2).
[2016.02.15-12.27.52:606][  3]LogAssetRegistry: Asset discovery search completed in 3.2663 seconds
[2016.02.15-12.27.52:606][  3]LogCollectionManager: Rebuilt the object cache for 0 collections in 0.000001 seconds (found 0 objects)
[2016.02.15-12.27.52:606][  3]LogCollectionManager: Fixed up redirectors for 0 collections in 0.000020 seconds (updated 0 objects)
[2016.02.15-12.27.55:959][398]LogBlueprint:Warning: [compiler SFHUD] Warning ReturnNode Exec pin has no connections on  EdGraphPin_5476 
[2016.02.15-12.27.55:959][398]LogBlueprint:Warning: [compiler SFHUD] Warning [0011.96] Compile of SFHUD successful, but with 1 Warning(s) [in 1 ms]
[2016.02.15-12.27.55:959][398]LogBlueprint:Warning: [compiler SFHUD] Warning [0011.96] Compile of SFHUD successful, but with 2 Warning(s) [in 0 ms]
[2016.02.15-12.27.55:959][398]LogBlueprint:Warning: [compiler SFHUD] Warning [0011.96] Compile of SFHUD successful, but with 3 Warning(s) [in 0 ms]
[2016.02.15-12.27.55:961][398]LogBlueprint:Warning: [compiler SFHUD] Warning ReturnNode Exec pin has no connections on  EdGraphPin_5476 
[2016.02.15-12.27.55:962][398]LogBlueprint:Warning: [compiler SFHUD] Warning [0011.96] Compile of SFHUD successful, but with 1 Warning(s) [in 1 ms]
[2016.02.15-12.27.55:962][398]LogBlueprint:Warning: [compiler SFHUD] Warning [0011.96] Compile of SFHUD successful, but with 2 Warning(s) [in 0 ms]
[2016.02.15-12.27.55:962][398]LogBlueprint:Warning: [compiler SFHUD] Warning [0011.96] Compile of SFHUD successful, but with 3 Warning(s) [in 0 ms]
[2016.02.15-12.27.56:016][398]LogLinker:Warning: Asset '../../../Engine/Content/ArtTools/RenderToTexture/Macros/RenderToTextureMacros.uasset' has been saved with empty engine version. The asset will be loaded but may be incompatible.
[2016.02.15-12.27.56:495][398]LogContentBrowser: Native class hierarchy updated for 'BlueprintGraph' in 0.0017 seconds. Added 107 classes and 0 folders.
[2016.02.15-12.29.27:554][148]LogVSAccessor:Warning: Visual Studio is open but could not be queried - it may be blocked by a modal operation
[2016.02.15-12.29.28:893][149]LogVSAccessor:Warning: Couldn't goto line number '0' in 'C:/Users/Niclas/Documents/GitHub/StarWingururur/StarFox/Source/StarFox/PawnWithCamera.h'
[2016.02.15-12.29.29:741][149]LogVSAccessor:Warning: Couldn't goto line number '0' in 'C:/Users/Niclas/Documents/GitHub/StarWingururur/StarFox/Source/StarFox/PawnWithCamera.cpp'
[2016.02.15-12.30.12:118][402]Recompiling StarFox...
[2016.02.15-12.30.12:118][402]Launching UnrealBuildTool... [C:/Program Files/Epic Games/4.9/Engine/Binaries/DotNET/UnrealBuildTool.exe StarFox -ModuleWithSuffix StarFox 1008 Win64 Development -editorrecompile -canskiplink "C:/Users/Niclas/Documents/GitHub/StarWingururur/StarFox/StarFox.uproject" -rocket  -rocket]
[2016.02.15-12.30.12:120][402]Warning: Starting HotReload took  0.0s.
[2016.02.15-12.30.23:675][688]CompilerResultsLog: New page: Compilation - Feb 15, 2016, 2:30:23 PM
[2016.02.15-12.30.23:675][688]CompilerResultsLog: Info Compiling game modules for hot reload
[2016.02.15-12.30.23:675][688]CompilerResultsLog: Info Performing 2 actions (4 in parallel)
[2016.02.15-12.30.23:675][688]CompilerResultsLog: Info ring.cpp
[2016.02.15-12.30.23:675][688]CompilerResultsLog:Error: Error c:\users\niclas\documents\github\starwingururur\starfox\source\starfox\PawnWithCamera.h(36)  : warning C4263: 'void APawnWithCamera::TakeDamage(void)' : member function does not override any base class virtual member function
[2016.02.15-12.30.23:675][688]CompilerResultsLog:Error: Error c:\users\niclas\documents\github\starwingururur\starfox\source\starfox\PawnWithCamera.h(102)  : warning C4264: 'float APawn::TakeDamage(float,const FDamageEvent &,AController *,AActor *)' : no override available for virtual member function from base 'APawn'; function is hidden
[2016.02.15-12.30.23:675][688]CompilerResultsLog: Info          C:\Program Files\Epic Games\4.9\Engine\Source\Runtime\Engine\Classes\GameFramework/Pawn.h(216)  : see declaration of 'APawn::TakeDamage'
[2016.02.15-12.30.23:675][688]CompilerResultsLog: Info          C:\Program Files\Epic Games\4.9\Engine\Source\Runtime\Engine\Classes\GameFramework/Pawn.h(31)  : see declaration of 'APawn'
[2016.02.15-12.30.23:675][688]CompilerResultsLog: Info [2/2] Link UE4Editor-StarFox-1008.dll
[2016.02.15-12.30.23:675][688]CompilerResultsLog: Info    Creating library C:\Users\Niclas\Documents\GitHub\StarWingururur\StarFox\Intermediate/Build/Win64\UE4Editor\Development\UE4Editor-StarFox-1008.lib and object C:\Users\Niclas\Documents\GitHub\StarWingururur\StarFox\Intermediate/Build/Win64\UE4Editor\Development\UE4Editor-StarFox-1008.exp
[2016.02.15-12.30.23:675][688]CompilerResultsLog: Info -------- End Detailed Actions Stats -----------------------------------------------------------
[2016.02.15-12.30.23:675][688]CompilerResultsLog: Info Total build time: 11,33 seconds
[2016.02.15-12.30.23:675][688]LogMainFrame: MainFrame: Module compiling took 11.561 seconds
[2016.02.15-12.30.23:730][688]LogContentBrowser: Native class hierarchy updated for 'StarFox' in 0.0015 seconds. Added 5 classes and 2 folders.
[2016.02.15-12.30.23:733][688]Warning: HotReload successful (3 functions remapped  0 scriptstructs remapped)
[2016.02.15-12.30.24:153][688]LogContentBrowser: Native class hierarchy populated in 0.0075 seconds. Added 1873 classes and 337 folders.
[2016.02.15-12.34.35:310][677]Recompiling StarFox...
[2016.02.15-12.34.35:311][677]Launching UnrealBuildTool... [C:/Program Files/Epic Games/4.9/Engine/Binaries/DotNET/UnrealBuildTool.exe StarFox -ModuleWithSuffix StarFox 8222 Win64 Development -editorrecompile -canskiplink "C:/Users/Niclas/Documents/GitHub/StarWingururur/StarFox/StarFox.uproject" -rocket  -rocket]
[2016.02.15-12.34.35:313][677]Warning: Starting HotReload took  0.0s.
[2016.02.15-12.34.47:643][720]CompilerResultsLog: New page: Compilation - Feb 15, 2016, 2:34:47 PM
[2016.02.15-12.34.47:644][720]CompilerResultsLog: Info Compiling game modules for hot reload
[2016.02.15-12.34.47:644][720]CompilerResultsLog: Info Parsing headers for StarFoxEditor
[2016.02.15-12.34.47:644][720]CompilerResultsLog: Info   Running UnrealHeaderTool "C:/Users/Niclas/Documents/GitHub/StarWingururur/StarFox/StarFox.uproject" "C:\Users\Niclas\Documents\GitHub\StarWingururur\StarFox\Intermediate\Build\Win64\StarFoxEditor\Development\UnrealHeaderTool.manifest" -LogCmds="loginit warning, logexit warning, logdatabase error" -rocket -installed
[2016.02.15-12.34.47:644][720]CompilerResultsLog: Info Reflection code generated for StarFoxEditor in 8,1073517 seconds
[2016.02.15-12.34.47:644][720]CompilerResultsLog: Info Performing 4 actions (4 in parallel)
[2016.02.15-12.34.47:644][720]CompilerResultsLog: Info ring.cpp
[2016.02.15-12.34.47:644][720]CompilerResultsLog: Info StarFox.generated.cpp
[2016.02.15-12.34.47:644][720]CompilerResultsLog: Info PawnWithCamera.cpp
[2016.02.15-12.34.47:644][720]CompilerResultsLog:Error: Error c:\users\niclas\documents\github\starwingururur\starfox\source\starfox\PawnWithCamera.h(39)  : warning C4263: 'void APawnWithCamera::TakeDamage(void)' : member function does not override any base class virtual member function
[2016.02.15-12.34.47:644][720]CompilerResultsLog:Error: Error c:\users\niclas\documents\github\starwingururur\starfox\source\starfox\PawnWithCamera.h(39)  : warning C4263: 'void APawnWithCamera::TakeDamage(void)' : member function does not override any base class virtual member functionc:\users\niclas\documents\github\starwingururur\starfox\source\starfox\PawnWithCamera.h(105) : warning C4264: 'float APawn::TakeDamage(float,const FDamageEvent &,AController *,AActor *)' : no override available for virtual member function from base 'APawn'; function is hidden
[2016.02.15-12.34.47:644][720]CompilerResultsLog: Info 
[2016.02.15-12.34.47:644][720]CompilerResultsLog:Error: Error c:\users\niclas\documents\github\starwingururur\starfox\source\starfox\PawnWithCamera.h(105)  : warning C4264: 'float APawn::TakeDamage(float,const FDamageEvent &,AController *,AActor *)' : no override available for virtual member function from base 'APawn'; function is hidden        C:\Program Files\Epic Games\4.9\Engine\Source\Runtime\Engine\Classes\GameFramework/Pawn.h(216) : see declaration of 'APawn::TakeDamage'
[2016.02.15-12.34.47:644][720]CompilerResultsLog: Info 
[2016.02.15-12.34.47:644][720]CompilerResultsLog: Info          C:\Program Files\Epic Games\4.9\Engine\Source\Runtime\Engine\Classes\GameFramework/Pawn.h(216)  : see declaration of 'APawn::TakeDamage'        C:\Program Files\Epic Games\4.9\Engine\Source\Runtime\Engine\Classes\GameFramework/Pawn.h(31) : see declaration of 'APawn'
[2016.02.15-12.34.47:644][720]CompilerResultsLog: Info 
[2016.02.15-12.34.47:644][720]CompilerResultsLog: Info          C:\Program Files\Epic Games\4.9\Engine\Source\Runtime\Engine\Classes\GameFramework/Pawn.h(31)  : see declaration of 'APawn'
[2016.02.15-12.34.47:644][720]CompilerResultsLog:Error: Error C:\Users\Niclas\Documents\GitHub\StarWingururur\StarFox\Source\StarFox\PawnWithCamera.h(39)  : warning C4263: 'void APawnWithCamera::TakeDamage(void)' : member function does not override any base class virtual member function
[2016.02.15-12.34.47:644][720]CompilerResultsLog:Error: Error C:\Users\Niclas\Documents\GitHub\StarWingururur\StarFox\Source\StarFox\PawnWithCamera.h(105)  : warning C4264: 'float APawn::TakeDamage(float,const FDamageEvent &,AController *,AActor *)' : no override available for virtual member function from base 'APawn'; function is hidden
[2016.02.15-12.34.47:644][720]CompilerResultsLog: Info          C:\Program Files\Epic Games\4.9\Engine\Source\Runtime\Engine\Classes\GameFramework/Pawn.h(216)  : see declaration of 'APawn::TakeDamage'
[2016.02.15-12.34.47:644][720]CompilerResultsLog: Info          C:\Program Files\Epic Games\4.9\Engine\Source\Runtime\Engine\Classes\GameFramework/Pawn.h(31)  : see declaration of 'APawn'
[2016.02.15-12.34.47:644][720]CompilerResultsLog: Info [4/4] Link UE4Editor-StarFox-8222.dll
[2016.02.15-12.34.47:644][720]CompilerResultsLog: Info    Creating library C:\Users\Niclas\Documents\GitHub\StarWingururur\StarFox\Intermediate/Build/Win64\UE4Editor\Development\UE4Editor-StarFox-8222.lib and object C:\Users\Niclas\Documents\GitHub\StarWingururur\StarFox\Intermediate/Build/Win64\UE4Editor\Development\UE4Editor-StarFox-8222.exp
[2016.02.15-12.34.47:644][720]CompilerResultsLog: Info -------- End Detailed Actions Stats -----------------------------------------------------------
[2016.02.15-12.34.47:644][720]CompilerResultsLog: Info Total build time: 12,26 seconds
[2016.02.15-12.34.47:644][720]LogMainFrame: MainFrame: Module compiling took 12.337 seconds
[2016.02.15-12.34.47:702][720]LogClass: Could not find existing class PawnWithCamera in package /Script/StarFox for HotReload, assuming new class
[2016.02.15-12.34.47:710][720]LogHotReload: Re-instancing PawnWithCamera after hot-reload.
[2016.02.15-12.34.47:712][720]LogUObjectGlobals:Warning: Guid is in use by SceneComponent /Game/StarterContent/Maps/Minimal_Default.Minimal_Default:PersistentLevel.PawnWithCamera_0.Root and SceneComponent /Game/StarterContent/Maps/Minimal_Default.Minimal_Default:PersistentLevel.PawnWithCamera_1.Root, which should never happen in the editor but could happen at runtime with duplicate level loading or PIE
[2016.02.15-12.34.47:712][720]LogUObjectGlobals:Warning: Guid is in use by StaticMeshComponent /Game/StarterContent/Maps/Minimal_Default.Minimal_Default:PersistentLevel.PawnWithCamera_0.UFO and StaticMeshComponent /Game/StarterContent/Maps/Minimal_Default.Minimal_Default:PersistentLevel.PawnWithCamera_1.UFO, which should never happen in the editor but could happen at runtime with duplicate level loading or PIE
[2016.02.15-12.34.47:712][720]LogUObjectGlobals:Warning: Guid is in use by SphereComponent /Game/StarterContent/Maps/Minimal_Default.Minimal_Default:PersistentLevel.PawnWithCamera_0.RootComponent and SphereComponent /Game/StarterContent/Maps/Minimal_Default.Minimal_Default:PersistentLevel.PawnWithCamera_1.RootComponent, which should never happen in the editor but could happen at runtime with duplicate level loading or PIE
[2016.02.15-12.34.47:712][720]LogUObjectGlobals:Warning: Guid is in use by SpringArmComponent /Game/StarterContent/Maps/Minimal_Default.Minimal_Default:PersistentLevel.PawnWithCamera_0.CameraSpringArm and SpringArmComponent /Game/StarterContent/Maps/Minimal_Default.Minimal_Default:PersistentLevel.PawnWithCamera_1.CameraSpringArm, which should never happen in the editor but could happen at runtime with duplicate level loading or PIE
[2016.02.15-12.34.47:712][720]LogUObjectGlobals:Warning: Guid is in use by CameraComponent /Game/StarterContent/Maps/Minimal_Default.Minimal_Default:PersistentLevel.PawnWithCamera_0.GameCamera and CameraComponent /Game/StarterContent/Maps/Minimal_Default.Minimal_Default:PersistentLevel.PawnWithCamera_1.GameCamera, which should never happen in the editor but could happen at runtime with duplicate level loading or PIE
[2016.02.15-12.34.47:858][720]LogContentBrowser: Native class hierarchy updated for 'StarFox' in 0.0015 seconds. Added 5 classes and 2 folders.
[2016.02.15-12.34.47:861][720]Warning: HotReload successful (3 functions remapped  0 scriptstructs remapped)
[2016.02.15-12.34.47:864][720]LogBlueprint:Error: [compiler SFHUD] Error The type of  Object  is undetermined.  Connect something to  Cast To PawnWithCamera  to imply a specific type.
[2016.02.15-12.34.47:864][720]LogBlueprint:Error: [compiler SFHUD] Error The current value of the ' Object ' pin is invalid: Unsupported type Object Wildcard on pin Object
[2016.02.15-12.34.47:900][720]LogBlueprint:Warning: [compiler SFHUD] Warning [0423.90] Compile of SFHUD failed. 2 Fatal Issue(s) 0 Warning(s) [in 37 ms]
[2016.02.15-12.34.47:900][720]LogBlueprint:Warning: [compiler SFHUD] Warning [0423.90] Compile of SFHUD failed. 2 Fatal Issue(s) 1 Warning(s) [in 0 ms]
[2016.02.15-12.34.47:900][720]LogBlueprint:Warning: [compiler SFHUD] Warning [0423.90] Compile of SFHUD failed. 2 Fatal Issue(s) 2 Warning(s) [in 0 ms]
[2016.02.15-12.34.47:904][720]LogBlueprint:Warning: [compiler SFHUD] Warning [0423.90] Compile of SFHUD failed. 2 Fatal Issue(s) 3 Warning(s) [in 3 ms]
[2016.02.15-12.34.48:330][720]LogContentBrowser: Native class hierarchy populated in 0.0073 seconds. Added 1873 classes and 337 folders.
[2016.02.15-12.35.31:844][465]LogBlueprintUserMessages: CustomizeDetails for Blueprint 'SFHUD', cached variable property's owner is '/Script/StarFox.PawnWithCamera'
[2016.02.15-12.37.08:776][887]LogBlueprintUserMessages: Early PlayInEditor Detection: Level '/Game/StarterContent/Maps/Minimal_Default.Minimal_Default:PersistentLevel' has LevelScriptBlueprint '/Game/StarterContent/Maps/Minimal_Default.Minimal_Default:PersistentLevel.Minimal_Default' with GeneratedClass '/Game/StarterContent/Maps/Minimal_Default.Minimal_Default_C' with ClassGeneratedBy '/Game/StarterContent/Maps/Minimal_Default.Minimal_Default:PersistentLevel.Minimal_Default'
[2016.02.15-12.37.08:776][887]BlueprintLog: New page: Pre-Play auto-recompile
[2016.02.15-12.37.08:781][887]LogPlayLevel: [PlayLevel] Compiling SFHUD before play...
[2016.02.15-12.37.08:787][887]LogBlueprint:Error: [compiler SFHUD] Error The type of  Object  is undetermined.  Connect something to  Cast To PawnWithCamera  to imply a specific type.
[2016.02.15-12.37.08:787][887]LogBlueprint:Error: [compiler SFHUD] Error The current value of the ' Object ' pin is invalid: Unsupported type Object Wildcard on pin Object
[2016.02.15-12.37.08:874][887]LogBlueprint:Warning: [compiler SFHUD] Warning [0564.87] Compile of SFHUD failed. 2 Fatal Issue(s) 0 Warning(s) [in 90 ms]
[2016.02.15-12.37.08:874][887]LogBlueprint:Warning: [compiler SFHUD] Warning [0564.87] Compile of SFHUD failed. 2 Fatal Issue(s) 1 Warning(s) [in 0 ms]
[2016.02.15-12.37.08:874][887]LogBlueprint:Warning: [compiler SFHUD] Warning [0564.87] Compile of SFHUD failed. 2 Fatal Issue(s) 2 Warning(s) [in 0 ms]
[2016.02.15-12.37.08:874][887]LogBlueprint:Warning: [compiler SFHUD] Warning [0564.87] Compile of SFHUD failed. 2 Fatal Issue(s) 3 Warning(s) [in 0 ms]
[2016.02.15-12.37.08:877][887]LogBlueprint:Warning: [compiler SFHUD] Warning [0564.88] Compile of SFHUD failed. 2 Fatal Issue(s) 4 Warning(s) [in 3 ms]
[2016.02.15-12.37.08:878][887]LogBlueprint:Warning: [compiler SFHUD] Warning [0564.88] Compile of SFHUD failed. 2 Fatal Issue(s) 5 Warning(s) [in 0 ms]
[2016.02.15-12.37.08:878][887]LogPlayLevel: PlayLevel: Blueprint regeneration took 101 ms (1 blueprints)
[2016.02.15-12.37.08:935][887]BlueprintLog: Info Blueprint SFHUD failed to compile
[2016.02.15-12.37.17:910][239]LogBlueprintUserMessages: Early PlayInEditor Detection: Level '/Game/StarterContent/Maps/Minimal_Default.Minimal_Default:PersistentLevel' has LevelScriptBlueprint '/Game/StarterContent/Maps/Minimal_Default.Minimal_Default:PersistentLevel.Minimal_Default' with GeneratedClass '/Game/StarterContent/Maps/Minimal_Default.Minimal_Default_C' with ClassGeneratedBy '/Game/StarterContent/Maps/Minimal_Default.Minimal_Default:PersistentLevel.Minimal_Default'
[2016.02.15-12.37.17:910][239]BlueprintLog: New page: Pre-Play auto-recompile
[2016.02.15-12.37.17:914][239]LogPlayLevel: [PlayLevel] Compiling SFHUD before play...
[2016.02.15-12.37.17:919][239]LogBlueprint:Warning: [compiler SFHUD] Warning ReturnNode Exec pin has no connections on  EdGraphPin_22818 
[2016.02.15-12.37.17:920][239]LogBlueprint:Error: [compiler SFHUD] Error Binding: Property ' PercentDelegate ' on Widget ' ProgressBar_152 ': Member:GetPercent_0 Has the wrong number of arguments, it needs to return 1 value and take no parameters.
[2016.02.15-12.37.18:001][239]LogBlueprint:Warning: [compiler SFHUD] Warning [0574.00] Compile of SFHUD failed. 1 Fatal Issue(s) 1 Warning(s) [in 84 ms]
[2016.02.15-12.37.18:001][239]LogBlueprint:Warning: [compiler SFHUD] Warning [0574.00] Compile of SFHUD failed. 1 Fatal Issue(s) 2 Warning(s) [in 0 ms]
[2016.02.15-12.37.18:001][239]LogBlueprint:Warning: [compiler SFHUD] Warning [0574.00] Compile of SFHUD failed. 1 Fatal Issue(s) 3 Warning(s) [in 0 ms]
[2016.02.15-12.37.18:001][239]LogBlueprint:Warning: [compiler SFHUD] Warning [0574.00] Compile of SFHUD failed. 1 Fatal Issue(s) 4 Warning(s) [in 0 ms]
[2016.02.15-12.37.18:004][239]LogBlueprint:Warning: [compiler SFHUD] Warning [0574.00] Compile of SFHUD failed. 1 Fatal Issue(s) 5 Warning(s) [in 3 ms]
[2016.02.15-12.37.18:004][239]LogBlueprint:Warning: [compiler SFHUD] Warning [0574.00] Compile of SFHUD failed. 1 Fatal Issue(s) 6 Warning(s) [in 0 ms]
[2016.02.15-12.37.18:005][239]LogPlayLevel: PlayLevel: Blueprint regeneration took 94 ms (1 blueprints)
[2016.02.15-12.37.18:056][239]BlueprintLog: Info Blueprint SFHUD failed to compile
[2016.02.15-12.37.31:480][985]LogBlueprintUserMessages: Early PlayInEditor Detection: Level '/Game/StarterContent/Maps/Minimal_Default.Minimal_Default:PersistentLevel' has LevelScriptBlueprint '/Game/StarterContent/Maps/Minimal_Default.Minimal_Default:PersistentLevel.Minimal_Default' with GeneratedClass '/Game/StarterContent/Maps/Minimal_Default.Minimal_Default_C' with ClassGeneratedBy '/Game/StarterContent/Maps/Minimal_Default.Minimal_Default:PersistentLevel.Minimal_Default'
[2016.02.15-12.37.31:480][985]BlueprintLog: New page: Pre-Play auto-recompile
[2016.02.15-12.37.31:484][985]LogPlayLevel: [PlayLevel] Compiling SFHUD before play...
[2016.02.15-12.37.31:489][985]LogBlueprint:Error: [compiler SFHUD] Error Binding: Property ' PercentDelegate ' on Widget ' ProgressBar_152 ': Binding: 'None' : 'None' was not found on 'SFHUD'.
[2016.02.15-12.37.31:558][985]LogBlueprint:Warning: [compiler SFHUD] Warning [0587.56] Compile of SFHUD failed. 1 Fatal Issue(s) 0 Warning(s) [in 72 ms]
[2016.02.15-12.37.31:558][985]LogBlueprint:Warning: [compiler SFHUD] Warning [0587.56] Compile of SFHUD failed. 1 Fatal Issue(s) 1 Warning(s) [in 0 ms]
[2016.02.15-12.37.31:559][985]LogBlueprint:Warning: [compiler SFHUD] Warning [0587.56] Compile of SFHUD failed. 1 Fatal Issue(s) 2 Warning(s) [in 0 ms]
[2016.02.15-12.37.31:559][985]LogBlueprint:Warning: [compiler SFHUD] Warning [0587.56] Compile of SFHUD failed. 1 Fatal Issue(s) 3 Warning(s) [in 0 ms]
[2016.02.15-12.37.31:562][985]LogBlueprint:Warning: [compiler SFHUD] Warning [0587.56] Compile of SFHUD failed. 1 Fatal Issue(s) 4 Warning(s) [in 3 ms]
[2016.02.15-12.37.31:562][985]LogBlueprint:Warning: [compiler SFHUD] Warning [0587.56] Compile of SFHUD failed. 1 Fatal Issue(s) 5 Warning(s) [in 0 ms]
[2016.02.15-12.37.31:562][985]LogPlayLevel: PlayLevel: Blueprint regeneration took 82 ms (1 blueprints)
[2016.02.15-12.37.31:589][985]BlueprintLog: Info Blueprint SFHUD failed to compile
[2016.02.15-12.37.35:499][147]BlueprintLog: New page: Compile SFHUD
[2016.02.15-12.37.35:505][147]LogBlueprint:Error: [compiler SFHUD] Error Binding: Property ' PercentDelegate ' on Widget ' ProgressBar_152 ': Binding: 'None' : 'None' was not found on 'SFHUD'.
[2016.02.15-12.37.35:602][147]LogBlueprint:Warning: [compiler SFHUD] Warning [0591.60] Compile of SFHUD failed. 1 Fatal Issue(s) 0 Warning(s) [in 102 ms]
[2016.02.15-12.37.35:602][147]BlueprintEditorCompileResults:Error: Error Binding: Property ' PercentDelegate ' on Widget ' ProgressBar_152 ': Binding: 'None' : 'None' was not found on 'SFHUD'.
[2016.02.15-12.37.35:602][147]BlueprintEditorCompileResults:Warning: Warning [0591.60] Compile of SFHUD failed. 1 Fatal Issue(s) 0 Warning(s) [in 102 ms]
[2016.02.15-12.37.38:839][396]LogBlueprint:Warning: Unknown type of hyperlinked object
[2016.02.15-12.37.38:996][409]LogBlueprint:Warning: Unknown type of hyperlinked object
[2016.02.15-12.37.44:310][816]LogBlueprintUserMessages: CustomizeDetails for Blueprint 'SFHUD', cached variable property's owner is '/Game/UI/SFHUD.SKEL_SFHUD_C'
[2016.02.15-12.37.45:161][883]LogBlueprintUserMessages: CustomizeDetails for Blueprint 'SFHUD', cached variable property's owner is '/Game/UI/SFHUD.SKEL_SFHUD_C'
[2016.02.15-12.37.45:721][928]LogBlueprintUserMessages: CustomizeDetails for Blueprint 'SFHUD', cached variable property's owner is '/Game/UI/SFHUD.SKEL_SFHUD_C'
[2016.02.15-12.37.46:242][969]LogBlueprintUserMessages: CustomizeDetails for Blueprint 'SFHUD', cached variable property's owner is '/Game/UI/SFHUD.SKEL_SFHUD_C'
[2016.02.15-12.37.57:750][690]BlueprintLog: New page: Compile SFHUD
[2016.02.15-12.37.57:755][690]LogBlueprint:Error: [compiler SFHUD] Error Binding: Property ' PercentDelegate ' on Widget ' ProgressBar_152 ': Binding: 'None' : 'None' was not found on 'SFHUD'.
[2016.02.15-12.37.57:867][690]LogBlueprint:Warning: [compiler SFHUD] Warning [0613.87] Compile of SFHUD failed. 1 Fatal Issue(s) 0 Warning(s) [in 117 ms]
[2016.02.15-12.37.57:868][690]BlueprintEditorCompileResults:Error: Error Binding: Property ' PercentDelegate ' on Widget ' ProgressBar_152 ': Binding: 'None' : 'None' was not found on 'SFHUD'.
[2016.02.15-12.37.57:868][690]BlueprintEditorCompileResults:Warning: Warning [0613.87] Compile of SFHUD failed. 1 Fatal Issue(s) 0 Warning(s) [in 117 ms]
[2016.02.15-12.37.59:396][785]BlueprintLog: New page: Compile SFHUD
[2016.02.15-12.37.59:401][785]LogBlueprint:Error: [compiler SFHUD] Error Binding: Property ' PercentDelegate ' on Widget ' ProgressBar_152 ': Binding: 'None' : 'None' was not found on 'SFHUD'.
[2016.02.15-12.37.59:513][785]LogBlueprint:Warning: [compiler SFHUD] Warning [0615.51] Compile of SFHUD failed. 1 Fatal Issue(s) 0 Warning(s) [in 117 ms]
[2016.02.15-12.37.59:513][785]BlueprintEditorCompileResults:Error: Error Binding: Property ' PercentDelegate ' on Widget ' ProgressBar_152 ': Binding: 'None' : 'None' was not found on 'SFHUD'.
[2016.02.15-12.37.59:513][785]BlueprintEditorCompileResults:Warning: Warning [0615.51] Compile of SFHUD failed. 1 Fatal Issue(s) 0 Warning(s) [in 117 ms]
[2016.02.15-12.38.08:252][429]LogBlueprintUserMessages: CustomizeDetails for Blueprint 'SFHUD', cached variable property's owner is '/Game/UI/SFHUD.SKEL_SFHUD_C'
[2016.02.15-12.38.09:122][499]LogBlueprintUserMessages: CustomizeDetails for Blueprint 'SFHUD', cached variable property's owner is '/Game/UI/SFHUD.SKEL_SFHUD_C'
[2016.02.15-12.38.09:670][544]LogBlueprintUserMessages: CustomizeDetails for Blueprint 'SFHUD', cached variable property's owner is '/Game/UI/SFHUD.SKEL_SFHUD_C'
[2016.02.15-12.38.26:514][696]BlueprintLog: New page: Compile SFHUD
[2016.02.15-12.38.26:597][696]BlueprintEditorCompileResults: Info [0642.60] Compile of SFHUD successful! [in 82 ms]
[2016.02.15-12.38.32:335][ 42]LogBlueprintUserMessages: Early PlayInEditor Detection: Level '/Game/StarterContent/Maps/Minimal_Default.Minimal_Default:PersistentLevel' has LevelScriptBlueprint '/Game/StarterContent/Maps/Minimal_Default.Minimal_Default:PersistentLevel.Minimal_Default' with GeneratedClass '/Game/StarterContent/Maps/Minimal_Default.Minimal_Default_C' with ClassGeneratedBy '/Game/StarterContent/Maps/Minimal_Default.Minimal_Default:PersistentLevel.Minimal_Default'
[2016.02.15-12.38.32:335][ 42]LogPlayLevel: PlayLevel: No blueprints needed recompiling
[2016.02.15-12.38.32:336][ 42]PIE: New page: PIE session: Minimal_Default (Feb 15, 2016, 2:38:32 PM)
[2016.02.15-12.38.32:336][ 42]LogPlayLevel: Creating play world package: /Game/StarterContent/Maps/UEDPIE_0_Minimal_Default
[2016.02.15-12.38.32:345][ 42]LogPlayLevel: PIE: StaticDuplicateObject took: (0.009233s)
[2016.02.15-12.38.32:345][ 42]LogAIModule: Creating AISystem for world Minimal_Default
[2016.02.15-12.38.32:345][ 42]LogPlayLevel: PIE: World Init took: (0.000688s)
[2016.02.15-12.38.32:345][ 42]LogPlayLevel: PIE: Created PIE world by copying editor world from /Game/StarterContent/Maps/Minimal_Default.Minimal_Default to /Game/StarterContent/Maps/UEDPIE_0_Minimal_Default.Minimal_Default (0.010133s)
[2016.02.15-12.38.32:408][ 42]LogInit: XAudio2 using '1 - BenQ GW2750H (AMD High Definition Audio Device)' : 2 channels at 48 kHz using 16 bits per sample (channel mask 0x3)
[2016.02.15-12.38.32:415][ 42]LogInit: FAudioDevice initialized.
[2016.02.15-12.38.32:469][ 42]LogWorld: Game class is 'MyStarFoxGameModeBP_C'
[2016.02.15-12.38.32:476][ 42]LogWorld:Warning: *** WARNING - PATHS MAY NOT BE VALID ***
[2016.02.15-12.38.32:476][ 42]LogWorld: Bringing World /Game/StarterContent/Maps/UEDPIE_0_Minimal_Default.Minimal_Default up for play (max tick rate 0) at 2016.02.15-13.38.32
[2016.02.15-12.38.32:476][ 42]LogActor:Warning: GameSession /Game/StarterContent/Maps/UEDPIE_0_Minimal_Default.Minimal_Default:PersistentLevel.GameSession_0 has natively added scene component(s), but none of them were set as the actor's RootComponent - picking one arbitrarily
[2016.02.15-12.38.32:477][ 42]LogActor:Warning: GameNetworkManager /Game/StarterContent/Maps/UEDPIE_0_Minimal_Default.Minimal_Default:PersistentLevel.GameNetworkManager_0 has natively added scene component(s), but none of them were set as the actor's RootComponent - picking one arbitrarily
[2016.02.15-12.38.32:480][ 42]LogWorld: Bringing up level for play took: 0.009640
[2016.02.15-12.38.32:481][ 42]PIE: Info Play in editor start time for /Game/StarterContent/Maps/UEDPIE_0_Minimal_Default -0.641
[2016.02.15-12.38.32:481][ 42]LogBlueprintUserMessages: Late PlayInEditor Detection: Level '/Game/StarterContent/Maps/Minimal_Default.Minimal_Default:PersistentLevel' has LevelScriptBlueprint '/Game/StarterContent/Maps/Minimal_Default.Minimal_Default:PersistentLevel.Minimal_Default' with GeneratedClass '/Game/StarterContent/Maps/Minimal_Default.Minimal_Default_C' with ClassGeneratedBy '/Game/StarterContent/Maps/Minimal_Default.Minimal_Default:PersistentLevel.Minimal_Default'
[2016.02.15-12.38.48:217][917]LogBlueprintUserMessages: Early EndPlayMap Detection: Level '/Game/StarterContent/Maps/Minimal_Default.Minimal_Default:PersistentLevel' has LevelScriptBlueprint '/Game/StarterContent/Maps/Minimal_Default.Minimal_Default:PersistentLevel.Minimal_Default' with GeneratedClass '/Game/StarterContent/Maps/Minimal_Default.Minimal_Default_C' with ClassGeneratedBy '/Game/StarterContent/Maps/Minimal_Default.Minimal_Default:PersistentLevel.Minimal_Default'
[2016.02.15-12.38.48:292][917]LogBlueprintUserMessages: Late EndPlayMap Detection: Level '/Game/StarterContent/Maps/Minimal_Default.Minimal_Default:PersistentLevel' has LevelScriptBlueprint '/Game/StarterContent/Maps/Minimal_Default.Minimal_Default:PersistentLevel.Minimal_Default' with GeneratedClass '/Game/StarterContent/Maps/Minimal_Default.Minimal_Default_C' with ClassGeneratedBy '/Game/StarterContent/Maps/Minimal_Default.Minimal_Default:PersistentLevel.Minimal_Default'
[2016.02.15-12.38.48:341][917]LogParticles: Destroying 0 GPU particle simulations for FXSystem 0x0000024EBDA391C0
[2016.02.15-12.39.30:816][121]LogBlueprintUserMessages: CustomizeDetails for Blueprint 'SFHUD', cached variable property's owner is '/Script/StarFox.PawnWithCamera'
[2016.02.15-12.39.36:274][542]LogBlueprintUserMessages: CustomizeDetails for Blueprint 'SFHUD', cached variable property's owner is '/Script/StarFox.PawnWithCamera'
[2016.02.15-12.40.01:649][475]LogFileHelpers: Editor autosave (incl. sublevels) for '/Game/StarterContent/Maps/Minimal_Default' took 0.028
[2016.02.15-12.40.01:655][475]OBJ SavePackage: Generating thumbnails for [0] asset(s) in package [/Game/UI/SFHUD] ([1] browsable assets)...
[2016.02.15-12.40.01:655][475]OBJ SavePackage: Finished generating thumbnails for package [/Game/UI/SFHUD]
[2016.02.15-12.40.01:655][475]Cmd: OBJ SAVEPACKAGE PACKAGE="/Game/UI/SFHUD" FILE="../../../../../../Users/Niclas/Documents/GitHub/StarWingururur/StarFox/Saved/Autosaves/Game/UI/SFHUD_Auto1.uasset" SILENT=false AUTOSAVING=true
[2016.02.15-12.40.01:687][475]LogSavePackage: Save=22.349730ms
[2016.02.15-12.40.01:687][475]LogSavePackage: Moving '../../../../../../Users/Niclas/Documents/GitHub/StarWingururur/StarFox/Saved/SFHUD_Auto19E949602485F7F7E8386D18CCF8DBCD7.tmp' to '../../../../../../Users/Niclas/Documents/GitHub/StarWingururur/StarFox/Saved/Autosaves/Game/UI/SFHUD_Auto1.uasset'
[2016.02.15-12.40.01:688][475]LogSavePackage: Total save time: 31.950545ms
[2016.02.15-12.40.01:688][475]LogSavePackage:Warning: Finished SavePackage ../../../../../../Users/Niclas/Documents/GitHub/StarWingururur/StarFox/Saved/Autosaves/Game/UI/SFHUD_Auto1.uasset
[2016.02.15-12.40.01:688][475]LogFileHelpers: Auto-saving content packages took 0.039
[2016.02.15-12.40.45:028][770]LogBlueprintUserMessages: CustomizeDetails for Blueprint 'SFHUD', cached variable property's owner is '/Script/StarFox.PawnWithCamera'
[2016.02.15-12.41.00:935][914]LogBlueprintUserMessages: CustomizeDetails for Blueprint 'SFHUD', cached variable property's owner is '/Script/StarFox.PawnWithCamera'
[2016.02.15-12.41.24:728][679]LogBlueprintUserMessages: CustomizeDetails for Blueprint 'SFHUD', cached variable property's owner is '/Script/StarFox.PawnWithCamera'
[2016.02.15-12.41.44:034][136]LogBlueprintUserMessages: CustomizeDetails for Blueprint 'SFHUD', cached variable property's owner is '/Script/StarFox.PawnWithCamera'
[2016.02.15-12.41.52:983][822]LogBlueprintUserMessages: CustomizeDetails for Blueprint 'SFHUD', cached variable property's owner is '/Script/StarFox.PawnWithCamera'
[2016.02.15-12.41.57:300][154]BlueprintLog: New page: Compile SFHUD
[2016.02.15-12.41.57:317][154]LogBlueprint:Error: [compiler SFHUD] Error This blueprint (self) is not a PawnWithCamera, therefore ' Target ' must have a connection.
[2016.02.15-12.41.57:317][154]LogBlueprint:Error: [compiler SFHUD] Error This blueprint (self) is not a PawnWithCamera, therefore ' Target ' must have a connection.
[2016.02.15-12.41.57:317][154]LogBlueprint:Error: [compiler SFHUD] Error The type of  Object  is undetermined.  Connect something to  Cast To PawnWithCamera  to imply a specific type.
[2016.02.15-12.41.57:317][154]LogBlueprint:Error: [compiler SFHUD] Error Variable node  Get Health  uses an invalid target.  It may depend on a node that is not connected to the execution chain, and got purged.
[2016.02.15-12.41.57:317][154]LogBlueprint:Error: [compiler SFHUD] Error Variable node  Get MaxHealth  uses an invalid target.  It may depend on a node that is not connected to the execution chain, and got purged.
[2016.02.15-12.41.57:317][154]LogBlueprint:Error: [compiler SFHUD] Error The current value of the ' Object ' pin is invalid: Unsupported type Object Wildcard on pin Object
[2016.02.15-12.41.57:422][154]LogBlueprint:Warning: [compiler SFHUD] Warning [0853.42] Compile of SFHUD failed. 6 Fatal Issue(s) 0 Warning(s) [in 121 ms]
[2016.02.15-12.41.57:422][154]BlueprintEditorCompileResults:Error: Error This blueprint (self) is not a PawnWithCamera, therefore ' Target ' must have a connection.
[2016.02.15-12.41.57:422][154]BlueprintEditorCompileResults:Error: Error This blueprint (self) is not a PawnWithCamera, therefore ' Target ' must have a connection.
[2016.02.15-12.41.57:422][154]BlueprintEditorCompileResults:Error: Error The type of  Object  is undetermined.  Connect something to  Cast To PawnWithCamera  to imply a specific type.
[2016.02.15-12.41.57:422][154]BlueprintEditorCompileResults: Info The execution path doesn't end with a return node.  Cast Failed 
[2016.02.15-12.41.57:422][154]BlueprintEditorCompileResults:Error: Error Variable node  Get Health  uses an invalid target.  It may depend on a node that is not connected to the execution chain, and got purged.
[2016.02.15-12.41.57:422][154]BlueprintEditorCompileResults:Error: Error Variable node  Get MaxHealth  uses an invalid target.  It may depend on a node that is not connected to the execution chain, and got purged.
[2016.02.15-12.41.57:422][154]BlueprintEditorCompileResults:Error: Error The current value of the ' Object ' pin is invalid: Unsupported type Object Wildcard on pin Object
[2016.02.15-12.41.57:422][154]BlueprintEditorCompileResults:Warning: Warning [0853.42] Compile of SFHUD failed. 6 Fatal Issue(s) 0 Warning(s) [in 121 ms]
[2016.02.15-12.41.57:458][155]LogBlueprintUserMessages: CustomizeDetails for Blueprint 'SFHUD', cached variable property's owner is '/Script/StarFox.PawnWithCamera'
[2016.02.15-12.42.49:427][120]LogBlueprintUserMessages: CustomizeDetails for Blueprint 'SFHUD', cached variable property's owner is '/Script/StarFox.PawnWithCamera'
[2016.02.15-12.42.58:525][819]BlueprintLog: New page: Compile SFHUD
[2016.02.15-12.42.58:541][819]LogBlueprint:Error: [compiler SFHUD] Error This blueprint (self) is not a PawnWithCamera, therefore ' Target ' must have a connection.
[2016.02.15-12.42.58:541][819]LogBlueprint:Error: [compiler SFHUD] Error The type of  Object  is undetermined.  Connect something to  Cast To PawnWithCamera  to imply a specific type.
[2016.02.15-12.42.58:541][819]LogBlueprint:Error: [compiler SFHUD] Error Variable node  Get MaxHealth  uses an invalid target.  It may depend on a node that is not connected to the execution chain, and got purged.
[2016.02.15-12.42.58:541][819]LogBlueprint:Error: [compiler SFHUD] Error The current value of the ' Object ' pin is invalid: Unsupported type Object Wildcard on pin Object
[2016.02.15-12.42.58:645][819]LogBlueprint:Warning: [compiler SFHUD] Warning [0914.64] Compile of SFHUD failed. 4 Fatal Issue(s) 0 Warning(s) [in 119 ms]
[2016.02.15-12.42.58:645][819]BlueprintEditorCompileResults:Error: Error This blueprint (self) is not a PawnWithCamera, therefore ' Target ' must have a connection.
[2016.02.15-12.42.58:645][819]BlueprintEditorCompileResults:Error: Error The type of  Object  is undetermined.  Connect something to  Cast To PawnWithCamera  to imply a specific type.
[2016.02.15-12.42.58:645][819]BlueprintEditorCompileResults: Info The execution path doesn't end with a return node.  Cast Failed 
[2016.02.15-12.42.58:645][819]BlueprintEditorCompileResults:Error: Error Variable node  Get MaxHealth  uses an invalid target.  It may depend on a node that is not connected to the execution chain, and got purged.
[2016.02.15-12.42.58:645][819]BlueprintEditorCompileResults:Error: Error The current value of the ' Object ' pin is invalid: Unsupported type Object Wildcard on pin Object
[2016.02.15-12.42.58:645][819]BlueprintEditorCompileResults:Warning: Warning [0914.64] Compile of SFHUD failed. 4 Fatal Issue(s) 0 Warning(s) [in 119 ms]
[2016.02.15-12.42.58:680][820]LogBlueprintUserMessages: CustomizeDetails for Blueprint 'SFHUD', cached variable property's owner is '/Script/StarFox.PawnWithCamera'
[2016.02.15-12.43.09:232][630]LogBlueprintUserMessages: CustomizeDetails for Blueprint 'SFHUD', cached variable property's owner is '/Script/StarFox.PawnWithCamera'
[2016.02.15-12.43.18:221][319]LogBlueprintUserMessages: CustomizeDetails for Blueprint 'SFHUD', cached variable property's owner is '/Script/StarFox.PawnWithCamera'
[2016.02.15-12.43.23:260][704]LogBlueprintUserMessages: CustomizeDetails for Blueprint 'SFHUD', cached variable property's owner is '/Script/StarFox.PawnWithCamera'
[2016.02.15-12.43.30:349][247]LogBlueprintUserMessages: CustomizeDetails for Blueprint 'SFHUD', cached variable property's owner is '/Script/StarFox.PawnWithCamera'
[2016.02.15-12.44.03:058][740]BlueprintLog: New page: Compile SFHUD
[2016.02.15-12.44.03:075][740]LogBlueprint:Error: [compiler SFHUD] Error This blueprint (self) is not a PawnWithCamera, therefore ' Target ' must have a connection.
[2016.02.15-12.44.03:075][740]LogBlueprint:Error: [compiler SFHUD] Error The type of  Object  is undetermined.  Connect something to  Cast To PawnWithCamera  to imply a specific type.
[2016.02.15-12.44.03:075][740]LogBlueprint:Error: [compiler SFHUD] Error Variable node  Get MaxHealth  uses an invalid target.  It may depend on a node that is not connected to the execution chain, and got purged.
[2016.02.15-12.44.03:075][740]LogBlueprint:Error: [compiler SFHUD] Error The current value of the ' Object ' pin is invalid: Unsupported type Object Wildcard on pin Object
[2016.02.15-12.44.03:178][740]LogBlueprint:Warning: [compiler SFHUD] Warning [0979.18] Compile of SFHUD failed. 4 Fatal Issue(s) 0 Warning(s) [in 119 ms]
[2016.02.15-12.44.03:178][740]BlueprintEditorCompileResults:Error: Error This blueprint (self) is not a PawnWithCamera, therefore ' Target ' must have a connection.
[2016.02.15-12.44.03:178][740]BlueprintEditorCompileResults:Error: Error The type of  Object  is undetermined.  Connect something to  Cast To PawnWithCamera  to imply a specific type.
[2016.02.15-12.44.03:178][740]BlueprintEditorCompileResults: Info The execution path doesn't end with a return node.  Cast Failed 
[2016.02.15-12.44.03:178][740]BlueprintEditorCompileResults:Error: Error Variable node  Get MaxHealth  uses an invalid target.  It may depend on a node that is not connected to the execution chain, and got purged.
[2016.02.15-12.44.03:178][740]BlueprintEditorCompileResults:Error: Error The current value of the ' Object ' pin is invalid: Unsupported type Object Wildcard on pin Object
[2016.02.15-12.44.03:178][740]BlueprintEditorCompileResults:Warning: Warning [0979.18] Compile of SFHUD failed. 4 Fatal Issue(s) 0 Warning(s) [in 119 ms]
[2016.02.15-12.44.03:214][741]LogBlueprintUserMessages: CustomizeDetails for Blueprint 'SFHUD', cached variable property's owner is '/Script/StarFox.PawnWithCamera'
[2016.02.15-12.44.08:972][184]BlueprintLog: New page: Compile SFHUD
[2016.02.15-12.44.08:989][184]LogBlueprint:Error: [compiler SFHUD] Error The type of  Object  is undetermined.  Connect something to  Cast To PawnWithCamera  to imply a specific type.
[2016.02.15-12.44.08:989][184]LogBlueprint:Error: [compiler SFHUD] Error The current value of the ' Object ' pin is invalid: Unsupported type Object Wildcard on pin Object
[2016.02.15-12.44.09:091][184]LogBlueprintUserMessages: PostEditorRefresh for Blueprint 'SFHUD', cached variable property's owner is '/Script/StarFox.PawnWithCamera'
[2016.02.15-12.44.09:092][184]LogBlueprint:Warning: [compiler SFHUD] Warning [0985.09] Compile of SFHUD failed. 2 Fatal Issue(s) 0 Warning(s) [in 119 ms]
[2016.02.15-12.44.09:092][184]BlueprintEditorCompileResults:Error: Error The type of  Object  is undetermined.  Connect something to  Cast To PawnWithCamera  to imply a specific type.
[2016.02.15-12.44.09:092][184]BlueprintEditorCompileResults: Info The execution path doesn't end with a return node.  Cast Failed 
[2016.02.15-12.44.09:092][184]BlueprintEditorCompileResults:Error: Error The current value of the ' Object ' pin is invalid: Unsupported type Object Wildcard on pin Object
[2016.02.15-12.44.09:092][184]BlueprintEditorCompileResults:Warning: Warning [0985.09] Compile of SFHUD failed. 2 Fatal Issue(s) 0 Warning(s) [in 119 ms]
[2016.02.15-12.44.12:172][420]LogBlueprintUserMessages: CustomizeDetails for Blueprint 'SFHUD', cached variable property's owner is '/Script/StarFox.PawnWithCamera'
[2016.02.15-12.44.40:987][599]BlueprintLog: New page: Compile SFHUD
[2016.02.15-12.44.41:004][599]LogBlueprint:Error: [compiler SFHUD] Error This blueprint (self) is not a Controller, therefore ' Target ' must have a connection.
[2016.02.15-12.44.41:107][599]LogBlueprint:Warning: [compiler SFHUD] Warning [1017.11] Compile of SFHUD failed. 1 Fatal Issue(s) 0 Warning(s) [in 120 ms]
[2016.02.15-12.44.41:107][599]BlueprintEditorCompileResults:Error: Error This blueprint (self) is not a Controller, therefore ' Target ' must have a connection.
[2016.02.15-12.44.41:108][599]BlueprintEditorCompileResults: Info The execution path doesn't end with a return node.  Cast Failed 
[2016.02.15-12.44.41:108][599]BlueprintEditorCompileResults:Warning: Warning [1017.11] Compile of SFHUD failed. 1 Fatal Issue(s) 0 Warning(s) [in 120 ms]
[2016.02.15-12.45.50:497][587]BlueprintLog: New page: Compile SFHUD
[2016.02.15-12.45.50:513][587]LogBlueprint:Warning: [compiler SFHUD] Warning 'AsPawn with Camera' is already a 'Pawn with Camera', you don't need  Cast To PawnWithCamera .
[2016.02.15-12.45.50:549][587]LogActorComponent: UnregisterComponent: (/Engine/Transient.MoveComp) Not registered. Aborting.
[2016.02.15-12.45.50:581][587]LogBlueprint:Warning: [compiler SFHUD] Warning [1086.58] Compile of SFHUD successful, but with 1 Warning(s) [in 83 ms]
[2016.02.15-12.45.50:581][587]BlueprintEditorCompileResults:Warning: Warning 'AsPawn with Camera' is already a 'Pawn with Camera', you don't need  Cast To PawnWithCamera .
[2016.02.15-12.45.50:581][587]BlueprintEditorCompileResults: Info The execution path doesn't end with a return node.  Cast Failed 
[2016.02.15-12.45.50:581][587]BlueprintEditorCompileResults:Warning: Warning [1086.58] Compile of SFHUD successful, but with 1 Warning(s) [in 83 ms]
[2016.02.15-12.46.43:163][499]BlueprintLog: New page: Compile SFHUD
[2016.02.15-12.46.43:179][499]LogBlueprint:Warning: [compiler SFHUD] Warning 'Pawn with Camera' does not inherit from 'Character' ( Cast To PawnWithCamera  would always fail).
[2016.02.15-12.46.43:245][499]LogBlueprint:Warning: [compiler SFHUD] Warning [1139.24] Compile of SFHUD successful, but with 1 Warning(s) [in 82 ms]
[2016.02.15-12.46.43:245][499]BlueprintEditorCompileResults:Warning: Warni