[2016.02.15-13.01.40:137][  0]Log file open, 02/15/16 14:01:40
[2016.02.15-13.01.40:137][  0]LogInit:Display: Running engine for game: StarFox
[2016.02.15-13.01.40:137][  0]LogInit:Display: RandInit(-1497298431) SRandInit(-1497298431).
[2016.02.15-13.01.40:137][  0]LogTaskGraph: Started task graph with 4 named threads and 7 total threads.
[2016.02.15-13.01.40:137][  0]LogStats: Stats thread started at 0.110617
[2016.02.15-13.01.40:137][  0]LogInit: Version: 4.9.2-2707645+++depot+UE4-Releases+4.9
[2016.02.15-13.01.40:137][  0]LogInit: API Version: 2672455
[2016.02.15-13.01.40:137][  0]LogInit: Compiled (64-bit): Sep 28 2015 10:25:44
[2016.02.15-13.01.40:137][  0]LogInit: Compiled with Visual C++: 18.00.21005.01
[2016.02.15-13.01.40:137][  0]LogInit: Build Configuration: Development
[2016.02.15-13.01.40:137][  0]LogInit: Branch Name: ++depot+UE4-Releases+4.9
[2016.02.15-13.01.40:137][  0]LogInit: Command line:  
[2016.02.15-13.01.40:137][  0]LogInit: Base directory: C:/Program Files/Epic Games/4.9/Engine/Binaries/Win64/
[2016.02.15-13.01.40:137][  0]LogInit: Rocket: 1
[2016.02.15-13.01.40:147][  0]LogInit: Using libcurl 7.41.0
[2016.02.15-13.01.40:147][  0]LogInit:  - built for x86_64-pc-win32
[2016.02.15-13.01.40:147][  0]LogInit:  - supports SSL with WinSSL
[2016.02.15-13.01.40:147][  0]LogInit:  - other features:
[2016.02.15-13.01.40:147][  0]LogInit:      CURL_VERSION_SSL
[2016.02.15-13.01.40:147][  0]LogInit:      CURL_VERSION_IPV6
[2016.02.15-13.01.40:147][  0]LogInit:      CURL_VERSION_ASYNCHDNS
[2016.02.15-13.01.40:147][  0]LogInit:      CURL_VERSION_LARGEFILE
[2016.02.15-13.01.40:147][  0]LogInit:      CURL_VERSION_IDN
[2016.02.15-13.01.40:147][  0]LogInit:  CurlRequestOptions (configurable via config and command line):
[2016.02.15-13.01.40:147][  0]LogInit:  - bVerifyPeer = true  - Libcurl will verify peer certificate
[2016.02.15-13.01.40:147][  0]LogInit:  - bUseHttpProxy = false  - Libcurl will NOT use HTTP proxy
[2016.02.15-13.01.40:147][  0]LogInit:  - bDontReuseConnections = false  - Libcurl will reuse connections
[2016.02.15-13.01.40:147][  0]LogInit:  - CertBundlePath = nullptr  - Libcurl will use whatever was configured at build time.
[2016.02.15-13.01.40:154][  0]LogInit: Presizing for 0 objects not considered by GC, pre-allocating 0 bytes.
[2016.02.15-13.01.40:160][  0]LogInit: Object subsystem initialized
[2016.02.15-13.01.40:161][  0]LogInit: Selected Device Profile: [Windows]
[2016.02.15-13.01.40:161][  0]LogInit: Applying CVar settings loaded from the selected device profile: [Windows]
[2016.02.15-13.01.40:171][  0]LogInit: Computer: FIDUS
[2016.02.15-13.01.40:171][  0]LogInit: User: Niclas
[2016.02.15-13.01.40:171][  0]LogInit: CPU Page size=4096, Cores=4
[2016.02.15-13.01.40:171][  0]LogInit: High frequency timer resolution =3.386481 MHz
[2016.02.15-13.01.40:171][  0]LogMemory: Memory total: Physical=15.9GB (16GB approx)
[2016.02.15-13.01.40:171][  0]LogMemory: Platform Memory Stats for Windows
[2016.02.15-13.01.40:171][  0]LogMemory: Process Physical Memory: 54.23 MB used, 54.23 MB peak
[2016.02.15-13.01.40:171][  0]LogMemory: Process Virtual Memory: 55.29 MB used, 55.29 MB peak
[2016.02.15-13.01.40:171][  0]LogMemory: Physical Memory: 2134.75 MB used, 16332.28 MB total
[2016.02.15-13.01.40:171][  0]LogMemory: Virtual Memory: 368.27 MB used, 134217728.00 MB total
[2016.02.15-13.01.40:201][  0]LogTextLocalizationManager: No translations for ('sv-SE') exist, falling back to 'en' for localization and internationalization data.
[2016.02.15-13.01.40:782][  0]LogD3D11RHI: Found D3D11 adapter 0: AMD Radeon HD 7800 Series (Feature Level 11_0)
[2016.02.15-13.01.40:782][  0]LogD3D11RHI: Adapter has 2030MB of dedicated video memory, 0MB of dedicated system memory, and 8166MB of shared system memory, 1 output[s]
[2016.02.15-13.01.40:789][  0]LogD3D11RHI: Found D3D11 adapter 1: Microsoft Basic Render Driver (Feature Level 11_0)
[2016.02.15-13.01.40:789][  0]LogD3D11RHI: Adapter has 0MB of dedicated video memory, 0MB of dedicated system memory, and 8166MB of shared system memory, 0 output[s]
[2016.02.15-13.01.40:790][  0]LogD3D11RHI: Chosen D3D11 Adapter Id = 0
[2016.02.15-13.01.40:793][  0]LogD3D11RHI: !Direct3DDevice
[2016.02.15-13.01.40:793][  0]LogRHI: Texture pool is 1361 MB (70% of 1945 MB)
[2016.02.15-13.01.40:799][  0]LogD3D11RHI: Async texture creation disabled: no driver support
[2016.02.15-13.01.40:835][  0]LogShaderCompilers: Guid format shader working directory is 16 characters bigger than the processId version (../../../../../../Users/Niclas/Documents/GitHub/StarWingururur/StarFox/Intermediate/Shaders/WorkingDirectory/912/).
[2016.02.15-13.01.40:835][  0]LogShaderCompilers: Cleaned the shader compiler working directory '../../../../../../Users/Niclas/Documents/GitHub/StarWingururur/StarFox/Intermediate/Shaders/tmp/588AA80F44E8A1B7E798359CF9556DF7/'.
[2016.02.15-13.01.40:836][  0]LogShaderCompilers:Display: Using Local Shader Compiler.
[2016.02.15-13.01.42:093][  0]LogTemp:Display: Loaded TP AllDesktopTargetPlatform
[2016.02.15-13.01.42:098][  0]LogTemp:Display: Loaded TP WindowsClientTargetPlatform
[2016.02.15-13.01.42:103][  0]LogTemp:Display: Loaded TP WindowsNoEditorTargetPlatform
[2016.02.15-13.01.42:114][  0]LogTemp:Display: Loaded TP WindowsServerTargetPlatform
[2016.02.15-13.01.42:125][  0]LogTemp:Display: Loaded TP WindowsTargetPlatform
[2016.02.15-13.01.42:136][  0]LogTemp:Display: Loaded TP AndroidTargetPlatform
[2016.02.15-13.01.42:147][  0]LogTemp:Display: Loaded TP Android_ASTCTargetPlatform
[2016.02.15-13.01.42:156][  0]LogTemp:Display: Loaded TP Android_ATCTargetPlatform
[2016.02.15-13.01.42:166][  0]LogTemp:Display: Loaded TP Android_DXTTargetPlatform
[2016.02.15-13.01.42:176][  0]LogTemp:Display: Loaded TP Android_ETC1TargetPlatform
[2016.02.15-13.01.42:185][  0]LogTemp:Display: Loaded TP Android_ETC2TargetPlatform
[2016.02.15-13.01.42:195][  0]LogTemp:Display: Loaded TP Android_PVRTCTargetPlatform
[2016.02.15-13.01.42:202][  0]LogTemp:Display: Loaded TP HTML5TargetPlatform
[2016.02.15-13.01.42:243][  0]LogTemp:Display: Loaded TP IOSTargetPlatform
[2016.02.15-13.01.42:254][  0]LogTemp:Display: Loaded TP LinuxNoEditorTargetPlatform
[2016.02.15-13.01.42:264][  0]LogTemp:Display: Loaded TP LinuxServerTargetPlatform
[2016.02.15-13.01.42:274][  0]LogTemp:Display: Loaded TP LinuxTargetPlatform
[2016.02.15-13.01.42:275][  0]LogTargetPlatformManager:Display: Building Assets For Windows
[2016.02.15-13.01.42:539][  0]LogDerivedDataCache:Display: Max Cache Size: 512 MB
[2016.02.15-13.01.42:767][  0]LogDerivedDataCache: Loaded boot cache 0.23s 41MB C:/Users/Niclas/AppData/Local/UnrealEngine/4.9/DerivedDataCache/Boot.ddc.
[2016.02.15-13.01.42:768][  0]LogDerivedDataCache:Display: Loaded Boot cache: C:/Users/Niclas/AppData/Local/UnrealEngine/4.9/DerivedDataCache/Boot.ddc
[2016.02.15-13.01.42:768][  0]LogDerivedDataCache: FDerivedDataBackendGraph:  Pak pak cache file ../../../../../../Users/Niclas/Documents/GitHub/StarWingururur/StarFox/DerivedDataCache/DDC.ddp not found, will not use a pak cache.
[2016.02.15-13.01.42:768][  0]LogDerivedDataCache: Unable to find inner node Pak for hierarchical cache Hierarchy.
[2016.02.15-13.01.42:768][  0]LogDerivedDataCache: FDerivedDataBackendGraph:  CompressedPak pak cache file ../../../../../../Users/Niclas/Documents/GitHub/StarWingururur/StarFox/DerivedDataCache/Compressed.ddp not found, will not use a pak cache.
[2016.02.15-13.01.42:768][  0]LogDerivedDataCache: Unable to find inner node CompressedPak for hierarchical cache Hierarchy.
[2016.02.15-13.01.42:911][  0]LogDerivedDataCache:Display: Pak cache opened for reading ../../../Engine/DerivedDataCache/Compressed.ddp.
[2016.02.15-13.01.42:924][  0]LogDerivedDataCache: Using Local data cache path C:/Users/Niclas/AppData/Local/UnrealEngine/Common/DerivedDataCache: Writable
[2016.02.15-13.01.43:930][  0]LogInit: Selected Device Profile: [Windows]
[2016.02.15-13.01.43:945][  0]LogContentStreaming: Texture pool size is 0.000000MB
[2016.02.15-13.01.44:180][  0]LogMeshUtilities: No automatic mesh reduction module available
[2016.02.15-13.01.44:180][  0]LogMeshUtilities: No automatic mesh merging module available
[2016.02.15-13.01.44:683][  0]LogInit: WinSock: version 1.1 (2.2), MaxSocks=32767, MaxUdp=65467
[2016.02.15-13.01.46:789][  0]UdpMessaging: Initializing bridge on interface 0.0.0.0:0 to multicast group 230.0.0.1:6666.
[2016.02.15-13.01.47:044][  0]LogAssetRegistry: FAssetRegistry took 0.0128 seconds to start up
[2016.02.15-13.01.47:431][  0]SourceControl: Info Source control is disabled
[2016.02.15-13.01.47:432][  0]SourceControl: Info Source control is disabled
[2016.02.15-13.01.47:447][  0]SourceControl: Info Source control is disabled
[2016.02.15-13.01.47:470][  0]SourceControl: Info Source control is disabled
[2016.02.15-13.01.47:682][  0]LogLinker:Warning: Asset '../../../Engine/Plugins/Runtime/LeapMotionController/Content/LM_PassthroughMaterial.uasset' has been saved with empty engine version. The asset will be loaded but may be incompatible.
[2016.02.15-13.01.47:807][  0]LogObj: 28418 objects as part of root set at end of initial load.
[2016.02.15-13.01.47:807][  0]LogUObjectAllocator: 6064104 out of 0 bytes used by permanent object pool.
[2016.02.15-13.01.47:936][  0]LogEngine: Initializing Engine...
[2016.02.15-13.01.47:941][  0]LogHMD: Can't find Oculus library dev build: is proper Runtime installed? Version: 0.7.0.0
[2016.02.15-13.01.47:948][  0]LogHMD: SteamVR failed to initialize.  Err: 110
[2016.02.15-13.01.48:119][  0]LogAIModule: Creating AISystem for world NewWorld
[2016.02.15-13.01.48:157][  0]LogInit: XAudio2 using '1 - BenQ GW2750H (AMD High Definition Audio Device)' : 2 channels at 48 kHz using 16 bits per sample (channel mask 0x3)
[2016.02.15-13.01.48:180][  0]LogInit: FAudioDevice initialized.
[2016.02.15-13.01.48:201][  0]LogDerivedDataCache: Saved boot cache 0.02s 41MB C:/Users/Niclas/AppData/Local/UnrealEngine/4.9/DerivedDataCache/Boot.ddc.
[2016.02.15-13.01.48:207][  0]LogInit: Texture streaming: Enabled
[2016.02.15-13.01.48:255][  0]LogAnalytics: Creating configured Analytics provider AnalyticsET
[2016.02.15-13.01.48:255][  0]LogAnalytics: [UEEditor.Rocket.Release] APIServer = http://et2.epicgames.com/ET2/. AppVersion = 4.9.2-2707645+++depot+UE4-Releases+4.9
[2016.02.15-13.01.48:255][  0]LogAnalytics: [UEEditor.Rocket.Release] SetUserId 8d5f2d8b4e520712a8f1e688fed765ab|99f216c1865e471987722078da7bde5f|50f43dcd-c54f-4aa6-a5c1-e948023fc359
[2016.02.15-13.01.48:255][  0]LogAnalytics: [UEEditor.Rocket.Release] AnalyticsET::StartSession
[2016.02.15-13.01.48:275][  0]LogWindowsTextInputMethodSystem:Display: IME system now deactivated.
[2016.02.15-13.01.48:303][  0]LogInit: Transaction tracking system initialized
[2016.02.15-13.01.48:402][  0]BlueprintLog: New page: Editor Load
[2016.02.15-13.01.48:812][  0]LocalizationService: Info Localization service is disabled
[2016.02.15-13.01.49:039][  0]LogConsoleResponse:Display: 
[2016.02.15-13.01.49:215][  0]LogCook:Display: Done creating registry. It took  0.00s.
[2016.02.15-13.01.49:387][  0]LogFileCache: Scanning file cache for directory 'C:/Users/Niclas/Documents/GitHub/StarWingururur/StarFox/Content/' took 0.01s
[2016.02.15-13.01.49:387][  0]SourceControl: Info Source control is disabled
[2016.02.15-13.02.14:279][  0]LogWindowsTextInputMethodSystem:Display: IME system now deactivated.
[2016.02.15-13.02.14:287][  0]LogWindowsTextInputMethodSystem:Display: IME system now deactivated.
[2016.02.15-13.02.20:389][  0]LogWindowsTextInputMethodSystem:Display: IME system now deactivated.
[2016.02.15-13.02.20:396][  0]LogWindowsTextInputMethodSystem:Display: IME system now deactivated.
[2016.02.15-13.02.20:399][  0]Cmd: MAP LOAD FILE="../../../../../../Users/Niclas/Documents/GitHub/StarWingururur/StarFox/Content/StarterContent/Maps/Minimal_Default.umap" TEMPLATE=0 SHOWPROGRESS=1 FEATURELEVEL=3
[2016.02.15-13.02.20:401][  0]LightingResults: New page: Lighting Build
[2016.02.15-13.02.20:409][  0]MapCheck: New page: Map Check
[2016.02.15-13.02.20:409][  0]LightingResults: New page: Lighting Build
[2016.02.15-13.02.20:428][  0]LogParticles: Destroying 0 GPU particle simulations for FXSystem 0x0000023098EC6AC0
[2016.02.15-13.02.21:064][  0]LogAIModule: Creating AISystem for world Minimal_Default
[2016.02.15-13.02.21:093][  0]LogEditorServer: Finished looking for orphan Actors (0.000 secs)
[2016.02.15-13.02.21:098][  0]Cmd: MAP CHECKDEP NOCLEARLOG
[2016.02.15-13.02.21:156][  0]MapCheck: Info Map check complete: 0 Error(s), 0 Warning(s), took 57.877ms to complete.
[2016.02.15-13.02.21:156][  0]LogFileHelpers: Loading map 'Minimal_Default' took 0.759
[2016.02.15-13.02.21:268][  0]LogCollectionManager: Loaded 0 collections in 0.002229 seconds
[2016.02.15-13.02.21:324][  0]LogFileCache: Scanning file cache for directory 'C:/Users/Niclas/Documents/GitHub/StarWingururur/StarFox/Saved/Collections/' took 0.01s
[2016.02.15-13.02.21:324][  0]LogFileCache: Scanning file cache for directory 'C:/Users/Niclas/Documents/GitHub/StarWingururur/StarFox/Content/Developers/Niclas/Collections/' took 0.01s
[2016.02.15-13.02.21:324][  0]LogFileCache: Scanning file cache for directory 'C:/Users/Niclas/Documents/GitHub/StarWingururur/StarFox/Content/Collections/' took 0.01s
[2016.02.15-13.02.21:324][  0]LogContentBrowser: Native class hierarchy populated in 0.0113 seconds. Added 1872 classes and 335 folders.
[2016.02.15-13.02.21:341][  0]LogCollectionManager: Rebuilt the GUID cache for 0 collections in 0.000003 seconds
[2016.02.15-13.02.21:356][  0]LogContentBrowser: Native class hierarchy updated for 'WidgetCarousel' in 0.0014 seconds. Added 0 classes and 0 folders.
[2016.02.15-13.02.21:555][  0]LogContentBrowser: Native class hierarchy updated for 'AddContentDialog' in 0.0014 seconds. Added 0 classes and 0 folders.
[2016.02.15-13.02.21:578][  0]LogContentBrowser: Native class hierarchy updated for 'SceneOutliner' in 0.0015 seconds. Added 1 classes and 2 folders.
[2016.02.15-13.02.21:668][  0]LogCrashTracker: Crashtracker disabled due to settings.
[2016.02.15-13.02.21:677][  0]LogUObjectGlobals:Warning: Failed to find object 'Class None.'
[2016.02.15-13.02.21:701][  0]LogStats:Warning: MetaData mismatch. Did you assign a stat to two groups? New //STATGROUP_Threads//SplashScreenThread///Thread_308_0///####STATCAT_Advanced#### old //STATGROUP_Threads//SplashScreenThread///Thread_cdc_0///####STATCAT_Advanced####
[2016.02.15-13.02.21:701][  0]LogLoad: Full Startup: 42.52 seconds (BP compile: 0.13 seconds)
[2016.02.15-13.02.21:787][  0]LogContentStreaming: Texture pool size now 1000 MB
[2016.02.15-13.02.21:910][  0]LogRenderer: Reallocating scene render targets to support 1208x576 (Frame:2).
[2016.02.15-13.02.22:185][  3]LogAssetRegistry: Asset discovery search completed in 35.1519 seconds
[2016.02.15-13.02.22:185][  3]LogCollectionManager: Rebuilt the object cache for 0 collections in 0.000001 seconds (found 0 objects)
[2016.02.15-13.02.22:185][  3]LogCollectionManager: Fixed up redirectors for 0 collections in 0.000036 seconds (updated 0 objects)
[2016.02.15-13.02.29:468][850]LogBlueprintUserMessages: Early PlayInEditor Detection: Level '/Game/StarterContent/Maps/Minimal_Default.Minimal_Default:PersistentLevel' has LevelScriptBlueprint '/Game/StarterContent/Maps/Minimal_Default.Minimal_Default:PersistentLevel.Minimal_Default' with GeneratedClass '/Game/StarterContent/Maps/Minimal_Default.Minimal_Default_C' with ClassGeneratedBy '/Game/StarterContent/Maps/Minimal_Default.Minimal_Default:PersistentLevel.Minimal_Default'
[2016.02.15-13.02.29:468][850]LogPlayLevel: PlayLevel: No blueprints needed recompiling
[2016.02.15-13.02.29:468][850]PIE: New page: PIE session: Minimal_Default (Feb 15, 2016, 3:02:29 PM)
[2016.02.15-13.02.29:468][850]LogPlayLevel: Creating play world package: /Game/StarterContent/Maps/UEDPIE_0_Minimal_Default
[2016.02.15-13.02.29:478][850]LogPlayLevel: PIE: StaticDuplicateObject took: (0.009448s)
[2016.02.15-13.02.29:478][850]LogAIModule: Creating AISystem for world Minimal_Default
[2016.02.15-13.02.29:478][850]LogPlayLevel: PIE: World Init took: (0.000618s)
[2016.02.15-13.02.29:479][850]LogPlayLevel: PIE: Created PIE world by copying editor world from /Game/StarterContent/Maps/Minimal_Default.Minimal_Default to /Game/StarterContent/Maps/UEDPIE_0_Minimal_Default.Minimal_Default (0.010589s)
[2016.02.15-13.02.29:505][850]LogInit: XAudio2 using '1 - BenQ GW2750H (AMD High Definition Audio Device)' : 2 channels at 48 kHz using 16 bits per sample (channel mask 0x3)
[2016.02.15-13.02.29:510][850]LogInit: FAudioDevice initialized.
[2016.02.15-13.02.29:576][850]LogBlueprint:Warning: [compiler SFHUD] Warning ReturnNode Exec pin has no connections on  EdGraphPin_5506 
[2016.02.15-13.02.29:576][850]LogBlueprint:Error: [compiler SFHUD] Error The type of  Object  is undetermined.  Connect something to  Cast To PawnWithCamera  to imply a specific type.
[2016.02.15-13.02.29:576][850]LogBlueprint:Error: [compiler SFHUD] Error The current value of the ' Object ' pin is invalid: Unsupported type Wildcard on pin Object
[2016.02.15-13.02.29:579][850]LogBlueprint:Warning: [compiler SFHUD] Warning [0050.40] Compile of SFHUD failed. 2 Fatal Issue(s) 1 Warning(s) [in 5 ms]
[2016.02.15-13.02.29:579][850]LogBlueprint:Warning: [compiler SFHUD] Warning [0050.40] Compile of SFHUD failed. 2 Fatal Issue(s) 2 Warning(s) [in 0 ms]
[2016.02.15-13.02.29:579][850]LogBlueprint:Warning: [compiler SFHUD] Warning [0050.40] Compile of SFHUD failed. 2 Fatal Issue(s) 3 Warning(s) [in 0 ms]
[2016.02.15-13.02.29:589][850]LogWorld: Game class is 'MyStarFoxGameModeBP_C'
[2016.02.15-13.02.29:597][850]LogWorld:Warning: *** WARNING - PATHS MAY NOT BE VALID ***
[2016.02.15-13.02.29:597][850]LogWorld: Bringing World /Game/StarterContent/Maps/UEDPIE_0_Minimal_Default.Minimal_Default up for play (max tick rate 0) at 2016.02.15-14.02.29
[2016.02.15-13.02.29:597][850]LogActor:Warning: GameSession /Game/StarterContent/Maps/UEDPIE_0_Minimal_Default.Minimal_Default:PersistentLevel.GameSession_0 has natively added scene component(s), but none of them were set as the actor's RootComponent - picking one arbitrarily
[2016.02.15-13.02.29:598][850]LogActor:Warning: GameNetworkManager /Game/StarterContent/Maps/UEDPIE_0_Minimal_Default.Minimal_Default:PersistentLevel.GameNetworkManager_0 has natively added scene component(s), but none of them were set as the actor's RootComponent - picking one arbitrarily
[2016.02.15-13.02.29:603][850]LogWorld: Bringing up level for play took: 0.012105
[2016.02.15-13.02.29:611][850]PIE: Info Play in editor start time for /Game/StarterContent/Maps/UEDPIE_0_Minimal_Default 0.489
[2016.02.15-13.02.29:611][850]LogBlueprintUserMessages: Late PlayInEditor Detection: Level '/Game/StarterContent/Maps/Minimal_Default.Minimal_Default:PersistentLevel' has LevelScriptBlueprint '/Game/StarterContent/Maps/Minimal_Default.Minimal_Default:PersistentLevel.Minimal_Default' with GeneratedClass '/Game/StarterContent/Maps/Minimal_Default.Minimal_Default_C' with ClassGeneratedBy '/Game/StarterContent/Maps/Minimal_Default.Minimal_Default:PersistentLevel.Minimal_Default'
[2016.02.15-13.02.39:000][971]LogBlueprintUserMessages: Early EndPlayMap Detection: Level '/Game/StarterContent/Maps/Minimal_Default.Minimal_Default:PersistentLevel' has LevelScriptBlueprint '/Game/StarterContent/Maps/Minimal_Default.Minimal_Default:PersistentLevel.Minimal_Default' with GeneratedClass '/Game/StarterContent/Maps/Minimal_Default.Minimal_Default_C' with ClassGeneratedBy '/Game/StarterContent/Maps/Minimal_Default.Minimal_Default:PersistentLevel.Minimal_Default'
[2016.02.15-13.02.39:035][971]LogBlueprintUserMessages: Late EndPlayMap Detection: Level '/Game/StarterContent/Maps/Minimal_Default.Minimal_Default:PersistentLevel' has LevelScriptBlueprint '/Game/StarterContent/Maps/Minimal_Default.Minimal_Default:PersistentLevel.Minimal_Default' with GeneratedClass '/Game/StarterContent/Maps/Minimal_Default.Minimal_Default_C' with ClassGeneratedBy '/Game/StarterContent/Maps/Minimal_Default.Minimal_Default:PersistentLevel.Minimal_Default'
[2016.02.15-13.02.39:046][971]LogParticles: Destroying 0 GPU particle simulations for FXSystem 0x00000230FC9E4400
[2016.02.15-13.03.27:052][719]LogLinker:Warning: Asset '../../../Engine/Content/ArtTools/RenderToTexture/Macros/RenderToTextureMacros.uasset' has been saved with empty engine version. The asset will be loaded but may be incompatible.
[2016.02.15-13.03.27:537][719]LogContentBrowser: Native class hierarchy updated for 'BlueprintGraph' in 0.0017 seconds. Added 107 classes and 0 folders.
[2016.02.15-13.04.07:239][532]LogBlueprintUserMessages: CustomizeDetails for Blueprint 'SFHUD', cached variable property's owner is '/Script/StarFox.PawnWithCamera'
[2016.02.15-13.04.23:119][162]LogBlueprintUserMessages: CustomizeDetails for Blueprint 'SFHUD', cached variable property's owner is '/Script/StarFox.PawnWithCamera'
[2016.02.15-13.04.36:893][595]BlueprintLog: New page: Compile SFHUD
[2016.02.15-13.04.36:962][595]BlueprintEditorCompileResults: Info The execution path doesn't end with a return node.  Cast Failed 
[2016.02.15-13.04.36:962][595]BlueprintEditorCompileResults: Info [0177.78] Compile of SFHUD successful! [in 68 ms]
[2016.02.15-13.04.45:896][593]LogBlueprintUserMessages: Early PlayInEditor Detection: Level '/Game/StarterContent/Maps/Minimal_Default.Minimal_Default:PersistentLevel' has LevelScriptBlueprint '/Game/StarterContent/Maps/Minimal_Default.Minimal_Default:PersistentLevel.Minimal_Default' with GeneratedClass '/Game/StarterContent/Maps/Minimal_Default.Minimal_Default_C' with ClassGeneratedBy '/Game/StarterContent/Maps/Minimal_Default.Minimal_Default:PersistentLevel.Minimal_Default'
[2016.02.15-13.04.45:896][593]LogPlayLevel: PlayLevel: No blueprints needed recompiling
[2016.02.15-13.04.45:896][593]PIE: New page: PIE session: Minimal_Default (Feb 15, 2016, 3:04:45 PM)
[2016.02.15-13.04.45:897][593]LogPlayLevel: Creating play world package: /Game/StarterContent/Maps/UEDPIE_0_Minimal_Default
[2016.02.15-13.04.45:907][593]LogPlayLevel: PIE: StaticDuplicateObject took: (0.010157s)
[2016.02.15-13.04.45:908][593]LogAIModule: Creating AISystem for world Minimal_Default
[2016.02.15-13.04.45:908][593]LogPlayLevel: PIE: World Init took: (0.000892s)
[2016.02.15-13.04.45:908][593]LogPlayLevel: PIE: Created PIE world by copying editor world from /Game/StarterContent/Maps/Minimal_Default.Minimal_Default to /Game/StarterContent/Maps/UEDPIE_0_Minimal_Default.Minimal_Default (0.011234s)
[2016.02.15-13.04.45:937][593]LogInit: XAudio2 using '1 - BenQ GW2750H (AMD High Definition Audio Device)' : 2 channels at 48 kHz using 16 bits per sample (channel mask 0x3)
[2016.02.15-13.04.45:943][593]LogInit: FAudioDevice initialized.
[2016.02.15-13.04.45:976][593]LogWorld: Game class is 'MyStarFoxGameModeBP_C'
[2016.02.15-13.04.45:984][593]LogWorld:Warning: *** WARNING - PATHS MAY NOT BE VALID ***
[2016.02.15-13.04.45:984][593]LogWorld: Bringing World /Game/StarterContent/Maps/UEDPIE_0_Minimal_Default.Minimal_Default up for play (max tick rate 0) at 2016.02.15-14.04.45
[2016.02.15-13.04.45:984][593]LogActor:Warning: GameSession /Game/StarterContent/Maps/UEDPIE_0_Minimal_Default.Minimal_Default:PersistentLevel.GameSession_1 has natively added scene component(s), but none of them were set as the actor's RootComponent - picking one arbitrarily
[2016.02.15-13.04.45:984][593]LogActor:Warning: GameNetworkManager /Game/StarterContent/Maps/UEDPIE_0_Minimal_Default.Minimal_Default:PersistentLevel.GameNetworkManager_1 has natively added scene component(s), but none of them were set as the actor's RootComponent - picking one arbitrarily
[2016.02.15-13.04.45:987][593]LogWorld: Bringing up level for play took: 0.009453
[2016.02.15-13.04.45:989][593]PIE: Info Play in editor start time for /Game/StarterContent/Maps/UEDPIE_0_Minimal_Default 0.867
[2016.02.15-13.04.45:989][593]LogBlueprintUserMessages: Late PlayInEditor Detection: Level '/Game/StarterContent/Maps/Minimal_Default.Minimal_Default:PersistentLevel' has LevelScriptBlueprint '/Game/StarterContent/Maps/Minimal_Default.Minimal_Default:PersistentLevel.Minimal_Default' with GeneratedClass '/Game/StarterContent/Maps/Minimal_Default.Minimal_Default_C' with ClassGeneratedBy '/Game/StarterContent/Maps/Minimal_Default.Minimal_Default:PersistentLevel.Minimal_Default'
[2016.02.15-13.04.47:796][806]LogBlueprintUserMessages: Early EndPlayMap Detection: Level '/Game/StarterContent/Maps/Minimal_Default.Minimal_Default:PersistentLevel' has LevelScriptBlueprint '/Game/StarterContent/Maps/Minimal_Default.Minimal_Default:PersistentLevel.Minimal_Default' with GeneratedClass '/Game/StarterContent/Maps/Minimal_Default.Minimal_Default_C' with ClassGeneratedBy '/Game/StarterContent/Maps/Minimal_Default.Minimal_Default:PersistentLevel.Minimal_Default'
[2016.02.15-13.04.47:828][806]LogBlueprintUserMessages: Late EndPlayMap Detection: Level '/Game/StarterContent/Maps/Minimal_Default.Minimal_Default:PersistentLevel' has LevelScriptBlueprint '/Game/StarterContent/Maps/Minimal_Default.Minimal_Default:PersistentLevel.Minimal_Default' with GeneratedClass '/Game/StarterContent/Maps/Minimal_Default.Minimal_Default_C' with ClassGeneratedBy '/Game/StarterContent/Maps/Minimal_Default.Minimal_Default:PersistentLevel.Minimal_Default'
[2016.02.15-13.04.47:847][806]LogParticles: Destroying 0 GPU particle simulations for FXSystem 0x000002308D5EC720
[2016.02.15-13.04.58:496][894]LogVSAccessor:Warning: Visual Studio is open but could not be queried - it may be blocked by a modal operation
[2016.02.15-13.05.00:534][895]LogVSAccessor:Warning: Couldn't goto line number '0' in 'C:/Users/Niclas/Documents/GitHub/StarWingururur/StarFox/Source/StarFox/ring.h'
[2016.02.15-13.05.01:555][895]LogVSAccessor:Warning: Couldn't goto line number '0' in 'C:/Users/Niclas/Documents/GitHub/StarWingururur/StarFox/Source/StarFox/ring.cpp'
[2016.02.15-13.05.10:978][996]Recompiling StarFox...
[2016.02.15-13.05.10:978][996]Launching UnrealBuildTool... [C:/Program Files/Epic Games/4.9/Engine/Binaries/DotNET/UnrealBuildTool.exe StarFox -ModuleWithSuffix StarFox 26 Win64 Development -editorrecompile -canskiplink "C:/Users/Niclas/Documents/GitHub/StarWingururur/StarFox/StarFox.uproject" -rocket  -rocket]
[2016.02.15-13.05.10:980][996]Warning: Starting HotReload took  0.0s.
[2016.02.15-13.05.30:601][160]CompilerResultsLog: New page: Compilation - Feb 15, 2016, 3:05:30 PM
[2016.02.15-13.05.30:602][160]CompilerResultsLog: Info Compiling game modules for hot reload
[2016.02.15-13.05.30:602][160]CompilerResultsLog: Info Parsing headers for StarFoxEditor
[2016.02.15-13.05.30:602][160]CompilerResultsLog: Info   Running UnrealHeaderTool "C:/Users/Niclas/Documents/GitHub/StarWingururur/StarFox/StarFox.uproject" "C:\Users\Niclas\Documents\GitHub\StarWingururur\StarFox\Intermediate\Build\Win64\StarFoxEditor\Development\UnrealHeaderTool.manifest" -LogCmds="loginit warning, logexit warning, logdatabase error" -rocket -installed
[2016.02.15-13.05.30:602][160]CompilerResultsLog: Info Reflection code generated for StarFoxEditor in 9,7543231 seconds
[2016.02.15-13.05.30:602][160]CompilerResultsLog: Info Performing 4 actions (4 in parallel)
[2016.02.15-13.05.30:602][160]CompilerResultsLog: Info ring.cpp
[2016.02.15-13.05.30:602][160]CompilerResultsLog: Info StarFox.generated.cpp
[2016.02.15-13.05.30:602][160]CompilerResultsLog: Info PawnWithCamera.cpp
[2016.02.15-13.05.30:602][160]CompilerResultsLog:Error: Error c:\users\niclas\documents\github\starwingururur\starfox\source\starfox\PawnWithCamera.h(39)  : warning C4263: 'void APawnWithCamera::TakeDamage(void)' : member function does not override any base class virtual member functionc:\users\niclas\documents\github\starwingururur\starfox\source\starfox\PawnWithCamera.h(39) : warning C4263: 'void APawnWithCamera::TakeDamage(void)' : member function does not override any base class virtual member function
[2016.02.15-13.05.30:602][160]CompilerResultsLog: Info 
[2016.02.15-13.05.30:602][160]CompilerResultsLog:Error: Error c:\users\niclas\documents\github\starwingururur\starfox\source\starfox\PawnWithCamera.h(105)  : warning C4264: 'float APawn::TakeDamage(float,const FDamageEvent &,AController *,AActor *)' : no override available for virtual member function from base 'APawn'; function is hiddenc:\users\niclas\documents\github\starwingururur\starfox\source\starfox\PawnWithCamera.h(105) : warning C4264: 'float APawn::TakeDamage(float,const FDamageEvent &,AController *,AActor *)' : no override available for virtual member function from base 'APawn'; function is hidden
[2016.02.15-13.05.30:602][160]CompilerResultsLog: Info 
[2016.02.15-13.05.30:602][160]CompilerResultsLog: Info          C:\Program Files\Epic Games\4.9\Engine\Source\Runtime\Engine\Classes\GameFramework/Pawn.h(216)  : see declaration of 'APawn::TakeDamage'        C:\Program Files\Epic Games\4.9\Engine\Source\Runtime\Engine\Classes\GameFramework/Pawn.h(216) : see declaration of 'APawn::TakeDamage'
[2016.02.15-13.05.30:602][160]CompilerResultsLog: Info 
[2016.02.15-13.05.30:602][160]CompilerResultsLog: Info          C:\Program Files\Epic Games\4.9\Engine\Source\Runtime\Engine\Classes\GameFramework/Pawn.h(31)  : see declaration of 'APawn'        C:\Program Files\Epic Games\4.9\Engine\Source\Runtime\Engine\Classes\GameFramework/Pawn.h(31) : see declaration of 'APawn'
[2016.02.15-13.05.30:602][160]CompilerResultsLog: Info 
[2016.02.15-13.05.30:602][160]CompilerResultsLog:Error: Error C:\Users\Niclas\Documents\GitHub\StarWingururur\StarFox\Source\StarFox\PawnWithCamera.h(39)  : warning C4263: 'void APawnWithCamera::TakeDamage(void)' : member function does not override any base class virtual member function
[2016.02.15-13.05.30:602][160]CompilerResultsLog:Error: Error C:\Users\Niclas\Documents\GitHub\StarWingururur\StarFox\Source\StarFox\PawnWithCamera.h(105)  : warning C4264: 'float APawn::TakeDamage(float,const FDamageEvent &,AController *,AActor *)' : no override available for virtual member function from base 'APawn'; function is hidden
[2016.02.15-13.05.30:602][160]CompilerResultsLog: Info          C:\Program Files\Epic Games\4.9\Engine\Source\Runtime\Engine\Classes\GameFramework/Pawn.h(216)  : see declaration of 'APawn::TakeDamage'
[2016.02.15-13.05.30:602][160]CompilerResultsLog: Info          C:\Program Files\Epic Games\4.9\Engine\Source\Runtime\Engine\Classes\GameFramework/Pawn.h(31)  : see declaration of 'APawn'
[2016.02.15-13.05.30:602][160]CompilerResultsLog: Info [4/4] Link UE4Editor-StarFox-26.dll
[2016.02.15-13.05.30:602][160]CompilerResultsLog: Info    Creating library C:\Users\Niclas\Documents\GitHub\StarWingururur\StarFox\Intermediate/Build/Win64\UE4Editor\Development\UE4Editor-StarFox-26.lib and object C:\Users\Niclas\Documents\GitHub\StarWingururur\StarFox\Intermediate/Build/Win64\UE4Editor\Development\UE4Editor-StarFox-26.exp
[2016.02.15-13.05.30:602][160]CompilerResultsLog: Info -------- End Detailed Actions Stats -----------------------------------------------------------
[2016.02.15-13.05.30:602][160]CompilerResultsLog: Info Total build time: 19,46 seconds
[2016.02.15-13.05.30:602][160]LogMainFrame: MainFrame: Module compiling took 19.627 seconds
[2016.02.15-13.05.30:635][160]LogClass: Could not find existing class PawnWithCamera in package /Script/StarFox for HotReload, assuming new class
[2016.02.15-13.05.30:642][160]LogHotReload: Re-instancing PawnWithCamera after hot-reload.
[2016.02.15-13.05.30:643][160]LogUObjectGlobals:Warning: Guid is in use by SceneComponent /Game/StarterContent/Maps/Minimal_Default.Minimal_Default:PersistentLevel.PawnWithCamera_0.Root and SceneComponent /Game/StarterContent/Maps/Minimal_Default.Minimal_Default:PersistentLevel.PawnWithCamera_1.Root, which should never happen in the editor but could happen at runtime with duplicate level loading or PIE
[2016.02.15-13.05.30:643][160]LogUObjectGlobals:Warning: Guid is in use by StaticMeshComponent /Game/StarterContent/Maps/Minimal_Default.Minimal_Default:PersistentLevel.PawnWithCamera_0.UFO and StaticMeshComponent /Game/StarterContent/Maps/Minimal_Default.Minimal_Default:PersistentLevel.PawnWithCamera_1.UFO, which should never happen in the editor but could happen at runtime with duplicate level loading or PIE
[2016.02.15-13.05.30:643][160]LogUObjectGlobals:Warning: Guid is in use by SphereComponent /Game/StarterContent/Maps/Minimal_Default.Minimal_Default:PersistentLevel.PawnWithCamera_0.RootComponent and SphereComponent /Game/StarterContent/Maps/Minimal_Default.Minimal_Default:PersistentLevel.PawnWithCamera_1.RootComponent, which should never happen in the editor but could happen at runtime with duplicate level loading or PIE
[2016.02.15-13.05.30:643][160]LogUObjectGlobals:Warning: Guid is in use by SpringArmComponent /Game/StarterContent/Maps/Minimal_Default.Minimal_Default:PersistentLevel.PawnWithCamera_0.CameraSpringArm and SpringArmComponent /Game/StarterContent/Maps/Minimal_Default.Minimal_Default:PersistentLevel.PawnWithCamera_1.CameraSpringArm, which should never happen in the editor but could happen at runtime with duplicate level loading or PIE
[2016.02.15-13.05.30:643][160]LogUObjectGlobals:Warning: Guid is in use by CameraComponent /Game/StarterContent/Maps/Minimal_Default.Minimal_Default:PersistentLevel.PawnWithCamera_0.GameCamera and CameraComponent /Game/StarterContent/Maps/Minimal_Default.Minimal_Default:PersistentLevel.PawnWithCamera_1.GameCamera, which should never happen in the editor but could happen at runtime with duplicate level loading or PIE
[2016.02.15-13.05.30:675][160]LogContentBrowser: Native class hierarchy updated for 'StarFox' in 0.0015 seconds. Added 5 classes and 2 folders.
[2016.02.15-13.05.30:678][160]Warning: HotReload successful (3 functions remapped  0 scriptstructs remapped)
[2016.02.15-13.05.31:095][160]LogContentBrowser: Native class hierarchy populated in 0.0074 seconds. Added 1873 classes and 337 folders.
[2016.02.15-13.05.32:106][278]LogBlueprintUserMessages: Early PlayInEditor Detection: Level '/Game/StarterContent/Maps/Minimal_Default.Minimal_Default:PersistentLevel' has LevelScriptBlueprint '/Game/StarterContent/Maps/Minimal_Default.Minimal_Default:PersistentLevel.Minimal_Default' with GeneratedClass '/Game/StarterContent/Maps/Minimal_Default.Minimal_Default_C' with ClassGeneratedBy '/Game/StarterContent/Maps/Minimal_Default.Minimal_Default:PersistentLevel.Minimal_Default'
[2016.02.15-13.05.32:107][278]LogPlayLevel: PlayLevel: No blueprints needed recompiling
[2016.02.15-13.05.32:107][278]PIE: New page: PIE session: Minimal_Default (Feb 15, 2016, 3:05:32 PM)
[2016.02.15-13.05.32:107][278]LogPlayLevel: Creating play world package: /Game/StarterContent/Maps/UEDPIE_0_Minimal_Default
[2016.02.15-13.05.32:117][278]LogPlayLevel: PIE: StaticDuplicateObject took: (0.009771s)
[2016.02.15-13.05.32:117][278]LogAIModule: Creating AISystem for world Minimal_Default
[2016.02.15-13.05.32:117][278]LogPlayLevel: PIE: World Init took: (0.000935s)
[2016.02.15-13.05.32:118][278]LogPlayLevel: PIE: Created PIE world by copying editor world from /Game/StarterContent/Maps/Minimal_Default.Minimal_Default to /Game/StarterContent/Maps/UEDPIE_0_Minimal_Default.Minimal_Default (0.010875s)
[2016.02.15-13.05.32:162][278]LogInit: XAudio2 using '1 - BenQ GW2750H (AMD High Definition Audio Device)' : 2 channels at 48 kHz using 16 bits per sample (channel mask 0x3)
[2016.02.15-13.05.32:168][278]LogInit: FAudioDevice initialized.
[2016.02.15-13.05.32:199][278]LogWorld: Game class is 'MyStarFoxGameModeBP_C'
[2016.02.15-13.05.32:206][278]LogWorld:Warning: *** WARNING - PATHS MAY NOT BE VALID ***
[2016.02.15-13.05.32:206][278]LogWorld: Bringing World /Game/StarterContent/Maps/UEDPIE_0_Minimal_Default.Minimal_Default up for play (max tick rate 0) at 2016.02.15-14.05.32
[2016.02.15-13.05.32:206][278]LogActor:Warning: GameSession /Game/StarterContent/Maps/UEDPIE_0_Minimal_Default.Minimal_Default:PersistentLevel.GameSession_2 has natively added scene component(s), but none of them were set as the actor's RootComponent - picking one arbitrarily
[2016.02.15-13.05.32:206][278]LogActor:Warning: GameNetworkManager /Game/StarterContent/Maps/UEDPIE_0_Minimal_Default.Minimal_Default:PersistentLevel.GameNetworkManager_2 has natively added scene component(s), but none of them were set as the actor's RootComponent - picking one arbitrarily
[2016.02.15-13.05.32:209][278]LogWorld: Bringing up level for play took: 0.009143
[2016.02.15-13.05.32:211][278]PIE: Info Play in editor start time for /Game/StarterContent/Maps/UEDPIE_0_Minimal_Default 1.088
[2016.02.15-13.05.32:211][278]LogBlueprintUserMessages: Late PlayInEditor Detection: Level '/Game/StarterContent/Maps/Minimal_Default.Minimal_Default:PersistentLevel' has LevelScriptBlueprint '/Game/StarterContent/Maps/Minimal_Default.Minimal_Default:PersistentLevel.Minimal_Default' with GeneratedClass '/Game/StarterContent/Maps/Minimal_Default.Minimal_Default_C' with ClassGeneratedBy '/Game/StarterContent/Maps/Minimal_Default.Minimal_Default:PersistentLevel.Minimal_Default'
[2016.02.15-13.05.36:309][699]LogCrashTracker: 


[2016.02.15-13.05.36:310][699]LogCrashTracker: 


[2016.02.15-13.05.36:311][699]LogWindows: === Critical error: ===
Fatal error!



[2016.02.15-13.05.36:413][699]LogExit: Executing StaticShutdownAfterError
[2016.02.15-13.05.36:417][699]LogOutputDevice:Warning: 

Script Stack:
ring.OnBeginOverlap

[2016.02.15-13.05.36:435][699]LogPhysics:Warning: PHYSX: ..\..\PhysX\src\NpScene.cpp (2946) 8 : PxScene::unlockWrite() called without matching call to PxScene::lockWrite(), behaviour will be undefined.
[2016.02.15-13.05.36:435][699]LogPhysics:Warning: PHYSX: ..\..\PhysX\src\NpScene.cpp (2946) 8 : PxScene::unlockWrite() called without matching call to PxScene::lockWrite(), behaviour will be undefined.
[2016.02.15-13.05.36:435][699]LogPhysics:Warning: PHYSX: ..\..\PhysX\src\NpScene.cpp (2946) 8 : PxScene::unlockWrite() called without matching call to PxScene::lockWrite(), behaviour will be undefined.
[2016.02.15-13.05.36:435][699]LogPhysics:Warning: PHYSX: ..\..\PhysX\src\NpScene.cpp (2946) 8 : PxScene::unlockWrite() called without matching call to PxScene::lockWrite(), behaviour will be undefined.
[2016.02.15-13.05.36:436][699]LogPhysics:Warning: PHYSX: ..\..\PhysX\src\NpScene.cpp (2946) 8 : PxScene::unlockWrite() called without matching call to PxScene::lockWrite(), behaviour will be undefined.
[2016.02.15-13.05.36:436][699]LogPhysics:Warning: PHYSX: ..\..\PhysX\src\NpScene.cpp (2946) 8 : PxScene::unlockWrite() called without matching call to PxScene::lockWrite(), behaviour will be undefined.
[2016.02.15-13.05.36:436][699]LogPhysics:Warning: PHYSX: ..\..\PhysX\src\NpScene.cpp (2946) 8 : PxScene::unlockWrite() called without matching call to PxScene::lockWrite(), behaviour will be undefined.
[2016.02.15-13.05.36:436][699]LogPhysics:Warning: PHYSX: ..\..\PhysX\src\NpScene.cpp (2946) 8 : PxScene::unlockWrite() called without matching call to PxScene::lockWrite(), behaviour will be undefined.
[2016.02.15-13.05.36:437][699]LogWindows: FPlatformMisc::RequestExit(1)
[2016.02.15-13.05.36:437][699]Log file closed, 02/15/16 14:05:36
