[2016.02.14-11.49.07:479][  0]Log file open, 02/14/16 12:49:07
[2016.02.14-11.49.07:479][  0]LogInit:Display: Running engine for game: StarFox
[2016.02.14-11.49.07:479][  0]LogInit:Display: RandInit(102036562) SRandInit(102036562).
[2016.02.14-11.49.07:479][  0]LogTaskGraph: Started task graph with 4 named threads and 7 total threads.
[2016.02.14-11.49.07:480][  0]LogStats: Stats thread started at 0.175132
[2016.02.14-11.49.07:480][  0]LogInit: Version: 4.9.2-2707645+++depot+UE4-Releases+4.9
[2016.02.14-11.49.07:480][  0]LogInit: API Version: 2672455
[2016.02.14-11.49.07:480][  0]LogInit: Compiled (64-bit): Sep 28 2015 10:25:44
[2016.02.14-11.49.07:480][  0]LogInit: Compiled with Visual C++: 18.00.21005.01
[2016.02.14-11.49.07:480][  0]LogInit: Build Configuration: Development
[2016.02.14-11.49.07:480][  0]LogInit: Branch Name: ++depot+UE4-Releases+4.9
[2016.02.14-11.49.07:480][  0]LogInit: Command line:  
[2016.02.14-11.49.07:480][  0]LogInit: Base directory: C:/Program Files/Epic Games/4.9/Engine/Binaries/Win64/
[2016.02.14-11.49.07:480][  0]LogInit: Rocket: 1
[2016.02.14-11.49.07:490][  0]LogInit: Using libcurl 7.41.0
[2016.02.14-11.49.07:490][  0]LogInit:  - built for x86_64-pc-win32
[2016.02.14-11.49.07:490][  0]LogInit:  - supports SSL with WinSSL
[2016.02.14-11.49.07:490][  0]LogInit:  - other features:
[2016.02.14-11.49.07:490][  0]LogInit:      CURL_VERSION_SSL
[2016.02.14-11.49.07:490][  0]LogInit:      CURL_VERSION_IPV6
[2016.02.14-11.49.07:490][  0]LogInit:      CURL_VERSION_ASYNCHDNS
[2016.02.14-11.49.07:490][  0]LogInit:      CURL_VERSION_LARGEFILE
[2016.02.14-11.49.07:490][  0]LogInit:      CURL_VERSION_IDN
[2016.02.14-11.49.07:491][  0]LogInit:  CurlRequestOptions (configurable via config and command line):
[2016.02.14-11.49.07:491][  0]LogInit:  - bVerifyPeer = true  - Libcurl will verify peer certificate
[2016.02.14-11.49.07:491][  0]LogInit:  - bUseHttpProxy = false  - Libcurl will NOT use HTTP proxy
[2016.02.14-11.49.07:491][  0]LogInit:  - bDontReuseConnections = false  - Libcurl will reuse connections
[2016.02.14-11.49.07:491][  0]LogInit:  - CertBundlePath = nullptr  - Libcurl will use whatever was configured at build time.
[2016.02.14-11.49.07:501][  0]LogInit: Presizing for 0 objects not considered by GC, pre-allocating 0 bytes.
[2016.02.14-11.49.07:519][  0]LogInit: Object subsystem initialized
[2016.02.14-11.49.07:537][  0]LogInit: Selected Device Profile: [Windows]
[2016.02.14-11.49.07:537][  0]LogInit: Applying CVar settings loaded from the selected device profile: [Windows]
[2016.02.14-11.49.07:545][  0]LogInit: Computer: FIDUS
[2016.02.14-11.49.07:545][  0]LogInit: User: Niclas
[2016.02.14-11.49.07:545][  0]LogInit: CPU Page size=4096, Cores=4
[2016.02.14-11.49.07:546][  0]LogInit: High frequency timer resolution =3.386480 MHz
[2016.02.14-11.49.07:546][  0]LogMemory: Memory total: Physical=15.9GB (16GB approx)
[2016.02.14-11.49.07:546][  0]LogMemory: Platform Memory Stats for Windows
[2016.02.14-11.49.07:546][  0]LogMemory: Process Physical Memory: 54.40 MB used, 54.40 MB peak
[2016.02.14-11.49.07:546][  0]LogMemory: Process Virtual Memory: 55.29 MB used, 55.29 MB peak
[2016.02.14-11.49.07:546][  0]LogMemory: Physical Memory: 6770.25 MB used, 16332.28 MB total
[2016.02.14-11.49.07:546][  0]LogMemory: Virtual Memory: 368.25 MB used, 134217728.00 MB total
[2016.02.14-11.49.07:613][  0]LogTextLocalizationManager: No translations for ('sv-SE') exist, falling back to 'en' for localization and internationalization data.
[2016.02.14-11.49.08:167][  0]LogD3D11RHI: Found D3D11 adapter 0: AMD Radeon HD 7800 Series (Feature Level 11_0)
[2016.02.14-11.49.08:167][  0]LogD3D11RHI: Adapter has 2030MB of dedicated video memory, 0MB of dedicated system memory, and 8166MB of shared system memory, 1 output[s]
[2016.02.14-11.49.08:168][  0]LogD3D11RHI: Found D3D11 adapter 1: Microsoft Basic Render Driver (Feature Level 11_0)
[2016.02.14-11.49.08:168][  0]LogD3D11RHI: Adapter has 0MB of dedicated video memory, 0MB of dedicated system memory, and 8166MB of shared system memory, 0 output[s]
[2016.02.14-11.49.08:168][  0]LogD3D11RHI: Chosen D3D11 Adapter Id = 0
[2016.02.14-11.49.08:172][  0]LogD3D11RHI: !Direct3DDevice
[2016.02.14-11.49.08:172][  0]LogRHI: Texture pool is 1361 MB (70% of 1945 MB)
[2016.02.14-11.49.08:178][  0]LogD3D11RHI: Async texture creation disabled: no driver support
[2016.02.14-11.49.08:208][  0]LogShaderCompilers: Guid format shader working directory is 14 characters bigger than the processId version (../../../../../../Users/Niclas/Documents/GitHub/Staroxurur/StarFox/Intermediate/Shaders/WorkingDirectory/11364/).
[2016.02.14-11.49.08:208][  0]LogShaderCompilers: Cleaned the shader compiler working directory '../../../../../../Users/Niclas/Documents/GitHub/Staroxurur/StarFox/Intermediate/Shaders/tmp/CECDE81440A01408AB0BDDB1129919F9/'.
[2016.02.14-11.49.08:208][  0]LogShaderCompilers:Display: Using Local Shader Compiler.
[2016.02.14-11.49.09:302][  0]LogTemp:Display: Loaded TP AllDesktopTargetPlatform
[2016.02.14-11.49.09:307][  0]LogTemp:Display: Loaded TP WindowsClientTargetPlatform
[2016.02.14-11.49.09:312][  0]LogTemp:Display: Loaded TP WindowsNoEditorTargetPlatform
[2016.02.14-11.49.09:317][  0]LogTemp:Display: Loaded TP WindowsServerTargetPlatform
[2016.02.14-11.49.09:322][  0]LogTemp:Display: Loaded TP WindowsTargetPlatform
[2016.02.14-11.49.09:326][  0]LogTemp:Display: Loaded TP AndroidTargetPlatform
[2016.02.14-11.49.09:329][  0]LogTemp:Display: Loaded TP Android_ASTCTargetPlatform
[2016.02.14-11.49.09:332][  0]LogTemp:Display: Loaded TP Android_ATCTargetPlatform
[2016.02.14-11.49.09:335][  0]LogTemp:Display: Loaded TP Android_DXTTargetPlatform
[2016.02.14-11.49.09:338][  0]LogTemp:Display: Loaded TP Android_ETC1TargetPlatform
[2016.02.14-11.49.09:341][  0]LogTemp:Display: Loaded TP Android_ETC2TargetPlatform
[2016.02.14-11.49.09:344][  0]LogTemp:Display: Loaded TP Android_PVRTCTargetPlatform
[2016.02.14-11.49.09:345][  0]LogTemp:Display: Loaded TP HTML5TargetPlatform
[2016.02.14-11.49.09:361][  0]LogTemp:Display: Loaded TP IOSTargetPlatform
[2016.02.14-11.49.09:364][  0]LogTemp:Display: Loaded TP LinuxNoEditorTargetPlatform
[2016.02.14-11.49.09:367][  0]LogTemp:Display: Loaded TP LinuxServerTargetPlatform
[2016.02.14-11.49.09:370][  0]LogTemp:Display: Loaded TP LinuxTargetPlatform
[2016.02.14-11.49.09:370][  0]LogTargetPlatformManager:Display: Building Assets For Windows
[2016.02.14-11.49.09:464][  0]LogDerivedDataCache:Display: Max Cache Size: 512 MB
[2016.02.14-11.49.09:731][  0]LogDerivedDataCache: Loaded boot cache 0.27s 41MB C:/Users/Niclas/AppData/Local/UnrealEngine/4.9/DerivedDataCache/Boot.ddc.
[2016.02.14-11.49.09:731][  0]LogDerivedDataCache:Display: Loaded Boot cache: C:/Users/Niclas/AppData/Local/UnrealEngine/4.9/DerivedDataCache/Boot.ddc
[2016.02.14-11.49.09:732][  0]LogDerivedDataCache: FDerivedDataBackendGraph:  Pak pak cache file ../../../../../../Users/Niclas/Documents/GitHub/Staroxurur/StarFox/DerivedDataCache/DDC.ddp not found, will not use a pak cache.
[2016.02.14-11.49.09:732][  0]LogDerivedDataCache: Unable to find inner node Pak for hierarchical cache Hierarchy.
[2016.02.14-11.49.09:732][  0]LogDerivedDataCache: FDerivedDataBackendGraph:  CompressedPak pak cache file ../../../../../../Users/Niclas/Documents/GitHub/Staroxurur/StarFox/DerivedDataCache/Compressed.ddp not found, will not use a pak cache.
[2016.02.14-11.49.09:732][  0]LogDerivedDataCache: Unable to find inner node CompressedPak for hierarchical cache Hierarchy.
[2016.02.14-11.49.09:892][  0]LogDerivedDataCache:Display: Pak cache opened for reading ../../../Engine/DerivedDataCache/Compressed.ddp.
[2016.02.14-11.49.09:904][  0]LogDerivedDataCache: Using Local data cache path C:/Users/Niclas/AppData/Local/UnrealEngine/Common/DerivedDataCache: Writable
[2016.02.14-11.49.10:666][  0]LogInit: Selected Device Profile: [Windows]
[2016.02.14-11.49.10:676][  0]LogContentStreaming: Texture pool size is 0.000000MB
[2016.02.14-11.49.10:878][  0]LogMeshUtilities: No automatic mesh reduction module available
[2016.02.14-11.49.10:878][  0]LogMeshUtilities: No automatic mesh merging module available
[2016.02.14-11.49.11:310][  0]LogInit: WinSock: version 1.1 (2.2), MaxSocks=32767, MaxUdp=65467
[2016.02.14-11.49.12:866][  0]UdpMessaging: Initializing bridge on interface 0.0.0.0:0 to multicast group 230.0.0.1:6666.
[2016.02.14-11.49.13:084][  0]LogAssetRegistry: FAssetRegistry took 0.0125 seconds to start up
[2016.02.14-11.49.13:363][  0]SourceControl: Info Source control is disabled
[2016.02.14-11.49.13:364][  0]SourceControl: Info Source control is disabled
[2016.02.14-11.49.13:380][  0]SourceControl: Info Source control is disabled
[2016.02.14-11.49.13:400][  0]SourceControl: Info Source control is disabled
[2016.02.14-11.49.13:623][  0]LogLinker:Warning: Asset '../../../Engine/Plugins/Runtime/LeapMotionController/Content/LM_PassthroughMaterial.uasset' has been saved with empty engine version. The asset will be loaded but may be incompatible.
[2016.02.14-11.49.13:729][  0]LogObj: 28386 objects as part of root set at end of initial load.
[2016.02.14-11.49.13:730][  0]LogUObjectAllocator: 6050200 out of 0 bytes used by permanent object pool.
[2016.02.14-11.49.13:846][  0]LogEngine: Initializing Engine...
[2016.02.14-11.49.13:850][  0]LogHMD: Can't find Oculus library dev build: is proper Runtime installed? Version: 0.7.0.0
[2016.02.14-11.49.13:857][  0]LogHMD: SteamVR failed to initialize.  Err: 110
[2016.02.14-11.49.14:033][  0]LogAIModule: Creating AISystem for world NewWorld
[2016.02.14-11.49.14:076][  0]LogInit: XAudio2 using 'Högtalare (Logitech G35 Gaming Headset)' : 2 channels at 44.1 kHz using 16 bits per sample (channel mask 0x3)
[2016.02.14-11.49.14:103][  0]LogInit: FAudioDevice initialized.
[2016.02.14-11.49.14:123][  0]LogDerivedDataCache: Saved boot cache 0.02s 41MB C:/Users/Niclas/AppData/Local/UnrealEngine/4.9/DerivedDataCache/Boot.ddc.
[2016.02.14-11.49.14:126][  0]LogInit: Texture streaming: Enabled
[2016.02.14-11.49.14:134][  0]LogAnalytics: Creating configured Analytics provider AnalyticsET
[2016.02.14-11.49.14:134][  0]LogAnalytics: [UEEditor.Rocket.Release] APIServer = http://et2.epicgames.com/ET2/. AppVersion = 4.9.2-2707645+++depot+UE4-Releases+4.9
[2016.02.14-11.49.14:134][  0]LogAnalytics: [UEEditor.Rocket.Release] SetUserId 8d5f2d8b4e520712a8f1e688fed765ab|99f216c1865e471987722078da7bde5f|50f43dcd-c54f-4aa6-a5c1-e948023fc359
[2016.02.14-11.49.14:134][  0]LogAnalytics: [UEEditor.Rocket.Release] AnalyticsET::StartSession
[2016.02.14-11.49.14:180][  0]LogInit: Transaction tracking system initialized
[2016.02.14-11.49.14:292][  0]BlueprintLog: New page: Editor Load
[2016.02.14-11.49.14:588][  0]LocalizationService: Info Localization service is disabled
[2016.02.14-11.49.14:728][  0]LogConsoleResponse:Display: 
[2016.02.14-11.49.14:899][  0]LogCook:Display: Done creating registry. It took  0.00s.
[2016.02.14-11.49.15:016][  0]LogFileCache: Scanning file cache for directory 'C:/Users/Niclas/Documents/GitHub/Staroxurur/StarFox/Content/' took 0.01s
[2016.02.14-11.49.15:016][  0]SourceControl: Info Source control is disabled
[2016.02.14-11.49.15:019][  0]Cmd: MAP LOAD FILE="../../../../../../Users/Niclas/Documents/GitHub/Staroxurur/StarFox/Content/StarterContent/Maps/Minimal_Default.umap" TEMPLATE=0 SHOWPROGRESS=1 FEATURELEVEL=3
[2016.02.14-11.49.15:023][  0]LightingResults: New page: Lighting Build
[2016.02.14-11.49.15:035][  0]MapCheck: New page: Map Check
[2016.02.14-11.49.15:035][  0]LightingResults: New page: Lighting Build
[2016.02.14-11.49.15:067][  0]LogParticles: Destroying 0 GPU particle simulations for FXSystem 0x000001A7D3C43CE0
[2016.02.14-11.49.15:343][  0]LogBlueprint:Warning: [compiler FlyingPawn] Warning Input Axis Event references unknown Axis 'MoveRight' for  InputAxis MoveRight 
[2016.02.14-11.49.15:343][  0]LogBlueprint:Warning: [compiler FlyingPawn] Warning Input Axis Event references unknown Axis 'MoveUp' for  InputAxis MoveUp 
[2016.02.14-11.49.15:348][  0]LogBlueprint:Warning: [compiler FlyingPawn] Warning [0009.00] Compile of FlyingPawn successful, but with 2 Warning(s) [in 14 ms]
[2016.02.14-11.49.15:348][  0]LogBlueprint:Warning: [compiler FlyingPawn] Warning [0009.00] Compile of FlyingPawn successful, but with 3 Warning(s) [in 0 ms]
[2016.02.14-11.49.15:348][  0]LogBlueprint:Warning: [compiler FlyingPawn] Warning [0009.00] Compile of FlyingPawn successful, but with 4 Warning(s) [in 0 ms]
[2016.02.14-11.49.15:363][  0]LogBlueprint:Warning: [compiler FlyingPawn] Warning Input Axis Event references unknown Axis 'MoveRight' for  InputAxis MoveRight 
[2016.02.14-11.49.15:363][  0]LogBlueprint:Warning: [compiler FlyingPawn] Warning Input Axis Event references unknown Axis 'MoveUp' for  InputAxis MoveUp 
[2016.02.14-11.49.15:367][  0]LogBlueprint:Warning: [compiler FlyingPawn] Warning [0009.02] Compile of FlyingPawn successful, but with 2 Warning(s) [in 14 ms]
[2016.02.14-11.49.15:367][  0]LogBlueprint:Warning: [compiler FlyingPawn] Warning [0009.02] Compile of FlyingPawn successful, but with 3 Warning(s) [in 0 ms]
[2016.02.14-11.49.15:367][  0]LogBlueprint:Warning: [compiler FlyingPawn] Warning [0009.02] Compile of FlyingPawn successful, but with 4 Warning(s) [in 0 ms]
[2016.02.14-11.49.15:691][  0]LogAIModule: Creating AISystem for world Minimal_Default
[2016.02.14-11.49.15:734][  0]LogEditorServer: Finished looking for orphan Actors (0.000 secs)
[2016.02.14-11.49.15:742][  0]Cmd: MAP CHECKDEP NOCLEARLOG
[2016.02.14-11.49.15:808][  0]MapCheck: Info Map check complete: 0 Error(s), 0 Warning(s), took 66.071ms to complete.
[2016.02.14-11.49.15:809][  0]LogFileHelpers: Loading map 'Minimal_Default' took 0.791
[2016.02.14-11.49.15:979][  0]LogCollectionManager: Loaded 0 collections in 0.002180 seconds
[2016.02.14-11.49.16:030][  0]LogFileCache: Scanning file cache for directory 'C:/Users/Niclas/Documents/GitHub/Staroxurur/StarFox/Saved/Collections/' took 0.01s
[2016.02.14-11.49.16:030][  0]LogFileCache: Scanning file cache for directory 'C:/Users/Niclas/Documents/GitHub/Staroxurur/StarFox/Content/Developers/Niclas/Collections/' took 0.01s
[2016.02.14-11.49.16:030][  0]LogFileCache: Scanning file cache for directory 'C:/Users/Niclas/Documents/GitHub/Staroxurur/StarFox/Content/Collections/' took 0.01s
[2016.02.14-11.49.16:030][  0]LogContentBrowser: Native class hierarchy populated in 0.0100 seconds. Added 1870 classes and 335 folders.
[2016.02.14-11.49.16:045][  0]LogCollectionManager: Rebuilt the GUID cache for 0 collections in 0.000006 seconds
[2016.02.14-11.49.16:059][  0]LogContentBrowser: Native class hierarchy updated for 'WidgetCarousel' in 0.0013 seconds. Added 0 classes and 0 folders.
[2016.02.14-11.49.16:189][  0]LogContentBrowser: Native class hierarchy updated for 'AddContentDialog' in 0.0014 seconds. Added 0 classes and 0 folders.
[2016.02.14-11.49.16:203][  0]LogContentBrowser: Native class hierarchy updated for 'SceneOutliner' in 0.0014 seconds. Added 1 classes and 2 folders.
[2016.02.14-11.49.16:279][  0]LogCrashTracker: Crashtracker disabled due to settings.
[2016.02.14-11.49.16:294][  0]LogUObjectGlobals:Warning: Failed to find object 'Class None.'
[2016.02.14-11.49.16:317][  0]LogLoad: Full Startup: 9.97 seconds (BP compile: 0.13 seconds)
[2016.02.14-11.49.16:406][  0]LogContentStreaming: Texture pool size now 1000 MB
[2016.02.14-11.49.16:540][  0]LogRenderer: Reallocating scene render targets to support 1208x576 (Frame:2).
[2016.02.14-11.49.16:871][  3]LogAssetRegistry: Asset discovery search completed in 3.7984 seconds
[2016.02.14-11.49.16:871][  3]LogCollectionManager: Rebuilt the object cache for 0 collections in 0.000001 seconds (found 0 objects)
[2016.02.14-11.49.16:871][  3]LogCollectionManager: Fixed up redirectors for 0 collections in 0.000103 seconds (updated 0 objects)
[2016.02.14-11.49.29:833][551]LogBlueprintUserMessages: Early PlayInEditor Detection: Level '/Game/StarterContent/Maps/Minimal_Default.Minimal_Default:PersistentLevel' has LevelScriptBlueprint '/Game/StarterContent/Maps/Minimal_Default.Minimal_Default:PersistentLevel.Minimal_Default' with GeneratedClass '/Game/StarterContent/Maps/Minimal_Default.Minimal_Default_C' with ClassGeneratedBy '/Game/StarterContent/Maps/Minimal_Default.Minimal_Default:PersistentLevel.Minimal_Default'
[2016.02.14-11.49.29:833][551]LogPlayLevel: PlayLevel: No blueprints needed recompiling
[2016.02.14-11.49.29:835][551]PIE: New page: PIE session: Minimal_Default (Feb 14, 2016, 1:49:29 PM)
[2016.02.14-11.49.29:835][551]LogPlayLevel: Creating play world package: /Game/StarterContent/Maps/UEDPIE_0_Minimal_Default
[2016.02.14-11.49.29:847][551]LogPlayLevel: PIE: StaticDuplicateObject took: (0.011140s)
[2016.02.14-11.49.29:847][551]LogAIModule: Creating AISystem for world Minimal_Default
[2016.02.14-11.49.29:847][551]LogPlayLevel: PIE: World Init took: (0.000661s)
[2016.02.14-11.49.29:848][551]LogPlayLevel: PIE: Created PIE world by copying editor world from /Game/StarterContent/Maps/Minimal_Default.Minimal_Default to /Game/StarterContent/Maps/UEDPIE_0_Minimal_Default.Minimal_Default (0.012568s)
[2016.02.14-11.49.29:878][551]LogInit: XAudio2 using 'Högtalare (Logitech G35 Gaming Headset)' : 2 channels at 44.1 kHz using 16 bits per sample (channel mask 0x3)
[2016.02.14-11.49.29:892][551]LogInit: FAudioDevice initialized.
[2016.02.14-11.49.29:968][551]LogWorld: Game class is 'MyStarFoxGameModeBP_C'
[2016.02.14-11.49.29:975][551]LogWorld:Warning: *** WARNING - PATHS MAY NOT BE VALID ***
[2016.02.14-11.49.29:975][551]LogWorld: Bringing World /Game/StarterContent/Maps/UEDPIE_0_Minimal_Default.Minimal_Default up for play (max tick rate 0) at 2016.02.14-12.49.29
[2016.02.14-11.49.29:975][551]LogActor:Warning: GameSession /Game/StarterContent/Maps/UEDPIE_0_Minimal_Default.Minimal_Default:PersistentLevel.GameSession_0 has natively added scene component(s), but none of them were set as the actor's RootComponent - picking one arbitrarily
[2016.02.14-11.49.29:976][551]LogActor:Warning: GameNetworkManager /Game/StarterContent/Maps/UEDPIE_0_Minimal_Default.Minimal_Default:PersistentLevel.GameNetworkManager_0 has natively added scene component(s), but none of them were set as the actor's RootComponent - picking one arbitrarily
[2016.02.14-11.49.29:983][551]LogWorld: Bringing up level for play took: 0.013161
[2016.02.14-11.49.29:996][551]PIE: Info Play in editor start time for /Game/StarterContent/Maps/UEDPIE_0_Minimal_Default 0.754
[2016.02.14-11.49.29:996][551]LogBlueprintUserMessages: Late PlayInEditor Detection: Level '/Game/StarterContent/Maps/Minimal_Default.Minimal_Default:PersistentLevel' has LevelScriptBlueprint '/Game/StarterContent/Maps/Minimal_Default.Minimal_Default:PersistentLevel.Minimal_Default' with GeneratedClass '/Game/StarterContent/Maps/Minimal_Default.Minimal_Default_C' with ClassGeneratedBy '/Game/StarterContent/Maps/Minimal_Default.Minimal_Default:PersistentLevel.Minimal_Default'
[2016.02.14-11.49.50:551][ 12]LogBlueprintUserMessages: Early EndPlayMap Detection: Level '/Game/StarterContent/Maps/Minimal_Default.Minimal_Default:PersistentLevel' has LevelScriptBlueprint '/Game/StarterContent/Maps/Minimal_Default.Minimal_Default:PersistentLevel.Minimal_Default' with GeneratedClass '/Game/StarterContent/Maps/Minimal_Default.Minimal_Default_C' with ClassGeneratedBy '/Game/StarterContent/Maps/Minimal_Default.Minimal_Default:PersistentLevel.Minimal_Default'
[2016.02.14-11.49.50:589][ 12]LogBlueprintUserMessages: Late EndPlayMap Detection: Level '/Game/StarterContent/Maps/Minimal_Default.Minimal_Default:PersistentLevel' has LevelScriptBlueprint '/Game/StarterContent/Maps/Minimal_Default.Minimal_Default:PersistentLevel.Minimal_Default' with GeneratedClass '/Game/StarterContent/Maps/Minimal_Default.Minimal_Default_C' with ClassGeneratedBy '/Game/StarterContent/Maps/Minimal_Default.Minimal_Default:PersistentLevel.Minimal_Default'
[2016.02.14-11.49.50:604][ 12]LogParticles: Destroying 0 GPU particle simulations for FXSystem 0x000001A7DC1A6520
[2016.02.14-11.51.09:491][720]LogEditorViewport: Clicking on Actor (LMB): StaticMeshActor (Floor)
[2016.02.14-12.09.26:654][171]LogBlueprintUserMessages: Early PlayInEditor Detection: Level '/Game/StarterContent/Maps/Minimal_Default.Minimal_Default:PersistentLevel' has LevelScriptBlueprint '/Game/StarterContent/Maps/Minimal_Default.Minimal_Default:PersistentLevel.Minimal_Default' with GeneratedClass '/Game/StarterContent/Maps/Minimal_Default.Minimal_Default_C' with ClassGeneratedBy '/Game/StarterContent/Maps/Minimal_Default.Minimal_Default:PersistentLevel.Minimal_Default'
[2016.02.14-12.09.26:654][171]LogPlayLevel: PlayLevel: No blueprints needed recompiling
[2016.02.14-12.09.26:655][171]PIE: New page: PIE session: Minimal_Default (Feb 14, 2016, 2:09:26 PM)
[2016.02.14-12.09.26:655][171]LogPlayLevel: Creating play world package: /Game/StarterContent/Maps/UEDPIE_0_Minimal_Default
[2016.02.14-12.09.26:665][171]LogPlayLevel: PIE: StaticDuplicateObject took: (0.010363s)
[2016.02.14-12.09.26:666][171]LogAIModule: Creating AISystem for world Minimal_Default
[2016.02.14-12.09.26:667][171]LogPlayLevel: PIE: World Init took: (0.001473s)
[2016.02.14-12.09.26:667][171]LogPlayLevel: PIE: Created PIE world by copying editor world from /Game/StarterContent/Maps/Minimal_Default.Minimal_Default to /Game/StarterContent/Maps/UEDPIE_0_Minimal_Default.Minimal_Default (0.012051s)
[2016.02.14-12.09.26:689][171]LogInit: XAudio2 using 'Högtalare (Logitech G35 Gaming Headset)' : 2 channels at 44.1 kHz using 16 bits per sample (channel mask 0x3)
[2016.02.14-12.09.26:704][171]LogInit: FAudioDevice initialized.
[2016.02.14-12.09.26:735][171]LogWorld: Game class is 'MyStarFoxGameModeBP_C'
[2016.02.14-12.09.26:741][171]LogWorld:Warning: *** WARNING - PATHS MAY NOT BE VALID ***
[2016.02.14-12.09.26:741][171]LogWorld: Bringing World /Game/StarterContent/Maps/UEDPIE_0_Minimal_Default.Minimal_Default up for play (max tick rate 0) at 2016.02.14-13.09.26
[2016.02.14-12.09.26:741][171]LogActor:Warning: GameSession /Game/StarterContent/Maps/UEDPIE_0_Minimal_Default.Minimal_Default:PersistentLevel.GameSession_1 has natively added scene component(s), but none of them were set as the actor's RootComponent - picking one arbitrarily
[2016.02.14-12.09.26:742][171]LogActor:Warning: GameNetworkManager /Game/StarterContent/Maps/UEDPIE_0_Minimal_Default.Minimal_Default:PersistentLevel.GameNetworkManager_1 has natively added scene component(s), but none of them were set as the actor's RootComponent - picking one arbitrarily
[2016.02.14-12.09.26:743][171]LogWorld: Bringing up level for play took: 0.007240
[2016.02.14-12.09.26:746][171]PIE: Info Play in editor start time for /Game/StarterContent/Maps/UEDPIE_0_Minimal_Default -0.496
[2016.02.14-12.09.26:746][171]LogBlueprintUserMessages: Late PlayInEditor Detection: Level '/Game/StarterContent/Maps/Minimal_Default.Minimal_Default:PersistentLevel' has LevelScriptBlueprint '/Game/StarterContent/Maps/Minimal_Default.Minimal_Default:PersistentLevel.Minimal_Default' with GeneratedClass '/Game/StarterContent/Maps/Minimal_Default.Minimal_Default_C' with ClassGeneratedBy '/Game/StarterContent/Maps/Minimal_Default.Minimal_Default:PersistentLevel.Minimal_Default'
[2016.02.14-12.09.56:342][719]LogBlueprintUserMessages: Early EndPlayMap Detection: Level '/Game/StarterContent/Maps/Minimal_Default.Minimal_Default:PersistentLevel' has LevelScriptBlueprint '/Game/StarterContent/Maps/Minimal_Default.Minimal_Default:PersistentLevel.Minimal_Default' with GeneratedClass '/Game/StarterContent/Maps/Minimal_Default.Minimal_Default_C' with ClassGeneratedBy '/Game/StarterContent/Maps/Minimal_Default.Minimal_Default:PersistentLevel.Minimal_Default'
[2016.02.14-12.09.56:395][719]LogBlueprintUserMessages: Late EndPlayMap Detection: Level '/Game/StarterContent/Maps/Minimal_Default.Minimal_Default:PersistentLevel' has LevelScriptBlueprint '/Game/StarterContent/Maps/Minimal_Default.Minimal_Default:PersistentLevel.Minimal_Default' with GeneratedClass '/Game/StarterContent/Maps/Minimal_Default.Minimal_Default_C' with ClassGeneratedBy '/Game/StarterContent/Maps/Minimal_Default.Minimal_Default:PersistentLevel.Minimal_Default'
[2016.02.14-12.09.56:427][720]LogParticles: Destroying 0 GPU particle simulations for FXSystem 0x000001A7C71B5080
[2016.02.14-12.28.04:552][ 88]LogBlueprintUserMessages: Early PlayInEditor Detection: Level '/Game/StarterContent/Maps/Minimal_Default.Minimal_Default:PersistentLevel' has LevelScriptBlueprint '/Game/StarterContent/Maps/Minimal_Default.Minimal_Default:PersistentLevel.Minimal_Default' with GeneratedClass '/Game/StarterContent/Maps/Minimal_Default.Minimal_Default_C' with ClassGeneratedBy '/Game/StarterContent/Maps/Minimal_Default.Minimal_Default:PersistentLevel.Minimal_Default'
[2016.02.14-12.28.04:553][ 88]LogPlayLevel: PlayLevel: No blueprints needed recompiling
[2016.02.14-12.28.04:553][ 88]PIE: New page: PIE session: Minimal_Default (Feb 14, 2016, 2:28:04 PM)
[2016.02.14-12.28.04:553][ 88]LogPlayLevel: Creating play world package: /Game/StarterContent/Maps/UEDPIE_0_Minimal_Default
[2016.02.14-12.28.04:562][ 88]LogPlayLevel: PIE: StaticDuplicateObject took: (0.009328s)
[2016.02.14-12.28.04:563][ 88]LogAIModule: Creating AISystem for world Minimal_Default
[2016.02.14-12.28.04:563][ 88]LogPlayLevel: PIE: World Init took: (0.000921s)
[2016.02.14-12.28.04:563][ 88]LogPlayLevel: PIE: Created PIE world by copying editor world from /Game/StarterContent/Maps/Minimal_Default.Minimal_Default to /Game/StarterContent/Maps/UEDPIE_0_Minimal_Default.Minimal_Default (0.010449s)
[2016.02.14-12.28.04:582][ 88]LogInit: XAudio2 using '1 - BenQ GW2750H (AMD High Definition Audio Device)' : 2 channels at 48 kHz using 16 bits per sample (channel mask 0x3)
[2016.02.14-12.28.04:593][ 88]LogInit: FAudioDevice initialized.
[2016.02.14-12.28.04:622][ 88]LogWorld: Game class is 'MyStarFoxGameModeBP_C'
[2016.02.14-12.28.04:627][ 88]LogWorld:Warning: *** WARNING - PATHS MAY NOT BE VALID ***
[2016.02.14-12.28.04:627][ 88]LogWorld: Bringing World /Game/StarterContent/Maps/UEDPIE_0_Minimal_Default.Minimal_Default up for play (max tick rate 0) at 2016.02.14-13.28.04
[2016.02.14-12.28.04:628][ 88]LogActor:Warning: GameSession /Game/StarterContent/Maps/UEDPIE_0_Minimal_Default.Minimal_Default:PersistentLevel.GameSession_2 has natively added scene component(s), but none of them were set as the actor's RootComponent - picking one arbitrarily
[2016.02.14-12.28.04:628][ 88]LogActor:Warning: GameNetworkManager /Game/StarterContent/Maps/UEDPIE_0_Minimal_Default.Minimal_Default:PersistentLevel.GameNetworkManager_2 has natively added scene component(s), but none of them were set as the actor's RootComponent - picking one arbitrarily
[2016.02.14-12.28.04:629][ 88]LogWorld: Bringing up level for play took: 0.006982
[2016.02.14-12.28.04:631][ 88]PIE: Info Play in editor start time for /Game/StarterContent/Maps/UEDPIE_0_Minimal_Default -0.611
[2016.02.14-12.28.04:631][ 88]LogBlueprintUserMessages: Late PlayInEditor Detection: Level '/Game/StarterContent/Maps/Minimal_Default.Minimal_Default:PersistentLevel' has LevelScriptBlueprint '/Game/StarterContent/Maps/Minimal_Default.Minimal_Default:PersistentLevel.Minimal_Default' with GeneratedClass '/Game/StarterContent/Maps/Minimal_Default.Minimal_Default_C' with ClassGeneratedBy '/Game/StarterContent/Maps/Minimal_Default.Minimal_Default:PersistentLevel.Minimal_Default'
[2016.02.14-12.28.23:407][338]LogBlueprintUserMessages: Early EndPlayMap Detection: Level '/Game/StarterContent/Maps/Minimal_Default.Minimal_Default:PersistentLevel' has LevelScriptBlueprint '/Game/StarterContent/Maps/Minimal_Default.Minimal_Default:PersistentLevel.Minimal_Default' with GeneratedClass '/Game/StarterContent/Maps/Minimal_Default.Minimal_Default_C' with ClassGeneratedBy '/Game/StarterContent/Maps/Minimal_Default.Minimal_Default:PersistentLevel.Minimal_Default'
[2016.02.14-12.28.23:457][338]LogBlueprintUserMessages: Late EndPlayMap Detection: Level '/Game/StarterContent/Maps/Minimal_Default.Minimal_Default:PersistentLevel' has LevelScriptBlueprint '/Game/StarterContent/Maps/Minimal_Default.Minimal_Default:PersistentLevel.Minimal_Default' with GeneratedClass '/Game/StarterContent/Maps/Minimal_Default.Minimal_Default_C' with ClassGeneratedBy '/Game/StarterContent/Maps/Minimal_Default.Minimal_Default:PersistentLevel.Minimal_Default'
[2016.02.14-12.28.23:488][339]LogParticles: Destroying 0 GPU particle simulations for FXSystem 0x000001A7C4321300
[2016.02.14-12.29.47:882][495]Running C:/Program Files/Epic Games/4.9/Engine/Binaries/DotNET/UnrealBuildTool.exe  -projectfiles -project="C:/Users/Niclas/Documents/GitHub/Staroxurur/StarFox/StarFox.uproject" -game -rocket -progress
[2016.02.14-12.29.48:186][495]Discovering modules, targets and source code for game...
[2016.02.14-12.29.53:305][495]LogVSAccessor:Warning: Couldn't access Visual Studio
[2016.02.14-12.29.53:310][495]Recompiling StarFox...
[2016.02.14-12.29.53:310][495]Launching UnrealBuildTool... [C:/Program Files/Epic Games/4.9/Engine/Binaries/DotNET/UnrealBuildTool.exe StarFox -ModuleWithSuffix StarFox 798 Win64 Development -editorrecompile -canskiplink "C:/Users/Niclas/Documents/GitHub/Staroxurur/StarFox/StarFox.uproject" -rocket  -rocket]
[2016.02.14-12.29.59:959][495]CompilerResultsLog: New page: Compilation - Feb 14, 2016, 2:29:59 PM
[2016.02.14-12.29.59:959][495]CompilerResultsLog: Info Creating makefile for hot reloading StarFox (List of files containing UHT types has changed)
[2016.02.14-12.29.59:959][495]CompilerResultsLog: Info Compiling game modules for hot reload
[2016.02.14-12.29.59:959][495]CompilerResultsLog: Info ERROR: All source files in module "StarFox" must include the same precompiled header first.  Currently "C:\Users\Niclas\Documents\GitHub\Staroxurur\StarFox\Source\StarFox\StarFox.h" is included by most of the source files.  The following source files are not including "C:\Users\Niclas\Documents\GitHub\Staroxurur\StarFox\Source\StarFox\StarFox.h" as their first include:
[2016.02.14-12.29.59:959][495]CompilerResultsLog: Info 
[2016.02.14-12.29.59:959][495]CompilerResultsLog: Info C:\Users\Niclas\Documents\GitHub\Staroxurur\StarFox\Source\StarFox\StarFoxGameMode.cpp (including C:\Program Files\Epic Games\4.9\Engine\Source\Runtime\UMG\Public\Blueprint\UserWidget.h)
[2016.02.14-12.29.59:959][495]CompilerResultsLog: Info 
[2016.02.14-12.29.59:959][495]LogMainFrame: MainFrame: Module compiling took 6.654 seconds
[2016.02.14-12.29.59:959][495]Warning: HotReload failed, recompile failed
[2016.02.14-12.29.59:964][495]Warning: RebindPackages failed because the compiler could not be started.
[2016.02.14-12.30.21:324][746]LogVSAccessor:Warning: Visual Studio is open but could not be queried - it may be blocked by a modal operation
[2016.02.14-12.30.22:909][747]LogVSAccessor:Warning: Couldn't goto line number '0' in 'C:/Users/Niclas/Documents/GitHub/Staroxurur/StarFox/Source/StarFox/PawnWithCamera.h'
[2016.02.14-12.30.24:926][747]LogVSAccessor:Warning: Couldn't goto line number '0' in 'C:/Users/Niclas/Documents/GitHub/Staroxurur/StarFox/Source/StarFox/PawnWithCamera.cpp'
[2016.02.14-12.31.52:824][110]LogWindowsTextInputMethodSystem:Display: IME system now deactivated.
[2016.02.14-12.31.53:069][111]Cmd: QUIT_EDITOR
[2016.02.14-12.31.53:338][111]LogExit: Preparing to exit.
[2016.02.14-12.31.53:664][111]LogExit: Editor shut down
[2016.02.14-12.31.53:665][111]LogExit: Transaction tracking system shut down
[2016.02.14-12.31.53:673][111]LogParticles: Destroying 0 GPU particle simulations for FXSystem 0x000001A7C5B55620
[2016.02.14-12.31.53:674][111]LogParticles: Destroying 0 GPU particle simulations for FXSystem 0x000001A7DC89F880
[2016.02.14-12.31.53:674][111]LogParticles: Destroying 0 GPU particle simulations for FXSystem 0x000001A7DC525F80
[2016.02.14-12.31.53:674][111]LogParticles: Destroying 0 GPU particle simulations for FXSystem 0x000001A7E362EE80
[2016.02.14-12.31.53:827][111]LogParticles: Destroying 0 GPU particle simulations for FXSystem 0x000001A7C441B060
[2016.02.14-12.31.53:827][111]LogExit: Object subsystem successfully closed.
[2016.02.14-12.31.53:853][111]LogD3D11RHI: Shutdown
[2016.02.14-12.31.53:853][111]LogD3D11RHI: CleanupD3DDevice
[2016.02.14-12.31.53:917][111]LogD3D11RHI: ~FD3D11DynamicRHI
[2016.02.14-12.31.53:953][111]LogModuleManager: Shutting down and abandoning module CrashTracker (198)
[2016.02.14-12.31.53:953][111]LogModuleManager: Shutting down and abandoning module SceneOutliner (197)
[2016.02.14-12.31.53:953][111]LogModuleManager: Shutting down and abandoning module SuperSearch (196)
[2016.02.14-12.31.53:954][111]LogModuleManager: Shutting down and abandoning module WidgetCarousel (195)
[2016.02.14-12.31.53:954][111]LogModuleManager: Shutting down and abandoning module AddContentDialog (194)
[2016.02.14-12.31.53:955][111]LogModuleManager: Shutting down and abandoning module EditorWidgets (193)
[2016.02.14-12.31.53:955][111]LogModuleManager: Shutting down and abandoning module CollectionManager (192)
[2016.02.14-12.31.53:956][111]LogModuleManager: Shutting down and abandoning module StatsViewer (191)
[2016.02.14-12.31.53:956][111]LogModuleManager: Shutting down and abandoning module FoliageEdit (190)
[2016.02.14-12.31.53:956][111]LogModuleManager: Shutting down and abandoning module LandscapeEditor (189)
[2016.02.14-12.31.53:958][111]LogModuleManager: Shutting down and abandoning module ActorPickerMode (188)
[2016.02.14-12.31.53:958][111]LogModuleManager: Shutting down and abandoning module GeometryMode (187)
[2016.02.14-12.31.53:958][111]LogModuleManager: Shutting down and abandoning module TextureAlignMode (186)
[2016.02.14-12.31.53:958][111]LogModuleManager: Shutting down and abandoning module BspMode (185)
[2016.02.14-12.31.53:958][111]LogModuleManager: Shutting down and abandoning module PlacementMode (184)
[2016.02.14-12.31.53:958][111]LogModuleManager: Shutting down and abandoning module AutomationWorker (183)
[2016.02.14-12.31.53:958][111]LogModuleManager: Shutting down and abandoning module CharacterAI (182)
[2016.02.14-12.31.53:958][111]LogModuleManager: Shutting down and abandoning module SmartSnapping (181)
[2016.02.14-12.31.53:958][111]LogModuleManager: Shutting down and abandoning module ViewportSnapping (180)
[2016.02.14-12.31.53:958][111]LogModuleManager: Shutting down and abandoning module LogVisualizer (179)
[2016.02.14-12.31.53:958][111]LogModuleManager: Shutting down and abandoning module GameProjectGeneration (178)
[2016.02.14-12.31.53:958][111]LogModuleManager: Shutting down and abandoning module IntroTutorials (177)
[2016.02.14-12.31.53:961][111]LogModuleManager: Shutting down and abandoning module EditorLiveStreaming (176)
[2016.02.14-12.31.53:961][111]LogModuleManager: Shutting down and abandoning module IOSPlatformEditor (175)
[2016.02.14-12.31.53:961][111]LogModuleManager: Shutting down and abandoning module HTML5PlatformEditor (174)
[2016.02.14-12.31.53:961][111]LogModuleManager: Shutting down and abandoning module AndroidDeviceDetection (173)
[2016.02.14-12.31.54:415][111]LogModuleManager: Shutting down and abandoning module AndroidPlatformEditor (172)
[2016.02.14-12.31.54:415][111]LogModuleManager: Shutting down and abandoning module IOSRuntimeSettings (171)
[2016.02.14-12.31.54:415][111]LogModuleManager: Shutting down and abandoning module AndroidRuntimeSettings (170)
[2016.02.14-12.31.54:415][111]LogModuleManager: Shutting down and abandoning module MergeActors (169)
[2016.02.14-12.31.54:415][111]LogModuleManager: Shutting down and abandoning module SizeMap (168)
[2016.02.14-12.31.54:415][111]LogModuleManager: Shutting down and abandoning module TreeMap (167)
[2016.02.14-12.31.54:415][111]LogModuleManager: Shutting down and abandoning module ReferenceViewer (166)
[2016.02.14-12.31.54:415][111]LogModuleManager: Shutting down and abandoning module LocalizationService (165)
[2016.02.14-12.31.54:415][111]LogModuleManager: Shutting down and abandoning module LocalizationDashboard (164)
[2016.02.14-12.31.54:416][111]LogModuleManager: Shutting down and abandoning module HardwareTargeting (163)
[2016.02.14-12.31.54:416][111]LogModuleManager: Shutting down and abandoning module DeviceProfileEditor (162)
[2016.02.14-12.31.54:416][111]LogModuleManager: Shutting down and abandoning module UndoHistory (161)
[2016.02.14-12.31.54:416][111]LogModuleManager: Shutting down and abandoning module GameplayTagsEditor (160)
[2016.02.14-12.31.54:416][111]LogModuleManager: Shutting down and abandoning module UserFeedback (159)
[2016.02.14-12.31.54:416][111]LogModuleManager: Shutting down and abandoning module XmlParser (158)
[2016.02.14-12.31.54:416][111]LogModuleManager: Shutting down and abandoning module Blutility (157)
[2016.02.14-12.31.54:416][111]LogModuleManager: Shutting down and abandoning module ProjectTargetPlatformEditor (156)
[2016.02.14-12.31.54:416][111]LogModuleManager: Shutting down and abandoning module ProjectSettingsViewer (155)
[2016.02.14-12.31.54:416][111]LogModuleManager: Shutting down and abandoning module InputBindingEditor (154)
[2016.02.14-12.31.54:417][111]LogModuleManager: Shutting down and abandoning module EditorSettingsViewer (153)
[2016.02.14-12.31.54:417][111]LogModuleManager: Shutting down and abandoning module SettingsEditor (152)
[2016.02.14-12.31.54:417][111]LogModuleManager: Shutting down and abandoning module ProjectLauncher (151)
[2016.02.14-12.31.54:418][111]LogModuleManager: Shutting down and abandoning module SessionFrontend (150)
[2016.02.14-12.31.54:418][111]LogModuleManager: Shutting down and abandoning module ProfilerClient (149)
[2016.02.14-12.31.54:418][111]LogModuleManager: Shutting down and abandoning module TargetDeviceServices (148)
[2016.02.14-12.31.54:418][111]LogModuleManager: Shutting down and abandoning module DeviceManager (147)
[2016.02.14-12.31.54:419][111]LogModuleManager: Shutting down and abandoning module AutomationController (146)
[2016.02.14-12.31.54:419][111]LogModuleManager: Shutting down and abandoning module AutomationWindow (145)
[2016.02.14-12.31.54:420][111]LogModuleManager: Shutting down and abandoning module Layers (144)
[2016.02.14-12.31.54:421][111]LogModuleManager: Shutting down and abandoning module ComponentVisualizers (143)
[2016.02.14-12.31.54:421][111]LogModuleManager: Shutting down and abandoning module DetailCustomizations (142)
[2016.02.14-12.31.54:422][111]LogModuleManager: Shutting down and abandoning module PackagesDialog (141)
[2016.02.14-12.31.54:422][111]LogModuleManager: Shutting down and abandoning module Persona (140)
[2016.02.14-12.31.54:423][111]LogModuleManager: Shutting down and abandoning module Kismet (139)
[2016.02.14-12.31.54:424][111]LogModuleManager: Shutting down and abandoning module GraphEditor (138)
[2016.02.14-12.31.54:426][111]LogModuleManager: Shutting down and abandoning module ClassViewer (137)
[2016.02.14-12.31.54:428][111]LogModuleManager: Shutting down and abandoning module Toolbox (136)
[2016.02.14-12.31.54:428][111]LogModuleManager: Shutting down and abandoning module ModuleUI (135)
[2016.02.14-12.31.54:428][111]LogModuleManager: Shutting down and abandoning module MovieSceneTools (134)
[2016.02.14-12.31.54:428][111]LogModuleManager: Shutting down and abandoning module OutputLog (133)
[2016.02.14-12.31.54:428][111]LogModuleManager: Shutting down and abandoning module GammaUI (132)
[2016.02.14-12.31.54:428][111]LogModuleManager: Shutting down and abandoning module Documentation (131)
[2016.02.14-12.31.54:428][111]LogModuleManager: Shutting down and abandoning module GameLiveStreaming (130)
[2016.02.14-12.31.54:428][111]LogModuleManager: Shutting down and abandoning module StreamingPauseRendering (129)
[2016.02.14-12.31.54:429][111]LogModuleManager: Shutting down and abandoning module AnalyticsET (128)
[2016.02.14-12.31.54:429][111]LogModuleManager: Shutting down and abandoning module Analytics (127)
[2016.02.14-12.31.54:429][111]LogModuleManager: Shutting down and abandoning module AITestSuite (126)
[2016.02.14-12.31.54:429][111]LogModuleManager: Shutting down and abandoning module GameplayDebugger (125)
[2016.02.14-12.31.54:429][111]LogModuleManager: Shutting down and abandoning module AIModule (124)
[2016.02.14-12.31.54:429][111]LogModuleManager: Shutting down and abandoning module ProfilerService (123)
[2016.02.14-12.31.54:632][111]LogModuleManager: Shutting down and abandoning module TaskGraph (122)
[2016.02.14-12.31.54:632][111]LogModuleManager: Shutting down and abandoning module SlateRemote (121)
[2016.02.14-12.31.54:632][111]LogModuleManager: Shutting down and abandoning module SteamVRController (120)
[2016.02.14-12.31.54:632][111]LogModuleManager: Shutting down and abandoning module SteamVR (119)
[2016.02.14-12.31.54:632][111]LogModuleManager: Shutting down and abandoning module ProceduralMeshComponent (118)
[2016.02.14-12.31.54:632][111]LogModuleManager: Shutting down and abandoning module OculusRift (117)
[2016.02.14-12.31.54:632][111]LogModuleManager: Shutting down and abandoning module OculusLibrary (116)
[2016.02.14-12.31.54:632][111]LogModuleManager: Shutting down and abandoning module LeapMotionController (115)
[2016.02.14-12.31.54:653][111]LogModuleManager: Shutting down and abandoning module CustomMeshComponent (114)
[2016.02.14-12.31.54:653][111]LogModuleManager: Shutting down and abandoning module CableComponent (113)
[2016.02.14-12.31.54:653][111]LogModuleManager: Shutting down and abandoning module ArchVisCharacter (112)
[2016.02.14-12.31.54:653][111]LogModuleManager: Shutting down and abandoning module MessagingDebugger (111)
[2016.02.14-12.31.54:655][111]LogModuleManager: Shutting down and abandoning module MediaPlayerEditor (110)
[2016.02.14-12.31.54:655][111]LogModuleManager: Shutting down and abandoning module HTML5Networking (109)
[2016.02.14-12.31.54:655][111]LogModuleManager: Shutting down and abandoning module SpeedTreeImporter (108)
[2016.02.14-12.31.54:655][111]LogModuleManager: Shutting down and abandoning module PluginBrowser (107)
[2016.02.14-12.31.54:655][111]LogModuleManager: Shutting down and abandoning module EpicSurvey (106)
[2016.02.14-12.31.54:655][111]LogModuleManager: Shutting down and abandoning module DesktopPlatform (105)
[2016.02.14-12.31.54:655][111]LogModuleManager: Shutting down and abandoning module VisualStudioSourceCodeAccess (104)
[2016.02.14-12.31.54:655][111]LogModuleManager: Shutting down and abandoning module UObjectPlugin (103)
[2016.02.14-12.31.54:655][111]LogModuleManager: Shutting down and abandoning module SubversionSourceControl (102)
[2016.02.14-12.31.54:655][111]LogModuleManager: Shutting down and abandoning module PerforceSourceControl (101)
[2016.02.14-12.31.54:656][111]LogModuleManager: Shutting down and abandoning module SourceControl (100)
[2016.02.14-12.31.54:656][111]LogModuleManager: Shutting down and abandoning module GitSourceControl (99)
[2016.02.14-12.31.54:656][111]LogModuleManager: Shutting down and abandoning module LightPropagationVolumeEditor (98)
[2016.02.14-12.31.54:656][111]LogModuleManager: Shutting down and abandoning module PaperTiledImporter (97)
[2016.02.14-12.31.54:656][111]LogModuleManager: Shutting down and abandoning module PaperSpriteSheetImporter (96)
[2016.02.14-12.31.54:656][111]LogModuleManager: Shutting down and abandoning module MeshPaint (95)
[2016.02.14-12.31.54:656][111]LogModuleManager: Shutting down and abandoning module SlateReflector (94)
[2016.02.14-12.31.54:656][111]LogModuleManager: Shutting down and abandoning module HotReload (93)
[2016.02.14-12.31.54:656][111]LogModuleManager: Shutting down and abandoning module MainFrame (92)
[2016.02.14-12.31.54:656][111]LogModuleManager: Shutting down and abandoning module LevelEditor (91)
[2016.02.14-12.31.54:658][111]LogModuleManager: Shutting down and abandoning module DirectoryWatcher (90)
[2016.02.14-12.31.54:662][111]LogModuleManager: Shutting down and abandoning module AssetRegistry (89)
[2016.02.14-12.31.54:757][111]LogModuleManager: Shutting down and abandoning module ContentBrowser (88)
[2016.02.14-12.31.54:757][111]LogModuleManager: Shutting down and abandoning module Paper2DEditor (87)
[2016.02.14-12.31.54:759][111]LogModuleManager: Shutting down and abandoning module StarFox (86)
[2016.02.14-12.31.54:759][111]LogModuleManager: Shutting down and abandoning module UdpMessaging (85)
[2016.02.14-12.31.54:860][111]LogModuleManager: Shutting down and abandoning module LightPropagationVolumeRuntime (84)
[2016.02.14-12.31.54:860][111]LogModuleManager: Shutting down and abandoning module Paper2D (83)
[2016.02.14-12.31.54:860][111]LogModuleManager: Shutting down and abandoning module WindowsMoviePlayer (82)
[2016.02.14-12.31.54:864][111]LogModuleManager: Shutting down and abandoning module Media (81)
[2016.02.14-12.31.54:864][111]LogModuleManager: Shutting down and abandoning module WmfMedia (80)
[2016.02.14-12.31.54:865][111]LogModuleManager: Shutting down and abandoning module OnlineBlueprintSupport (79)
[2016.02.14-12.31.54:865][111]LogModuleManager: Shutting down and abandoning module GameplayTasksEditor (78)
[2016.02.14-12.31.54:865][111]LogModuleManager: Shutting down and abandoning module PropertyEditor (77)
[2016.02.14-12.31.54:865][111]LogModuleManager: Shutting down and abandoning module BehaviorTreeEditor (76)
[2016.02.14-12.31.54:866][111]LogModuleManager: Shutting down and abandoning module FunctionalTesting (75)
[2016.02.14-12.31.54:866][111]LogModuleManager: Shutting down and abandoning module CollisionAnalyzer (74)
[2016.02.14-12.31.54:867][111]LogModuleManager: Shutting down and abandoning module WorkspaceMenuStructure (73)
[2016.02.14-12.31.54:867][111]LogModuleManager: Shutting down and abandoning module MessageLog (72)
[2016.02.14-12.31.54:867][111]LogModuleManager: Shutting down and abandoning module Sequencer (71)
[2016.02.14-12.31.54:869][111]LogModuleManager: Shutting down and abandoning module AssetTools (70)
[2016.02.14-12.31.54:871][111]LogModuleManager: Shutting down and abandoning module UMGEditor (69)
[2016.02.14-12.31.54:873][111]LogModuleManager: Shutting down and abandoning module UMG (68)
[2016.02.14-12.31.54:873][111]LogModuleManager: Shutting down and abandoning module Slate (67)
[2016.02.14-12.31.54:873][111]LogModuleManager: Shutting down and abandoning module EditorStyle (66)
[2016.02.14-12.31.54:877][111]LogModuleManager: Shutting down and abandoning module SessionServices (65)
[2016.02.14-12.31.54:877][111]LogModuleManager: Shutting down and abandoning module SourceCodeAccess (64)
[2016.02.14-12.31.54:877][111]LogModuleManager: Shutting down and abandoning module HeadMountedDisplay (63)
[2016.02.14-12.31.54:877][111]LogModuleManager: Shutting down and abandoning module XAudio2 (62)
[2016.02.14-12.31.54:877][111]LogModuleManager: Shutting down and abandoning module Networking (60)
[2016.02.14-12.31.54:877][111]LogModuleManager: Shutting down and abandoning module Core (59)
[2016.02.14-12.31.54:877][111]LogModuleManager: Shutting down and abandoning module KismetCompiler (58)
[2016.02.14-12.31.54:877][111]LogModuleManager: Shutting down and abandoning module PhysXFormats (57)
[2016.02.14-12.31.54:878][111]LogModuleManager: Shutting down and abandoning module MeshUtilities (56)
[2016.02.14-12.31.54:878][111]LogModuleManager: Shutting down and abandoning module CookingStats (55)
[2016.02.14-12.31.54:878][111]LogModuleManager: Shutting down and abandoning module DerivedDataCache (54)
[2016.02.14-12.31.54:936][111]LogDerivedDataCache: Shutdown
[2016.02.14-12.31.54:936][111]LogModuleManager: Shutting down and abandoning module ShaderFormatOpenGL (53)
[2016.02.14-12.31.54:936][111]LogModuleManager: Shutting down and abandoning module ShaderFormatD3D (52)
[2016.02.14-12.31.54:936][111]LogModuleManager: Shutting down and abandoning module MetalShaderFormat (51)
[2016.02.14-12.31.54:936][111]LogModuleManager: Shutting down and abandoning module TextureFormatUncompressed (50)
[2016.02.14-12.31.54:936][111]LogModuleManager: Shutting down and abandoning module TextureFormatPVR (49)
[2016.02.14-12.31.54:936][111]LogModuleManager: Shutting down and abandoning module TextureFormatIntelISPCTexComp (48)
[2016.02.14-12.31.54:936][111]LogModuleManager: Shutting down and abandoning module TextureFormatDXT (47)
[2016.02.14-12.31.54:936][111]LogModuleManager: Shutting down and abandoning module ImageWrapper (46)
[2016.02.14-12.31.54:936][111]LogModuleManager: Shutting down and abandoning module TextureFormatASTC (45)
[2016.02.14-12.31.54:936][111]LogModuleManager: Shutting down and abandoning module TextureFormatAndroid (44)
[2016.02.14-12.31.54:936][111]LogModuleManager: Shutting down and abandoning module AudioFormatOpus (43)
[2016.02.14-12.31.54:937][111]LogModuleManager: Shutting down and abandoning module AudioFormatOgg (42)
[2016.02.14-12.31.54:937][111]LogModuleManager: Shutting down and abandoning module AudioFormatADPCM (41)
[2016.02.14-12.31.54:937][111]LogModuleManager: Shutting down and abandoning module LinuxTargetPlatform (40)
[2016.02.14-12.31.54:937][111]LogModuleManager: Shutting down and abandoning module LinuxServerTargetPlatform (39)
[2016.02.14-12.31.54:937][111]LogModuleManager: Shutting down and abandoning module LinuxNoEditorTargetPlatform (38)
[2016.02.14-12.31.54:937][111]LogModuleManager: Shutting down and abandoning module Messaging (37)
[2016.02.14-12.31.54:937][111]LogModuleManager: Shutting down and abandoning module IOSTargetPlatform (36)
[2016.02.14-12.31.54:937][111]LogModuleManager: Shutting down and abandoning module HTML5TargetPlatform (35)
[2016.02.14-12.31.54:937][111]LogModuleManager: Shutting down and abandoning module Android_PVRTCTargetPlatform (34)
[2016.02.14-12.31.54:937][111]LogModuleManager: Shutting down and abandoning module Android_ETC2TargetPlatform (33)
[2016.02.14-12.31.54:937][111]LogModuleManager: Shutting down and abandoning module Android_ETC1TargetPlatform (32)
[2016.02.14-12.31.54:937][111]LogModuleManager: Shutting down and abandoning module Android_DXTTargetPlatform (31)
[2016.02.14-12.31.54:937][111]LogModuleManager: Shutting down and abandoning module Android_ATCTargetPlatform (30)
[2016.02.14-12.31.54:937][111]LogModuleManager: Shutting down and abandoning module Android_ASTCTargetPlatform (29)
[2016.02.14-12.31.54:937][111]LogModuleManager: Shutting down and abandoning module AndroidTargetPlatform (28)
[2016.02.14-12.31.54:937][111]LogModuleManager: Shutting down and abandoning module WindowsTargetPlatform (27)
[2016.02.14-12.31.54:937][111]LogModuleManager: Shutting down and abandoning module WindowsServerTargetPlatform (26)
[2016.02.14-12.31.54:937][111]LogModuleManager: Shutting down and abandoning module WindowsNoEditorTargetPlatform (25)
[2016.02.14-12.31.54:937][111]LogModuleManager: Shutting down and abandoning module WindowsClientTargetPlatform (24)
[2016.02.14-12.31.54:937][111]LogModuleManager: Shutting down and abandoning module AllDesktopTargetPlatform (23)
[2016.02.14-12.31.54:937][111]LogModuleManager: Shutting down and abandoning module TargetPlatform (22)
[2016.02.14-12.31.54:937][111]LogModuleManager: Shutting down and abandoning module InputCore (21)
[2016.02.14-12.31.54:937][111]LogModuleManager: Shutting down and abandoning module Settings (20)
[2016.02.14-12.31.54:937][111]LogModuleManager: Shutting down and abandoning module OnlineSubsystem (18)
[2016.02.14-12.31.54:937][111]LogModuleManager: Shutting down and abandoning module HTTP (17)
[2016.02.14-12.31.56:941][111]LogModuleManager: Shutting down and abandoning module XMPP (16)
[2016.02.14-12.31.56:941][111]LogModuleManager: Shutting down and abandoning module ExampleDeviceProfileSelector (15)
[2016.02.14-12.31.56:941][111]LogModuleManager: Shutting down and abandoning module TextureCompressor (14)
[2016.02.14-12.31.56:941][111]LogModuleManager: Shutting down and abandoning module ShaderCore (13)
[2016.02.14-12.31.56:941][111]LogModuleManager: Shutting down and abandoning module Landscape (12)
[2016.02.14-12.31.56:941][111]LogModuleManager: Shutting down and abandoning module SlateRHIRenderer (11)
[2016.02.14-12.31.56:946][111]LogModuleManager: Shutting down and abandoning module OpenGLDrv (10)
[2016.02.14-12.31.56:946][111]LogModuleManager: Shutting down and abandoning module D3D11RHI (9)
[2016.02.14-12.31.56:946][111]LogModuleManager: Shutting down and abandoning module AnimGraphRuntime (8)
[2016.02.14-12.31.56:946][111]LogModuleManager: Shutting down and abandoning module Renderer (7)
[2016.02.14-12.31.56:946][111]LogModuleManager: Shutting down and abandoning module Engine (6)
[2016.02.14-12.31.56:946][111]LogModuleManager: Shutting down and abandoning module CoreUObject (5)
[2016.02.14-12.31.56:946][111]LogModuleManager: Shutting down and abandoning module NetworkFile (4)
[2016.02.14-12.31.56:946][111]LogModuleManager: Shutting down and abandoning module StreamingFile (3)
[2016.02.14-12.31.56:947][111]LogModuleManager: Shutting down and abandoning module SandboxFile (2)
[2016.02.14-12.31.56:947][111]LogModuleManager: Shutting down and abandoning module PakFile (1)
[2016.02.14-12.31.56:949][111]LogExit: Exiting.
[2016.02.14-12.31.56:951][111]Log file closed, 02/14/16 13:31:56
