[2016.02.14-12.32.00:094][  0]Log file open, 02/14/16 13:32:00
[2016.02.14-12.32.00:094][  0]LogInit:Display: Running engine for game: StarFox
[2016.02.14-12.32.00:094][  0]LogInit:Display: RandInit(224749310) SRandInit(224749310).
[2016.02.14-12.32.00:094][  0]LogTaskGraph: Started task graph with 4 named threads and 7 total threads.
[2016.02.14-12.32.00:094][  0]LogStats: Stats thread started at 0.072473
[2016.02.14-12.32.00:094][  0]LogInit: Version: 4.9.2-2707645+++depot+UE4-Releases+4.9
[2016.02.14-12.32.00:094][  0]LogInit: API Version: 2672455
[2016.02.14-12.32.00:094][  0]LogInit: Compiled (64-bit): Sep 28 2015 10:25:44
[2016.02.14-12.32.00:094][  0]LogInit: Compiled with Visual C++: 18.00.21005.01
[2016.02.14-12.32.00:094][  0]LogInit: Build Configuration: Development
[2016.02.14-12.32.00:094][  0]LogInit: Branch Name: ++depot+UE4-Releases+4.9
[2016.02.14-12.32.00:094][  0]LogInit: Command line:  
[2016.02.14-12.32.00:094][  0]LogInit: Base directory: C:/Program Files/Epic Games/4.9/Engine/Binaries/Win64/
[2016.02.14-12.32.00:094][  0]LogInit: Rocket: 1
[2016.02.14-12.32.00:102][  0]LogInit: Using libcurl 7.41.0
[2016.02.14-12.32.00:102][  0]LogInit:  - built for x86_64-pc-win32
[2016.02.14-12.32.00:102][  0]LogInit:  - supports SSL with WinSSL
[2016.02.14-12.32.00:102][  0]LogInit:  - other features:
[2016.02.14-12.32.00:102][  0]LogInit:      CURL_VERSION_SSL
[2016.02.14-12.32.00:102][  0]LogInit:      CURL_VERSION_IPV6
[2016.02.14-12.32.00:102][  0]LogInit:      CURL_VERSION_ASYNCHDNS
[2016.02.14-12.32.00:102][  0]LogInit:      CURL_VERSION_LARGEFILE
[2016.02.14-12.32.00:102][  0]LogInit:      CURL_VERSION_IDN
[2016.02.14-12.32.00:102][  0]LogInit:  CurlRequestOptions (configurable via config and command line):
[2016.02.14-12.32.00:102][  0]LogInit:  - bVerifyPeer = true  - Libcurl will verify peer certificate
[2016.02.14-12.32.00:102][  0]LogInit:  - bUseHttpProxy = false  - Libcurl will NOT use HTTP proxy
[2016.02.14-12.32.00:102][  0]LogInit:  - bDontReuseConnections = false  - Libcurl will reuse connections
[2016.02.14-12.32.00:102][  0]LogInit:  - CertBundlePath = nullptr  - Libcurl will use whatever was configured at build time.
[2016.02.14-12.32.00:109][  0]LogInit: Presizing for 0 objects not considered by GC, pre-allocating 0 bytes.
[2016.02.14-12.32.00:116][  0]LogInit: Object subsystem initialized
[2016.02.14-12.32.00:117][  0]LogInit: Selected Device Profile: [Windows]
[2016.02.14-12.32.00:117][  0]LogInit: Applying CVar settings loaded from the selected device profile: [Windows]
[2016.02.14-12.32.00:123][  0]LogInit: Computer: FIDUS
[2016.02.14-12.32.00:123][  0]LogInit: User: Niclas
[2016.02.14-12.32.00:123][  0]LogInit: CPU Page size=4096, Cores=4
[2016.02.14-12.32.00:123][  0]LogInit: High frequency timer resolution =3.386480 MHz
[2016.02.14-12.32.00:123][  0]LogMemory: Memory total: Physical=15.9GB (16GB approx)
[2016.02.14-12.32.00:123][  0]LogMemory: Platform Memory Stats for Windows
[2016.02.14-12.32.00:123][  0]LogMemory: Process Physical Memory: 54.40 MB used, 54.40 MB peak
[2016.02.14-12.32.00:123][  0]LogMemory: Process Virtual Memory: 55.38 MB used, 55.38 MB peak
[2016.02.14-12.32.00:123][  0]LogMemory: Physical Memory: 4828.46 MB used, 16332.28 MB total
[2016.02.14-12.32.00:123][  0]LogMemory: Virtual Memory: 368.25 MB used, 134217728.00 MB total
[2016.02.14-12.32.00:152][  0]LogTextLocalizationManager: No translations for ('sv-SE') exist, falling back to 'en' for localization and internationalization data.
[2016.02.14-12.32.00:783][  0]LogD3D11RHI: Found D3D11 adapter 0: AMD Radeon HD 7800 Series (Feature Level 11_0)
[2016.02.14-12.32.00:783][  0]LogD3D11RHI: Adapter has 2030MB of dedicated video memory, 0MB of dedicated system memory, and 8166MB of shared system memory, 1 output[s]
[2016.02.14-12.32.00:784][  0]LogD3D11RHI: Found D3D11 adapter 1: Microsoft Basic Render Driver (Feature Level 11_0)
[2016.02.14-12.32.00:784][  0]LogD3D11RHI: Adapter has 0MB of dedicated video memory, 0MB of dedicated system memory, and 8166MB of shared system memory, 0 output[s]
[2016.02.14-12.32.00:784][  0]LogD3D11RHI: Chosen D3D11 Adapter Id = 0
[2016.02.14-12.32.00:787][  0]LogD3D11RHI: !Direct3DDevice
[2016.02.14-12.32.00:787][  0]LogRHI: Texture pool is 1361 MB (70% of 1945 MB)
[2016.02.14-12.32.00:792][  0]LogD3D11RHI: Async texture creation disabled: no driver support
[2016.02.14-12.32.00:803][  0]LogShaderCompilers: Guid format shader working directory is 14 characters bigger than the processId version (../../../../../../Users/Niclas/Documents/GitHub/Staroxurur/StarFox/Intermediate/Shaders/WorkingDirectory/10808/).
[2016.02.14-12.32.00:803][  0]LogShaderCompilers: Cleaned the shader compiler working directory '../../../../../../Users/Niclas/Documents/GitHub/Staroxurur/StarFox/Intermediate/Shaders/tmp/9B43C44C49ECD508621653917123CE9A/'.
[2016.02.14-12.32.00:803][  0]LogShaderCompilers:Display: Using Local Shader Compiler.
[2016.02.14-12.32.01:706][  0]LogTemp:Display: Loaded TP AllDesktopTargetPlatform
[2016.02.14-12.32.01:711][  0]LogTemp:Display: Loaded TP WindowsClientTargetPlatform
[2016.02.14-12.32.01:716][  0]LogTemp:Display: Loaded TP WindowsNoEditorTargetPlatform
[2016.02.14-12.32.01:721][  0]LogTemp:Display: Loaded TP WindowsServerTargetPlatform
[2016.02.14-12.32.01:727][  0]LogTemp:Display: Loaded TP WindowsTargetPlatform
[2016.02.14-12.32.01:730][  0]LogTemp:Display: Loaded TP AndroidTargetPlatform
[2016.02.14-12.32.01:733][  0]LogTemp:Display: Loaded TP Android_ASTCTargetPlatform
[2016.02.14-12.32.01:736][  0]LogTemp:Display: Loaded TP Android_ATCTargetPlatform
[2016.02.14-12.32.01:739][  0]LogTemp:Display: Loaded TP Android_DXTTargetPlatform
[2016.02.14-12.32.01:743][  0]LogTemp:Display: Loaded TP Android_ETC1TargetPlatform
[2016.02.14-12.32.01:746][  0]LogTemp:Display: Loaded TP Android_ETC2TargetPlatform
[2016.02.14-12.32.01:749][  0]LogTemp:Display: Loaded TP Android_PVRTCTargetPlatform
[2016.02.14-12.32.01:750][  0]LogTemp:Display: Loaded TP HTML5TargetPlatform
[2016.02.14-12.32.01:768][  0]LogTemp:Display: Loaded TP IOSTargetPlatform
[2016.02.14-12.32.01:771][  0]LogTemp:Display: Loaded TP LinuxNoEditorTargetPlatform
[2016.02.14-12.32.01:774][  0]LogTemp:Display: Loaded TP LinuxServerTargetPlatform
[2016.02.14-12.32.01:777][  0]LogTemp:Display: Loaded TP LinuxTargetPlatform
[2016.02.14-12.32.01:777][  0]LogTargetPlatformManager:Display: Building Assets For Windows
[2016.02.14-12.32.01:871][  0]LogDerivedDataCache:Display: Max Cache Size: 512 MB
[2016.02.14-12.32.01:907][  0]LogDerivedDataCache: Loaded boot cache 0.04s 41MB C:/Users/Niclas/AppData/Local/UnrealEngine/4.9/DerivedDataCache/Boot.ddc.
[2016.02.14-12.32.01:907][  0]LogDerivedDataCache:Display: Loaded Boot cache: C:/Users/Niclas/AppData/Local/UnrealEngine/4.9/DerivedDataCache/Boot.ddc
[2016.02.14-12.32.01:907][  0]LogDerivedDataCache: FDerivedDataBackendGraph:  Pak pak cache file ../../../../../../Users/Niclas/Documents/GitHub/Staroxurur/StarFox/DerivedDataCache/DDC.ddp not found, will not use a pak cache.
[2016.02.14-12.32.01:907][  0]LogDerivedDataCache: Unable to find inner node Pak for hierarchical cache Hierarchy.
[2016.02.14-12.32.01:907][  0]LogDerivedDataCache: FDerivedDataBackendGraph:  CompressedPak pak cache file ../../../../../../Users/Niclas/Documents/GitHub/Staroxurur/StarFox/DerivedDataCache/Compressed.ddp not found, will not use a pak cache.
[2016.02.14-12.32.01:907][  0]LogDerivedDataCache: Unable to find inner node CompressedPak for hierarchical cache Hierarchy.
[2016.02.14-12.32.02:033][  0]LogDerivedDataCache:Display: Pak cache opened for reading ../../../Engine/DerivedDataCache/Compressed.ddp.
[2016.02.14-12.32.02:045][  0]LogDerivedDataCache: Using Local data cache path C:/Users/Niclas/AppData/Local/UnrealEngine/Common/DerivedDataCache: Writable
[2016.02.14-12.32.02:224][  0]LogInit: Selected Device Profile: [Windows]
[2016.02.14-12.32.02:226][  0]LogContentStreaming: Texture pool size is 0.000000MB
[2016.02.14-12.32.02:331][  0]LogMeshUtilities: No automatic mesh reduction module available
[2016.02.14-12.32.02:331][  0]LogMeshUtilities: No automatic mesh merging module available
[2016.02.14-12.32.02:550][  0]LogInit: WinSock: version 1.1 (2.2), MaxSocks=32767, MaxUdp=65467
[2016.02.14-12.32.03:164][  0]UdpMessaging: Initializing bridge on interface 0.0.0.0:0 to multicast group 230.0.0.1:6666.
[2016.02.14-12.32.03:280][  0]LogAssetRegistry: FAssetRegistry took 0.0111 seconds to start up
[2016.02.14-12.32.03:440][  0]SourceControl: Info Source control is disabled
[2016.02.14-12.32.03:441][  0]SourceControl: Info Source control is disabled
[2016.02.14-12.32.03:454][  0]SourceControl: Info Source control is disabled
[2016.02.14-12.32.03:467][  0]SourceControl: Info Source control is disabled
[2016.02.14-12.32.03:640][  0]LogLinker:Warning: Asset '../../../Engine/Plugins/Runtime/LeapMotionController/Content/LM_PassthroughMaterial.uasset' has been saved with empty engine version. The asset will be loaded but may be incompatible.
[2016.02.14-12.32.03:730][  0]LogObj: 28386 objects as part of root set at end of initial load.
[2016.02.14-12.32.03:730][  0]LogUObjectAllocator: 6050200 out of 0 bytes used by permanent object pool.
[2016.02.14-12.32.03:779][  0]LogEngine: Initializing Engine...
[2016.02.14-12.32.03:781][  0]LogHMD: Can't find Oculus library dev build: is proper Runtime installed? Version: 0.7.0.0
[2016.02.14-12.32.03:782][  0]LogHMD: SteamVR failed to initialize.  Err: 110
[2016.02.14-12.32.03:886][  0]LogAIModule: Creating AISystem for world NewWorld
[2016.02.14-12.32.03:897][  0]LogInit: XAudio2 using '1 - BenQ GW2750H (AMD High Definition Audio Device)' : 2 channels at 48 kHz using 16 bits per sample (channel mask 0x3)
[2016.02.14-12.32.03:911][  0]LogInit: FAudioDevice initialized.
[2016.02.14-12.32.03:931][  0]LogDerivedDataCache: Saved boot cache 0.02s 41MB C:/Users/Niclas/AppData/Local/UnrealEngine/4.9/DerivedDataCache/Boot.ddc.
[2016.02.14-12.32.03:933][  0]LogInit: Texture streaming: Enabled
[2016.02.14-12.32.03:939][  0]LogAnalytics: Creating configured Analytics provider AnalyticsET
[2016.02.14-12.32.03:939][  0]LogAnalytics: [UEEditor.Rocket.Release] APIServer = http://et2.epicgames.com/ET2/. AppVersion = 4.9.2-2707645+++depot+UE4-Releases+4.9
[2016.02.14-12.32.03:939][  0]LogAnalytics: [UEEditor.Rocket.Release] SetUserId 8d5f2d8b4e520712a8f1e688fed765ab|99f216c1865e471987722078da7bde5f|50f43dcd-c54f-4aa6-a5c1-e948023fc359
[2016.02.14-12.32.03:939][  0]LogAnalytics: [UEEditor.Rocket.Release] AnalyticsET::StartSession
[2016.02.14-12.32.03:969][  0]LogInit: Transaction tracking system initialized
[2016.02.14-12.32.04:006][  0]BlueprintLog: New page: Editor Load
[2016.02.14-12.32.04:090][  0]LocalizationService: Info Localization service is disabled
[2016.02.14-12.32.04:165][  0]LogConsoleResponse:Display: 
[2016.02.14-12.32.04:262][  0]LogCook:Display: Done creating registry. It took  0.00s.
[2016.02.14-12.32.04:323][  0]LogFileCache: Scanning file cache for directory 'C:/Users/Niclas/Documents/GitHub/Staroxurur/StarFox/Content/' took 0.01s
[2016.02.14-12.32.04:323][  0]SourceControl: Info Source control is disabled
[2016.02.14-12.32.04:324][  0]Cmd: MAP LOAD FILE="../../../../../../Users/Niclas/Documents/GitHub/Staroxurur/StarFox/Content/StarterContent/Maps/Minimal_Default.umap" TEMPLATE=0 SHOWPROGRESS=1 FEATURELEVEL=3
[2016.02.14-12.32.04:324][  0]LightingResults: New page: Lighting Build
[2016.02.14-12.32.04:327][  0]MapCheck: New page: Map Check
[2016.02.14-12.32.04:327][  0]LightingResults: New page: Lighting Build
[2016.02.14-12.32.04:335][  0]LogParticles: Destroying 0 GPU particle simulations for FXSystem 0x000001EC7CA83CE0
[2016.02.14-12.32.04:549][  0]LogBlueprint:Warning: [compiler FlyingPawn] Warning Input Axis Event references unknown Axis 'MoveRight' for  InputAxis MoveRight 
[2016.02.14-12.32.04:549][  0]LogBlueprint:Warning: [compiler FlyingPawn] Warning Input Axis Event references unknown Axis 'MoveUp' for  InputAxis MoveUp 
[2016.02.14-12.32.04:553][  0]LogBlueprint:Warning: [compiler FlyingPawn] Warning [0005.34] Compile of FlyingPawn successful, but with 2 Warning(s) [in 15 ms]
[2016.02.14-12.32.04:554][  0]LogBlueprint:Warning: [compiler FlyingPawn] Warning [0005.34] Compile of FlyingPawn successful, but with 3 Warning(s) [in 0 ms]
[2016.02.14-12.32.04:554][  0]LogBlueprint:Warning: [compiler FlyingPawn] Warning [0005.34] Compile of FlyingPawn successful, but with 4 Warning(s) [in 0 ms]
[2016.02.14-12.32.04:571][  0]LogBlueprint:Warning: [compiler FlyingPawn] Warning Input Axis Event references unknown Axis 'MoveRight' for  InputAxis MoveRight 
[2016.02.14-12.32.04:571][  0]LogBlueprint:Warning: [compiler FlyingPawn] Warning Input Axis Event references unknown Axis 'MoveUp' for  InputAxis MoveUp 
[2016.02.14-12.32.04:577][  0]LogBlueprint:Warning: [compiler FlyingPawn] Warning [0005.37] Compile of FlyingPawn successful, but with 2 Warning(s) [in 18 ms]
[2016.02.14-12.32.04:577][  0]LogBlueprint:Warning: [compiler FlyingPawn] Warning [0005.37] Compile of FlyingPawn successful, but with 3 Warning(s) [in 0 ms]
[2016.02.14-12.32.04:577][  0]LogBlueprint:Warning: [compiler FlyingPawn] Warning [0005.37] Compile of FlyingPawn successful, but with 4 Warning(s) [in 0 ms]
[2016.02.14-12.32.04:783][  0]LogAIModule: Creating AISystem for world Minimal_Default
[2016.02.14-12.32.04:790][  0]LogEditorServer: Finished looking for orphan Actors (0.000 secs)
[2016.02.14-12.32.04:791][  0]Cmd: MAP CHECKDEP NOCLEARLOG
[2016.02.14-12.32.04:869][  0]MapCheck: Info Map check complete: 0 Error(s), 0 Warning(s), took 78.377ms to complete.
[2016.02.14-12.32.04:869][  0]LogFileHelpers: Loading map 'Minimal_Default' took 0.545
[2016.02.14-12.32.04:976][  0]LogCollectionManager: Loaded 0 collections in 0.002219 seconds
[2016.02.14-12.32.05:017][  0]LogFileCache: Scanning file cache for directory 'C:/Users/Niclas/Documents/GitHub/Staroxurur/StarFox/Saved/Collections/' took 0.01s
[2016.02.14-12.32.05:017][  0]LogFileCache: Scanning file cache for directory 'C:/Users/Niclas/Documents/GitHub/Staroxurur/StarFox/Content/Developers/Niclas/Collections/' took 0.01s
[2016.02.14-12.32.05:017][  0]LogFileCache: Scanning file cache for directory 'C:/Users/Niclas/Documents/GitHub/Staroxurur/StarFox/Content/Collections/' took 0.01s
[2016.02.14-12.32.05:017][  0]LogContentBrowser: Native class hierarchy populated in 0.0070 seconds. Added 1870 classes and 335 folders.
[2016.02.14-12.32.05:022][  0]LogCollectionManager: Rebuilt the GUID cache for 0 collections in 0.000002 seconds
[2016.02.14-12.32.05:029][  0]LogContentBrowser: Native class hierarchy updated for 'WidgetCarousel' in 0.0013 seconds. Added 0 classes and 0 folders.
[2016.02.14-12.32.05:071][  0]LogContentBrowser: Native class hierarchy updated for 'AddContentDialog' in 0.0014 seconds. Added 0 classes and 0 folders.
[2016.02.14-12.32.05:076][  0]LogContentBrowser: Native class hierarchy updated for 'SceneOutliner' in 0.0014 seconds. Added 1 classes and 2 folders.
[2016.02.14-12.32.05:097][  0]LogCrashTracker: Crashtracker disabled due to settings.
[2016.02.14-12.32.05:101][  0]LogUObjectGlobals:Warning: Failed to find object 'Class None.'
[2016.02.14-12.32.05:122][  0]LogLoad: Full Startup: 5.91 seconds (BP compile: 0.09 seconds)
[2016.02.14-12.32.05:184][  0]LogContentStreaming: Texture pool size now 1000 MB
[2016.02.14-12.32.05:288][  0]LogRenderer: Reallocating scene render targets to support 1208x576 (Frame:2).
[2016.02.14-12.32.05:566][  3]LogAssetRegistry: Asset discovery search completed in 2.2969 seconds
[2016.02.14-12.32.05:566][  3]LogCollectionManager: Rebuilt the object cache for 0 collections in 0.000001 seconds (found 0 objects)
[2016.02.14-12.32.05:566][  3]LogCollectionManager: Fixed up redirectors for 0 collections in 0.000023 seconds (updated 0 objects)
[2016.02.14-12.32.08:852][390]LogVSAccessor:Warning: Couldn't access Visual Studio
[2016.02.14-12.32.08:856][390]Recompiling StarFox...
[2016.02.14-12.32.08:856][390]Launching UnrealBuildTool... [C:/Program Files/Epic Games/4.9/Engine/Binaries/DotNET/UnrealBuildTool.exe StarFox -ModuleWithSuffix StarFox 1819 Win64 Development -editorrecompile -canskiplink "C:/Users/Niclas/Documents/GitHub/Staroxurur/StarFox/StarFox.uproject" -rocket  -rocket]
[2016.02.14-12.32.08:858][390]Warning: Starting HotReload took  0.0s.
[2016.02.14-12.32.12:393][795]CompilerResultsLog: New page: Compilation - Feb 14, 2016, 2:32:12 PM
[2016.02.14-12.32.12:393][795]CompilerResultsLog: Info Creating makefile for hot reloading StarFox (game project files are newer)
[2016.02.14-12.32.12:393][795]CompilerResultsLog: Info Compiling game modules for hot reload
[2016.02.14-12.32.12:393][795]CompilerResultsLog: Info ERROR: All source files in module "StarFox" must include the same precompiled header first.  Currently "C:\Users\Niclas\Documents\GitHub\Staroxurur\StarFox\Source\StarFox\StarFox.h" is included by most of the source files.  The following source files are not including "C:\Users\Niclas\Documents\GitHub\Staroxurur\StarFox\Source\StarFox\StarFox.h" as their first include:
[2016.02.14-12.32.12:393][795]CompilerResultsLog: Info 
[2016.02.14-12.32.12:393][795]CompilerResultsLog: Info C:\Users\Niclas\Documents\GitHub\Staroxurur\StarFox\Source\StarFox\StarFoxGameMode.cpp (including C:\Program Files\Epic Games\4.9\Engine\Source\Runtime\UMG\Public\Blueprint\UserWidget.h)
[2016.02.14-12.32.12:394][795]CompilerResultsLog: Info 
[2016.02.14-12.32.12:394][795]LogMainFrame: MainFrame: Module compiling took 3.542 seconds
[2016.02.14-12.32.12:394][795]Warning: HotReload failed, recompile failed
[2016.02.14-12.34.01:002][660]LogVSAccessor:Warning: Couldn't goto line number '0' in 'C:/Users/Niclas/Documents/GitHub/Staroxurur/StarFox/Source/StarFox/StarFoxGameMode.h'
[2016.02.14-12.34.01:061][660]LogVSAccessor:Warning: Couldn't goto line number '0' in 'C:/Users/Niclas/Documents/GitHub/Staroxurur/StarFox/Source/StarFox/StarFoxGameMode.cpp'
[2016.02.14-12.35.59:209][111]LogWindowsTextInputMethodSystem:Display: IME system now deactivated.
[2016.02.14-12.35.59:439][112]Cmd: QUIT_EDITOR
[2016.02.14-12.35.59:666][112]LogExit: Preparing to exit.
[2016.02.14-12.36.00:305][112]LogExit: Editor shut down
[2016.02.14-12.36.00:306][112]LogExit: Transaction tracking system shut down
[2016.02.14-12.36.00:307][112]LogParticles: Destroying 0 GPU particle simulations for FXSystem 0x000001EC6E4F4F40
[2016.02.14-12.36.00:307][112]LogParticles: Destroying 0 GPU particle simulations for FXSystem 0x000001EC05D3B880
[2016.02.14-12.36.00:307][112]LogParticles: Destroying 0 GPU particle simulations for FXSystem 0x000001EC05CD65C0
[2016.02.14-12.36.00:307][112]LogParticles: Destroying 0 GPU particle simulations for FXSystem 0x000001EC0CF0A2A0
[2016.02.14-12.36.00:407][112]LogExit: Object subsystem successfully closed.
[2016.02.14-12.36.00:419][112]LogD3D11RHI: Shutdown
[2016.02.14-12.36.00:419][112]LogD3D11RHI: CleanupD3DDevice
[2016.02.14-12.36.00:470][112]LogD3D11RHI: ~FD3D11DynamicRHI
[2016.02.14-12.36.00:488][112]LogModuleManager: Shutting down and abandoning module CrashTracker (198)
[2016.02.14-12.36.00:488][112]LogModuleManager: Shutting down and abandoning module SceneOutliner (197)
[2016.02.14-12.36.00:488][112]LogModuleManager: Shutting down and abandoning module SuperSearch (196)
[2016.02.14-12.36.00:488][112]LogModuleManager: Shutting down and abandoning module WidgetCarousel (195)
[2016.02.14-12.36.00:488][112]LogModuleManager: Shutting down and abandoning module AddContentDialog (194)
[2016.02.14-12.36.00:489][112]LogModuleManager: Shutting down and abandoning module EditorWidgets (193)
[2016.02.14-12.36.00:489][112]LogModuleManager: Shutting down and abandoning module CollectionManager (192)
[2016.02.14-12.36.00:489][112]LogModuleManager: Shutting down and abandoning module StatsViewer (191)
[2016.02.14-12.36.00:489][112]LogModuleManager: Shutting down and abandoning module FoliageEdit (190)
[2016.02.14-12.36.00:489][112]LogModuleManager: Shutting down and abandoning module LandscapeEditor (189)
[2016.02.14-12.36.00:489][112]LogModuleManager: Shutting down and abandoning module ActorPickerMode (188)
[2016.02.14-12.36.00:489][112]LogModuleManager: Shutting down and abandoning module GeometryMode (187)
[2016.02.14-12.36.00:489][112]LogModuleManager: Shutting down and abandoning module TextureAlignMode (186)
[2016.02.14-12.36.00:489][112]LogModuleManager: Shutting down and abandoning module BspMode (185)
[2016.02.14-12.36.00:489][112]LogModuleManager: Shutting down and abandoning module PlacementMode (184)
[2016.02.14-12.36.00:490][112]LogModuleManager: Shutting down and abandoning module AutomationWorker (183)
[2016.02.14-12.36.00:490][112]LogModuleManager: Shutting down and abandoning module CharacterAI (182)
[2016.02.14-12.36.00:490][112]LogModuleManager: Shutting down and abandoning module SmartSnapping (181)
[2016.02.14-12.36.00:490][112]LogModuleManager: Shutting down and abandoning module ViewportSnapping (180)
[2016.02.14-12.36.00:490][112]LogModuleManager: Shutting down and abandoning module LogVisualizer (179)
[2016.02.14-12.36.00:490][112]LogModuleManager: Shutting down and abandoning module GameProjectGeneration (178)
[2016.02.14-12.36.00:490][112]LogModuleManager: Shutting down and abandoning module IntroTutorials (177)
[2016.02.14-12.36.00:490][112]LogModuleManager: Shutting down and abandoning module EditorLiveStreaming (176)
[2016.02.14-12.36.00:490][112]LogModuleManager: Shutting down and abandoning module IOSPlatformEditor (175)
[2016.02.14-12.36.00:490][112]LogModuleManager: Shutting down and abandoning module HTML5PlatformEditor (174)
[2016.02.14-12.36.00:490][112]LogModuleManager: Shutting down and abandoning module AndroidDeviceDetection (173)
[2016.02.14-12.36.01:210][112]LogModuleManager: Shutting down and abandoning module AndroidPlatformEditor (172)
[2016.02.14-12.36.01:210][112]LogModuleManager: Shutting down and abandoning module IOSRuntimeSettings (171)
[2016.02.14-12.36.01:210][112]LogModuleManager: Shutting down and abandoning module AndroidRuntimeSettings (170)
[2016.02.14-12.36.01:210][112]LogModuleManager: Shutting down and abandoning module MergeActors (169)
[2016.02.14-12.36.01:210][112]LogModuleManager: Shutting down and abandoning module SizeMap (168)
[2016.02.14-12.36.01:210][112]LogModuleManager: Shutting down and abandoning module TreeMap (167)
[2016.02.14-12.36.01:210][112]LogModuleManager: Shutting down and abandoning module ReferenceViewer (166)
[2016.02.14-12.36.01:210][112]LogModuleManager: Shutting down and abandoning module LocalizationService (165)
[2016.02.14-12.36.01:210][112]LogModuleManager: Shutting down and abandoning module LocalizationDashboard (164)
[2016.02.14-12.36.01:210][112]LogModuleManager: Shutting down and abandoning module HardwareTargeting (163)
[2016.02.14-12.36.01:210][112]LogModuleManager: Shutting down and abandoning module DeviceProfileEditor (162)
[2016.02.14-12.36.01:210][112]LogModuleManager: Shutting down and abandoning module UndoHistory (161)
[2016.02.14-12.36.01:210][112]LogModuleManager: Shutting down and abandoning module GameplayTagsEditor (160)
[2016.02.14-12.36.01:210][112]LogModuleManager: Shutting down and abandoning module UserFeedback (159)
[2016.02.14-12.36.01:210][112]LogModuleManager: Shutting down and abandoning module XmlParser (158)
[2016.02.14-12.36.01:210][112]LogModuleManager: Shutting down and abandoning module Blutility (157)
[2016.02.14-12.36.01:210][112]LogModuleManager: Shutting down and abandoning module ProjectTargetPlatformEditor (156)
[2016.02.14-12.36.01:210][112]LogModuleManager: Shutting down and abandoning module ProjectSettingsViewer (155)
[2016.02.14-12.36.01:210][112]LogModuleManager: Shutting down and abandoning module InputBindingEditor (154)
[2016.02.14-12.36.01:210][112]LogModuleManager: Shutting down and abandoning module EditorSettingsViewer (153)
[2016.02.14-12.36.01:211][112]LogModuleManager: Shutting down and abandoning module SettingsEditor (152)
[2016.02.14-12.36.01:211][112]LogModuleManager: Shutting down and abandoning module ProjectLauncher (151)
[2016.02.14-12.36.01:211][112]LogModuleManager: Shutting down and abandoning module SessionFrontend (150)
[2016.02.14-12.36.01:211][112]LogModuleManager: Shutting down and abandoning module ProfilerClient (149)
[2016.02.14-12.36.01:211][112]LogModuleManager: Shutting down and abandoning module TargetDeviceServices (148)
[2016.02.14-12.36.01:211][112]LogModuleManager: Shutting down and abandoning module DeviceManager (147)
[2016.02.14-12.36.01:211][112]LogModuleManager: Shutting down and abandoning module AutomationController (146)
[2016.02.14-12.36.01:211][112]LogModuleManager: Shutting down and abandoning module AutomationWindow (145)
[2016.02.14-12.36.01:211][112]LogModuleManager: Shutting down and abandoning module Layers (144)
[2016.02.14-12.36.01:211][112]LogModuleManager: Shutting down and abandoning module ComponentVisualizers (143)
[2016.02.14-12.36.01:211][112]LogModuleManager: Shutting down and abandoning module DetailCustomizations (142)
[2016.02.14-12.36.01:211][112]LogModuleManager: Shutting down and abandoning module PackagesDialog (141)
[2016.02.14-12.36.01:211][112]LogModuleManager: Shutting down and abandoning module Persona (140)
[2016.02.14-12.36.01:211][112]LogModuleManager: Shutting down and abandoning module Kismet (139)
[2016.02.14-12.36.01:211][112]LogModuleManager: Shutting down and abandoning module GraphEditor (138)
[2016.02.14-12.36.01:212][112]LogModuleManager: Shutting down and abandoning module ClassViewer (137)
[2016.02.14-12.36.01:212][112]LogModuleManager: Shutting down and abandoning module Toolbox (136)
[2016.02.14-12.36.01:212][112]LogModuleManager: Shutting down and abandoning module ModuleUI (135)
[2016.02.14-12.36.01:212][112]LogModuleManager: Shutting down and abandoning module MovieSceneTools (134)
[2016.02.14-12.36.01:212][112]LogModuleManager: Shutting down and abandoning module OutputLog (133)
[2016.02.14-12.36.01:212][112]LogModuleManager: Shutting down and abandoning module GammaUI (132)
[2016.02.14-12.36.01:212][112]LogModuleManager: Shutting down and abandoning module Documentation (131)
[2016.02.14-12.36.01:212][112]LogModuleManager: Shutting down and abandoning module GameLiveStreaming (130)
[2016.02.14-12.36.01:212][112]LogModuleManager: Shutting down and abandoning module StreamingPauseRendering (129)
[2016.02.14-12.36.01:212][112]LogModuleManager: Shutting down and abandoning module AnalyticsET (128)
[2016.02.14-12.36.01:212][112]LogModuleManager: Shutting down and abandoning module Analytics (127)
[2016.02.14-12.36.01:212][112]LogModuleManager: Shutting down and abandoning module AITestSuite (126)
[2016.02.14-12.36.01:212][112]LogModuleManager: Shutting down and abandoning module GameplayDebugger (125)
[2016.02.14-12.36.01:212][112]LogModuleManager: Shutting down and abandoning module AIModule (124)
[2016.02.14-12.36.01:212][112]LogModuleManager: Shutting down and abandoning module ProfilerService (123)
[2016.02.14-12.36.01:436][112]LogModuleManager: Shutting down and abandoning module TaskGraph (122)
[2016.02.14-12.36.01:436][112]LogModuleManager: Shutting down and abandoning module SlateRemote (121)
[2016.02.14-12.36.01:436][112]LogModuleManager: Shutting down and abandoning module SteamVRController (120)
[2016.02.14-12.36.01:436][112]LogModuleManager: Shutting down and abandoning module SteamVR (119)
[2016.02.14-12.36.01:436][112]LogModuleManager: Shutting down and abandoning module ProceduralMeshComponent (118)
[2016.02.14-12.36.01:436][112]LogModuleManager: Shutting down and abandoning module OculusRift (117)
[2016.02.14-12.36.01:436][112]LogModuleManager: Shutting down and abandoning module OculusLibrary (116)
[2016.02.14-12.36.01:436][112]LogModuleManager: Shutting down and abandoning module LeapMotionController (115)
[2016.02.14-12.36.01:457][112]LogModuleManager: Shutting down and abandoning module CustomMeshComponent (114)
[2016.02.14-12.36.01:457][112]LogModuleManager: Shutting down and abandoning module CableComponent (113)
[2016.02.14-12.36.01:457][112]LogModuleManager: Shutting down and abandoning module ArchVisCharacter (112)
[2016.02.14-12.36.01:457][112]LogModuleManager: Shutting down and abandoning module MessagingDebugger (111)
[2016.02.14-12.36.01:457][112]LogModuleManager: Shutting down and abandoning module MediaPlayerEditor (110)
[2016.02.14-12.36.01:457][112]LogModuleManager: Shutting down and abandoning module HTML5Networking (109)
[2016.02.14-12.36.01:457][112]LogModuleManager: Shutting down and abandoning module SpeedTreeImporter (108)
[2016.02.14-12.36.01:457][112]LogModuleManager: Shutting down and abandoning module PluginBrowser (107)
[2016.02.14-12.36.01:457][112]LogModuleManager: Shutting down and abandoning module EpicSurvey (106)
[2016.02.14-12.36.01:457][112]LogModuleManager: Shutting down and abandoning module DesktopPlatform (105)
[2016.02.14-12.36.01:457][112]LogModuleManager: Shutting down and abandoning module VisualStudioSourceCodeAccess (104)
[2016.02.14-12.36.01:457][112]LogModuleManager: Shutting down and abandoning module UObjectPlugin (103)
[2016.02.14-12.36.01:457][112]LogModuleManager: Shutting down and abandoning module SubversionSourceControl (102)
[2016.02.14-12.36.01:457][112]LogModuleManager: Shutting down and abandoning module PerforceSourceControl (101)
[2016.02.14-12.36.01:457][112]LogModuleManager: Shutting down and abandoning module SourceControl (100)
[2016.02.14-12.36.01:457][112]LogModuleManager: Shutting down and abandoning module GitSourceControl (99)
[2016.02.14-12.36.01:457][112]LogModuleManager: Shutting down and abandoning module LightPropagationVolumeEditor (98)
[2016.02.14-12.36.01:457][112]LogModuleManager: Shutting down and abandoning module PaperTiledImporter (97)
[2016.02.14-12.36.01:457][112]LogModuleManager: Shutting down and abandoning module PaperSpriteSheetImporter (96)
[2016.02.14-12.36.01:457][112]LogModuleManager: Shutting down and abandoning module MeshPaint (95)
[2016.02.14-12.36.01:457][112]LogModuleManager: Shutting down and abandoning module SlateReflector (94)
[2016.02.14-12.36.01:457][112]LogModuleManager: Shutting down and abandoning module HotReload (93)
[2016.02.14-12.36.01:458][112]LogModuleManager: Shutting down and abandoning module MainFrame (92)
[2016.02.14-12.36.01:458][112]LogModuleManager: Shutting down and abandoning module LevelEditor (91)
[2016.02.14-12.36.01:459][112]LogModuleManager: Shutting down and abandoning module DirectoryWatcher (90)
[2016.02.14-12.36.01:460][112]LogModuleManager: Shutting down and abandoning module AssetRegistry (89)
[2016.02.14-12.36.01:495][112]LogModuleManager: Shutting down and abandoning module ContentBrowser (88)
[2016.02.14-12.36.01:496][112]LogModuleManager: Shutting down and abandoning module Paper2DEditor (87)
[2016.02.14-12.36.01:496][112]LogModuleManager: Shutting down and abandoning module StarFox (86)
[2016.02.14-12.36.01:496][112]LogModuleManager: Shutting down and abandoning module UdpMessaging (85)
[2016.02.14-12.36.01:597][112]LogModuleManager: Shutting down and abandoning module LightPropagationVolumeRuntime (84)
[2016.02.14-12.36.01:597][112]LogModuleManager: Shutting down and abandoning module Paper2D (83)
[2016.02.14-12.36.01:597][112]LogModuleManager: Shutting down and abandoning module WindowsMoviePlayer (82)
[2016.02.14-12.36.01:601][112]LogModuleManager: Shutting down and abandoning module Media (81)
[2016.02.14-12.36.01:601][112]LogModuleManager: Shutting down and abandoning module WmfMedia (80)
[2016.02.14-12.36.01:601][112]LogModuleManager: Shutting down and abandoning module OnlineBlueprintSupport (79)
[2016.02.14-12.36.01:601][112]LogModuleManager: Shutting down and abandoning module GameplayTasksEditor (78)
[2016.02.14-12.36.01:601][112]LogModuleManager: Shutting down and abandoning module PropertyEditor (77)
[2016.02.14-12.36.01:601][112]LogModuleManager: Shutting down and abandoning module BehaviorTreeEditor (76)
[2016.02.14-12.36.01:602][112]LogModuleManager: Shutting down and abandoning module FunctionalTesting (75)
[2016.02.14-12.36.01:602][112]LogModuleManager: Shutting down and abandoning module CollisionAnalyzer (74)
[2016.02.14-12.36.01:602][112]LogModuleManager: Shutting down and abandoning module WorkspaceMenuStructure (73)
[2016.02.14-12.36.01:602][112]LogModuleManager: Shutting down and abandoning module MessageLog (72)
[2016.02.14-12.36.01:602][112]LogModuleManager: Shutting down and abandoning module Sequencer (71)
[2016.02.14-12.36.01:602][112]LogModuleManager: Shutting down and abandoning module AssetTools (70)
[2016.02.14-12.36.01:602][112]LogModuleManager: Shutting down and abandoning module UMGEditor (69)
[2016.02.14-12.36.01:602][112]LogModuleManager: Shutting down and abandoning module UMG (68)
[2016.02.14-12.36.01:602][112]LogModuleManager: Shutting down and abandoning module Slate (67)
[2016.02.14-12.36.01:602][112]LogModuleManager: Shutting down and abandoning module EditorStyle (66)
[2016.02.14-12.36.01:607][112]LogModuleManager: Shutting down and abandoning module SessionServices (65)
[2016.02.14-12.36.01:607][112]LogModuleManager: Shutting down and abandoning module SourceCodeAccess (64)
[2016.02.14-12.36.01:607][112]LogModuleManager: Shutting down and abandoning module HeadMountedDisplay (63)
[2016.02.14-12.36.01:607][112]LogModuleManager: Shutting down and abandoning module XAudio2 (62)
[2016.02.14-12.36.01:607][112]LogModuleManager: Shutting down and abandoning module Networking (60)
[2016.02.14-12.36.01:607][112]LogModuleManager: Shutting down and abandoning module Core (59)
[2016.02.14-12.36.01:607][112]LogModuleManager: Shutting down and abandoning module KismetCompiler (58)
[2016.02.14-12.36.01:607][112]LogModuleManager: Shutting down and abandoning module PhysXFormats (57)
[2016.02.14-12.36.01:607][112]LogModuleManager: Shutting down and abandoning module MeshUtilities (56)
[2016.02.14-12.36.01:607][112]LogModuleManager: Shutting down and abandoning module CookingStats (55)
[2016.02.14-12.36.01:608][112]LogModuleManager: Shutting down and abandoning module DerivedDataCache (54)
[2016.02.14-12.36.01:647][112]LogDerivedDataCache: Shutdown
[2016.02.14-12.36.01:647][112]LogModuleManager: Shutting down and abandoning module ShaderFormatOpenGL (53)
[2016.02.14-12.36.01:647][112]LogModuleManager: Shutting down and abandoning module ShaderFormatD3D (52)
[2016.02.14-12.36.01:647][112]LogModuleManager: Shutting down and abandoning module MetalShaderFormat (51)
[2016.02.14-12.36.01:647][112]LogModuleManager: Shutting down and abandoning module TextureFormatUncompressed (50)
[2016.02.14-12.36.01:647][112]LogModuleManager: Shutting down and abandoning module TextureFormatPVR (49)
[2016.02.14-12.36.01:647][112]LogModuleManager: Shutting down and abandoning module TextureFormatIntelISPCTexComp (48)
[2016.02.14-12.36.01:647][112]LogModuleManager: Shutting down and abandoning module TextureFormatDXT (47)
[2016.02.14-12.36.01:647][112]LogModuleManager: Shutting down and abandoning module ImageWrapper (46)
[2016.02.14-12.36.01:647][112]LogModuleManager: Shutting down and abandoning module TextureFormatASTC (45)
[2016.02.14-12.36.01:647][112]LogModuleManager: Shutting down and abandoning module TextureFormatAndroid (44)
[2016.02.14-12.36.01:647][112]LogModuleManager: Shutting down and abandoning module AudioFormatOpus (43)
[2016.02.14-12.36.01:647][112]LogModuleManager: Shutting down and abandoning module AudioFormatOgg (42)
[2016.02.14-12.36.01:647][112]LogModuleManager: Shutting down and abandoning module AudioFormatADPCM (41)
[2016.02.14-12.36.01:647][112]LogModuleManager: Shutting down and abandoning module LinuxTargetPlatform (40)
[2016.02.14-12.36.01:647][112]LogModuleManager: Shutting down and abandoning module LinuxServerTargetPlatform (39)
[2016.02.14-12.36.01:647][112]LogModuleManager: Shutting down and abandoning module LinuxNoEditorTargetPlatform (38)
[2016.02.14-12.36.01:647][112]LogModuleManager: Shutting down and abandoning module Messaging (37)
[2016.02.14-12.36.01:647][112]LogModuleManager: Shutting down and abandoning module IOSTargetPlatform (36)
[2016.02.14-12.36.01:647][112]LogModuleManager: Shutting down and abandoning module HTML5TargetPlatform (35)
[2016.02.14-12.36.01:647][112]LogModuleManager: Shutting down and abandoning module Android_PVRTCTargetPlatform (34)
[2016.02.14-12.36.01:647][112]LogModuleManager: Shutting down and abandoning module Android_ETC2TargetPlatform (33)
[2016.02.14-12.36.01:647][112]LogModuleManager: Shutting down and abandoning module Android_ETC1TargetPlatform (32)
[2016.02.14-12.36.01:648][112]LogModuleManager: Shutting down and abandoning module Android_DXTTargetPlatform (31)
[2016.02.14-12.36.01:648][112]LogModuleManager: Shutting down and abandoning module Android_ATCTargetPlatform (30)
[2016.02.14-12.36.01:648][112]LogModuleManager: Shutting down and abandoning module Android_ASTCTargetPlatform (29)
[2016.02.14-12.36.01:648][112]LogModuleManager: Shutting down and abandoning module AndroidTargetPlatform (28)
[2016.02.14-12.36.01:648][112]LogModuleManager: Shutting down and abandoning module WindowsTargetPlatform (27)
[2016.02.14-12.36.01:648][112]LogModuleManager: Shutting down and abandoning module WindowsServerTargetPlatform (26)
[2016.02.14-12.36.01:648][112]LogModuleManager: Shutting down and abandoning module WindowsNoEditorTargetPlatform (25)
[2016.02.14-12.36.01:648][112]LogModuleManager: Shutting down and abandoning module WindowsClientTargetPlatform (24)
[2016.02.14-12.36.01:648][112]LogModuleManager: Shutting down and abandoning module AllDesktopTargetPlatform (23)
[2016.02.14-12.36.01:648][112]LogModuleManager: Shutting down and abandoning module TargetPlatform (22)
[2016.02.14-12.36.01:648][112]LogModuleManager: Shutting down and abandoning module InputCore (21)
[2016.02.14-12.36.01:648][112]LogModuleManager: Shutting down and abandoning module Settings (20)
[2016.02.14-12.36.01:648][112]LogModuleManager: Shutting down and abandoning module OnlineSubsystem (18)
[2016.02.14-12.36.01:648][112]LogModuleManager: Shutting down and abandoning module HTTP (17)
[2016.02.14-12.36.03:651][112]LogModuleManager: Shutting down and abandoning module XMPP (16)
[2016.02.14-12.36.03:651][112]LogModuleManager: Shutting down and abandoning module ExampleDeviceProfileSelector (15)
[2016.02.14-12.36.03:651][112]LogModuleManager: Shutting down and abandoning module TextureCompressor (14)
[2016.02.14-12.36.03:651][112]LogModuleManager: Shutting down and abandoning module ShaderCore (13)
[2016.02.14-12.36.03:651][112]LogModuleManager: Shutting down and abandoning module Landscape (12)
[2016.02.14-12.36.03:651][112]LogModuleManager: Shutting down and abandoning module SlateRHIRenderer (11)
[2016.02.14-12.36.03:652][112]LogModuleManager: Shutting down and abandoning module OpenGLDrv (10)
[2016.02.14-12.36.03:652][112]LogModuleManager: Shutting down and abandoning module D3D11RHI (9)
[2016.02.14-12.36.03:652][112]LogModuleManager: Shutting down and abandoning module AnimGraphRuntime (8)
[2016.02.14-12.36.03:652][112]LogModuleManager: Shutting down and abandoning module Renderer (7)
[2016.02.14-12.36.03:653][112]LogModuleManager: Shutting down and abandoning module Engine (6)
[2016.02.14-12.36.03:653][112]LogModuleManager: Shutting down and abandoning module CoreUObject (5)
[2016.02.14-12.36.03:653][112]LogModuleManager: Shutting down and abandoning module NetworkFile (4)
[2016.02.14-12.36.03:653][112]LogModuleManager: Shutting down and abandoning module StreamingFile (3)
[2016.02.14-12.36.03:653][112]LogModuleManager: Shutting down and abandoning module SandboxFile (2)
[2016.02.14-12.36.03:653][112]LogModuleManager: Shutting down and abandoning module PakFile (1)
[2016.02.14-12.36.03:654][112]LogExit: Exiting.
[2016.02.14-12.36.03:656][112]Log file closed, 02/14/16 13:36:03
