[2016.02.14-12.36.18:218][  0]Log file open, 02/14/16 13:36:18
[2016.02.14-12.36.18:218][  0]LogInit:Display: Running engine for game: StarFox
[2016.02.14-12.36.18:218][  0]LogInit:Display: RandInit(1098983953) SRandInit(1098983954).
[2016.02.14-12.36.18:218][  0]LogTaskGraph: Started task graph with 4 named threads and 7 total threads.
[2016.02.14-12.36.18:218][  0]LogStats: Stats thread started at 0.072757
[2016.02.14-12.36.18:218][  0]LogInit: Version: 4.9.2-2707645+++depot+UE4-Releases+4.9
[2016.02.14-12.36.18:218][  0]LogInit: API Version: 2672455
[2016.02.14-12.36.18:218][  0]LogInit: Compiled (64-bit): Sep 28 2015 10:25:44
[2016.02.14-12.36.18:218][  0]LogInit: Compiled with Visual C++: 18.00.21005.01
[2016.02.14-12.36.18:218][  0]LogInit: Build Configuration: Development
[2016.02.14-12.36.18:218][  0]LogInit: Branch Name: ++depot+UE4-Releases+4.9
[2016.02.14-12.36.18:218][  0]LogInit: Command line:  
[2016.02.14-12.36.18:218][  0]LogInit: Base directory: C:/Program Files/Epic Games/4.9/Engine/Binaries/Win64/
[2016.02.14-12.36.18:218][  0]LogInit: Rocket: 1
[2016.02.14-12.36.18:226][  0]LogInit: Using libcurl 7.41.0
[2016.02.14-12.36.18:226][  0]LogInit:  - built for x86_64-pc-win32
[2016.02.14-12.36.18:226][  0]LogInit:  - supports SSL with WinSSL
[2016.02.14-12.36.18:226][  0]LogInit:  - other features:
[2016.02.14-12.36.18:226][  0]LogInit:      CURL_VERSION_SSL
[2016.02.14-12.36.18:226][  0]LogInit:      CURL_VERSION_IPV6
[2016.02.14-12.36.18:226][  0]LogInit:      CURL_VERSION_ASYNCHDNS
[2016.02.14-12.36.18:226][  0]LogInit:      CURL_VERSION_LARGEFILE
[2016.02.14-12.36.18:226][  0]LogInit:      CURL_VERSION_IDN
[2016.02.14-12.36.18:226][  0]LogInit:  CurlRequestOptions (configurable via config and command line):
[2016.02.14-12.36.18:226][  0]LogInit:  - bVerifyPeer = true  - Libcurl will verify peer certificate
[2016.02.14-12.36.18:226][  0]LogInit:  - bUseHttpProxy = false  - Libcurl will NOT use HTTP proxy
[2016.02.14-12.36.18:226][  0]LogInit:  - bDontReuseConnections = false  - Libcurl will reuse connections
[2016.02.14-12.36.18:226][  0]LogInit:  - CertBundlePath = nullptr  - Libcurl will use whatever was configured at build time.
[2016.02.14-12.36.18:233][  0]LogInit: Presizing for 0 objects not considered by GC, pre-allocating 0 bytes.
[2016.02.14-12.36.18:239][  0]LogInit: Object subsystem initialized
[2016.02.14-12.36.18:240][  0]LogInit: Selected Device Profile: [Windows]
[2016.02.14-12.36.18:240][  0]LogInit: Applying CVar settings loaded from the selected device profile: [Windows]
[2016.02.14-12.36.18:247][  0]LogInit: Computer: FIDUS
[2016.02.14-12.36.18:247][  0]LogInit: User: Niclas
[2016.02.14-12.36.18:247][  0]LogInit: CPU Page size=4096, Cores=4
[2016.02.14-12.36.18:247][  0]LogInit: High frequency timer resolution =3.386480 MHz
[2016.02.14-12.36.18:247][  0]LogMemory: Memory total: Physical=15.9GB (16GB approx)
[2016.02.14-12.36.18:247][  0]LogMemory: Platform Memory Stats for Windows
[2016.02.14-12.36.18:247][  0]LogMemory: Process Physical Memory: 54.42 MB used, 54.42 MB peak
[2016.02.14-12.36.18:247][  0]LogMemory: Process Virtual Memory: 55.38 MB used, 55.38 MB peak
[2016.02.14-12.36.18:247][  0]LogMemory: Physical Memory: 4689.82 MB used, 16332.28 MB total
[2016.02.14-12.36.18:247][  0]LogMemory: Virtual Memory: 368.25 MB used, 134217728.00 MB total
[2016.02.14-12.36.18:277][  0]LogTextLocalizationManager: No translations for ('sv-SE') exist, falling back to 'en' for localization and internationalization data.
[2016.02.14-12.36.18:901][  0]LogD3D11RHI: Found D3D11 adapter 0: AMD Radeon HD 7800 Series (Feature Level 11_0)
[2016.02.14-12.36.18:901][  0]LogD3D11RHI: Adapter has 2030MB of dedicated video memory, 0MB of dedicated system memory, and 8166MB of shared system memory, 1 output[s]
[2016.02.14-12.36.18:902][  0]LogD3D11RHI: Found D3D11 adapter 1: Microsoft Basic Render Driver (Feature Level 11_0)
[2016.02.14-12.36.18:902][  0]LogD3D11RHI: Adapter has 0MB of dedicated video memory, 0MB of dedicated system memory, and 8166MB of shared system memory, 0 output[s]
[2016.02.14-12.36.18:903][  0]LogD3D11RHI: Chosen D3D11 Adapter Id = 0
[2016.02.14-12.36.18:905][  0]LogD3D11RHI: !Direct3DDevice
[2016.02.14-12.36.18:905][  0]LogRHI: Texture pool is 1361 MB (70% of 1945 MB)
[2016.02.14-12.36.18:910][  0]LogD3D11RHI: Async texture creation disabled: no driver support
[2016.02.14-12.36.18:920][  0]LogShaderCompilers: Guid format shader working directory is 14 characters bigger than the processId version (../../../../../../Users/Niclas/Documents/GitHub/Staroxurur/StarFox/Intermediate/Shaders/WorkingDirectory/13824/).
[2016.02.14-12.36.18:920][  0]LogShaderCompilers: Cleaned the shader compiler working directory '../../../../../../Users/Niclas/Documents/GitHub/Staroxurur/StarFox/Intermediate/Shaders/tmp/002A7E084C834E5BE10581B613110B06/'.
[2016.02.14-12.36.18:920][  0]LogShaderCompilers:Display: Using Local Shader Compiler.
[2016.02.14-12.36.19:828][  0]LogTemp:Display: Loaded TP AllDesktopTargetPlatform
[2016.02.14-12.36.19:833][  0]LogTemp:Display: Loaded TP WindowsClientTargetPlatform
[2016.02.14-12.36.19:838][  0]LogTemp:Display: Loaded TP WindowsNoEditorTargetPlatform
[2016.02.14-12.36.19:843][  0]LogTemp:Display: Loaded TP WindowsServerTargetPlatform
[2016.02.14-12.36.19:848][  0]LogTemp:Display: Loaded TP WindowsTargetPlatform
[2016.02.14-12.36.19:851][  0]LogTemp:Display: Loaded TP AndroidTargetPlatform
[2016.02.14-12.36.19:854][  0]LogTemp:Display: Loaded TP Android_ASTCTargetPlatform
[2016.02.14-12.36.19:857][  0]LogTemp:Display: Loaded TP Android_ATCTargetPlatform
[2016.02.14-12.36.19:860][  0]LogTemp:Display: Loaded TP Android_DXTTargetPlatform
[2016.02.14-12.36.19:863][  0]LogTemp:Display: Loaded TP Android_ETC1TargetPlatform
[2016.02.14-12.36.19:866][  0]LogTemp:Display: Loaded TP Android_ETC2TargetPlatform
[2016.02.14-12.36.19:870][  0]LogTemp:Display: Loaded TP Android_PVRTCTargetPlatform
[2016.02.14-12.36.19:870][  0]LogTemp:Display: Loaded TP HTML5TargetPlatform
[2016.02.14-12.36.19:888][  0]LogTemp:Display: Loaded TP IOSTargetPlatform
[2016.02.14-12.36.19:891][  0]LogTemp:Display: Loaded TP LinuxNoEditorTargetPlatform
[2016.02.14-12.36.19:894][  0]LogTemp:Display: Loaded TP LinuxServerTargetPlatform
[2016.02.14-12.36.19:897][  0]LogTemp:Display: Loaded TP LinuxTargetPlatform
[2016.02.14-12.36.19:897][  0]LogTargetPlatformManager:Display: Building Assets For Windows
[2016.02.14-12.36.19:987][  0]LogDerivedDataCache:Display: Max Cache Size: 512 MB
[2016.02.14-12.36.20:021][  0]LogDerivedDataCache: Loaded boot cache 0.03s 41MB C:/Users/Niclas/AppData/Local/UnrealEngine/4.9/DerivedDataCache/Boot.ddc.
[2016.02.14-12.36.20:021][  0]LogDerivedDataCache:Display: Loaded Boot cache: C:/Users/Niclas/AppData/Local/UnrealEngine/4.9/DerivedDataCache/Boot.ddc
[2016.02.14-12.36.20:021][  0]LogDerivedDataCache: FDerivedDataBackendGraph:  Pak pak cache file ../../../../../../Users/Niclas/Documents/GitHub/Staroxurur/StarFox/DerivedDataCache/DDC.ddp not found, will not use a pak cache.
[2016.02.14-12.36.20:021][  0]LogDerivedDataCache: Unable to find inner node Pak for hierarchical cache Hierarchy.
[2016.02.14-12.36.20:021][  0]LogDerivedDataCache: FDerivedDataBackendGraph:  CompressedPak pak cache file ../../../../../../Users/Niclas/Documents/GitHub/Staroxurur/StarFox/DerivedDataCache/Compressed.ddp not found, will not use a pak cache.
[2016.02.14-12.36.20:021][  0]LogDerivedDataCache: Unable to find inner node CompressedPak for hierarchical cache Hierarchy.
[2016.02.14-12.36.20:143][  0]LogDerivedDataCache:Display: Pak cache opened for reading ../../../Engine/DerivedDataCache/Compressed.ddp.
[2016.02.14-12.36.20:156][  0]LogDerivedDataCache: Using Local data cache path C:/Users/Niclas/AppData/Local/UnrealEngine/Common/DerivedDataCache: Writable
[2016.02.14-12.36.20:331][  0]LogInit: Selected Device Profile: [Windows]
[2016.02.14-12.36.20:332][  0]LogContentStreaming: Texture pool size is 0.000000MB
[2016.02.14-12.36.20:437][  0]LogMeshUtilities: No automatic mesh reduction module available
[2016.02.14-12.36.20:437][  0]LogMeshUtilities: No automatic mesh merging module available
[2016.02.14-12.36.20:655][  0]LogInit: WinSock: version 1.1 (2.2), MaxSocks=32767, MaxUdp=65467
[2016.02.14-12.36.21:259][  0]UdpMessaging: Initializing bridge on interface 0.0.0.0:0 to multicast group 230.0.0.1:6666.
[2016.02.14-12.36.21:395][  0]LogAssetRegistry: FAssetRegistry took 0.0107 seconds to start up
[2016.02.14-12.36.21:547][  0]SourceControl: Info Source control is disabled
[2016.02.14-12.36.21:548][  0]SourceControl: Info Source control is disabled
[2016.02.14-12.36.21:561][  0]SourceControl: Info Source control is disabled
[2016.02.14-12.36.21:574][  0]SourceControl: Info Source control is disabled
[2016.02.14-12.36.21:743][  0]LogLinker:Warning: Asset '../../../Engine/Plugins/Runtime/LeapMotionController/Content/LM_PassthroughMaterial.uasset' has been saved with empty engine version. The asset will be loaded but may be incompatible.
[2016.02.14-12.36.21:832][  0]LogObj: 28386 objects as part of root set at end of initial load.
[2016.02.14-12.36.21:832][  0]LogUObjectAllocator: 6050200 out of 0 bytes used by permanent object pool.
[2016.02.14-12.36.21:882][  0]LogEngine: Initializing Engine...
[2016.02.14-12.36.21:884][  0]LogHMD: Can't find Oculus library dev build: is proper Runtime installed? Version: 0.7.0.0
[2016.02.14-12.36.21:884][  0]LogHMD: SteamVR failed to initialize.  Err: 110
[2016.02.14-12.36.21:987][  0]LogAIModule: Creating AISystem for world NewWorld
[2016.02.14-12.36.21:998][  0]LogInit: XAudio2 using '1 - BenQ GW2750H (AMD High Definition Audio Device)' : 2 channels at 48 kHz using 16 bits per sample (channel mask 0x3)
[2016.02.14-12.36.22:013][  0]LogInit: FAudioDevice initialized.
[2016.02.14-12.36.22:031][  0]LogDerivedDataCache: Saved boot cache 0.02s 41MB C:/Users/Niclas/AppData/Local/UnrealEngine/4.9/DerivedDataCache/Boot.ddc.
[2016.02.14-12.36.22:034][  0]LogInit: Texture streaming: Enabled
[2016.02.14-12.36.22:039][  0]LogAnalytics: Creating configured Analytics provider AnalyticsET
[2016.02.14-12.36.22:040][  0]LogAnalytics: [UEEditor.Rocket.Release] APIServer = http://et2.epicgames.com/ET2/. AppVersion = 4.9.2-2707645+++depot+UE4-Releases+4.9
[2016.02.14-12.36.22:040][  0]LogAnalytics: [UEEditor.Rocket.Release] SetUserId 8d5f2d8b4e520712a8f1e688fed765ab|99f216c1865e471987722078da7bde5f|50f43dcd-c54f-4aa6-a5c1-e948023fc359
[2016.02.14-12.36.22:040][  0]LogAnalytics: [UEEditor.Rocket.Release] AnalyticsET::StartSession
[2016.02.14-12.36.22:066][  0]LogInit: Transaction tracking system initialized
[2016.02.14-12.36.22:095][  0]BlueprintLog: New page: Editor Load
[2016.02.14-12.36.22:176][  0]LocalizationService: Info Localization service is disabled
[2016.02.14-12.36.22:251][  0]LogConsoleResponse:Display: 
[2016.02.14-12.36.22:343][  0]LogCook:Display: Done creating registry. It took  0.00s.
[2016.02.14-12.36.22:402][  0]LogFileCache: Scanning file cache for directory 'C:/Users/Niclas/Documents/GitHub/Staroxurur/StarFox/Content/' took 0.01s
[2016.02.14-12.36.22:402][  0]SourceControl: Info Source control is disabled
[2016.02.14-12.36.22:403][  0]Cmd: MAP LOAD FILE="../../../../../../Users/Niclas/Documents/GitHub/Staroxurur/StarFox/Content/StarterContent/Maps/Minimal_Default.umap" TEMPLATE=0 SHOWPROGRESS=1 FEATURELEVEL=3
[2016.02.14-12.36.22:403][  0]LightingResults: New page: Lighting Build
[2016.02.14-12.36.22:406][  0]MapCheck: New page: Map Check
[2016.02.14-12.36.22:406][  0]LightingResults: New page: Lighting Build
[2016.02.14-12.36.22:414][  0]LogParticles: Destroying 0 GPU particle simulations for FXSystem 0x00000194E5C8FCE0
[2016.02.14-12.36.22:629][  0]LogBlueprint:Warning: [compiler FlyingPawn] Warning Input Axis Event references unknown Axis 'MoveRight' for  InputAxis MoveRight 
[2016.02.14-12.36.22:629][  0]LogBlueprint:Warning: [compiler FlyingPawn] Warning Input Axis Event references unknown Axis 'MoveUp' for  InputAxis MoveUp 
[2016.02.14-12.36.22:633][  0]LogBlueprint:Warning: [compiler FlyingPawn] Warning [0005.27] Compile of FlyingPawn successful, but with 2 Warning(s) [in 16 ms]
[2016.02.14-12.36.22:633][  0]LogBlueprint:Warning: [compiler FlyingPawn] Warning [0005.27] Compile of FlyingPawn successful, but with 3 Warning(s) [in 0 ms]
[2016.02.14-12.36.22:633][  0]LogBlueprint:Warning: [compiler FlyingPawn] Warning [0005.27] Compile of FlyingPawn successful, but with 4 Warning(s) [in 0 ms]
[2016.02.14-12.36.22:648][  0]LogBlueprint:Warning: [compiler FlyingPawn] Warning Input Axis Event references unknown Axis 'MoveRight' for  InputAxis MoveRight 
[2016.02.14-12.36.22:649][  0]LogBlueprint:Warning: [compiler FlyingPawn] Warning Input Axis Event references unknown Axis 'MoveUp' for  InputAxis MoveUp 
[2016.02.14-12.36.22:653][  0]LogBlueprint:Warning: [compiler FlyingPawn] Warning [0005.29] Compile of FlyingPawn successful, but with 2 Warning(s) [in 14 ms]
[2016.02.14-12.36.22:653][  0]LogBlueprint:Warning: [compiler FlyingPawn] Warning [0005.29] Compile of FlyingPawn successful, but with 3 Warning(s) [in 0 ms]
[2016.02.14-12.36.22:653][  0]LogBlueprint:Warning: [compiler FlyingPawn] Warning [0005.29] Compile of FlyingPawn successful, but with 4 Warning(s) [in 0 ms]
[2016.02.14-12.36.22:849][  0]LogAIModule: Creating AISystem for world Minimal_Default
[2016.02.14-12.36.22:857][  0]LogEditorServer: Finished looking for orphan Actors (0.000 secs)
[2016.02.14-12.36.22:857][  0]Cmd: MAP CHECKDEP NOCLEARLOG
[2016.02.14-12.36.22:910][  0]MapCheck: Info Map check complete: 0 Error(s), 0 Warning(s), took 52.732ms to complete.
[2016.02.14-12.36.22:910][  0]LogFileHelpers: Loading map 'Minimal_Default' took 0.507
[2016.02.14-12.36.23:007][  0]LogCollectionManager: Loaded 0 collections in 0.002204 seconds
[2016.02.14-12.36.23:048][  0]LogFileCache: Scanning file cache for directory 'C:/Users/Niclas/Documents/GitHub/Staroxurur/StarFox/Saved/Collections/' took 0.01s
[2016.02.14-12.36.23:048][  0]LogFileCache: Scanning file cache for directory 'C:/Users/Niclas/Documents/GitHub/Staroxurur/StarFox/Content/Developers/Niclas/Collections/' took 0.01s
[2016.02.14-12.36.23:048][  0]LogFileCache: Scanning file cache for directory 'C:/Users/Niclas/Documents/GitHub/Staroxurur/StarFox/Content/Collections/' took 0.01s
[2016.02.14-12.36.23:048][  0]LogContentBrowser: Native class hierarchy populated in 0.0070 seconds. Added 1870 classes and 335 folders.
[2016.02.14-12.36.23:053][  0]LogCollectionManager: Rebuilt the GUID cache for 0 collections in 0.000002 seconds
[2016.02.14-12.36.23:060][  0]LogContentBrowser: Native class hierarchy updated for 'WidgetCarousel' in 0.0013 seconds. Added 0 classes and 0 folders.
[2016.02.14-12.36.23:104][  0]LogContentBrowser: Native class hierarchy updated for 'AddContentDialog' in 0.0014 seconds. Added 0 classes and 0 folders.
[2016.02.14-12.36.23:109][  0]LogContentBrowser: Native class hierarchy updated for 'SceneOutliner' in 0.0014 seconds. Added 1 classes and 2 folders.
[2016.02.14-12.36.23:130][  0]LogCrashTracker: Crashtracker disabled due to settings.
[2016.02.14-12.36.23:133][  0]LogUObjectGlobals:Warning: Failed to find object 'Class None.'
[2016.02.14-12.36.23:155][  0]LogLoad: Full Startup: 5.79 seconds (BP compile: 0.08 seconds)
[2016.02.14-12.36.23:217][  0]LogContentStreaming: Texture pool size now 1000 MB
[2016.02.14-12.36.23:321][  0]LogRenderer: Reallocating scene render targets to support 1208x576 (Frame:2).
[2016.02.14-12.36.23:676][  3]LogAssetRegistry: Asset discovery search completed in 2.2919 seconds
[2016.02.14-12.36.23:676][  3]LogCollectionManager: Rebuilt the object cache for 0 collections in 0.000001 seconds (found 0 objects)
[2016.02.14-12.36.23:676][  3]LogCollectionManager: Fixed up redirectors for 0 collections in 0.000023 seconds (updated 0 objects)
[2016.02.14-12.36.25:272][190]LogVSAccessor:Warning: Couldn't access Visual Studio
[2016.02.14-12.36.25:275][190]Recompiling StarFox...
[2016.02.14-12.36.25:276][190]Launching UnrealBuildTool... [C:/Program Files/Epic Games/4.9/Engine/Binaries/DotNET/UnrealBuildTool.exe StarFox -ModuleWithSuffix StarFox 2306 Win64 Development -editorrecompile -canskiplink "C:/Users/Niclas/Documents/GitHub/Staroxurur/StarFox/StarFox.uproject" -rocket  -rocket]
[2016.02.14-12.36.25:278][190]Warning: Starting HotReload took  0.0s.
[2016.02.14-12.36.28:787][592]CompilerResultsLog: New page: Compilation - Feb 14, 2016, 2:36:28 PM
[2016.02.14-12.36.28:787][592]CompilerResultsLog: Info Creating makefile for hot reloading StarFox (game project files are newer)
[2016.02.14-12.36.28:787][592]CompilerResultsLog: Info Compiling game modules for hot reload
[2016.02.14-12.36.28:787][592]CompilerResultsLog: Info ERROR: All source files in module "StarFox" must include the same precompiled header first.  Currently "C:\Users\Niclas\Documents\GitHub\Staroxurur\StarFox\Source\StarFox\StarFox.h" is included by most of the source files.  The following source files are not including "C:\Users\Niclas\Documents\GitHub\Staroxurur\StarFox\Source\StarFox\StarFox.h" as their first include:
[2016.02.14-12.36.28:787][592]CompilerResultsLog: Info 
[2016.02.14-12.36.28:787][592]CompilerResultsLog: Info C:\Users\Niclas\Documents\GitHub\Staroxurur\StarFox\Source\StarFox\StarFoxGameMode.cpp (including C:\Program Files\Epic Games\4.9\Engine\Source\Runtime\UMG\Public\Blueprint\UserWidget.h)
[2016.02.14-12.36.28:787][592]CompilerResultsLog: Info 
[2016.02.14-12.36.28:787][592]LogMainFrame: MainFrame: Module compiling took 3.515 seconds
[2016.02.14-12.36.28:787][592]Warning: HotReload failed, recompile failed
[2016.02.14-12.37.08:172][648]LogVSAccessor:Warning: Couldn't goto line number '0' in 'C:/Users/Niclas/Documents/GitHub/Staroxurur/StarFox/Source/StarFox/StarFoxGameMode.h'
[2016.02.14-12.37.08:223][648]LogVSAccessor:Warning: Couldn't goto line number '0' in 'C:/Users/Niclas/Documents/GitHub/Staroxurur/StarFox/Source/StarFox/StarFoxGameMode.cpp'
[2016.02.14-12.37.38:255][871]Recompiling StarFox...
[2016.02.14-12.37.38:255][871]Launching UnrealBuildTool... [C:/Program Files/Epic Games/4.9/Engine/Binaries/DotNET/UnrealBuildTool.exe StarFox -ModuleWithSuffix StarFox 1668 Win64 Development -editorrecompile -canskiplink "C:/Users/Niclas/Documents/GitHub/Staroxurur/StarFox/StarFox.uproject" -rocket  -rocket]
[2016.02.14-12.37.38:257][871]Warning: Starting HotReload took  0.0s.
[2016.02.14-12.37.59:180][348]CompilerResultsLog: New page: Compilation - Feb 14, 2016, 2:37:59 PM
[2016.02.14-12.37.59:180][348]CompilerResultsLog: Info Creating makefile for hot reloading StarFox (game project files are newer)
[2016.02.14-12.37.59:180][348]CompilerResultsLog: Info Compiling game modules for hot reload
[2016.02.14-12.37.59:180][348]CompilerResultsLog: Info Parsing headers for StarFoxEditor
[2016.02.14-12.37.59:180][348]CompilerResultsLog: Info   Running UnrealHeaderTool "C:/Users/Niclas/Documents/GitHub/Staroxurur/StarFox/StarFox.uproject" "C:\Users\Niclas\Documents\GitHub\Staroxurur\StarFox\Intermediate\Build\Win64\StarFoxEditor\Development\UnrealHeaderTool.manifest" -LogCmds="loginit warning, logexit warning, logdatabase error" -rocket -installed
[2016.02.14-12.37.59:180][348]CompilerResultsLog: Info Reflection code generated for StarFoxEditor in 7,6508911 seconds
[2016.02.14-12.37.59:180][348]CompilerResultsLog: Info Performing 4 actions (4 in parallel)
[2016.02.14-12.37.59:180][348]CompilerResultsLog: Info StarFox.generated.cpp
[2016.02.14-12.37.59:180][348]CompilerResultsLog: Info StarFoxGameMode.cpp
[2016.02.14-12.37.59:180][348]CompilerResultsLog: Info ring.cpp
[2016.02.14-12.37.59:180][348]CompilerResultsLog: Info [4/4] Link UE4Editor-StarFox-1668.dll
[2016.02.14-12.37.59:180][348]CompilerResultsLog: Info    Creating library C:\Users\Niclas\Documents\GitHub\Staroxurur\StarFox\Intermediate/Build/Win64\UE4Editor\Development\UE4Editor-StarFox-1668.lib and object C:\Users\Niclas\Documents\GitHub\Staroxurur\StarFox\Intermediate/Build/Win64\UE4Editor\Development\UE4Editor-StarFox-1668.exp
[2016.02.14-12.37.59:180][348]CompilerResultsLog: Info -------- End Detailed Actions Stats -----------------------------------------------------------
[2016.02.14-12.37.59:180][348]CompilerResultsLog: Info Total build time: 20,87 seconds
[2016.02.14-12.37.59:181][348]LogMainFrame: MainFrame: Module compiling took 20.929 seconds
[2016.02.14-12.37.59:208][348]LogClass: Could not find existing class ring in package /Script/StarFox for HotReload, assuming new class
[2016.02.14-12.37.59:212][348]LogContentBrowser: Native class hierarchy updated for 'StarFox' in 0.0015 seconds. Added 4 classes and 2 folders.
[2016.02.14-12.37.59:213][348]Warning: HotReload successful (0 functions remapped  0 scriptstructs remapped)
[2016.02.14-12.37.59:265][348]LogContentBrowser: Native class hierarchy populated in 0.0074 seconds. Added 1872 classes and 337 folders.
[2016.02.14-12.39.04:898][889]LogVSAccessor:Warning: Couldn't goto line number '0' in 'C:/Users/Niclas/Documents/GitHub/Staroxurur/StarFox/Source/StarFox/ring.h'
[2016.02.14-12.39.04:937][889]LogVSAccessor:Warning: Couldn't goto line number '0' in 'C:/Users/Niclas/Documents/GitHub/Staroxurur/StarFox/Source/StarFox/ring.cpp'
[2016.02.14-12.51.36:056][720]LogStaticMesh: Building static mesh ring...
[2016.02.14-12.51.36:088][720]LogStaticMesh: Built static mesh [0.033088.2s] /Game/ring.ring
[2016.02.14-12.51.36:194][729]LogActorFactory: Actor Factory created ring
[2016.02.14-12.51.36:751][794]LogActorFactory: Actor Factory created ring
[2016.02.14-12.51.49:210][223]LogEditor: Attempting to add actor of class 'ring' to level at 9210.00,-2270.00,-1030.00
[2016.02.14-12.51.50:620][389]LogEditor: Attempting to add actor of class 'ring' to level at 9520.00,-6640.00,1670.00
[2016.02.14-12.52.17:224][558]LogLinker:Warning: Asset '../../../Engine/Content/ArtTools/RenderToTexture/Macros/RenderToTextureMacros.uasset' has been saved with empty engine version. The asset will be loaded but may be incompatible.
[2016.02.14-12.52.17:737][558]LogContentBrowser: Native class hierarchy updated for 'BlueprintGraph' in 0.0017 seconds. Added 107 classes and 0 folders.
[2016.02.14-12.52.18:219][558]LogRenderer: Reallocating scene render targets to support 1208x900 (Frame:13001).
[2016.02.14-12.52.45:010][749]LogBlueprintUserMessages: CustomizeDetails for Blueprint 'RingBP', cached variable property's owner is '/Game/RingBP.SKEL_RingBP_C'
[2016.02.14-12.53.26:315][938]BlueprintLog: New page: Compile RingBP
[2016.02.14-12.53.26:384][938]BlueprintEditorCompileResults: Info [1029.02] Compile of RingBP successful! [in 69 ms]
[2016.02.14-12.53.27:131][986]Cmd: OBJ SAVEPACKAGE PACKAGE="/Game/RingBP" FILE="../../../../../../Users/Niclas/Documents/GitHub/Staroxurur/StarFox/Content/RingBP.uasset" SILENT=true
[2016.02.14-12.53.27:156][986]LogSavePackage: Save=22.301033ms
[2016.02.14-12.53.27:156][986]LogSavePackage: Moving '../../../../../../Users/Niclas/Documents/GitHub/Staroxurur/StarFox/Saved/RingBP80E56C4449B1F622DCB775A8B9DA26CE.tmp' to '../../../../../../Users/Niclas/Documents/GitHub/Staroxurur/StarFox/Content/RingBP.uasset'
[2016.02.14-12.53.27:158][986]LogSavePackage: Total save time: 25.092427ms
[2016.02.14-12.53.27:158][986]LogSavePackage:Warning: Finished SavePackage ../../../../../../Users/Niclas/Documents/GitHub/Staroxurur/StarFox/Content/RingBP.uasset
[2016.02.14-12.53.57:245][980]LogBlueprintUserMessages: Early PlayInEditor Detection: Level '/Game/StarterContent/Maps/Minimal_Default.Minimal_Default:PersistentLevel' has LevelScriptBlueprint '/Game/StarterContent/Maps/Minimal_Default.Minimal_Default:PersistentLevel.Minimal_Default' with GeneratedClass '/Game/StarterContent/Maps/Minimal_Default.Minimal_Default_C' with ClassGeneratedBy '/Game/StarterContent/Maps/Minimal_Default.Minimal_Default:PersistentLevel.Minimal_Default'
[2016.02.14-12.53.57:245][980]LogPlayLevel: PlayLevel: No blueprints needed recompiling
[2016.02.14-12.53.57:245][980]PIE: New page: PIE session: Minimal_Default (Feb 14, 2016, 2:53:57 PM)
[2016.02.14-12.53.57:245][980]LogPlayLevel: Creating play world package: /Game/StarterContent/Maps/UEDPIE_0_Minimal_Default
[2016.02.14-12.53.57:254][980]LogPlayLevel: PIE: StaticDuplicateObject took: (0.008930s)
[2016.02.14-12.53.57:256][980]LogAIModule: Creating AISystem for world Minimal_Default
[2016.02.14-12.53.57:256][980]LogPlayLevel: PIE: World Init took: (0.001289s)
[2016.02.14-12.53.57:256][980]LogPlayLevel: PIE: Created PIE world by copying editor world from /Game/StarterContent/Maps/Minimal_Default.Minimal_Default to /Game/StarterContent/Maps/UEDPIE_0_Minimal_Default.Minimal_Default (0.010424s)
[2016.02.14-12.53.57:286][980]LogInit: XAudio2 using '1 - BenQ GW2750H (AMD High Definition Audio Device)' : 2 channels at 48 kHz using 16 bits per sample (channel mask 0x3)
[2016.02.14-12.53.57:292][980]LogInit: FAudioDevice initialized.
[2016.02.14-12.53.57:350][980]LogWorld: Game class is 'MyStarFoxGameModeBP_C'
[2016.02.14-12.53.57:357][980]LogWorld:Warning: *** WARNING - PATHS MAY NOT BE VALID ***
[2016.02.14-12.53.57:357][980]LogWorld: Bringing World /Game/StarterContent/Maps/UEDPIE_0_Minimal_Default.Minimal_Default up for play (max tick rate 0) at 2016.02.14-13.53.57
[2016.02.14-12.53.57:357][980]LogActor:Warning: GameSession /Game/StarterContent/Maps/UEDPIE_0_Minimal_Default.Minimal_Default:PersistentLevel.GameSession_0 has natively added scene component(s), but none of them were set as the actor's RootComponent - picking one arbitrarily
[2016.02.14-12.53.57:357][980]LogActor:Warning: GameNetworkManager /Game/StarterContent/Maps/UEDPIE_0_Minimal_Default.Minimal_Default:PersistentLevel.GameNetworkManager_0 has natively added scene component(s), but none of them were set as the actor's RootComponent - picking one arbitrarily
[2016.02.14-12.53.57:359][980]LogWorld: Bringing up level for play took: 0.007613
[2016.02.14-12.53.57:361][980]PIE: Info Play in editor start time for /Game/StarterContent/Maps/UEDPIE_0_Minimal_Default 0.119
[2016.02.14-12.53.57:361][980]LogBlueprintUserMessages: Late PlayInEditor Detection: Level '/Game/StarterContent/Maps/Minimal_Default.Minimal_Default:PersistentLevel' has LevelScriptBlueprint '/Game/StarterContent/Maps/Minimal_Default.Minimal_Default:PersistentLevel.Minimal_Default' with GeneratedClass '/Game/StarterContent/Maps/Minimal_Default.Minimal_Default_C' with ClassGeneratedBy '/Game/StarterContent/Maps/Minimal_Default.Minimal_Default:PersistentLevel.Minimal_Default'
[2016.02.14-12.54.04:525][832]LogBlueprintUserMessages: Early EndPlayMap Detection: Level '/Game/StarterContent/Maps/Minimal_Default.Minimal_Default:PersistentLevel' has LevelScriptBlueprint '/Game/StarterContent/Maps/Minimal_Default.Minimal_Default:PersistentLevel.Minimal_Default' with GeneratedClass '/Game/StarterContent/Maps/Minimal_Default.Minimal_Default_C' with ClassGeneratedBy '/Game/StarterContent/Maps/Minimal_Default.Minimal_Default:PersistentLevel.Minimal_Default'
[2016.02.14-12.54.04:564][832]LogBlueprintUserMessages: Late EndPlayMap Detection: Level '/Game/StarterContent/Maps/Minimal_Default.Minimal_Default:PersistentLevel' has LevelScriptBlueprint '/Game/StarterContent/Maps/Minimal_Default.Minimal_Default:PersistentLevel.Minimal_Default' with GeneratedClass '/Game/StarterContent/Maps/Minimal_Default.Minimal_Default_C' with ClassGeneratedBy '/Game/StarterContent/Maps/Minimal_Default.Minimal_Default:PersistentLevel.Minimal_Default'
[2016.02.14-12.54.04:582][832]LogParticles: Destroying 0 GPU particle simulations for FXSystem 0x00000194A2085F80
[2016.02.14-12.54.06:402][ 32]LogEditorViewport: Clicking on Actor (LMB): StaticMeshActor (ring)
[2016.02.14-12.54.08:924][315]Cmd: DELETE
[2016.02.14-12.54.08:924][315]Cmd: ACTOR DELETE
[2016.02.14-12.54.08:931][315]LogEditorActor: Deleted Actor: StaticMeshActor
[2016.02.14-12.54.08:950][315]LogEditorActor: Deleted 1 Actors (0.020 secs)
[2016.02.14-12.54.14:821][978]LogBlueprintUserMessages: Early PlayInEditor Detection: Level '/Game/StarterContent/Maps/Minimal_Default.Minimal_Default:PersistentLevel' has LevelScriptBlueprint '/Game/StarterContent/Maps/Minimal_Default.Minimal_Default:PersistentLevel.Minimal_Default' with GeneratedClass '/Game/StarterContent/Maps/Minimal_Default.Minimal_Default_C' with ClassGeneratedBy '/Game/StarterContent/Maps/Minimal_Default.Minimal_Default:PersistentLevel.Minimal_Default'
[2016.02.14-12.54.14:821][978]LogPlayLevel: PlayLevel: No blueprints needed recompiling
[2016.02.14-12.54.14:821][978]PIE: New page: PIE session: Minimal_Default (Feb 14, 2016, 2:54:14 PM)
[2016.02.14-12.54.14:821][978]LogPlayLevel: Creating play world package: /Game/StarterContent/Maps/UEDPIE_0_Minimal_Default
[2016.02.14-12.54.14:830][978]LogPlayLevel: PIE: StaticDuplicateObject took: (0.008630s)
[2016.02.14-12.54.14:831][978]LogAIModule: Creating AISystem for world Minimal_Default
[2016.02.14-12.54.14:831][978]LogPlayLevel: PIE: World Init took: (0.000703s)
[2016.02.14-12.54.14:831][978]LogPlayLevel: PIE: Created PIE world by copying editor world from /Game/StarterContent/Maps/Minimal_Default.Minimal_Default to /Game/StarterContent/Maps/UEDPIE_0_Minimal_Default.Minimal_Default (0.009543s)
[2016.02.14-12.54.14:866][978]LogInit: XAudio2 using '1 - BenQ GW2750H (AMD High Definition Audio Device)' : 2 channels at 48 kHz using 16 bits per sample (channel mask 0x3)
[2016.02.14-12.54.14:871][978]LogInit: FAudioDevice initialized.
[2016.02.14-12.54.14:906][978]LogWorld: Game class is 'MyStarFoxGameModeBP_C'
[2016.02.14-12.54.14:912][978]LogWorld:Warning: *** WARNING - PATHS MAY NOT BE VALID ***
[2016.02.14-12.54.14:912][978]LogWorld: Bringing World /Game/StarterContent/Maps/UEDPIE_0_Minimal_Default.Minimal_Default up for play (max tick rate 0) at 2016.02.14-13.54.14
[2016.02.14-12.54.14:912][978]LogActor:Warning: GameSession /Game/StarterContent/Maps/UEDPIE_0_Minimal_Default.Minimal_Default:PersistentLevel.GameSession_1 has natively added scene component(s), but none of them were set as the actor's RootComponent - picking one arbitrarily
[2016.02.14-12.54.14:912][978]LogActor:Warning: GameNetworkManager /Game/StarterContent/Maps/UEDPIE_0_Minimal_Default.Minimal_Default:PersistentLevel.GameNetworkManager_1 has natively added scene component(s), but none of them were set as the actor's RootComponent - picking one arbitrarily
[2016.02.14-12.54.14:914][978]LogWorld: Bringing up level for play took: 0.007391
[2016.02.14-12.54.14:915][978]PIE: Info Play in editor start time for /Game/StarterContent/Maps/UEDPIE_0_Minimal_Default -0.327
[2016.02.14-12.54.14:915][978]LogBlueprintUserMessages: Late PlayInEditor Detection: Level '/Game/StarterContent/Maps/Minimal_Default.Minimal_Default:PersistentLevel' has LevelScriptBlueprint '/Game/StarterContent/Maps/Minimal_Default.Minimal_Default:PersistentLevel.Minimal_Default' with GeneratedClass '/Game/StarterContent/Maps/Minimal_Default.Minimal_Default_C' with ClassGeneratedBy '/Game/StarterContent/Maps/Minimal_Default.Minimal_Default:PersistentLevel.Minimal_Default'
[2016.02.14-12.54.19:880][569]LogBlueprintUserMessages: Early EndPlayMap Detection: Level '/Game/StarterContent/Maps/Minimal_Default.Minimal_Default:PersistentLevel' has LevelScriptBlueprint '/Game/StarterContent/Maps/Minimal_Default.Minimal_Default:PersistentLevel.Minimal_Default' with GeneratedClass '/Game/StarterContent/Maps/Minimal_Default.Minimal_Default_C' with ClassGeneratedBy '/Game/StarterContent/Maps/Minimal_Default.Minimal_Default:PersistentLevel.Minimal_Default'
[2016.02.14-12.54.19:917][569]LogBlueprintUserMessages: Late EndPlayMap Detection: Level '/Game/StarterContent/Maps/Minimal_Default.Minimal_Default:PersistentLevel' has LevelScriptBlueprint '/Game/StarterContent/Maps/Minimal_Default.Minimal_Default:PersistentLevel.Minimal_Default' with GeneratedClass '/Game/StarterContent/Maps/Minimal_Default.Minimal_Default_C' with ClassGeneratedBy '/Game/StarterContent/Maps/Minimal_Default.Minimal_Default:PersistentLevel.Minimal_Default'
[2016.02.14-12.54.19:938][569]LogParticles: Destroying 0 GPU particle simulations for FXSystem 0x00000194A1E65EE0
[2016.02.14-12.54.59:977][591]LogSCSEditor:Warning: Calling UpdateTree() from Tick() more frequently than expected due to invalid tree node state. This might be a performance issue.
[2016.02.14-12.55.02:705][829]LogSCSEditor:Warning: Calling UpdateTree() from Tick() more frequently than expected due to invalid tree node state. This might be a performance issue.
[2016.02.14-12.55.57:956][397]LogSCSEditor:Warning: Calling UpdateTree() from Tick() more frequently than expected due to invalid tree node state. This might be a performance issue.
[2016.02.14-12.55.58:653][441]LogSCSEditor:Warning: Calling UpdateTree() from Tick() more frequently than expected due to invalid tree node state. This might be a performance issue.
[2016.02.14-12.56.04:668][673]LogObjectTools:Warning: ForceReplaceReferences replaced references for a transient object 'DEADCLASS_RingBP_C_1' or package '/Engine/Transient'.
[2016.02.14-12.56.04:668][673]LogObjectTools:Warning: ForceReplaceReferences replaced references for a transient object 'DEADCLASS_RingBP_C_0' or package '/Engine/Transient'.
[2016.02.14-12.56.04:668][673]LogObjectTools:Warning: ForceReplaceReferences replaced references for a transient object 'K2Node_Event_6' or package '/Engine/Transient'.
[2016.02.14-12.56.04:668][673]LogObjectTools:Warning: ForceReplaceReferences replaced references for a transient object 'K2Node_Event_7' or package '/Engine/Transient'.
[2016.02.14-12.56.04:668][673]LogObjectTools:Warning: ForceReplaceReferences replaced references for a transient object 'K2Node_Event_8' or package '/Engine/Transient'.
[2016.02.14-12.56.04:668][673]LogObjectTools:Warning: ForceReplaceReferences replaced references for a transient object 'K2Node_Event_8' or package '/Engine/Transient'.
[2016.02.14-12.56.04:668][673]LogObjectTools:Warning: ForceReplaceReferences replaced references for a transient object 'K2Node_Event_7' or package '/Engine/Transient'.
[2016.02.14-12.56.04:668][673]LogObjectTools:Warning: ForceReplaceReferences replaced references for a transient object 'K2Node_Event_6' or package '/Engine/Transient'.
[2016.02.14-12.56.04:669][673]LogObjectTools:Warning: ForceReplaceReferences replaced references for a transient object 'K2Node_Event_6' or package '/Engine/Transient'.
[2016.02.14-12.56.04:669][673]LogObjectTools:Warning: ForceReplaceReferences replaced references for a transient object 'K2Node_Event_7' or package '/Engine/Transient'.
[2016.02.14-12.56.04:669][673]LogObjectTools:Warning: ForceReplaceReferences replaced references for a transient object 'K2Node_Event_8' or package '/Engine/Transient'.
[2016.02.14-12.56.04:669][673]LogObjectTools:Warning: ForceReplaceReferences replaced references for a transient object 'K2Node_Event_6' or package '/Engine/Transient'.
[2016.02.14-12.56.04:669][673]LogObjectTools:Warning: ForceReplaceReferences replaced references for a transient object 'K2Node_Event_7' or package '/Engine/Transient'.
[2016.02.14-12.56.04:669][673]LogObjectTools:Warning: ForceReplaceReferences replaced references for a transient object 'K2Node_Event_8' or package '/Engine/Transient'.
[2016.02.14-12.56.04:669][673]LogObjectTools:Warning: ForceReplaceReferences replaced references for a transient object 'REINST_SKEL_RingBP_C_55' or package '/Engine/Transient'.
[2016.02.14-12.56.04:669][673]LogObjectTools:Warning: ForceReplaceReferences replaced references for a transient object 'REINST_RingBP_C_54' or package '/Engine/Transient'.
[2016.02.14-12.56.04:686][673]LogParticles: Destroying 0 GPU particle simulations for FXSystem 0x00000194F896E700
[2016.02.14-12.56.04:688][673]LogParticles: Destroying 0 GPU particle simulations for FXSystem 0x00000194A1DE16C0
[2016.02.14-12.56.06:529][854]Recompiling StarFox...
[2016.02.14-12.56.06:530][854]Launching UnrealBuildTool... [C:/Program Files/Epic Games/4.9/Engine/Binaries/DotNET/UnrealBuildTool.exe StarFox -ModuleWithSuffix StarFox 9240 Win64 Development -editorrecompile -canskiplink "C:/Users/Niclas/Documents/GitHub/Staroxurur/StarFox/StarFox.uproject" -rocket  -rocket]
[2016.02.14-12.56.06:532][854]Warning: Starting HotReload took  0.0s.
[2016.02.14-12.56.19:730][157]CompilerResultsLog: New page: Compilation - Feb 14, 2016, 2:56:19 PM
[2016.02.14-12.56.19:731][157]CompilerResultsLog: Info Compiling game modules for hot reload
[2016.02.14-12.56.19:731][157]CompilerResultsLog: Info Parsing headers for StarFoxEditor
[2016.02.14-12.56.19:731][157]CompilerResultsLog: Info   Running UnrealHeaderTool "C:/Users/Niclas/Documents/GitHub/Staroxurur/StarFox/StarFox.uproject" "C:\Users\Niclas\Documents\GitHub\Staroxurur\StarFox\Intermediate\Build\Win64\StarFoxEditor\Development\UnrealHeaderTool.manifest" -LogCmds="loginit warning, logexit warning, logdatabase error" -rocket -installed
[2016.02.14-12.56.19:731][157]CompilerResultsLog: Info Reflection code generated for StarFoxEditor in 8,4614236 seconds
[2016.02.14-12.56.19:731][157]CompilerResultsLog: Info Performing 3 actions (4 in parallel)
[2016.02.14-12.56.19:731][157]CompilerResultsLog: Info StarFox.generated.cpp
[2016.02.14-12.56.19:731][157]CompilerResultsLog: Info ring.cpp
[2016.02.14-12.56.19:731][157]CompilerResultsLog: Info [3/3] Link UE4Editor-StarFox-9240.dll
[2016.02.14-12.56.19:731][157]CompilerResultsLog: Info    Creating library C:\Users\Niclas\Documents\GitHub\Staroxurur\StarFox\Intermediate/Build/Win64\UE4Editor\Development\UE4Editor-StarFox-9240.lib and object C:\Users\Niclas\Documents\GitHub\Staroxurur\StarFox\Intermediate/Build/Win64\UE4Editor\Development\UE4Editor-StarFox-9240.exp
[2016.02.14-12.56.19:731][157]CompilerResultsLog: Info -------- End Detailed Actions Stats -----------------------------------------------------------
[2016.02.14-12.56.19:731][157]CompilerResultsLog: Info Total build time: 13,08 seconds
[2016.02.14-12.56.19:731][157]LogMainFrame: MainFrame: Module compiling took 13.205 seconds
[2016.02.14-12.56.19:765][157]LogClass: Could not find existing class ring in package /Script/StarFox for HotReload, assuming new class
[2016.02.14-12.56.19:765][157]LogClass: Function OnBeginOverlap is new.
[2016.02.14-12.56.19:770][157]LogHotReload: Re-instancing ring after hot-reload.
[2016.02.14-12.56.19:801][157]LogContentBrowser: Native class hierarchy updated for 'StarFox' in 0.0015 seconds. Added 4 classes and 2 folders.
[2016.02.14-12.56.19:804][157]Warning: HotReload successful (0 functions remapped  0 scriptstructs remapped)
[2016.02.14-12.56.20:199][157]LogContentBrowser: Native class hierarchy populated in 0.0075 seconds. Added 1872 classes and 337 folders.
[2016.02.14-12.56.47:493][557]LogSlate:Warning: Prevented a slow task dialog from being summoned while a context menu was open
[2016.02.14-12.57.53:293][732]LogSavePackage: Save=333.417297ms
[2016.02.14-12.57.53:293][732]LogSavePackage: Moving '../../../../../../Users/Niclas/Documents/GitHub/Staroxurur/StarFox/Saved/Minimal_Default_Auto134F39BE94C16F755F459C69BBE988E4A.tmp' to '../../../../../../Users/Niclas/Documents/GitHub/Staroxurur/StarFox/Saved/Autosaves/Game/StarterContent/Maps/Minimal_Default_Auto1.umap'
[2016.02.14-12.57.53:296][732]LogSavePackage: Total save time: 354.753904ms
[2016.02.14-12.57.53:296][732]LogSavePackage:Warning: Finished SavePackage ../../../../../../Users/Niclas/Documents/GitHub/Staroxurur/StarFox/Saved/Autosaves/Game/StarterContent/Maps/Minimal_Default_Auto1.umap
[2016.02.14-12.57.53:310][732]LogFileHelpers: Editor autosave (incl. sublevels) for '/Game/StarterContent/Maps/Minimal_Default' took 0.472
[2016.02.14-12.57.53:310][732]LogFileHelpers: Editor autosave (incl. sublevels) for all levels took 0.472
[2016.02.14-12.57.53:345][732]OBJ SavePackage: Generating thumbnails for [1] asset(s) in package [/Game/RingBP] ([1] browsable assets)...
[2016.02.14-12.57.53:384][732]OBJ SavePackage:     Rendered thumbnail for [Blueprint /Game/RingBP.RingBP]
[2016.02.14-12.57.53:384][732]OBJ SavePackage: Finished generating thumbnails for package [/Game/RingBP]
[2016.02.14-12.57.53:384][732]Cmd: OBJ SAVEPACKAGE PACKAGE="/Game/RingBP" FILE="../../../../../../Users/Niclas/Documents/GitHub/Staroxurur/StarFox/Saved/Autosaves/Game/RingBP_Auto1.uasset" SILENT=false AUTOSAVING=true
[2016.02.14-12.57.53:451][732]LogSavePackage: Save=52.195496ms
[2016.02.14-12.57.53:451][732]LogSavePackage: Moving '../../../../../../Users/Niclas/Documents/GitHub/Staroxurur/StarFox/Saved/RingBP_Auto11E26F576490A97C9AA4758AD047520F3.tmp' to '../../../../../../Users/Niclas/Documents/GitHub/Staroxurur/StarFox/Saved/Autosaves/Game/RingBP_Auto1.uasset'
[2016.02.14-12.57.53:459][732]LogSavePackage: Total save time: 60.497329ms
[2016.02.14-12.57.53:459][732]LogSavePackage:Warning: Finished SavePackage ../../../../../../Users/Niclas/Documents/GitHub/Staroxurur/StarFox/Saved/Autosaves/Game/RingBP_Auto1.uasset
[2016.02.14-12.57.53:459][732]LogFileHelpers: Auto-saving content packages took 0.120
[2016.02.14-12.58.45:170][156]BlueprintLog: New page: Compile RingBP
[2016.02.14-12.58.45:289][156]BlueprintEditorCompileResults: Info [1347.92] Compile of RingBP successful! [in 118 ms]
[2016.02.14-12.58.46:859][259]Cmd: OBJ SAVEPACKAGE PACKAGE="/Game/RingBP" FILE="../../../../../../Users/Niclas/Documents/GitHub/Staroxurur/StarFox/Content/RingBP.uasset" SILENT=true
[2016.02.14-12.58.46:876][259]LogSavePackage: Save=15.713957ms
[2016.02.14-12.58.46:876][259]LogSavePackage: Moving '../../../../../../Users/Niclas/Documents/GitHub/Staroxurur/StarFox/Saved/RingBP626D087E4F051E6499F3BF8820EE5A95.tmp' to '../../../../../../Users/Niclas/Documents/GitHub/Staroxurur/StarFox/Content/RingBP.uasset'
[2016.02.14-12.58.46:878][259]LogSavePackage: Total save time: 17.653730ms
[2016.02.14-12.58.46:878][259]LogSavePackage:Warning: Finished SavePackage ../../../../../../Users/Niclas/Documents/GitHub/Staroxurur/StarFox/Content/RingBP.uasset
[2016.02.14-12.58.58:088][927]BlueprintLog: New page: Compile RingBP
[2016.02.14-12.58.58:175][927]BlueprintEditorCompileResults: Info [1360.81] Compile of RingBP successful! [in 87 ms]
[2016.02.14-12.58.58:875][971]Cmd: OBJ SAVEPACKAGE PACKAGE="/Game/RingBP" FILE="../../../../../../Users/Niclas/Documents/GitHub/Staroxurur/StarFox/Content/RingBP.uasset" SILENT=true
[2016.02.14-12.58.58:897][971]LogSavePackage: Save=15.919479ms
[2016.02.14-12.58.58:897][971]LogSavePackage: Moving '../../../../../../Users/Niclas/Documents/GitHub/Staroxurur/StarFox/Saved/RingBPAB656BB146B18ED551C2B89E64A40563.tmp' to '../../../../../../Users/Niclas/Documents/GitHub/Staroxurur/StarFox/Content/RingBP.uasset'
[2016.02.14-12.58.58:899][971]LogSavePackage: Total save time: 22.949491ms
[2016.02.14-12.58.58:899][971]LogSavePackage:Warning: Finished SavePackage ../../../../../../Users/Niclas/Documents/GitHub/Staroxurur/StarFox/Content/RingBP.uasset
[2016.02.14-12.59.09:293][665]BlueprintLog: New page: Compile RingBP
[2016.02.14-12.59.09:379][665]BlueprintEditorCompileResults: Info [1372.01] Compile of RingBP successful! [in 86 ms]
[2016.02.14-12.59.09:796][691]Cmd: OBJ SAVEPACKAGE PACKAGE="/Game/RingBP" FILE="../../../../../../Users/Niclas/Documents/GitHub/Staroxurur/StarFox/Content/RingBP.uasset" SILENT=true
[2016.02.14-12.59.09:817][691]LogSavePackage: Save=15.565129ms
[2016.02.14-12.59.09:817][691]LogSavePackage: Moving '../../../../../../Users/Niclas/Documents/GitHub/Staroxurur/StarFox/Saved/RingBPB57FBA5E41827E28C5CFB59927F38A07.tmp' to '../../../../../../Users/Niclas/Documents/GitHub/Staroxurur/StarFox/Content/RingBP.uasset'
[2016.02.14-12.59.09:818][691]LogSavePackage: Total save time: 21.028325ms
[2016.02.14-12.59.09:818][691]LogSavePackage:Warning: Finished SavePackage ../../../../../../Users/Niclas/Documents/GitHub/Staroxurur/StarFox/Content/RingBP.uasset
[2016.02.14-12.59.33:578][210]LogBlueprintUserMessages: Early PlayInEditor Detection: Level '/Game/StarterContent/Maps/Minimal_Default.Minimal_Default:PersistentLevel' has LevelScriptBlueprint '/Game/StarterContent/Maps/Minimal_Default.Minimal_Default:PersistentLevel.Minimal_Default' with GeneratedClass '/Game/StarterContent/Maps/Minimal_Default.Minimal_Default_C' with ClassGeneratedBy '/Game/StarterContent/Maps/Minimal_Default.Minimal_Default:PersistentLevel.Minimal_Default'
[2016.02.14-12.59.33:578][210]LogPlayLevel: PlayLevel: No blueprints needed recompiling
[2016.02.14-12.59.33:578][210]PIE: New page: PIE session: Minimal_Default (Feb 14, 2016, 2:59:33 PM)
[2016.02.14-12.59.33:578][210]LogPlayLevel: Creating play world package: /Game/StarterContent/Maps/UEDPIE_0_Minimal_Default
[2016.02.14-12.59.33:588][210]LogPlayLevel: PIE: StaticDuplicateObject took: (0.009667s)
[2016.02.14-12.59.33:588][210]LogAIModule: Creating AISystem for world Minimal_Default
[2016.02.14-12.59.33:589][210]LogPlayLevel: PIE: World Init took: (0.000805s)
[2016.02.14-12.59.33:589][210]LogPlayLevel: PIE: Created PIE world by copying editor world from /Game/StarterContent/Maps/Minimal_Default.Minimal_Default to /Game/StarterContent/Maps/UEDPIE_0_Minimal_Default.Minimal_Default (0.010653s)
[2016.02.14-12.59.33:620][210]LogInit: XAudio2 using '1 - BenQ GW2750H (AMD High Definition Audio Device)' : 2 channels at 48 kHz using 16 bits per sample (channel mask 0x3)
[2016.02.14-12.59.33:626][210]LogInit: FAudioDevice initialized.
[2016.02.14-12.59.33:656][210]LogWorld: Game class is 'MyStarFoxGameModeBP_C'
[2016.02.14-12.59.33:662][210]LogWorld:Warning: *** WARNING - PATHS MAY NOT BE VALID ***
[2016.02.14-12.59.33:662][210]LogWorld: Bringing World /Game/StarterContent/Maps/UEDPIE_0_Minimal_Default.Minimal_Default up for play (max tick rate 0) at 2016.02.14-13.59.33
[2016.02.14-12.59.33:662][210]LogActor:Warning: GameSession /Game/StarterContent/Maps/UEDPIE_0_Minimal_Default.Minimal_Default:PersistentLevel.GameSession_2 has natively added scene component(s), but none of them were set as the actor's RootComponent - picking one arbitrarily
[2016.02.14-12.59.33:662][210]LogActor:Warning: GameNetworkManager /Game/StarterContent/Maps/UEDPIE_0_Minimal_Default.Minimal_Default:PersistentLevel.GameNetworkManager_2 has natively added scene component(s), but none of them were set as the actor's RootComponent - picking one arbitrarily
[2016.02.14-12.59.33:664][210]LogWorld: Bringing up level for play took: 0.007426
[2016.02.14-12.59.33:666][210]PIE: Info Play in editor start time for /Game/StarterContent/Maps/UEDPIE_0_Minimal_Default 0.424
[2016.02.14-12.59.33:666][210]LogBlueprintUserMessages: Late PlayInEditor Detection: Level '/Game/StarterContent/Maps/Minimal_Default.Minimal_Default:PersistentLevel' has LevelScriptBlueprint '/Game/StarterContent/Maps/Minimal_Default.Minimal_Default:PersistentLevel.Minimal_Default' with GeneratedClass '/Game/StarterContent/Maps/Minimal_Default.Minimal_Default_C' with ClassGeneratedBy '/Game/StarterContent/Maps/Minimal_Default.Minimal_Default:PersistentLevel.Minimal_Default'
[2016.02.14-12.59.40:130][980]LogBlueprintUserMessages: Early EndPlayMap Detection: Level '/Game/StarterContent/Maps/Minimal_Default.Minimal_Default:PersistentLevel' has LevelScriptBlueprint '/Game/StarterContent/Maps/Minimal_Default.Minimal_Default:PersistentLevel.Minimal_Default' with GeneratedClass '/Game/StarterContent/Maps/Minimal_Default.Minimal_Default_C' with ClassGeneratedBy '/Game/StarterContent/Maps/Minimal_Default.Minimal_Default:PersistentLevel.Minimal_Default'
[2016.02.14-12.59.40:192][980]LogBlueprintUserMessages: Late EndPlayMap Detection: Level '/Game/StarterContent/Maps/Minimal_Default.Minimal_Default:PersistentLevel' has LevelScriptBlueprint '/Game/StarterContent/Maps/Minimal_Default.Minimal_Default:PersistentLevel.Minimal_Default' with GeneratedClass '/Game/StarterContent/Maps/Minimal_Default.Minimal_Default_C' with ClassGeneratedBy '/Game/StarterContent/Maps/Minimal_Default.Minimal_Default:PersistentLevel.Minimal_Default'
[2016.02.14-12.59.40:210][980]LogParticles: Destroying 0 GPU particle simulations for FXSystem 0x00000194868E2840
[2016.02.14-13.07.17:962][565]LogWindows:Error: Windows GetLastError: The operation completed successfully. (0)
[2016.02.14-13.07.18:287][565]LogCrashTracker: 


[2016.02.14-13.07.18:289][565]LogCrashTracker: 


[2016.02.14-13.07.18:289][565]LogWindows: === Critical error: ===
Assertion failed: (Index >= 0) & (Index < ArrayNum) [File:D:\BuildFarm\buildmachine_++depot+UE4-Releases+4.9\Engine\Source\Runtime\Core\Public\Containers\Array.h] [Line: 678] 
Array index out of bounds: -290444208 from an array of size -283641776




[2016.02.14-13.07.18:395][565]LogExit: Executing StaticShutdownAfterError
[2016.02.14-13.07.18:407][565]LogPhysics:Warning: PHYSX: ..\..\PhysX\src\NpScene.cpp (2946) 8 : PxScene::unlockWrite() called without matching call to PxScene::lockWrite(), behaviour will be undefined.
[2016.02.14-13.07.18:408][565]LogPhysics:Warning: PHYSX: ..\..\PhysX\src\NpScene.cpp (2946) 8 : PxScene::unlockWrite() called without matching call to PxScene::lockWrite(), behaviour will be undefined.
[2016.02.14-13.07.18:409][565]LogPhysics:Warning: PHYSX: ..\..\PhysX\src\NpScene.cpp (2946) 8 : PxScene::unlockWrite() called without matching call to PxScene::lockWrite(), behaviour will be undefined.
[2016.02.14-13.07.18:409][565]LogPhysics:Warning: PHYSX: ..\..\PhysX\src\NpScene.cpp (2946) 8 : PxScene::unlockWrite() called without matching call to PxScene::lockWrite(), behaviour will be undefined.
[2016.02.14-13.07.18:409][565]LogWindows: FPlatformMisc::RequestExit(1)
[2016.02.14-13.07.18:409][565]Log file closed, 02/14/16 14:07:18
