[2016.02.17-00.01.37:690][  0]Log file open, 02/17/16 01:01:37
[2016.02.17-00.01.37:690][  0]LogInit:Display: Running engine for game: StarFox
[2016.02.17-00.01.37:690][  0]LogPlatformFile: Not using cached read wrapper
[2016.02.17-00.01.37:690][  0]LogInit:Display: RandInit(205509483) SRandInit(205509484).
[2016.02.17-00.01.37:690][  0]LogTaskGraph: Started task graph with 4 named threads and 7 total threads.
[2016.02.17-00.01.37:690][  0]LogStats: Stats thread started at 0.075304
[2016.02.17-00.01.37:690][  0]LogInit: Version: 4.10.1-2791327+++depot+UE4-Releases+4.10
[2016.02.17-00.01.37:690][  0]LogInit: API Version: 2758231
[2016.02.17-00.01.37:690][  0]LogInit: Compiled (64-bit): Dec  4 2015 19:44:40
[2016.02.17-00.01.37:690][  0]LogInit: Compiled with Visual C++: 19.00.23026.00
[2016.02.17-00.01.37:690][  0]LogInit: Build Configuration: Development
[2016.02.17-00.01.37:690][  0]LogInit: Branch Name: ++depot+UE4-Releases+4.10
[2016.02.17-00.01.37:690][  0]LogInit: Command line:  
[2016.02.17-00.01.37:690][  0]LogInit: Base directory: C:/Program Files (x86)/Epic Games/4.10/Engine/Binaries/Win64/
[2016.02.17-00.01.37:690][  0]LogInit: Rocket: 1
[2016.02.17-00.01.37:697][  0]LogInit: Using libcurl 7.41.0
[2016.02.17-00.01.37:697][  0]LogInit:  - built for x86_64-pc-win32
[2016.02.17-00.01.37:697][  0]LogInit:  - supports SSL with WinSSL
[2016.02.17-00.01.37:697][  0]LogInit:  - other features:
[2016.02.17-00.01.37:697][  0]LogInit:      CURL_VERSION_SSL
[2016.02.17-00.01.37:697][  0]LogInit:      CURL_VERSION_IPV6
[2016.02.17-00.01.37:697][  0]LogInit:      CURL_VERSION_ASYNCHDNS
[2016.02.17-00.01.37:697][  0]LogInit:      CURL_VERSION_LARGEFILE
[2016.02.17-00.01.37:697][  0]LogInit:      CURL_VERSION_IDN
[2016.02.17-00.01.37:697][  0]LogInit:  CurlRequestOptions (configurable via config and command line):
[2016.02.17-00.01.37:697][  0]LogInit:  - bVerifyPeer = true  - Libcurl will verify peer certificate
[2016.02.17-00.01.37:697][  0]LogInit:  - bUseHttpProxy = false  - Libcurl will NOT use HTTP proxy
[2016.02.17-00.01.37:697][  0]LogInit:  - bDontReuseConnections = false  - Libcurl will reuse connections
[2016.02.17-00.01.37:697][  0]LogInit:  - CertBundlePath = nullptr  - Libcurl will use whatever was configured at build time.
[2016.02.17-00.01.37:704][  0]LogInit: Presizing for 0 objects not considered by GC, pre-allocating 0 bytes.
[2016.02.17-00.01.37:709][  0]LogInit: Object subsystem initialized
[2016.02.17-00.01.37:710][  0]LogInit: Selected Device Profile: [Windows]
[2016.02.17-00.01.37:710][  0]LogInit: Applying CVar settings loaded from the selected device profile: [Windows]
[2016.02.17-00.01.37:715][  0]LogInit: Computer: DESKTOP-6LQ70UE
[2016.02.17-00.01.37:715][  0]LogInit: User: AxelH
[2016.02.17-00.01.37:715][  0]LogInit: CPU Page size=4096, Cores=4
[2016.02.17-00.01.37:715][  0]LogInit: High frequency timer resolution =3.435888 MHz
[2016.02.17-00.01.37:715][  0]LogMemory: Memory total: Physical=8.0GB (8GB approx)
[2016.02.17-00.01.37:715][  0]LogMemory: Platform Memory Stats for Windows
[2016.02.17-00.01.37:715][  0]LogMemory: Process Physical Memory: 56.31 MB used, 56.31 MB peak
[2016.02.17-00.01.37:715][  0]LogMemory: Process Virtual Memory: 58.82 MB used, 58.82 MB peak
[2016.02.17-00.01.37:715][  0]LogMemory: Physical Memory: 6172.30 MB used, 8144.43 MB total
[2016.02.17-00.01.37:715][  0]LogMemory: Virtual Memory: 385.82 MB used, 134217728.00 MB total
[2016.02.17-00.01.37:746][  0]LogTextLocalizationManager: No translations for ('sv-SE') exist, falling back to 'en' for localization and internationalization data.
[2016.02.17-00.01.38:205][  0]LogD3D11RHI: Found D3D11 adapter 0: NVIDIA GeForce GTX 660   (Feature Level 11_0)
[2016.02.17-00.01.38:205][  0]LogD3D11RHI: Adapter has 1988MB of dedicated video memory, 0MB of dedicated system memory, and 4072MB of shared system memory, 1 output[s]
[2016.02.17-00.01.38:206][  0]LogD3D11RHI: Found D3D11 adapter 1: Microsoft Basic Render Driver (Feature Level 11_0)
[2016.02.17-00.01.38:206][  0]LogD3D11RHI: Adapter has 0MB of dedicated video memory, 0MB of dedicated system memory, and 4072MB of shared system memory, 0 output[s]
[2016.02.17-00.01.38:206][  0]LogD3D11RHI: Chosen D3D11 Adapter Id = 0
[2016.02.17-00.01.38:210][  0]LogD3D11RHI: !Direct3DDevice
[2016.02.17-00.01.38:210][  0]LogRHI: Texture pool is 1361 MB (70% of 1945 MB)
[2016.02.17-00.01.38:221][  0]LogD3D11RHI: Async texture creation enabled
[2016.02.17-00.01.38:235][  0]LogShaderCompilers: Guid format shader working directory is 3 characters bigger than the processId version (F:/Download/starwing/StarWingururur/StarFox/Intermediate/Shaders/WorkingDirectory/9872/).
[2016.02.17-00.01.38:235][  0]LogShaderCompilers: Cleaned the shader compiler working directory 'C:/Users/AxelH/AppData/Local/Temp/UnrealShaderWorkingDir/BE44B287489F6DA6F90A459E38E3F49D/'.
[2016.02.17-00.01.38:235][  0]LogShaderCompilers:Display: Using Local Shader Compiler.
[2016.02.17-00.01.38:966][  0]LogTemp:Display: Loaded TP AllDesktopTargetPlatform
[2016.02.17-00.01.38:970][  0]LogTemp:Display: Loaded TP WindowsClientTargetPlatform
[2016.02.17-00.01.38:975][  0]LogTemp:Display: Loaded TP WindowsNoEditorTargetPlatform
[2016.02.17-00.01.38:979][  0]LogTemp:Display: Loaded TP WindowsServerTargetPlatform
[2016.02.17-00.01.38:983][  0]LogTemp:Display: Loaded TP WindowsTargetPlatform
[2016.02.17-00.01.38:986][  0]LogTemp:Display: Loaded TP AndroidTargetPlatform
[2016.02.17-00.01.38:988][  0]LogTemp:Display: Loaded TP Android_ASTCTargetPlatform
[2016.02.17-00.01.38:990][  0]LogTemp:Display: Loaded TP Android_ATCTargetPlatform
[2016.02.17-00.01.38:993][  0]LogTemp:Display: Loaded TP Android_DXTTargetPlatform
[2016.02.17-00.01.38:995][  0]LogTemp:Display: Loaded TP Android_ETC1TargetPlatform
[2016.02.17-00.01.38:998][  0]LogTemp:Display: Loaded TP Android_ETC2TargetPlatform
[2016.02.17-00.01.39:003][  0]LogTemp:Display: Loaded TP Android_MultiTargetPlatform
[2016.02.17-00.01.39:003][  0]LogTemp:Display: Loaded TP Android_PVRTCTargetPlatform
[2016.02.17-00.01.39:004][  0]LogTemp:Display: Loaded TP HTML5TargetPlatform
[2016.02.17-00.01.39:020][  0]LogTemp:Display: Loaded TP IOSTargetPlatform
[2016.02.17-00.01.39:022][  0]LogTemp:Display: Loaded TP LinuxNoEditorTargetPlatform
[2016.02.17-00.01.39:024][  0]LogTemp:Display: Loaded TP LinuxServerTargetPlatform
[2016.02.17-00.01.39:026][  0]LogTemp:Display: Loaded TP LinuxTargetPlatform
[2016.02.17-00.01.39:026][  0]LogTargetPlatformManager:Display: Building Assets For Windows
[2016.02.17-00.01.39:112][  0]LogDerivedDataCache:Display: Max Cache Size: 512 MB
[2016.02.17-00.01.39:156][  0]LogDerivedDataCache: Loaded boot cache 0.04s 41MB C:/Users/AxelH/AppData/Local/UnrealEngine/4.10/DerivedDataCache/Boot.ddc.
[2016.02.17-00.01.39:156][  0]LogDerivedDataCache:Display: Loaded Boot cache: C:/Users/AxelH/AppData/Local/UnrealEngine/4.10/DerivedDataCache/Boot.ddc
[2016.02.17-00.01.39:157][  0]LogDerivedDataCache: FDerivedDataBackendGraph:  Pak pak cache file F:/Download/starwing/StarWingururur/StarFox/DerivedDataCache/DDC.ddp not found, will not use a pak cache.
[2016.02.17-00.01.39:157][  0]LogDerivedDataCache: Unable to find inner node Pak for hierarchical cache Hierarchy.
[2016.02.17-00.01.39:157][  0]LogDerivedDataCache: FDerivedDataBackendGraph:  CompressedPak pak cache file F:/Download/starwing/StarWingururur/StarFox/DerivedDataCache/Compressed.ddp not found, will not use a pak cache.
[2016.02.17-00.01.39:157][  0]LogDerivedDataCache: Unable to find inner node CompressedPak for hierarchical cache Hierarchy.
[2016.02.17-00.01.39:204][  0]LogDerivedDataCache:Display: Pak cache opened for reading ../../../Engine/DerivedDataCache/Compressed.ddp.
[2016.02.17-00.01.39:217][  0]LogDerivedDataCache: Using Local data cache path C:/Users/AxelH/AppData/Local/UnrealEngine/Common/DerivedDataCache: Writable
[2016.02.17-00.01.39:389][  0]LogInit: Selected Device Profile: [Windows]
[2016.02.17-00.01.39:391][  0]LogContentStreaming: Texture pool size is 0.000000MB
[2016.02.17-00.01.39:492][  0]LogMeshUtilities: No automatic mesh reduction module available
[2016.02.17-00.01.39:492][  0]LogMeshUtilities: No automatic mesh merging module available
[2016.02.17-00.01.39:695][  0]LogInit: WinSock: version 1.1 (2.2), MaxSocks=32767, MaxUdp=65467
[2016.02.17-00.01.40:776][  0]UdpMessaging: Initializing bridge on interface 0.0.0.0:0 to multicast group 230.0.0.1:6666.
[2016.02.17-00.01.40:902][  0]LogAssetRegistry: FAssetRegistry took 0.0108 seconds to start up
[2016.02.17-00.01.41:088][  0]SourceControl: Info Source control is disabled
[2016.02.17-00.01.41:118][  0]SourceControl: Info Source control is disabled
[2016.02.17-00.01.41:131][  0]SourceControl: Info Source control is disabled
[2016.02.17-00.01.41:150][  0]SourceControl: Info Source control is disabled
[2016.02.17-00.01.41:437][  0]LogObj: 28732 objects as part of root set at end of initial load.
[2016.02.17-00.01.41:437][  0]LogUObjectAllocator: 6142064 out of 0 bytes used by permanent object pool.
[2016.02.17-00.01.41:496][  0]LogEngine: Initializing Engine...
[2016.02.17-00.01.41:499][  0]LogHMD: Can't find Oculus library dev build: is proper Runtime installed? Version: 0.8.0.0
[2016.02.17-00.01.41:504][  0]LogHMD: SteamVR failed to initialize.  Err: 110
[2016.02.17-00.01.41:640][  0]LogAIModule: Creating AISystem for world NewWorld
[2016.02.17-00.01.41:647][  0]LogInit: XAudio2 using 'Hörlurar (2- High Definition Audio Device)' : 2 channels at 44.1 kHz using 16 bits per sample (channel mask 0x3)
[2016.02.17-00.01.41:655][  0]LogInit: FAudioDevice initialized.
[2016.02.17-00.01.41:683][  0]LogDerivedDataCache: Saved boot cache 0.03s 41MB C:/Users/AxelH/AppData/Local/UnrealEngine/4.10/DerivedDataCache/Boot.ddc.
[2016.02.17-00.01.41:686][  0]LogInit: Texture streaming: Enabled
[2016.02.17-00.01.41:692][  0]LogAnalytics: Creating configured Analytics provider AnalyticsET
[2016.02.17-00.01.41:692][  0]LogAnalytics: [UEEditor.Rocket.Release] APIServer = http://et2.epicgames.com/ET2/. AppVersion = 4.10.1-2791327+++depot+UE4-Releases+4.10
[2016.02.17-00.01.41:692][  0]LogAnalytics: [UEEditor.Rocket.Release] SetUserId a4f216174f906a18aa97f0b8354f8976|8e266f90fcd94ad2a2a68606efca8cb8|a8b9c902-8045-4965-8de3-26082bbcc6c0
[2016.02.17-00.01.41:692][  0]LogAnalytics: [UEEditor.Rocket.Release] AnalyticsET::StartSession
[2016.02.17-00.01.41:703][  0]LogWindowsTextInputMethodSystem:Display: IME system now deactivated.
[2016.02.17-00.01.41:731][  0]LogInit: Transaction tracking system initialized
[2016.02.17-00.01.41:794][  0]BlueprintLog: New page: Editor Load
[2016.02.17-00.01.41:903][  0]LocalizationService: Info Localization service is disabled
[2016.02.17-00.01.41:995][  0]LogConsoleResponse:Display: 
[2016.02.17-00.01.42:113][  0]LogCook:Display: Done creating registry. It took  0.00s.
[2016.02.17-00.01.42:191][  0]LogFileCache: Scanning file cache for directory 'F:/Download/starwing/StarWingururur/StarFox/Content/' took 0.01s
[2016.02.17-00.01.42:191][  0]SourceControl: Info Source control is disabled
[2016.02.17-00.01.42:191][  0]Cmd: MAP LOAD FILE="F:/Download/starwing/StarWingururur/StarFox/Content/StarterContent/Maps/Minimal_Default.umap" TEMPLATE=0 SHOWPROGRESS=1 FEATURELEVEL=3
[2016.02.17-00.01.42:191][  0]LogEditorServer:Warning: Can't find file 'F:/Download/starwing/StarWingururur/StarFox/Content/StarterContent/Maps/Minimal_Default.umap'
[2016.02.17-00.01.42:191][  0]Cmd: MAP CHECKDEP NOCLEARLOG
[2016.02.17-00.01.42:229][  0]MapCheck: Info Map check complete: 0 Error(s), 0 Warning(s), took 37.116ms to complete.
[2016.02.17-00.01.42:229][  0]LogFileHelpers: Loading map 'Minimal_Default' took 0.037
[2016.02.17-00.01.42:349][  0]LogCollectionManager: Loaded 0 collections in 0.002667 seconds
[2016.02.17-00.01.42:394][  0]LogFileCache: Scanning file cache for directory 'F:/Download/starwing/StarWingururur/StarFox/Saved/Collections/' took 0.01s
[2016.02.17-00.01.42:394][  0]LogFileCache: Scanning file cache for directory 'F:/Download/starwing/StarWingururur/StarFox/Content/Developers/AxelH/Collections/' took 0.01s
[2016.02.17-00.01.42:394][  0]LogFileCache: Scanning file cache for directory 'F:/Download/starwing/StarWingururur/StarFox/Content/Collections/' took 0.01s
[2016.02.17-00.01.42:394][  0]LogCollectionManager: Rebuilt the GUID cache for 0 collections in 0.000002 seconds
[2016.02.17-00.01.42:405][  0]LogContentBrowser: Native class hierarchy populated in 0.0103 seconds. Added 1901 classes and 340 folders.
[2016.02.17-00.01.42:416][  0]LogContentBrowser: Native class hierarchy updated for 'WidgetCarousel' in 0.0012 seconds. Added 0 classes and 0 folders.
[2016.02.17-00.01.42:526][  0]LogContentBrowser: Native class hierarchy updated for 'AddContentDialog' in 0.0009 seconds. Added 0 classes and 0 folders.
[2016.02.17-00.01.42:530][  0]LogContentBrowser: Native class hierarchy updated for 'SceneOutliner' in 0.0009 seconds. Added 1 classes and 2 folders.
[2016.02.17-00.01.42:556][  0]LogCrashTracker: Crashtracker disabled due to settings.
[2016.02.17-00.01.42:563][  0]LogUObjectGlobals:Warning: Failed to find object 'Class None.'
[2016.02.17-00.01.42:586][  0]LogLoad: Full Startup: 5.67 seconds (BP compile: 0.00 seconds)
[2016.02.17-00.01.42:597][  0]LogOcInput: Can't find Oculus library dev build: is proper Runtime installed? Version: 0.8.0.0
[2016.02.17-00.01.42:634][  0]LogContentStreaming: Texture pool size now 1000 MB
[2016.02.17-00.01.42:762][  0]LogRenderer: Reallocating scene render targets to support 1208x572 (Frame:2).
[2016.02.17-00.01.42:899][  1]LogAssetRegistry: Asset discovery search completed in 2.0072 seconds
[2016.02.17-00.01.42:899][  1]LogCollectionManager: Rebuilt the object cache for 0 collections in 0.000001 seconds (found 0 objects)
[2016.02.17-00.01.42:899][  1]LogCollectionManager: Fixed up redirectors for 0 collections in 0.000017 seconds (updated 0 objects)
[2016.02.17-00.02.07:671][295]LogAIModule: Creating AISystem for world LevelOne
[2016.02.17-00.02.07:701][295]Cmd: MAP LOAD FILE="F:/Download/starwing/StarWingururur/StarFox/Content/Maps/LevelOne.umap" TEMPLATE=0 SHOWPROGRESS=1 FEATURELEVEL=3
[2016.02.17-00.02.07:701][295]LightingResults: New page: Lighting Build
[2016.02.17-00.02.07:704][295]LogContentBrowser: Native class hierarchy updated for 'StatsViewer' in 0.0010 seconds. Added 5 classes and 0 folders.
[2016.02.17-00.02.07:722][295]LoadErrors: New page: Loading map: LevelOne.umap
[2016.02.17-00.02.07:723][295]MapCheck: New page: Map Check
[2016.02.17-00.02.07:723][295]LightingResults: New page: Lighting Build
[2016.02.17-00.02.07:731][295]LogParticles: Destroying 0 GPU particle simulations for FXSystem 0x00000234F90FB420
[2016.02.17-00.02.07:737][295]LogEditorServer: Finished looking for orphan Actors (0.000 secs)
[2016.02.17-00.02.07:759][295]Cmd: MAP CHECKDEP NOCLEARLOG
[2016.02.17-00.02.07:803][295]MapCheck: Info Map check complete: 0 Error(s), 0 Warning(s), took 42.964ms to complete.
[2016.02.17-00.02.07:803][295]LogFileHelpers: Loading map 'LevelOne' took 0.103
[2016.02.17-00.02.14:959][845]LogVSAccessor:Warning: Couldn't access Visual Studio
[2016.02.17-00.02.14:968][845]Recompiling StarFox...
[2016.02.17-00.02.14:968][845]Launching UnrealBuildTool... [C:/Program Files (x86)/Epic Games/4.10/Engine/Binaries/DotNET/UnrealBuildTool.exe StarFox -ModuleWithSuffix StarFox 8896 Win64 Development -editorrecompile -canskiplink "F:/Download/starwing/StarWingururur/StarFox/StarFox.uproject" -rocket  -rocket -2015]
[2016.02.17-00.02.14:970][845]Warning: Starting HotReload took  0.0s.
[2016.02.17-00.02.15:919][921]CompilerResultsLog: New page: Compilation - Feb 17, 2016, 2:02:15 AM
[2016.02.17-00.02.15:919][921]CompilerResultsLog: Info Compiling game modules for hot reload
[2016.02.17-00.02.15:919][921]CompilerResultsLog: Info Target is up to date.
[2016.02.17-00.02.15:919][921]LogMainFrame: MainFrame: Module compiling took 0.960 seconds
[2016.02.17-00.02.20:664][348]LogBlueprintUserMessages: Early PlayInEditor Detection: Level '/Game/Maps/LevelOne.LevelOne:PersistentLevel' has LevelScriptBlueprint '/Game/Maps/LevelOne.LevelOne:PersistentLevel.LevelOne' with GeneratedClass '/Game/Maps/LevelOne.LevelOne_C' with ClassGeneratedBy '/Game/Maps/LevelOne.LevelOne:PersistentLevel.LevelOne'
[2016.02.17-00.02.20:665][348]LogPlayLevel: PlayLevel: No blueprints needed recompiling
[2016.02.17-00.02.20:665][348]PIE: New page: PIE session: LevelOne (Feb 17, 2016, 2:02:20 AM)
[2016.02.17-00.02.20:665][348]LogPlayLevel: Creating play world package: /Game/Maps/UEDPIE_0_LevelOne
[2016.02.17-00.02.20:675][348]LogPlayLevel: PIE: StaticDuplicateObject took: (0.010006s)
[2016.02.17-00.02.20:675][348]LogAIModule: Creating AISystem for world LevelOne
[2016.02.17-00.02.20:675][348]LogPlayLevel: PIE: World Init took: (0.000550s)
[2016.02.17-00.02.20:676][348]LogPlayLevel: PIE: Created PIE world by copying editor world from /Game/Maps/LevelOne.LevelOne to /Game/Maps/UEDPIE_0_LevelOne.LevelOne (0.010748s)
[2016.02.17-00.02.20:688][348]LogInit: XAudio2 using 'Hörlurar (2- High Definition Audio Device)' : 2 channels at 44.1 kHz using 16 bits per sample (channel mask 0x3)
[2016.02.17-00.02.20:692][348]LogInit: FAudioDevice initialized.
[2016.02.17-00.02.20:777][348]LogWorld: Game class is 'MyStarFoxGameModeBP_C'
[2016.02.17-00.02.20:786][348]LogWorld: Bringing World /Game/Maps/UEDPIE_0_LevelOne.LevelOne up for play (max tick rate 0) at 2016.02.17-01.02.20
[2016.02.17-00.02.20:786][348]LogActor:Warning: GameSession /Game/Maps/UEDPIE_0_LevelOne.LevelOne:PersistentLevel.GameSession_0 has natively added scene component(s), but none of them were set as the actor's RootComponent - picking one arbitrarily
[2016.02.17-00.02.20:787][348]LogActor:Warning: GameNetworkManager /Game/Maps/UEDPIE_0_LevelOne.LevelOne:PersistentLevel.GameNetworkManager_0 has natively added scene component(s), but none of them were set as the actor's RootComponent - picking one arbitrarily
[2016.02.17-00.02.20:787][348]LogWorld: Bringing up level for play took: 0.008873
[2016.02.17-00.02.20:789][348]PIE: Info Play in editor start time for /Game/Maps/UEDPIE_0_LevelOne 0.593
[2016.02.17-00.02.20:789][348]LogBlueprintUserMessages: Late PlayInEditor Detection: Level '/Game/Maps/LevelOne.LevelOne:PersistentLevel' has LevelScriptBlueprint '/Game/Maps/LevelOne.LevelOne:PersistentLevel.LevelOne' with GeneratedClass '/Game/Maps/LevelOne.LevelOne_C' with ClassGeneratedBy '/Game/Maps/LevelOne.LevelOne:PersistentLevel.LevelOne'
[2016.02.17-00.02.20:970][348]LogCrashTracker: 


[2016.02.17-00.02.20:970][348]LogCrashTracker: 


[2016.02.17-00.02.20:971][348]LogWindows:Error: === Critical error: ===
Fatal error!



[2016.02.17-00.02.21:016][348]LogExit: Executing StaticShutdownAfterError
[2016.02.17-00.02.21:019][348]LogPhysics:Warning: PHYSX: ..\..\PhysX\src\NpScene.cpp (2946) 8 : PxScene::unlockWrite() called without matching call to PxScene::lockWrite(), behaviour will be undefined.
[2016.02.17-00.02.21:019][348]LogPhysics:Warning: PHYSX: ..\..\PhysX\src\NpScene.cpp (2946) 8 : PxScene::unlockWrite() called without matching call to PxScene::lockWrite(), behaviour will be undefined.
[2016.02.17-00.02.21:019][348]LogPhysics:Warning: PHYSX: ..\..\PhysX\src\NpScene.cpp (2946) 8 : PxScene::unlockWrite() called without matching call to PxScene::lockWrite(), behaviour will be undefined.
[2016.02.17-00.02.21:019][348]LogPhysics:Warning: PHYSX: ..\..\PhysX\src\NpScene.cpp (2946) 8 : PxScene::unlockWrite() called without matching call to PxScene::lockWrite(), behaviour will be undefined.
[2016.02.17-00.02.21:019][348]LogWindows: FPlatformMisc::RequestExit(1)
[2016.02.17-00.02.21:019][348]Log file closed, 02/17/16 01:02:21
