[2016.02.15-12.26.20:174][  0]Log file open, 02/15/16 13:26:20
[2016.02.15-12.26.20:174][  0]LogInit:Display: Running engine for game: StarFox
[2016.02.15-12.26.20:174][  0]LogInit:Display: RandInit(312179242) SRandInit(312179243).
[2016.02.15-12.26.20:174][  0]LogTaskGraph: Started task graph with 4 named threads and 7 total threads.
[2016.02.15-12.26.20:174][  0]LogStats: Stats thread started at 0.115851
[2016.02.15-12.26.20:174][  0]LogInit: Version: 4.9.2-2707645+++depot+UE4-Releases+4.9
[2016.02.15-12.26.20:174][  0]LogInit: API Version: 2672455
[2016.02.15-12.26.20:174][  0]LogInit: Compiled (64-bit): Sep 28 2015 10:25:44
[2016.02.15-12.26.20:174][  0]LogInit: Compiled with Visual C++: 18.00.21005.01
[2016.02.15-12.26.20:174][  0]LogInit: Build Configuration: Development
[2016.02.15-12.26.20:174][  0]LogInit: Branch Name: ++depot+UE4-Releases+4.9
[2016.02.15-12.26.20:174][  0]LogInit: Command line:  
[2016.02.15-12.26.20:174][  0]LogInit: Base directory: C:/Program Files/Epic Games/4.9/Engine/Binaries/Win64/
[2016.02.15-12.26.20:174][  0]LogInit: Rocket: 1
[2016.02.15-12.26.20:182][  0]LogInit: Using libcurl 7.41.0
[2016.02.15-12.26.20:182][  0]LogInit:  - built for x86_64-pc-win32
[2016.02.15-12.26.20:182][  0]LogInit:  - supports SSL with WinSSL
[2016.02.15-12.26.20:182][  0]LogInit:  - other features:
[2016.02.15-12.26.20:182][  0]LogInit:      CURL_VERSION_SSL
[2016.02.15-12.26.20:182][  0]LogInit:      CURL_VERSION_IPV6
[2016.02.15-12.26.20:182][  0]LogInit:      CURL_VERSION_ASYNCHDNS
[2016.02.15-12.26.20:182][  0]LogInit:      CURL_VERSION_LARGEFILE
[2016.02.15-12.26.20:182][  0]LogInit:      CURL_VERSION_IDN
[2016.02.15-12.26.20:182][  0]LogInit:  CurlRequestOptions (configurable via config and command line):
[2016.02.15-12.26.20:182][  0]LogInit:  - bVerifyPeer = true  - Libcurl will verify peer certificate
[2016.02.15-12.26.20:182][  0]LogInit:  - bUseHttpProxy = false  - Libcurl will NOT use HTTP proxy
[2016.02.15-12.26.20:182][  0]LogInit:  - bDontReuseConnections = false  - Libcurl will reuse connections
[2016.02.15-12.26.20:182][  0]LogInit:  - CertBundlePath = nullptr  - Libcurl will use whatever was configured at build time.
[2016.02.15-12.26.20:189][  0]LogInit: Presizing for 0 objects not considered by GC, pre-allocating 0 bytes.
[2016.02.15-12.26.20:195][  0]LogInit: Object subsystem initialized
[2016.02.15-12.26.20:196][  0]LogInit: Selected Device Profile: [Windows]
[2016.02.15-12.26.20:196][  0]LogInit: Applying CVar settings loaded from the selected device profile: [Windows]
[2016.02.15-12.26.20:203][  0]LogInit: Computer: FIDUS
[2016.02.15-12.26.20:203][  0]LogInit: User: Niclas
[2016.02.15-12.26.20:203][  0]LogInit: CPU Page size=4096, Cores=4
[2016.02.15-12.26.20:203][  0]LogInit: High frequency timer resolution =3.386484 MHz
[2016.02.15-12.26.20:203][  0]LogMemory: Memory total: Physical=15.9GB (16GB approx)
[2016.02.15-12.26.20:203][  0]LogMemory: Platform Memory Stats for Windows
[2016.02.15-12.26.20:203][  0]LogMemory: Process Physical Memory: 54.17 MB used, 54.17 MB peak
[2016.02.15-12.26.20:203][  0]LogMemory: Process Virtual Memory: 55.27 MB used, 55.27 MB peak
[2016.02.15-12.26.20:203][  0]LogMemory: Physical Memory: 1712.41 MB used, 16332.28 MB total
[2016.02.15-12.26.20:203][  0]LogMemory: Virtual Memory: 368.27 MB used, 134217728.00 MB total
[2016.02.15-12.26.20:232][  0]LogTextLocalizationManager: No translations for ('sv-SE') exist, falling back to 'en' for localization and internationalization data.
[2016.02.15-12.26.20:808][  0]LogD3D11RHI: Found D3D11 adapter 0: AMD Radeon HD 7800 Series (Feature Level 11_0)
[2016.02.15-12.26.20:808][  0]LogD3D11RHI: Adapter has 2030MB of dedicated video memory, 0MB of dedicated system memory, and 8166MB of shared system memory, 1 output[s]
[2016.02.15-12.26.20:815][  0]LogD3D11RHI: Found D3D11 adapter 1: Microsoft Basic Render Driver (Feature Level 11_0)
[2016.02.15-12.26.20:815][  0]LogD3D11RHI: Adapter has 0MB of dedicated video memory, 0MB of dedicated system memory, and 8166MB of shared system memory, 0 output[s]
[2016.02.15-12.26.20:815][  0]LogD3D11RHI: Chosen D3D11 Adapter Id = 0
[2016.02.15-12.26.20:819][  0]LogD3D11RHI: !Direct3DDevice
[2016.02.15-12.26.20:820][  0]LogRHI: Texture pool is 1361 MB (70% of 1945 MB)
[2016.02.15-12.26.20:825][  0]LogD3D11RHI: Async texture creation disabled: no driver support
[2016.02.15-12.26.20:862][  0]LogShaderCompilers: Guid format shader working directory is 15 characters bigger than the processId version (../../../../../../Users/Niclas/Documents/GitHub/StarWingururur/StarFox/Intermediate/Shaders/WorkingDirectory/7900/).
[2016.02.15-12.26.20:862][  0]LogShaderCompilers: Cleaned the shader compiler working directory '../../../../../../Users/Niclas/Documents/GitHub/StarWingururur/StarFox/Intermediate/Shaders/tmp/C971167245FD211B8C8C799B8FCDD422/'.
[2016.02.15-12.26.20:863][  0]LogShaderCompilers:Display: Using Local Shader Compiler.
[2016.02.15-12.26.22:029][  0]LogTemp:Display: Loaded TP AllDesktopTargetPlatform
[2016.02.15-12.26.22:035][  0]LogTemp:Display: Loaded TP WindowsClientTargetPlatform
[2016.02.15-12.26.22:041][  0]LogTemp:Display: Loaded TP WindowsNoEditorTargetPlatform
[2016.02.15-12.26.22:048][  0]LogTemp:Display: Loaded TP WindowsServerTargetPlatform
[2016.02.15-12.26.22:055][  0]LogTemp:Display: Loaded TP WindowsTargetPlatform
[2016.02.15-12.26.22:061][  0]LogTemp:Display: Loaded TP AndroidTargetPlatform
[2016.02.15-12.26.22:065][  0]LogTemp:Display: Loaded TP Android_ASTCTargetPlatform
[2016.02.15-12.26.22:070][  0]LogTemp:Display: Loaded TP Android_ATCTargetPlatform
[2016.02.15-12.26.22:075][  0]LogTemp:Display: Loaded TP Android_DXTTargetPlatform
[2016.02.15-12.26.22:081][  0]LogTemp:Display: Loaded TP Android_ETC1TargetPlatform
[2016.02.15-12.26.22:087][  0]LogTemp:Display: Loaded TP Android_ETC2TargetPlatform
[2016.02.15-12.26.22:092][  0]LogTemp:Display: Loaded TP Android_PVRTCTargetPlatform
[2016.02.15-12.26.22:095][  0]LogTemp:Display: Loaded TP HTML5TargetPlatform
[2016.02.15-12.26.22:124][  0]LogTemp:Display: Loaded TP IOSTargetPlatform
[2016.02.15-12.26.22:129][  0]LogTemp:Display: Loaded TP LinuxNoEditorTargetPlatform
[2016.02.15-12.26.22:133][  0]LogTemp:Display: Loaded TP LinuxServerTargetPlatform
[2016.02.15-12.26.22:139][  0]LogTemp:Display: Loaded TP LinuxTargetPlatform
[2016.02.15-12.26.22:139][  0]LogTargetPlatformManager:Display: Building Assets For Windows
[2016.02.15-12.26.22:295][  0]LogDerivedDataCache:Display: Max Cache Size: 512 MB
[2016.02.15-12.26.22:296][  0]LogDerivedDataCache:Error: Memory cache was corrputed (magic) C:/Users/Niclas/AppData/Local/UnrealEngine/4.9/DerivedDataCache/Boot.ddc.
[2016.02.15-12.26.22:296][  0]LogDerivedDataCache:Warning: Could not load Boot cache: C:/Users/Niclas/AppData/Local/UnrealEngine/4.9/DerivedDataCache/Boot.ddc
[2016.02.15-12.26.22:296][  0]LogDerivedDataCache: FDerivedDataBackendGraph:  Pak pak cache file ../../../../../../Users/Niclas/Documents/GitHub/StarWingururur/StarFox/DerivedDataCache/DDC.ddp not found, will not use a pak cache.
[2016.02.15-12.26.22:296][  0]LogDerivedDataCache: Unable to find inner node Pak for hierarchical cache Hierarchy.
[2016.02.15-12.26.22:296][  0]LogDerivedDataCache: FDerivedDataBackendGraph:  CompressedPak pak cache file ../../../../../../Users/Niclas/Documents/GitHub/StarWingururur/StarFox/DerivedDataCache/Compressed.ddp not found, will not use a pak cache.
[2016.02.15-12.26.22:296][  0]LogDerivedDataCache: Unable to find inner node CompressedPak for hierarchical cache Hierarchy.
[2016.02.15-12.26.22:431][  0]LogDerivedDataCache:Display: Pak cache opened for reading ../../../Engine/DerivedDataCache/Compressed.ddp.
[2016.02.15-12.26.22:446][  0]LogDerivedDataCache: Using Local data cache path C:/Users/Niclas/AppData/Local/UnrealEngine/Common/DerivedDataCache: Writable
[2016.02.15-12.26.23:474][  0]LogInit: Selected Device Profile: [Windows]
[2016.02.15-12.26.23:490][  0]LogContentStreaming: Texture pool size is 0.000000MB
[2016.02.15-12.26.23:749][  0]LogMeshUtilities: No automatic mesh reduction module available
[2016.02.15-12.26.23:749][  0]LogMeshUtilities: No automatic mesh merging module available
[2016.02.15-12.26.24:433][  0]LogInit: WinSock: version 1.1 (2.2), MaxSocks=32767, MaxUdp=65467
[2016.02.15-12.26.26:333][  0]UdpMessaging: Initializing bridge on interface 0.0.0.0:0 to multicast group 230.0.0.1:6666.
[2016.02.15-12.26.26:526][  0]LogAssetRegistry: FAssetRegistry took 0.0143 seconds to start up
[2016.02.15-12.26.26:857][  0]SourceControl: Info Source control is disabled
[2016.02.15-12.26.26:858][  0]SourceControl: Info Source control is disabled
[2016.02.15-12.26.26:877][  0]SourceControl: Info Source control is disabled
[2016.02.15-12.26.26:895][  0]SourceControl: Info Source control is disabled
[2016.02.15-12.26.27:129][  0]LogLinker:Warning: Asset '../../../Engine/Plugins/Runtime/LeapMotionController/Content/LM_PassthroughMaterial.uasset' has been saved with empty engine version. The asset will be loaded but may be incompatible.
[2016.02.15-12.26.27:251][  0]LogObj: 28417 objects as part of root set at end of initial load.
[2016.02.15-12.26.27:251][  0]LogUObjectAllocator: 6063960 out of 0 bytes used by permanent object pool.
[2016.02.15-12.26.27:366][  0]LogEngine: Initializing Engine...
[2016.02.15-12.26.27:373][  0]LogHMD: Can't find Oculus library dev build: is proper Runtime installed? Version: 0.7.0.0
[2016.02.15-12.26.27:374][  0]LogHMD: SteamVR failed to initialize.  Err: 110
[2016.02.15-12.26.27:583][  0]LogAIModule: Creating AISystem for world NewWorld
[2016.02.15-12.26.27:614][  0]LogInit: XAudio2 using '1 - BenQ GW2750H (AMD High Definition Audio Device)' : 2 channels at 48 kHz using 16 bits per sample (channel mask 0x3)
[2016.02.15-12.26.27:634][  0]LogInit: FAudioDevice initialized.
[2016.02.15-12.26.27:648][  0]LogDerivedDataCache: Saved boot cache 0.01s 41MB C:/Users/Niclas/AppData/Local/UnrealEngine/4.9/DerivedDataCache/Boot.ddc.
[2016.02.15-12.26.27:651][  0]LogInit: Texture streaming: Enabled
[2016.02.15-12.26.27:664][  0]LogAnalytics: Creating configured Analytics provider AnalyticsET
[2016.02.15-12.26.27:668][  0]LogAnalytics: [UEEditor.Rocket.Release] APIServer = http://et2.epicgames.com/ET2/. AppVersion = 4.9.2-2707645+++depot+UE4-Releases+4.9
[2016.02.15-12.26.27:668][  0]LogAnalytics: [UEEditor.Rocket.Release] SetUserId 8d5f2d8b4e520712a8f1e688fed765ab|99f216c1865e471987722078da7bde5f|50f43dcd-c54f-4aa6-a5c1-e948023fc359
[2016.02.15-12.26.27:668][  0]LogAnalytics: [UEEditor.Rocket.Release] AnalyticsET::StartSession
[2016.02.15-12.26.27:689][  0]LogWindowsTextInputMethodSystem:Display: IME system now deactivated.
[2016.02.15-12.26.27:854][  0]LogInit: Transaction tracking system initialized
[2016.02.15-12.26.28:034][  0]BlueprintLog: New page: Editor Load
[2016.02.15-12.26.28:277][  0]LocalizationService: Info Localization service is disabled
[2016.02.15-12.26.28:423][  0]LogConsoleResponse:Display: 
[2016.02.15-12.26.28:623][  0]LogFileCache: Scanning file cache for directory 'C:/Users/Niclas/Documents/GitHub/StarWingururur/StarFox/Content/' took 0.01s
[2016.02.15-12.26.28:623][  0]LogCook:Display: Done creating registry. It took  0.00s.
[2016.02.15-12.26.28:744][  0]SourceControl: Info Source control is disabled
[2016.02.15-12.27.00:402][  0]LogWindowsTextInputMethodSystem:Display: IME system now deactivated.
[2016.02.15-12.27.00:413][  0]LogWindowsTextInputMethodSystem:Display: IME system now deactivated.
[2016.02.15-12.27.01:653][  0]LogWindowsTextInputMethodSystem:Display: IME system now deactivated.
[2016.02.15-12.27.01:672][  0]LogWindowsTextInputMethodSystem:Display: IME system now deactivated.
[2016.02.15-12.27.01:676][  0]Cmd: MAP LOAD FILE="../../../../../../Users/Niclas/Documents/GitHub/StarWingururur/StarFox/Content/StarterContent/Maps/Minimal_Default.umap" TEMPLATE=0 SHOWPROGRESS=1 FEATURELEVEL=3
[2016.02.15-12.27.01:676][  0]LightingResults: New page: Lighting Build
[2016.02.15-12.27.01:685][  0]MapCheck: New page: Map Check
[2016.02.15-12.27.01:685][  0]LightingResults: New page: Lighting Build
[2016.02.15-12.27.01:706][  0]LogParticles: Destroying 0 GPU particle simulations for FXSystem 0x000001A876A8AAC0
[2016.02.15-12.27.02:304][  0]LogAIModule: Creating AISystem for world Minimal_Default
[2016.02.15-12.27.02:335][  0]LogEditorServer: Finished looking for orphan Actors (0.000 secs)
[2016.02.15-12.27.02:340][  0]Cmd: MAP CHECKDEP NOCLEARLOG
[2016.02.15-12.27.02:387][  0]MapCheck: Info Map check complete: 0 Error(s), 0 Warning(s), took 46.531ms to complete.
[2016.02.15-12.27.02:387][  0]LogFileHelpers: Loading map 'Minimal_Default' took 0.713
[2016.02.15-12.27.02:505][  0]LogCollectionManager: Loaded 0 collections in 0.002534 seconds
[2016.02.15-12.27.02:558][  0]LogFileCache: Scanning file cache for directory 'C:/Users/Niclas/Documents/GitHub/StarWingururur/StarFox/Saved/Collections/' took 0.01s
[2016.02.15-12.27.02:558][  0]LogFileCache: Scanning file cache for directory 'C:/Users/Niclas/Documents/GitHub/StarWingururur/StarFox/Content/Developers/Niclas/Collections/' took 0.01s
[2016.02.15-12.27.02:558][  0]LogFileCache: Scanning file cache for directory 'C:/Users/Niclas/Documents/GitHub/StarWingururur/StarFox/Content/Collections/' took 0.01s
[2016.02.15-12.27.02:558][  0]LogContentBrowser: Native class hierarchy populated in 0.0114 seconds. Added 1872 classes and 335 folders.
[2016.02.15-12.27.02:576][  0]LogCollectionManager: Rebuilt the GUID cache for 0 collections in 0.000002 seconds
[2016.02.15-12.27.02:591][  0]LogContentBrowser: Native class hierarchy updated for 'WidgetCarousel' in 0.0013 seconds. Added 0 classes and 0 folders.
[2016.02.15-12.27.02:745][  0]LogContentBrowser: Native class hierarchy updated for 'AddContentDialog' in 0.0013 seconds. Added 0 classes and 0 folders.
[2016.02.15-12.27.02:760][  0]LogContentBrowser: Native class hierarchy updated for 'SceneOutliner' in 0.0013 seconds. Added 1 classes and 2 folders.
[2016.02.15-12.27.02:839][  0]LogCrashTracker: Crashtracker disabled due to settings.
[2016.02.15-12.27.02:905][  0]LogStats:Warning: MetaData mismatch. Did you assign a stat to two groups? New //STATGROUP_Threads//SplashScreenThread///Thread_1d18_0///####STATCAT_Advanced#### old //STATGROUP_Threads//SplashScreenThread///Thread_1f54_0///####STATCAT_Advanced####
[2016.02.15-12.27.02:905][  0]LogLoad: Full Startup: 43.67 seconds (BP compile: 0.15 seconds)
[2016.02.15-12.27.02:993][  0]LogContentStreaming: Texture pool size now 1000 MB
[2016.02.15-12.27.03:116][  0]LogRenderer: Reallocating scene render targets to support 1208x576 (Frame:2).
[2016.02.15-12.27.03:458][  5]LogAssetRegistry: Asset discovery search completed in 36.9438 seconds
[2016.02.15-12.27.03:458][  5]LogCollectionManager: Rebuilt the object cache for 0 collections in 0.000001 seconds (found 0 objects)
[2016.02.15-12.27.03:458][  5]LogCollectionManager: Fixed up redirectors for 0 collections in 0.000019 seconds (updated 0 objects)
[2016.02.15-12.27.21:550][394]LogBlueprintUserMessages: Early PlayInEditor Detection: Level '/Game/StarterContent/Maps/Minimal_Default.Minimal_Default:PersistentLevel' has LevelScriptBlueprint '/Game/StarterContent/Maps/Minimal_Default.Minimal_Default:PersistentLevel.Minimal_Default' with GeneratedClass '/Game/StarterContent/Maps/Minimal_Default.Minimal_Default_C' with ClassGeneratedBy '/Game/StarterContent/Maps/Minimal_Default.Minimal_Default:PersistentLevel.Minimal_Default'
[2016.02.15-12.27.21:550][394]LogPlayLevel: PlayLevel: No blueprints needed recompiling
[2016.02.15-12.27.21:551][394]PIE: New page: PIE session: Minimal_Default (Feb 15, 2016, 2:27:21 PM)
[2016.02.15-12.27.21:551][394]LogPlayLevel: Creating play world package: /Game/StarterContent/Maps/UEDPIE_0_Minimal_Default
[2016.02.15-12.27.21:563][394]LogPlayLevel: PIE: StaticDuplicateObject took: (0.011604s)
[2016.02.15-12.27.21:563][394]LogAIModule: Creating AISystem for world Minimal_Default
[2016.02.15-12.27.21:563][394]LogPlayLevel: PIE: World Init took: (0.000540s)
[2016.02.15-12.27.21:563][394]LogPlayLevel: PIE: Created PIE world by copying editor world from /Game/StarterContent/Maps/Minimal_Default.Minimal_Default to /Game/StarterContent/Maps/UEDPIE_0_Minimal_Default.Minimal_Default (0.012318s)
[2016.02.15-12.27.21:591][394]LogInit: XAudio2 using '1 - BenQ GW2750H (AMD High Definition Audio Device)' : 2 channels at 48 kHz using 16 bits per sample (channel mask 0x3)
[2016.02.15-12.27.21:597][394]LogInit: FAudioDevice initialized.
[2016.02.15-12.27.21:666][394]LogBlueprint:Warning: [compiler SFHUD] Warning ReturnNode Exec pin has no connections on  EdGraphPin_5477 
[2016.02.15-12.27.21:668][394]LogBlueprint:Warning: [compiler SFHUD] Warning [0062.44] Compile of SFHUD successful, but with 1 Warning(s) [in 3 ms]
[2016.02.15-12.27.21:668][394]LogBlueprint:Warning: [compiler SFHUD] Warning [0062.44] Compile of SFHUD successful, but with 2 Warning(s) [in 0 ms]
[2016.02.15-12.27.21:668][394]LogBlueprint:Warning: [compiler SFHUD] Warning [0062.44] Compile of SFHUD successful, but with 3 Warning(s) [in 0 ms]
[2016.02.15-12.27.21:671][394]LogBlueprint:Warning: [compiler SFHUD] Warning ReturnNode Exec pin has no connections on  EdGraphPin_5477 
[2016.02.15-12.27.21:672][394]LogBlueprint:Warning: [compiler SFHUD] Warning [0062.44] Compile of SFHUD successful, but with 1 Warning(s) [in 2 ms]
[2016.02.15-12.27.21:672][394]LogBlueprint:Warning: [compiler SFHUD] Warning [0062.44] Compile of SFHUD successful, but with 2 Warning(s) [in 0 ms]
[2016.02.15-12.27.21:672][394]LogBlueprint:Warning: [compiler SFHUD] Warning [0062.44] Compile of SFHUD successful, but with 3 Warning(s) [in 0 ms]
[2016.02.15-12.27.21:681][394]LogWorld: Game class is 'MyStarFoxGameModeBP_C'
[2016.02.15-12.27.21:690][394]LogWorld:Warning: *** WARNING - PATHS MAY NOT BE VALID ***
[2016.02.15-12.27.21:690][394]LogWorld: Bringing World /Game/StarterContent/Maps/UEDPIE_0_Minimal_Default.Minimal_Default up for play (max tick rate 0) at 2016.02.15-13.27.21
[2016.02.15-12.27.21:690][394]LogActor:Warning: GameSession /Game/StarterContent/Maps/UEDPIE_0_Minimal_Default.Minimal_Default:PersistentLevel.GameSession_0 has natively added scene component(s), but none of them were set as the actor's RootComponent - picking one arbitrarily
[2016.02.15-12.27.21:691][394]LogActor:Warning: GameNetworkManager /Game/StarterContent/Maps/UEDPIE_0_Minimal_Default.Minimal_Default:PersistentLevel.GameNetworkManager_0 has natively added scene component(s), but none of them were set as the actor's RootComponent - picking one arbitrarily
[2016.02.15-12.27.21:696][394]LogWorld: Bringing up level for play took: 0.012486
[2016.02.15-12.27.21:705][394]PIE: Info Play in editor start time for /Game/StarterContent/Maps/UEDPIE_0_Minimal_Default 0.582
[2016.02.15-12.27.21:706][394]LogBlueprintUserMessages: Late PlayInEditor Detection: Level '/Game/StarterContent/Maps/Minimal_Default.Minimal_Default:PersistentLevel' has LevelScriptBlueprint '/Game/StarterContent/Maps/Minimal_Default.Minimal_Default:PersistentLevel.Minimal_Default' with GeneratedClass '/Game/StarterContent/Maps/Minimal_Default.Minimal_Default_C' with ClassGeneratedBy '/Game/StarterContent/Maps/Minimal_Default.Minimal_Default:PersistentLevel.Minimal_Default'
[2016.02.15-12.27.33:001][680]LogCrashTracker: 


[2016.02.15-12.27.33:003][680]LogCrashTracker: 


[2016.02.15-12.27.33:003][680]LogWindows: === Critical error: ===
Fatal error!



[2016.02.15-12.27.33:109][680]LogExit: Executing StaticShutdownAfterError
[2016.02.15-12.27.33:111][680]LogOutputDevice:Warning: 

Script Stack:
ring.OnBeginOverlap

[2016.02.15-12.27.33:130][680]LogPhysics:Warning: PHYSX: ..\..\PhysX\src\NpScene.cpp (2946) 8 : PxScene::unlockWrite() called without matching call to PxScene::lockWrite(), behaviour will be undefined.
[2016.02.15-12.27.33:130][680]LogPhysics:Warning: PHYSX: ..\..\PhysX\src\NpScene.cpp (2946) 8 : PxScene::unlockWrite() called without matching call to PxScene::lockWrite(), behaviour will be undefined.
[2016.02.15-12.27.33:130][680]LogPhysics:Warning: PHYSX: ..\..\PhysX\src\NpScene.cpp (2946) 8 : PxScene::unlockWrite() called without matching call to PxScene::lockWrite(), behaviour will be undefined.
[2016.02.15-12.27.33:130][680]LogPhysics:Warning: PHYSX: ..\..\PhysX\src\NpScene.cpp (2946) 8 : PxScene::unlockWrite() called without matching call to PxScene::lockWrite(), behaviour will be undefined.
[2016.02.15-12.27.33:131][680]LogWindows: FPlatformMisc::RequestExit(1)
[2016.02.15-12.27.33:131][680]Log file closed, 02/15/16 13:27:33
