[2016.01.26-18.58.45:562][  0]Log file open, 01/26/16 19:58:45
[2016.01.26-18.58.45:562][  0]LogInit:Display: Running engine for game: StarFox
[2016.01.26-18.58.45:562][  0]LogInit:Display: RandInit(-781036075) SRandInit(-781036074).
[2016.01.26-18.58.45:562][  0]LogTaskGraph: Started task graph with 4 named threads and 7 total threads.
[2016.01.26-18.58.45:562][  0]LogStats: Stats thread started at 0.076164
[2016.01.26-18.58.45:562][  0]LogInit: Version: 4.9.2-2707645+++depot+UE4-Releases+4.9
[2016.01.26-18.58.45:562][  0]LogInit: API Version: 2672455
[2016.01.26-18.58.45:562][  0]LogInit: Compiled (64-bit): Sep 28 2015 10:25:44
[2016.01.26-18.58.45:562][  0]LogInit: Compiled with Visual C++: 18.00.21005.01
[2016.01.26-18.58.45:562][  0]LogInit: Build Configuration: Development
[2016.01.26-18.58.45:562][  0]LogInit: Branch Name: ++depot+UE4-Releases+4.9
[2016.01.26-18.58.45:562][  0]LogInit: Command line:  
[2016.01.26-18.58.45:562][  0]LogInit: Base directory: C:/Program Files/Epic Games/4.9/Engine/Binaries/Win64/
[2016.01.26-18.58.45:562][  0]LogInit: Rocket: 1
[2016.01.26-18.58.45:571][  0]LogInit: Using libcurl 7.41.0
[2016.01.26-18.58.45:571][  0]LogInit:  - built for x86_64-pc-win32
[2016.01.26-18.58.45:571][  0]LogInit:  - supports SSL with WinSSL
[2016.01.26-18.58.45:571][  0]LogInit:  - other features:
[2016.01.26-18.58.45:571][  0]LogInit:      CURL_VERSION_SSL
[2016.01.26-18.58.45:571][  0]LogInit:      CURL_VERSION_IPV6
[2016.01.26-18.58.45:571][  0]LogInit:      CURL_VERSION_ASYNCHDNS
[2016.01.26-18.58.45:571][  0]LogInit:      CURL_VERSION_LARGEFILE
[2016.01.26-18.58.45:571][  0]LogInit:      CURL_VERSION_IDN
[2016.01.26-18.58.45:571][  0]LogInit:  CurlRequestOptions (configurable via config and command line):
[2016.01.26-18.58.45:571][  0]LogInit:  - bVerifyPeer = true  - Libcurl will verify peer certificate
[2016.01.26-18.58.45:571][  0]LogInit:  - bUseHttpProxy = false  - Libcurl will NOT use HTTP proxy
[2016.01.26-18.58.45:571][  0]LogInit:  - bDontReuseConnections = false  - Libcurl will reuse connections
[2016.01.26-18.58.45:571][  0]LogInit:  - CertBundlePath = nullptr  - Libcurl will use whatever was configured at build time.
[2016.01.26-18.58.45:578][  0]LogInit: Presizing for 0 objects not considered by GC, pre-allocating 0 bytes.
[2016.01.26-18.58.45:585][  0]LogInit: Object subsystem initialized
[2016.01.26-18.58.45:586][  0]LogInit: Selected Device Profile: [Windows]
[2016.01.26-18.58.45:586][  0]LogInit: Applying CVar settings loaded from the selected device profile: [Windows]
[2016.01.26-18.58.45:594][  0]LogInit: Computer: FIDUS
[2016.01.26-18.58.45:594][  0]LogInit: User: Niclas
[2016.01.26-18.58.45:594][  0]LogInit: CPU Page size=4096, Cores=4
[2016.01.26-18.58.45:594][  0]LogInit: High frequency timer resolution =3.386476 MHz
[2016.01.26-18.58.45:594][  0]LogMemory: Memory total: Physical=15.9GB (16GB approx)
[2016.01.26-18.58.45:594][  0]LogMemory: Platform Memory Stats for Windows
[2016.01.26-18.58.45:594][  0]LogMemory: Process Physical Memory: 54.35 MB used, 54.35 MB peak
[2016.01.26-18.58.45:594][  0]LogMemory: Process Virtual Memory: 55.37 MB used, 55.37 MB peak
[2016.01.26-18.58.45:594][  0]LogMemory: Physical Memory: 4600.04 MB used, 16332.28 MB total
[2016.01.26-18.58.45:594][  0]LogMemory: Virtual Memory: 368.15 MB used, 134217728.00 MB total
[2016.01.26-18.58.45:626][  0]LogTextLocalizationManager: No translations for ('sv-SE') exist, falling back to 'en' for localization and internationalization data.
[2016.01.26-18.58.46:334][  0]LogD3D11RHI: Found D3D11 adapter 0: AMD Radeon HD 7800 Series (Feature Level 11_0)
[2016.01.26-18.58.46:334][  0]LogD3D11RHI: Adapter has 2030MB of dedicated video memory, 0MB of dedicated system memory, and 8166MB of shared system memory, 1 output[s]
[2016.01.26-18.58.46:338][  0]LogD3D11RHI: Found D3D11 adapter 1: Microsoft Basic Render Driver (Feature Level 11_0)
[2016.01.26-18.58.46:339][  0]LogD3D11RHI: Adapter has 0MB of dedicated video memory, 0MB of dedicated system memory, and 8166MB of shared system memory, 0 output[s]
[2016.01.26-18.58.46:339][  0]LogD3D11RHI: Chosen D3D11 Adapter Id = 0
[2016.01.26-18.58.46:343][  0]LogD3D11RHI: !Direct3DDevice
[2016.01.26-18.58.46:343][  0]LogRHI: Texture pool is 1361 MB (70% of 1945 MB)
[2016.01.26-18.58.46:348][  0]LogD3D11RHI: Async texture creation disabled: no driver support
[2016.01.26-18.58.46:358][  0]LogShaderCompilers: Guid format shader working directory is 15 characters bigger than the processId version (../../../../../../Users/Niclas/Documents/GitHub/Staroxurur/StarFox/Intermediate/Shaders/WorkingDirectory/9356/).
[2016.01.26-18.58.46:358][  0]LogShaderCompilers: Cleaned the shader compiler working directory '../../../../../../Users/Niclas/Documents/GitHub/Staroxurur/StarFox/Intermediate/Shaders/tmp/27D52427442CF34E33D4D1B93FE0FDAD/'.
[2016.01.26-18.58.46:358][  0]LogShaderCompilers:Display: Using Local Shader Compiler.
[2016.01.26-18.58.47:377][  0]LogTemp:Display: Loaded TP AllDesktopTargetPlatform
[2016.01.26-18.58.47:382][  0]LogTemp:Display: Loaded TP WindowsClientTargetPlatform
[2016.01.26-18.58.47:388][  0]LogTemp:Display: Loaded TP WindowsNoEditorTargetPlatform
[2016.01.26-18.58.47:393][  0]LogTemp:Display: Loaded TP WindowsServerTargetPlatform
[2016.01.26-18.58.47:398][  0]LogTemp:Display: Loaded TP WindowsTargetPlatform
[2016.01.26-18.58.47:402][  0]LogTemp:Display: Loaded TP AndroidTargetPlatform
[2016.01.26-18.58.47:406][  0]LogTemp:Display: Loaded TP Android_ASTCTargetPlatform
[2016.01.26-18.58.47:409][  0]LogTemp:Display: Loaded TP Android_ATCTargetPlatform
[2016.01.26-18.58.47:412][  0]LogTemp:Display: Loaded TP Android_DXTTargetPlatform
[2016.01.26-18.58.47:416][  0]LogTemp:Display: Loaded TP Android_ETC1TargetPlatform
[2016.01.26-18.58.47:419][  0]LogTemp:Display: Loaded TP Android_ETC2TargetPlatform
[2016.01.26-18.58.47:423][  0]LogTemp:Display: Loaded TP Android_PVRTCTargetPlatform
[2016.01.26-18.58.47:424][  0]LogTemp:Display: Loaded TP HTML5TargetPlatform
[2016.01.26-18.58.47:443][  0]LogTemp:Display: Loaded TP IOSTargetPlatform
[2016.01.26-18.58.47:445][  0]LogTemp:Display: Loaded TP LinuxNoEditorTargetPlatform
[2016.01.26-18.58.47:450][  0]LogTemp:Display: Loaded TP LinuxServerTargetPlatform
[2016.01.26-18.58.47:453][  0]LogTemp:Display: Loaded TP LinuxTargetPlatform
[2016.01.26-18.58.47:453][  0]LogTargetPlatformManager:Display: Building Assets For Windows
[2016.01.26-18.58.47:558][  0]LogDerivedDataCache:Display: Max Cache Size: 512 MB
[2016.01.26-18.58.47:594][  0]LogDerivedDataCache: Loaded boot cache 0.04s 41MB C:/Users/Niclas/AppData/Local/UnrealEngine/4.9/DerivedDataCache/Boot.ddc.
[2016.01.26-18.58.47:594][  0]LogDerivedDataCache:Display: Loaded Boot cache: C:/Users/Niclas/AppData/Local/UnrealEngine/4.9/DerivedDataCache/Boot.ddc
[2016.01.26-18.58.47:594][  0]LogDerivedDataCache: FDerivedDataBackendGraph:  Pak pak cache file ../../../../../../Users/Niclas/Documents/GitHub/Staroxurur/StarFox/DerivedDataCache/DDC.ddp not found, will not use a pak cache.
[2016.01.26-18.58.47:594][  0]LogDerivedDataCache: Unable to find inner node Pak for hierarchical cache Hierarchy.
[2016.01.26-18.58.47:594][  0]LogDerivedDataCache: FDerivedDataBackendGraph:  CompressedPak pak cache file ../../../../../../Users/Niclas/Documents/GitHub/Staroxurur/StarFox/DerivedDataCache/Compressed.ddp not found, will not use a pak cache.
[2016.01.26-18.58.47:594][  0]LogDerivedDataCache: Unable to find inner node CompressedPak for hierarchical cache Hierarchy.
[2016.01.26-18.58.47:726][  0]LogDerivedDataCache:Display: Pak cache opened for reading ../../../Engine/DerivedDataCache/Compressed.ddp.
[2016.01.26-18.58.47:738][  0]LogDerivedDataCache: Using Local data cache path C:/Users/Niclas/AppData/Local/UnrealEngine/Common/DerivedDataCache: Writable
[2016.01.26-18.58.47:932][  0]LogInit: Selected Device Profile: [Windows]
[2016.01.26-18.58.47:934][  0]LogContentStreaming: Texture pool size is 0.000000MB
[2016.01.26-18.58.48:052][  0]LogMeshUtilities: No automatic mesh reduction module available
[2016.01.26-18.58.48:052][  0]LogMeshUtilities: No automatic mesh merging module available
[2016.01.26-18.58.48:290][  0]LogInit: WinSock: version 1.1 (2.2), MaxSocks=32767, MaxUdp=65467
[2016.01.26-18.58.48:931][  0]UdpMessaging: Initializing bridge on interface 0.0.0.0:0 to multicast group 230.0.0.1:6666.
[2016.01.26-18.58.49:058][  0]LogAssetRegistry: FAssetRegistry took 0.0108 seconds to start up
[2016.01.26-18.58.49:226][  0]SourceControl: Info Source control is disabled
[2016.01.26-18.58.49:227][  0]SourceControl: Info Source control is disabled
[2016.01.26-18.58.49:244][  0]SourceControl: Info Source control is disabled
[2016.01.26-18.58.49:259][  0]SourceControl: Info Source control is disabled
[2016.01.26-18.58.49:448][  0]LogLinker:Warning: Asset '../../../Engine/Plugins/Runtime/LeapMotionController/Content/LM_PassthroughMaterial.uasset' has been saved with empty engine version. The asset will be loaded but may be incompatible.
[2016.01.26-18.58.49:550][  0]LogObj: 28386 objects as part of root set at end of initial load.
[2016.01.26-18.58.49:550][  0]LogUObjectAllocator: 6050200 out of 0 bytes used by permanent object pool.
[2016.01.26-18.58.49:600][  0]LogEngine: Initializing Engine...
[2016.01.26-18.58.49:602][  0]LogHMD: Can't find Oculus library dev build: is proper Runtime installed? Version: 0.7.0.0
[2016.01.26-18.58.49:603][  0]LogHMD: SteamVR failed to initialize.  Err: 110
[2016.01.26-18.58.49:726][  0]LogAIModule: Creating AISystem for world NewWorld
[2016.01.26-18.58.49:743][  0]LogInit: XAudio2 using 'Högtalare (Logitech G35 Gaming Headset)' : 2 channels at 44.1 kHz using 16 bits per sample (channel mask 0x3)
[2016.01.26-18.58.49:764][  0]LogInit: FAudioDevice initialized.
[2016.01.26-18.58.49:789][  0]LogDerivedDataCache: Saved boot cache 0.02s 41MB C:/Users/Niclas/AppData/Local/UnrealEngine/4.9/DerivedDataCache/Boot.ddc.
[2016.01.26-18.58.49:792][  0]LogInit: Texture streaming: Enabled
[2016.01.26-18.58.49:798][  0]LogAnalytics: Creating configured Analytics provider AnalyticsET
[2016.01.26-18.58.49:798][  0]LogAnalytics: [UEEditor.Rocket.Release] APIServer = http://et2.epicgames.com/ET2/. AppVersion = 4.9.2-2707645+++depot+UE4-Releases+4.9
[2016.01.26-18.58.49:798][  0]LogAnalytics: [UEEditor.Rocket.Release] SetUserId 8d5f2d8b4e520712a8f1e688fed765ab|99f216c1865e471987722078da7bde5f|50f43dcd-c54f-4aa6-a5c1-e948023fc359
[2016.01.26-18.58.49:798][  0]LogAnalytics: [UEEditor.Rocket.Release] AnalyticsET::StartSession
[2016.01.26-18.58.49:809][  0]LogWindowsTextInputMethodSystem:Display: IME system now deactivated.
[2016.01.26-18.58.49:832][  0]LogInit: Transaction tracking system initialized
[2016.01.26-18.58.49:876][  0]BlueprintLog: New page: Editor Load
[2016.01.26-18.58.49:970][  0]LocalizationService: Info Localization service is disabled
[2016.01.26-18.58.50:061][  0]LogConsoleResponse:Display: 
[2016.01.26-18.58.50:167][  0]LogCook:Display: Done creating registry. It took  0.00s.
[2016.01.26-18.58.50:243][  0]LogFileCache: Scanning file cache for directory 'C:/Users/Niclas/Documents/GitHub/Staroxurur/StarFox/Content/' took 0.01s
[2016.01.26-18.58.50:243][  0]SourceControl: Info Source control is disabled
[2016.01.26-18.58.50:243][  0]Cmd: MAP LOAD FILE="../../../../../../Users/Niclas/Documents/GitHub/Staroxurur/StarFox/Content/StarterContent/Maps/Minimal_Default.umap" TEMPLATE=0 SHOWPROGRESS=1 FEATURELEVEL=3
[2016.01.26-18.58.50:244][  0]LightingResults: New page: Lighting Build
[2016.01.26-18.58.50:247][  0]MapCheck: New page: Map Check
[2016.01.26-18.58.50:247][  0]LightingResults: New page: Lighting Build
[2016.01.26-18.58.50:255][  0]LogParticles: Destroying 0 GPU particle simulations for FXSystem 0x0000015250A93CE0
[2016.01.26-18.58.50:483][  0]LogBlueprint:Warning: [compiler FlyingPawn] Warning Input Axis Event references unknown Axis 'MoveRight' for  InputAxis MoveRight 
[2016.01.26-18.58.50:483][  0]LogBlueprint:Warning: [compiler FlyingPawn] Warning Input Axis Event references unknown Axis 'MoveUp' for  InputAxis MoveUp 
[2016.01.26-18.58.50:488][  0]LogBlueprint:Warning: [compiler FlyingPawn] Warning [0005.89] Compile of FlyingPawn successful, but with 2 Warning(s) [in 16 ms]
[2016.01.26-18.58.50:488][  0]LogBlueprint:Warning: [compiler FlyingPawn] Warning [0005.89] Compile of FlyingPawn successful, but with 3 Warning(s) [in 0 ms]
[2016.01.26-18.58.50:488][  0]LogBlueprint:Warning: [compiler FlyingPawn] Warning [0005.89] Compile of FlyingPawn successful, but with 4 Warning(s) [in 0 ms]
[2016.01.26-18.58.50:504][  0]LogBlueprint:Warning: [compiler FlyingPawn] Warning Input Axis Event references unknown Axis 'MoveRight' for  InputAxis MoveRight 
[2016.01.26-18.58.50:504][  0]LogBlueprint:Warning: [compiler FlyingPawn] Warning Input Axis Event references unknown Axis 'MoveUp' for  InputAxis MoveUp 
[2016.01.26-18.58.50:509][  0]LogBlueprint:Warning: [compiler FlyingPawn] Warning [0005.91] Compile of FlyingPawn successful, but with 2 Warning(s) [in 15 ms]
[2016.01.26-18.58.50:509][  0]LogBlueprint:Warning: [compiler FlyingPawn] Warning [0005.91] Compile of FlyingPawn successful, but with 3 Warning(s) [in 0 ms]
[2016.01.26-18.58.50:509][  0]LogBlueprint:Warning: [compiler FlyingPawn] Warning [0005.91] Compile of FlyingPawn successful, but with 4 Warning(s) [in 0 ms]
[2016.01.26-18.58.50:736][  0]LogAIModule: Creating AISystem for world Minimal_Default
[2016.01.26-18.58.50:747][  0]LogEditorServer: Finished looking for orphan Actors (0.000 secs)
[2016.01.26-18.58.50:748][  0]Cmd: MAP CHECKDEP NOCLEARLOG
[2016.01.26-18.58.50:818][  0]MapCheck: Info Map check complete: 0 Error(s), 0 Warning(s), took 70.638ms to complete.
[2016.01.26-18.58.50:818][  0]LogFileHelpers: Loading map 'Minimal_Default' took 0.575
[2016.01.26-18.58.50:930][  0]LogCollectionManager: Loaded 0 collections in 0.005145 seconds
[2016.01.26-18.58.50:971][  0]LogFileCache: Scanning file cache for directory 'C:/Users/Niclas/Documents/GitHub/Staroxurur/StarFox/Saved/Collections/' took 0.01s
[2016.01.26-18.58.50:971][  0]LogFileCache: Scanning file cache for directory 'C:/Users/Niclas/Documents/GitHub/Staroxurur/StarFox/Content/Developers/Niclas/Collections/' took 0.01s
[2016.01.26-18.58.50:971][  0]LogFileCache: Scanning file cache for directory 'C:/Users/Niclas/Documents/GitHub/Staroxurur/StarFox/Content/Collections/' took 0.01s
[2016.01.26-18.58.50:971][  0]LogContentBrowser: Native class hierarchy populated in 0.0074 seconds. Added 1870 classes and 335 folders.
[2016.01.26-18.58.50:976][  0]LogCollectionManager: Rebuilt the GUID cache for 0 collections in 0.000002 seconds
[2016.01.26-18.58.50:983][  0]LogContentBrowser: Native class hierarchy updated for 'WidgetCarousel' in 0.0014 seconds. Added 0 classes and 0 folders.
[2016.01.26-18.58.51:031][  0]LogContentBrowser: Native class hierarchy updated for 'AddContentDialog' in 0.0016 seconds. Added 0 classes and 0 folders.
[2016.01.26-18.58.51:042][  0]LogContentBrowser: Native class hierarchy updated for 'SceneOutliner' in 0.0017 seconds. Added 1 classes and 2 folders.
[2016.01.26-18.58.51:070][  0]LogCrashTracker: Crashtracker disabled due to settings.
[2016.01.26-18.58.51:074][  0]LogUObjectGlobals:Warning: Failed to find object 'Class None.'
[2016.01.26-18.58.51:096][  0]LogLoad: Full Startup: 6.50 seconds (BP compile: 0.09 seconds)
[2016.01.26-18.58.51:160][  0]LogContentStreaming: Texture pool size now 1000 MB
[2016.01.26-18.58.51:267][  0]LogRenderer: Reallocating scene render targets to support 1208x576 (Frame:2).
[2016.01.26-18.58.51:637][  4]LogAssetRegistry: Asset discovery search completed in 2.5903 seconds
[2016.01.26-18.58.51:637][  4]LogCollectionManager: Rebuilt the object cache for 0 collections in 0.000001 seconds (found 0 objects)
[2016.01.26-18.58.51:637][  4]LogCollectionManager: Fixed up redirectors for 0 collections in 0.000023 seconds (updated 0 objects)
[2016.01.26-18.58.53:594][189]LogBlueprintUserMessages: Early PlayInEditor Detection: Level '/Game/StarterContent/Maps/Minimal_Default.Minimal_Default:PersistentLevel' has LevelScriptBlueprint '/Game/StarterContent/Maps/Minimal_Default.Minimal_Default:PersistentLevel.Minimal_Default' with GeneratedClass '/Game/StarterContent/Maps/Minimal_Default.Minimal_Default_C' with ClassGeneratedBy '/Game/StarterContent/Maps/Minimal_Default.Minimal_Default:PersistentLevel.Minimal_Default'
[2016.01.26-18.58.53:594][189]LogPlayLevel: PlayLevel: No blueprints needed recompiling
[2016.01.26-18.58.53:595][189]PIE: New page: PIE session: Minimal_Default (Jan 26, 2016, 8:58:53 PM)
[2016.01.26-18.58.53:595][189]LogPlayLevel: Creating play world package: /Game/StarterContent/Maps/UEDPIE_0_Minimal_Default
[2016.01.26-18.58.53:604][189]LogPlayLevel: PIE: StaticDuplicateObject took: (0.009452s)
[2016.01.26-18.58.53:605][189]LogAIModule: Creating AISystem for world Minimal_Default
[2016.01.26-18.58.53:605][189]LogPlayLevel: PIE: World Init took: (0.000642s)
[2016.01.26-18.58.53:605][189]LogPlayLevel: PIE: Created PIE world by copying editor world from /Game/StarterContent/Maps/Minimal_Default.Minimal_Default to /Game/StarterContent/Maps/UEDPIE_0_Minimal_Default.Minimal_Default (0.010271s)
[2016.01.26-18.58.53:635][189]LogInit: XAudio2 using 'Högtalare (Logitech G35 Gaming Headset)' : 2 channels at 44.1 kHz using 16 bits per sample (channel mask 0x3)
[2016.01.26-18.58.53:656][189]LogInit: FAudioDevice initialized.
[2016.01.26-18.58.53:717][189]LogWorld: Game class is 'MyStarFoxGameModeBP_C'
[2016.01.26-18.58.53:724][189]LogWorld:Warning: *** WARNING - PATHS MAY NOT BE VALID ***
[2016.01.26-18.58.53:724][189]LogWorld: Bringing World /Game/StarterContent/Maps/UEDPIE_0_Minimal_Default.Minimal_Default up for play (max tick rate 0) at 2016.01.26-19.58.53
[2016.01.26-18.58.53:724][189]LogActor:Warning: GameSession /Game/StarterContent/Maps/UEDPIE_0_Minimal_Default.Minimal_Default:PersistentLevel.GameSession_0 has natively added scene component(s), but none of them were set as the actor's RootComponent - picking one arbitrarily
[2016.01.26-18.58.53:724][189]LogActor:Warning: GameNetworkManager /Game/StarterContent/Maps/UEDPIE_0_Minimal_Default.Minimal_Default:PersistentLevel.GameNetworkManager_0 has natively added scene component(s), but none of them were set as the actor's RootComponent - picking one arbitrarily
[2016.01.26-18.58.53:727][189]LogWorld: Bringing up level for play took: 0.008257
[2016.01.26-18.58.53:729][189]PIE: Info Play in editor start time for /Game/StarterContent/Maps/UEDPIE_0_Minimal_Default -0.458
[2016.01.26-18.58.53:729][189]LogBlueprintUserMessages: Late PlayInEditor Detection: Level '/Game/StarterContent/Maps/Minimal_Default.Minimal_Default:PersistentLevel' has LevelScriptBlueprint '/Game/StarterContent/Maps/Minimal_Default.Minimal_Default:PersistentLevel.Minimal_Default' with GeneratedClass '/Game/StarterContent/Maps/Minimal_Default.Minimal_Default_C' with ClassGeneratedBy '/Game/StarterContent/Maps/Minimal_Default.Minimal_Default:PersistentLevel.Minimal_Default'
[2016.01.26-18.59.37:864][353]LogBlueprintUserMessages: Early EndPlayMap Detection: Level '/Game/StarterContent/Maps/Minimal_Default.Minimal_Default:PersistentLevel' has LevelScriptBlueprint '/Game/StarterContent/Maps/Minimal_Default.Minimal_Default:PersistentLevel.Minimal_Default' with GeneratedClass '/Game/StarterContent/Maps/Minimal_Default.Minimal_Default_C' with ClassGeneratedBy '/Game/StarterContent/Maps/Minimal_Default.Minimal_Default:PersistentLevel.Minimal_Default'
[2016.01.26-18.59.37:896][353]LogBlueprintUserMessages: Late EndPlayMap Detection: Level '/Game/StarterContent/Maps/Minimal_Default.Minimal_Default:PersistentLevel' has LevelScriptBlueprint '/Game/StarterContent/Maps/Minimal_Default.Minimal_Default:PersistentLevel.Minimal_Default' with GeneratedClass '/Game/StarterContent/Maps/Minimal_Default.Minimal_Default_C' with ClassGeneratedBy '/Game/StarterContent/Maps/Minimal_Default.Minimal_Default:PersistentLevel.Minimal_Default'
[2016.01.26-18.59.37:908][353]LogParticles: Destroying 0 GPU particle simulations for FXSystem 0x0000015258271760
[2016.01.26-19.02.36:353][545]LogBlueprintUserMessages: Early PlayInEditor Detection: Level '/Game/StarterContent/Maps/Minimal_Default.Minimal_Default:PersistentLevel' has LevelScriptBlueprint '/Game/StarterContent/Maps/Minimal_Default.Minimal_Default:PersistentLevel.Minimal_Default' with GeneratedClass '/Game/StarterContent/Maps/Minimal_Default.Minimal_Default_C' with ClassGeneratedBy '/Game/StarterContent/Maps/Minimal_Default.Minimal_Default:PersistentLevel.Minimal_Default'
[2016.01.26-19.02.36:353][545]LogPlayLevel: PlayLevel: No blueprints needed recompiling
[2016.01.26-19.02.36:353][545]PIE: New page: PIE session: Minimal_Default (Jan 26, 2016, 9:02:36 PM)
[2016.01.26-19.02.36:353][545]LogPlayLevel: Creating play world package: /Game/StarterContent/Maps/UEDPIE_0_Minimal_Default
[2016.01.26-19.02.36:363][545]LogPlayLevel: PIE: StaticDuplicateObject took: (0.009795s)
[2016.01.26-19.02.36:364][545]LogAIModule: Creating AISystem for world Minimal_Default
[2016.01.26-19.02.36:364][545]LogPlayLevel: PIE: World Init took: (0.000840s)
[2016.01.26-19.02.36:364][545]LogPlayLevel: PIE: Created PIE world by copying editor world from /Game/StarterContent/Maps/Minimal_Default.Minimal_Default to /Game/StarterContent/Maps/UEDPIE_0_Minimal_Default.Minimal_Default (0.010961s)
[2016.01.26-19.02.36:386][545]LogInit: XAudio2 using 'Högtalare (Logitech G35 Gaming Headset)' : 2 channels at 44.1 kHz using 16 bits per sample (channel mask 0x3)
[2016.01.26-19.02.36:404][545]LogInit: FAudioDevice initialized.
[2016.01.26-19.02.36:443][545]LogWorld: Game class is 'MyStarFoxGameModeBP_C'
[2016.01.26-19.02.36:451][545]LogWorld:Warning: *** WARNING - PATHS MAY NOT BE VALID ***
[2016.01.26-19.02.36:451][545]LogWorld: Bringing World /Game/StarterContent/Maps/UEDPIE_0_Minimal_Default.Minimal_Default up for play (max tick rate 0) at 2016.01.26-20.02.36
[2016.01.26-19.02.36:451][545]LogActor:Warning: GameSession /Game/StarterContent/Maps/UEDPIE_0_Minimal_Default.Minimal_Default:PersistentLevel.GameSession_1 has natively added scene component(s), but none of them were set as the actor's RootComponent - picking one arbitrarily
[2016.01.26-19.02.36:451][545]LogActor:Warning: GameNetworkManager /Game/StarterContent/Maps/UEDPIE_0_Minimal_Default.Minimal_Default:PersistentLevel.GameNetworkManager_1 has natively added scene component(s), but none of them were set as the actor's RootComponent - picking one arbitrarily
[2016.01.26-19.02.36:453][545]LogWorld: Bringing up level for play took: 0.008750
[2016.01.26-19.02.36:454][545]PIE: Info Play in editor start time for /Game/StarterContent/Maps/UEDPIE_0_Minimal_Default 0.268
[2016.01.26-19.02.36:455][545]LogBlueprintUserMessages: Late PlayInEditor Detection: Level '/Game/StarterContent/Maps/Minimal_Default.Minimal_Default:PersistentLevel' has LevelScriptBlueprint '/Game/StarterContent/Maps/Minimal_Default.Minimal_Default:PersistentLevel.Minimal_Default' with GeneratedClass '/Game/StarterContent/Maps/Minimal_Default.Minimal_Default_C' with ClassGeneratedBy '/Game/StarterContent/Maps/Minimal_Default.Minimal_Default:PersistentLevel.Minimal_Default'
[2016.01.26-19.03.20:444][552]Cmd: SELECT NONE
[2016.01.26-19.03.23:791][793]Cmd: SELECT NONE
[2016.01.26-19.03.25:007][904]LogBlueprintUserMessages: Early EndPlayMap Detection: Level '/Game/StarterContent/Maps/Minimal_Default.Minimal_Default:PersistentLevel' has LevelScriptBlueprint '/Game/StarterContent/Maps/Minimal_Default.Minimal_Default:PersistentLevel.Minimal_Default' with GeneratedClass '/Game/StarterContent/Maps/Minimal_Default.Minimal_Default_C' with ClassGeneratedBy '/Game/StarterContent/Maps/Minimal_Default.Minimal_Default:PersistentLevel.Minimal_Default'
[2016.01.26-19.03.25:045][904]LogBlueprintUserMessages: Late EndPlayMap Detection: Level '/Game/StarterContent/Maps/Minimal_Default.Minimal_Default:PersistentLevel' has LevelScriptBlueprint '/Game/StarterContent/Maps/Minimal_Default.Minimal_Default:PersistentLevel.Minimal_Default' with GeneratedClass '/Game/StarterContent/Maps/Minimal_Default.Minimal_Default_C' with ClassGeneratedBy '/Game/StarterContent/Maps/Minimal_Default.Minimal_Default:PersistentLevel.Minimal_Default'
[2016.01.26-19.03.25:068][905]LogParticles: Destroying 0 GPU particle simulations f