[2016.02.16-23.44.04:436][  0]Log file open, 02/17/16 00:44:04
[2016.02.16-23.44.04:436][  0]LogInit:Display: Running engine for game: StarFox
[2016.02.16-23.44.04:436][  0]LogPlatformFile: Not using cached read wrapper
[2016.02.16-23.44.04:436][  0]LogInit:Display: RandInit(881368017) SRandInit(881368020).
[2016.02.16-23.44.04:436][  0]LogTaskGraph: Started task graph with 4 named threads and 7 total threads.
[2016.02.16-23.44.04:436][  0]LogStats: Stats thread started at 0.072471
[2016.02.16-23.44.04:436][  0]LogInit: Version: 4.10.1-2791327+++depot+UE4-Releases+4.10
[2016.02.16-23.44.04:436][  0]LogInit: API Version: 2758231
[2016.02.16-23.44.04:437][  0]LogInit: Compiled (64-bit): Dec  4 2015 19:44:40
[2016.02.16-23.44.04:437][  0]LogInit: Compiled with Visual C++: 19.00.23026.00
[2016.02.16-23.44.04:437][  0]LogInit: Build Configuration: Development
[2016.02.16-23.44.04:437][  0]LogInit: Branch Name: ++depot+UE4-Releases+4.10
[2016.02.16-23.44.04:437][  0]LogInit: Command line:  
[2016.02.16-23.44.04:437][  0]LogInit: Base directory: C:/Program Files (x86)/Epic Games/4.10/Engine/Binaries/Win64/
[2016.02.16-23.44.04:437][  0]LogInit: Rocket: 1
[2016.02.16-23.44.04:444][  0]LogInit: Using libcurl 7.41.0
[2016.02.16-23.44.04:444][  0]LogInit:  - built for x86_64-pc-win32
[2016.02.16-23.44.04:444][  0]LogInit:  - supports SSL with WinSSL
[2016.02.16-23.44.04:444][  0]LogInit:  - other features:
[2016.02.16-23.44.04:444][  0]LogInit:      CURL_VERSION_SSL
[2016.02.16-23.44.04:444][  0]LogInit:      CURL_VERSION_IPV6
[2016.02.16-23.44.04:444][  0]LogInit:      CURL_VERSION_ASYNCHDNS
[2016.02.16-23.44.04:444][  0]LogInit:      CURL_VERSION_LARGEFILE
[2016.02.16-23.44.04:444][  0]LogInit:      CURL_VERSION_IDN
[2016.02.16-23.44.04:444][  0]LogInit:  CurlRequestOptions (configurable via config and command line):
[2016.02.16-23.44.04:444][  0]LogInit:  - bVerifyPeer = true  - Libcurl will verify peer certificate
[2016.02.16-23.44.04:444][  0]LogInit:  - bUseHttpProxy = false  - Libcurl will NOT use HTTP proxy
[2016.02.16-23.44.04:444][  0]LogInit:  - bDontReuseConnections = false  - Libcurl will reuse connections
[2016.02.16-23.44.04:444][  0]LogInit:  - CertBundlePath = nullptr  - Libcurl will use whatever was configured at build time.
[2016.02.16-23.44.04:453][  0]LogInit: Presizing for 0 objects not considered by GC, pre-allocating 0 bytes.
[2016.02.16-23.44.04:460][  0]LogInit: Object subsystem initialized
[2016.02.16-23.44.04:461][  0]LogInit: Selected Device Profile: [Windows]
[2016.02.16-23.44.04:461][  0]LogInit: Applying CVar settings loaded from the selected device profile: [Windows]
[2016.02.16-23.44.04:471][  0]LogInit: Computer: DESKTOP-6LQ70UE
[2016.02.16-23.44.04:471][  0]LogInit: User: AxelH
[2016.02.16-23.44.04:471][  0]LogInit: CPU Page size=4096, Cores=4
[2016.02.16-23.44.04:471][  0]LogInit: High frequency timer resolution =3.435888 MHz
[2016.02.16-23.44.04:471][  0]LogMemory: Memory total: Physical=8.0GB (8GB approx)
[2016.02.16-23.44.04:471][  0]LogMemory: Platform Memory Stats for Windows
[2016.02.16-23.44.04:471][  0]LogMemory: Process Physical Memory: 56.28 MB used, 56.28 MB peak
[2016.02.16-23.44.04:471][  0]LogMemory: Process Virtual Memory: 56.86 MB used, 56.86 MB peak
[2016.02.16-23.44.04:471][  0]LogMemory: Physical Memory: 5146.96 MB used, 8144.43 MB total
[2016.02.16-23.44.04:471][  0]LogMemory: Virtual Memory: 382.88 MB used, 134217728.00 MB total
[2016.02.16-23.44.04:516][  0]LogTextLocalizationManager: No translations for ('sv-SE') exist, falling back to 'en' for localization and internationalization data.
[2016.02.16-23.44.04:985][  0]LogD3D11RHI: Found D3D11 adapter 0: NVIDIA GeForce GTX 660   (Feature Level 11_0)
[2016.02.16-23.44.04:985][  0]LogD3D11RHI: Adapter has 1988MB of dedicated video memory, 0MB of dedicated system memory, and 4072MB of shared system memory, 1 output[s]
[2016.02.16-23.44.04:987][  0]LogD3D11RHI: Found D3D11 adapter 1: Microsoft Basic Render Driver (Feature Level 11_0)
[2016.02.16-23.44.04:987][  0]LogD3D11RHI: Adapter has 0MB of dedicated video memory, 0MB of dedicated system memory, and 4072MB of shared system memory, 0 output[s]
[2016.02.16-23.44.04:987][  0]LogD3D11RHI: Chosen D3D11 Adapter Id = 0
[2016.02.16-23.44.04:990][  0]LogD3D11RHI: !Direct3DDevice
[2016.02.16-23.44.04:990][  0]LogRHI: Texture pool is 1361 MB (70% of 1945 MB)
[2016.02.16-23.44.05:001][  0]LogD3D11RHI: Async texture creation enabled
[2016.02.16-23.44.05:016][  0]LogShaderCompilers: Guid format shader working directory is 2 characters bigger than the processId version (F:/Download/starwing/StarWingururur/StarFox/Intermediate/Shaders/WorkingDirectory/12056/).
[2016.02.16-23.44.05:016][  0]LogShaderCompilers: Cleaned the shader compiler working directory 'C:/Users/AxelH/AppData/Local/Temp/UnrealShaderWorkingDir/55DCB9E44EA8573D594CEE876DE9D644/'.
[2016.02.16-23.44.05:016][  0]LogShaderCompilers:Display: Using Local Shader Compiler.
[2016.02.16-23.44.05:797][  0]LogTemp:Display: Loaded TP AllDesktopTargetPlatform
[2016.02.16-23.44.05:802][  0]LogTemp:Display: Loaded TP WindowsClientTargetPlatform
[2016.02.16-23.44.05:807][  0]LogTemp:Display: Loaded TP WindowsNoEditorTargetPlatform
[2016.02.16-23.44.05:811][  0]LogTemp:Display: Loaded TP WindowsServerTargetPlatform
[2016.02.16-23.44.05:816][  0]LogTemp:Display: Loaded TP WindowsTargetPlatform
[2016.02.16-23.44.05:819][  0]LogTemp:Display: Loaded TP AndroidTargetPlatform
[2016.02.16-23.44.05:822][  0]LogTemp:Display: Loaded TP Android_ASTCTargetPlatform
[2016.02.16-23.44.05:825][  0]LogTemp:Display: Loaded TP Android_ATCTargetPlatform
[2016.02.16-23.44.05:828][  0]LogTemp:Display: Loaded TP Android_DXTTargetPlatform
[2016.02.16-23.44.05:831][  0]LogTemp:Display: Loaded TP Android_ETC1TargetPlatform
[2016.02.16-23.44.05:835][  0]LogTemp:Display: Loaded TP Android_ETC2TargetPlatform
[2016.02.16-23.44.05:841][  0]LogTemp:Display: Loaded TP Android_MultiTargetPlatform
[2016.02.16-23.44.05:841][  0]LogTemp:Display: Loaded TP Android_PVRTCTargetPlatform
[2016.02.16-23.44.05:842][  0]LogTemp:Display: Loaded TP HTML5TargetPlatform
[2016.02.16-23.44.05:860][  0]LogTemp:Display: Loaded TP IOSTargetPlatform
[2016.02.16-23.44.05:865][  0]LogTemp:Display: Loaded TP LinuxNoEditorTargetPlatform
[2016.02.16-23.44.05:870][  0]LogTemp:Display: Loaded TP LinuxServerTargetPlatform
[2016.02.16-23.44.05:875][  0]LogTemp:Display: Loaded TP LinuxTargetPlatform
[2016.02.16-23.44.05:875][  0]LogTargetPlatformManager:Display: Building Assets For Windows
[2016.02.16-23.44.05:983][  0]LogDerivedDataCache:Display: Max Cache Size: 512 MB
[2016.02.16-23.44.06:193][  0]LogDerivedDataCache: Loaded boot cache 0.21s 41MB C:/Users/AxelH/AppData/Local/UnrealEngine/4.10/DerivedDataCache/Boot.ddc.
[2016.02.16-23.44.06:193][  0]LogDerivedDataCache:Display: Loaded Boot cache: C:/Users/AxelH/AppData/Local/UnrealEngine/4.10/DerivedDataCache/Boot.ddc
[2016.02.16-23.44.06:193][  0]LogDerivedDataCache: FDerivedDataBackendGraph:  Pak pak cache file F:/Download/starwing/StarWingururur/StarFox/DerivedDataCache/DDC.ddp not found, will not use a pak cache.
[2016.02.16-23.44.06:193][  0]LogDerivedDataCache: Unable to find inner node Pak for hierarchical cache Hierarchy.
[2016.02.16-23.44.06:193][  0]LogDerivedDataCache: FDerivedDataBackendGraph:  CompressedPak pak cache file F:/Download/starwing/StarWingururur/StarFox/DerivedDataCache/Compressed.ddp not found, will not use a pak cache.
[2016.02.16-23.44.06:193][  0]LogDerivedDataCache: Unable to find inner node CompressedPak for hierarchical cache Hierarchy.
[2016.02.16-23.44.06:246][  0]LogDerivedDataCache:Display: Pak cache opened for reading ../../../Engine/DerivedDataCache/Compressed.ddp.
[2016.02.16-23.44.06:257][  0]LogDerivedDataCache: Using Local data cache path C:/Users/AxelH/AppData/Local/UnrealEngine/Common/DerivedDataCache: Writable
[2016.02.16-23.44.06:581][  0]LogInit: Selected Device Profile: [Windows]
[2016.02.16-23.44.06:584][  0]LogContentStreaming: Texture pool size is 0.000000MB
[2016.02.16-23.44.06:700][  0]LogMeshUtilities: No automatic mesh reduction module available
[2016.02.16-23.44.06:700][  0]LogMeshUtilities: No automatic mesh merging module available
[2016.02.16-23.44.06:916][  0]LogInit: WinSock: version 1.1 (2.2), MaxSocks=32767, MaxUdp=65467
[2016.02.16-23.44.08:011][  0]UdpMessaging: Initializing bridge on interface 0.0.0.0:0 to multicast group 230.0.0.1:6666.
[2016.02.16-23.44.08:131][  0]LogAssetRegistry: FAssetRegistry took 0.0106 seconds to start up
[2016.02.16-23.44.08:296][  0]SourceControl: Info Source control is disabled
[2016.02.16-23.44.08:327][  0]SourceControl: Info Source control is disabled
[2016.02.16-23.44.08:344][  0]SourceControl: Info Source control is disabled
[2016.02.16-23.44.08:361][  0]SourceControl: Info Source control is disabled
[2016.02.16-23.44.08:639][  0]LogObj: 28731 objects as part of root set at end of initial load.
[2016.02.16-23.44.08:639][  0]LogUObjectAllocator: 6141904 out of 0 bytes used by permanent object pool.
[2016.02.16-23.44.08:706][  0]LogEngine: Initializing Engine...
[2016.02.16-23.44.08:709][  0]LogHMD: Can't find Oculus library dev build: is proper Runtime installed? Version: 0.8.0.0
[2016.02.16-23.44.08:710][  0]LogHMD: SteamVR failed to initialize.  Err: 110
[2016.02.16-23.44.08:834][  0]LogAIModule: Creating AISystem for world NewWorld
[2016.02.16-23.44.08:843][  0]LogInit: XAudio2 using 'Hörlurar (2- High Definition Audio Device)' : 2 channels at 44.1 kHz using 16 bits per sample (channel mask 0x3)
[2016.02.16-23.44.08:854][  0]LogInit: FAudioDevice initialized.
[2016.02.16-23.44.08:875][  0]LogDerivedDataCache: Saved boot cache 0.02s 41MB C:/Users/AxelH/AppData/Local/UnrealEngine/4.10/DerivedDataCache/Boot.ddc.
[2016.02.16-23.44.08:878][  0]LogInit: Texture streaming: Enabled
[2016.02.16-23.44.08:884][  0]LogAnalytics: Creating configured Analytics provider AnalyticsET
[2016.02.16-23.44.08:884][  0]LogAnalytics: [UEEditor.Rocket.Release] APIServer = http://et2.epicgames.com/ET2/. AppVersion = 4.10.1-2791327+++depot+UE4-Releases+4.10
[2016.02.16-23.44.08:884][  0]LogAnalytics: [UEEditor.Rocket.Release] SetUserId a4f216174f906a18aa97f0b8354f8976|8e266f90fcd94ad2a2a68606efca8cb8|a8b9c902-8045-4965-8de3-26082bbcc6c0
[2016.02.16-23.44.08:884][  0]LogAnalytics: [UEEditor.Rocket.Release] AnalyticsET::StartSession
[2016.02.16-23.44.08:916][  0]LogInit: Transaction tracking system initialized
[2016.02.16-23.44.09:009][  0]BlueprintLog: New page: Editor Load
[2016.02.16-23.44.09:101][  0]LocalizationService: Info Localization service is disabled
[2016.02.16-23.44.09:188][  0]LogConsoleResponse:Display: 
[2016.02.16-23.44.09:306][  0]LogCook:Display: Done creating registry. It took  0.00s.
[2016.02.16-23.44.09:847][  0]LogFileCache: Scanning file cache for directory 'F:/Download/starwing/StarWingururur/StarFox/Content/' took 0.01s
[2016.02.16-23.44.09:848][  0]SourceControl: Info Source control is disabled
[2016.02.16-23.44.09:848][  0]Cmd: MAP LOAD FILE="F:/Download/starwing/StarWingururur/StarFox/Content/StarterContent/Maps/Minimal_Default.umap" TEMPLATE=0 SHOWPROGRESS=1 FEATURELEVEL=3
[2016.02.16-23.44.09:848][  0]LogEditorServer:Warning: Can't find file 'F:/Download/starwing/StarWingururur/StarFox/Content/StarterContent/Maps/Minimal_Default.umap'
[2016.02.16-23.44.09:848][  0]Cmd: MAP CHECKDEP NOCLEARLOG
[2016.02.16-23.44.09:896][  0]MapCheck: Info Map check complete: 0 Error(s), 0 Warning(s), took 48.639ms to complete.
[2016.02.16-23.44.09:896][  0]LogFileHelpers: Loading map 'Minimal_Default' took 0.049
[2016.02.16-23.44.10:027][  0]LogCollectionManager: Loaded 0 collections in 0.001944 seconds
[2016.02.16-23.44.10:072][  0]LogFileCache: Scanning file cache for directory 'F:/Download/starwing/StarWingururur/StarFox/Saved/Collections/' took 0.01s
[2016.02.16-23.44.10:072][  0]LogFileCache: Scanning file cache for directory 'F:/Download/starwing/StarWingururur/StarFox/Content/Developers/AxelH/Collections/' took 0.01s
[2016.02.16-23.44.10:072][  0]LogFileCache: Scanning file cache for directory 'F:/Download/starwing/StarWingururur/StarFox/Content/Collections/' took 0.01s
[2016.02.16-23.44.10:073][  0]LogCollectionManager: Rebuilt the GUID cache for 0 collections in 0.000002 seconds
[2016.02.16-23.44.10:080][  0]LogContentBrowser: Native class hierarchy populated in 0.0070 seconds. Added 1901 classes and 340 folders.
[2016.02.16-23.44.10:088][  0]LogContentBrowser: Native class hierarchy updated for 'WidgetCarousel' in 0.0012 seconds. Added 0 classes and 0 folders.
[2016.02.16-23.44.10:209][  0]LogContentBrowser: Native class hierarchy updated for 'AddContentDialog' in 0.0014 seconds. Added 0 classes and 0 folders.
[2016.02.16-23.44.10:214][  0]LogContentBrowser: Native class hierarchy updated for 'SceneOutliner' in 0.0009 seconds. Added 1 classes and 2 folders.
[2016.02.16-23.44.10:243][  0]LogCrashTracker: Crashtracker disabled due to settings.
[2016.02.16-23.44.10:248][  0]LogUObjectGlobals:Warning: Failed to find object 'Class None.'
[2016.02.16-23.44.10:271][  0]LogLoad: Full Startup: 6.68 seconds (BP compile: 0.00 seconds)
[2016.02.16-23.44.10:283][  0]LogOcInput: Can't find Oculus library dev build: is proper Runtime installed? Version: 0.8.0.0
[2016.02.16-23.44.10:320][  0]LogContentStreaming: Texture pool size now 1000 MB
[2016.02.16-23.44.10:450][  0]LogRenderer: Reallocating scene render targets to support 1208x572 (Frame:2).
[2016.02.16-23.44.10:605][  2]LogAssetRegistry: Asset discovery search completed in 2.4843 seconds
[2016.02.16-23.44.10:605][  2]LogCollectionManager: Rebuilt the object cache for 0 collections in 0.000001 seconds (found 0 objects)
[2016.02.16-23.44.10:605][  2]LogCollectionManager: Fixed up redirectors for 0 collections in 0.000017 seconds (updated 0 objects)
[2016.02.16-23.44.16:466][400]LogPlayLevel: PlayLevel: No blueprints needed recompiling
[2016.02.16-23.44.16:473][400]PIE: New page: PIE session: Untitled_0 (Feb 17, 2016, 1:44:16 AM)
[2016.02.16-23.44.16:473][400]LogPlayLevel: Creating play world package: /Temp/UEDPIE_0_Untitled_0
[2016.02.16-23.44.16:473][400]LogPlayLevel: PIE: StaticDuplicateObject took: (0.000514s)
[2016.02.16-23.44.16:474][400]LogAIModule: Creating AISystem for world NewWorld
[2016.02.16-23.44.16:474][400]LogPlayLevel: PIE: World Init took: (0.000533s)
[2016.02.16-23.44.16:474][400]LogPlayLevel: PIE: Created PIE world by copying editor world from /Temp/Untitled_0.NewWorld to /Temp/UEDPIE_0_Untitled_0.NewWorld (0.001200s)
[2016.02.16-23.44.16:487][400]LogInit: XAudio2 using 'Hörlurar (2- High Definition Audio Device)' : 2 channels at 44.1 kHz using 16 bits per sample (channel mask 0x3)
[2016.02.16-23.44.16:492][400]LogInit: FAudioDevice initialized.
[2016.02.16-23.44.16:595][400]LogWorld: Game class is 'MyStarFoxGameModeBP_C'
[2016.02.16-23.44.16:597][400]LogWorld: Bringing World /Temp/UEDPIE_0_Untitled_0.NewWorld up for play (max tick rate 0) at 2016.02.17-00.44.16
[2016.02.16-23.44.16:597][400]LogActor:Warning: GameSession /Temp/UEDPIE_0_Untitled_0.NewWorld:PersistentLevel.GameSession_0 has natively added scene component(s), but none of them were set as the actor's RootComponent - picking one arbitrarily
[2016.02.16-23.44.16:597][400]LogActor:Warning: GameNetworkManager /Temp/UEDPIE_0_Untitled_0.NewWorld:PersistentLevel.GameNetworkManager_0 has natively added scene component(s), but none of them were set as the actor's RootComponent - picking one arbitrarily
[2016.02.16-23.44.16:597][400]LogWorld: Bringing up level for play took: 0.000736
[2016.02.16-23.44.16:601][400]PIE: Info Play in editor start time for /Temp/UEDPIE_0_Untitled_0 0.406
[2016.02.16-23.44.18:756][610]LogParticles: Destroying 0 GPU particle simulations for FXSystem 0x000001D842680900
[2016.02.16-23.44.21:985][886]LogAIModule: Creating AISystem for world LevelOne
[2016.02.16-23.44.22:013][886]Cmd: MAP LOAD FILE="F:/Download/starwing/StarWingururur/StarFox/Content/Maps/LevelOne.umap" TEMPLATE=0 SHOWPROGRESS=1 FEATURELEVEL=3
[2016.02.16-23.44.22:013][886]LightingResults: New page: Lighting Build
[2016.02.16-23.44.22:016][886]LogContentBrowser: Native class hierarchy updated for 'StatsViewer' in 0.0012 seconds. Added 5 classes and 0 folders.
[2016.02.16-23.44.22:033][886]LoadErrors: New page: Loading map: LevelOne.umap
[2016.02.16-23.44.22:034][886]MapCheck: New page: Map Check
[2016.02.16-23.44.22:034][886]LightingResults: New page: Lighting Build
[2016.02.16-23.44.22:047][886]LogParticles: Destroying 0 GPU particle simulations for FXSystem 0x000001D841F1FB00
[2016.02.16-23.44.22:058][886]LogEditorServer: Finished looking for orphan Actors (0.000 secs)
[2016.02.16-23.44.22:083][886]Cmd: MAP CHECKDEP NOCLEARLOG
[2016.02.16-23.44.22:127][886]MapCheck: Info Map check complete: 0 Error(s), 0 Warning(s), took 44.646ms to complete.
[2016.02.16-23.44.22:128][886]LogFileHelpers: Loading map 'LevelOne' took 0.116
[2016.02.16-23.44.23:343][972]LogTexture:Display: Building textures: fox (AutoDXT)
[2016.02.16-23.44.25:476][972]LogAIModule: Creating AISystem for world Menu
[2016.02.16-23.44.25:491][972]Cmd: MAP LOAD FILE="F:/Download/starwing/StarWingururur/StarFox/Content/Maps/Menu.umap" TEMPLATE=0 SHOWPROGRESS=1 FEATURELEVEL=3
[2016.02.16-23.44.25:491][972]LightingResults: New page: Lighting Build
[2016.02.16-23.44.25:512][972]LoadErrors: New page: Loading map: Menu.umap
[2016.02.16-23.44.25:513][972]MapCheck: New page: Map Check
[2016.02.16-23.44.25:513][972]LightingResults: New page: Lighting Build
[2016.02.16-23.44.25:523][972]LogParticles: Destroying 0 GPU particle simulations for FXSystem 0x000001D86DEE9580
[2016.02.16-23.44.25:526][972]LogEditorServer: Finished looking for orphan Actors (0.000 secs)
[2016.02.16-23.44.25:553][972]Cmd: MAP CHECKDEP NOCLEARLOG
[2016.02.16-23.44.25:598][972]MapCheck: Info Map check complete: 0 Error(s), 0 Warning(s), took 44.789ms to complete.
[2016.02.16-23.44.25:598][972]LogFileHelpers: Loading map 'Menu' took 0.108
[2016.02.16-23.44.29:614][370]LogBlueprintUserMessages: Early PlayInEditor Detection: Level '/Game/Maps/Menu.Menu:PersistentLevel' has LevelScriptBlueprint '/Game/Maps/Menu.Menu:PersistentLevel.Menu' with GeneratedClass '/Game/Maps/Menu.Menu_C' with ClassGeneratedBy '/Game/Maps/Menu.Menu:PersistentLevel.Menu'
[2016.02.16-23.44.29:614][370]LogPlayLevel: PlayLevel: No blueprints needed recompiling
[2016.02.16-23.44.29:615][370]PIE: New page: PIE session: Menu (Feb 17, 2016, 1:44:29 AM)
[2016.02.16-23.44.29:615][370]LogPlayLevel: Creating play world package: /Game/Maps/UEDPIE_0_Menu
[2016.02.16-23.44.29:617][370]LogPlayLevel: PIE: StaticDuplicateObject took: (0.002495s)
[2016.02.16-23.44.29:618][370]LogAIModule: Creating AISystem for world Menu
[2016.02.16-23.44.29:618][370]LogPlayLevel: PIE: World Init took: (0.000734s)
[2016.02.16-23.44.29:618][370]LogPlayLevel: PIE: Created PIE world by copying editor world from /Game/Maps/Menu.Menu to /Game/Maps/UEDPIE_0_Menu.Menu (0.003420s)
[2016.02.16-23.44.29:633][370]LogInit: XAudio2 using 'Hörlurar (2- High Definition Audio Device)' : 2 channels at 44.1 kHz using 16 bits per sample (channel mask 0x3)
[2016.02.16-23.44.29:642][370]LogInit: FAudioDevice initialized.
[2016.02.16-23.44.29:673][370]LogWorld: Game class is 'GameMode'
[2016.02.16-23.44.29:674][370]LogWorld: Bringing World /Game/Maps/UEDPIE_0_Menu.Menu up for play (max tick rate 0) at 2016.02.17-00.44.29
[2016.02.16-23.44.29:674][370]LogActor:Warning: GameSession /Game/Maps/UEDPIE_0_Menu.Menu:PersistentLevel.GameSession_1 has natively added scene component(s), but none of them were set as the actor's RootComponent - picking one arbitrarily
[2016.02.16-23.44.29:674][370]LogActor:Warning: GameNetworkManager /Game/Maps/UEDPIE_0_Menu.Menu:PersistentLevel.GameNetworkManager_1 has natively added scene component(s), but none of them were set as the actor's RootComponent - picking one arbitrarily
[2016.02.16-23.44.29:674][370]LogWorld: Bringing up level for play took: 0.000834
[2016.02.16-23.44.29:676][370]PIE: Info Play in editor start time for /Game/Maps/UEDPIE_0_Menu -0.519
[2016.02.16-23.44.29:676][370]LogBlueprintUserMessages: Late PlayInEditor Detection: Level '/Game/Maps/Menu.Menu:PersistentLevel' has LevelScriptBlueprint '/Game/Maps/Menu.Menu:PersistentLevel.Menu' with GeneratedClass '/Game/Maps/Menu.Menu_C' with ClassGeneratedBy '/Game/Maps/Menu.Menu:PersistentLevel.Menu'
[2016.02.16-23.44.30:971][494]LogPackageName: SearchForPackageOnDisk took   0.075s to resolve LevelOne.umap.
[2016.02.16-23.44.31:042][494]LogPackageName: SearchForPackageOnDisk took   0.070s to resolve LevelOne.umap.
[2016.02.16-23.44.31:042][494]LogNet: Browse: /Game/Maps/LevelOne
[2016.02.16-23.44.31:042][494]LogLoad: LoadMap: /Game/Maps/LevelOne
[2016.02.16-23.44.31:058][494]LogParticles: Destroying 0 GPU particle simulations for FXSystem 0x000001D86DF7C2C0
[2016.02.16-23.44.31:058][494]Cmd: MEM
[2016.02.16-23.44.31:071][494]LogMemory: Platform Memory Stats for Windows
[2016.02.16-23.44.31:071][494]LogMemory: Process Physical Memory: 665.79 MB used, 807.57 MB peak
[2016.02.16-23.44.31:071][494]LogMemory: Process Virtual Memory: 1209.57 MB used, 1322.03 MB peak
[2016.02.16-23.44.31:071][494]LogMemory: Physical Memory: 5792.42 MB used, 8144.43 MB total
[2016.02.16-23.44.31:071][494]LogMemory: Virtual Memory: 1995.67 MB used, 134217728.00 MB total
[2016.02.16-23.44.31:071][494]LogMemory: 
[2016.02.16-23.44.31:071][494]Allocator Stats for TBB: (not implemented)
[2016.02.16-23.44.31:875][494]LogAIModule: Creating AISystem for world LevelOne
[2016.02.16-23.44.31:875][494]LogWorld: Game class is 'MyStarFoxGameModeBP_C'
[2016.02.16-23.44.31:886][494]LogWorld: Bringing World /Game/Maps/UEDPIE_0_LevelOne.LevelOne up for play (max tick rate 0) at 2016.02.17-00.44.31
[2016.02.16-23.44.31:886][494]LogActor:Warning: GameSession /Game/Maps/UEDPIE_0_LevelOne.LevelOne:PersistentLevel.GameSession_2 has natively added scene component(s), but none of them were set as the actor's RootComponent - picking one arbitrarily
[2016.02.16-23.44.31:886][494]LogActor:Warning: GameNetworkManager /Game/Maps/UEDPIE_0_LevelOne.LevelOne:PersistentLevel.GameNetworkManager_2 has natively added scene component(s), but none of them were set as the actor's RootComponent - picking one arbitrarily
[2016.02.16-23.44.31:887][494]LogWorld: Bringing up level for play took: 0.010545
[2016.02.16-23.44.52:456][450]LogGameMode: ProcessServerTravel: /Game/Maps/Win
[2016.02.16-23.44.52:465][451]LogEngine: Server switch level: /Game/Maps/Win
[2016.02.16-23.44.52:465][451]LogNet: Browse: /Game/Maps/Win
[2016.02.16-23.44.52:467][451]LogLoad: LoadMap: /Game/Maps/Win
[2016.02.16-23.44.52:480][451]LogParticles: Destroying 0 GPU particle simulations for FXSystem 0x000001D857996020
[2016.02.16-23.44.52:482][451]Cmd: MEM
[2016.02.16-23.44.52:493][451]LogMemory: Platform Memory Stats for Windows
[2016.02.16-23.44.52:493][451]LogMemory: Process Physical Memory: 772.96 MB used, 817.32 MB peak
[2016.02.16-23.44.52:493][451]LogMemory: Process Virtual Memory: 1318.66 MB used, 1449.00 MB peak
[2016.02.16-23.44.52:493][451]LogMemory: Physical Memory: 5774.16 MB used, 8144.43 MB total
[2016.02.16-23.44.52:493][451]LogMemory: Virtual Memory: 2118.56 MB used, 134217728.00 MB total
[2016.02.16-23.44.52:493][451]LogMemory: 
[2016.02.16-23.44.52:493][451]Allocator Stats for TBB: (not implemented)
[2016.02.16-23.44.52:514][451]LogAIModule: Creating AISystem for world Win
[2016.02.16-23.44.52:515][451]LogWorld: Game class is 'StarFoxGameMode'
[2016.02.16-23.44.52:516][451]LogWorld: Bringing World /Game/Maps/UEDPIE_0_Win.Win up for play (max tick rate 0) at 2016.02.17-00.44.52
[2016.02.16-23.44.52:516][451]LogActor:Warning: GameSession /Game/Maps/UEDPIE_0_Win.Win:PersistentLevel.GameSession_3 has natively added scene component(s), but none of them were set as the actor's RootComponent - picking one arbitrarily
[2016.02.16-23.44.52:516][451]LogActor:Warning: GameNetworkManager /Game/Maps/UEDPIE_0_Win.Win:PersistentLevel.GameNetworkManager_3 has natively added scene component(s), but none of them were set as the actor's RootComponent - picking one arbitrarily
[2016.02.16-23.44.52:516][451]LogWorld: Bringing up level for play took: 0.000714
[2016.02.16-23.44.52:517][451]LogGameMode: Warning - PATHS NOT DEFINED or NO PLAYERSTART with positive rating
[2016.02.16-23.44.54:766][671]LogPackageName: SearchForPackageOnDisk took   0.075s to resolve LevelOne.umap.
[2016.02.16-23.44.54:834][671]LogPackageName: SearchForPackageOnDisk took   0.068s to resolve LevelOne.umap.
[2016.02.16-23.44.54:834][671]LogNet: Browse: /Game/Maps/LevelOne
[2016.02.16-23.44.54:834][671]LogLoad: LoadMap: /Game/Maps/LevelOne
[2016.02.16-23.44.54:858][671]LogParticles: Destroying 0 GPU particle simulations for FXSystem 0x000001D8579F0A40
[2016.02.16-23.44.54:858][671]Cmd: MEM
[2016.02.16-23.44.54:869][671]LogMemory: Platform Memory Stats for Windows
[2016.02.16-23.44.54:869][671]LogMemory: Process Physical Memory: 777.10 MB used, 817.32 MB peak
[2016.02.16-23.44.54:869][671]LogMemory: Process Virtual Memory: 1378.93 MB used, 1449.00 MB peak
[2016.02.16-23.44.54:869][671]LogMemory: Physical Memory: 5779.30 MB used, 8144.43 MB total
[2016.02.16-23.44.54:869][671]LogMemory: Virtual Memory: 2134.56 MB used, 134217728.00 MB total
[2016.02.16-23.44.54:869][671]LogMemory: 
[2016.02.16-23.44.54:869][671]Allocator Stats for TBB: (not implemented)
[2016.02.16-23.44.54:989][671]LogAIModule: Creating AISystem for world LevelOne
[2016.02.16-23.44.54:990][671]LogWorld: Game class is 'MyStarFoxGameModeBP_C'
[2016.02.16-23.44.55:000][671]LogWorld: Bringing World /Game/Maps/UEDPIE_0_LevelOne.LevelOne up for play (max tick rate 0) at 2016.02.17-00.44.55
[2016.02.16-23.44.55:000][671]LogActor:Warning: GameSession /Game/Maps/UEDPIE_0_LevelOne.LevelOne:PersistentLevel.GameSession_4 has natively added scene component(s), but none of them were set as the actor's RootComponent - picking one arbitrarily
[2016.02.16-23.44.55:000][671]LogActor:Warning: GameNetworkManager /Game/Maps/UEDPIE_0_LevelOne.LevelOne:PersistentLevel.GameNetworkManager_4 has natively added scene component(s), but none of them were set as the actor's RootComponent - picking one arbitrarily
[2016.02.16-23.44.55:001][671]LogWorld: Bringing up level for play took: 0.010596
[2016.02.16-23.45.13:263][297]LogGameMode: ProcessServerTravel: /Game/Maps/Win
[2016.02.16-23.45.13:271][298]LogEngine: Server switch level: /Game/Maps/Win
[2016.02.16-23.45.13:271][298]LogNet: Browse: /Game/Maps/Win
[2016.02.16-23.45.13:272][298]LogLoad: LoadMap: /Game/Maps/Win
[2016.02.16-23.45.13:287][298]LogParticles: Destroying 0 GPU particle simulations for FXSystem 0x000001D839378540
[2016.02.16-23.45.13:287][298]Cmd: MEM
[2016.02.16-23.45.13:295][298]LogMemory: Platform Memory Stats for Windows
[2016.02.16-23.45.13:295][298]LogMemory: Process Physical Memory: 785.72 MB used, 817.32 MB peak
[2016.02.16-23.45.13:295][298]LogMemory: Process Virtual Memory: 1334.73 MB used, 1449.00 MB peak
[2016.02.16-23.45.13:295][298]LogMemory: Physical Memory: 5769.04 MB used, 8144.43 MB total
[2016.02.16-23.45.13:295][298]LogMemory: Virtual Memory: 2125.38 MB used, 134217728.00 MB total
[2016.02.16-23.45.13:295][298]LogMemory: 
[2016.02.16-23.45.13:295][298]Allocator Stats for TBB: (not implemented)
[2016.02.16-23.45.13:308][298]LogAIModule: Creating AISystem for world Win
[2016.02.16-23.45.13:308][298]LogWorld: Game class is 'StarFoxGameMode'
[2016.02.16-23.45.13:309][298]LogWorld: Bringing World /Game/Maps/UEDPIE_0_Win.Win up for play (max tick rate 0) at 2016.02.17-00.45.13
[2016.02.16-23.45.13:309][298]LogActor:Warning: GameSession /Game/Maps/UEDPIE_0_Win.Win:PersistentLevel.GameSession_5 has natively added scene component(s), but none of them were set as the actor's RootComponent - picking one arbitrarily
[2016.02.16-23.45.13:310][298]LogActor:Warning: GameNetworkManager /Game/Maps/UEDPIE_0_Win.Win:PersistentLevel.GameNetworkManager_5 has natively added scene component(s), but none of them were set as the actor's RootComponent - picking one arbitrarily
[2016.02.16-23.45.13:310][298]LogWorld: Bringing up level for play took: 0.000740
[2016.02.16-23.45.13:310][298]LogGameMode: Warning - PATHS NOT DEFINED or NO PLAYERSTART with positive rating
[2016.02.16-23.45.14:232][383]LogPackageName: SearchForPackageOnDisk took   0.060s to resolve LevelOne.umap.
[2016.02.16-23.45.14:296][383]LogPackageName: SearchForPackageOnDisk took   0.063s to resolve LevelOne.umap.
[2016.02.16-23.45.14:296][383]LogNet: Browse: /Game/Maps/LevelOne
[2016.02.16-23.45.14:296][383]LogLoad: LoadMap: /Game/Maps/LevelOne
[2016.02.16-23.45.14:308][383]LogParticles: Destroying 0 GPU particle simulations for FXSystem 0x000001D8460AC0E0
[2016.02.16-23.45.14:308][383]Cmd: MEM
[2016.02.16-23.45.14:316][383]LogMemory: Platform Memory Stats for Windows
[2016.02.16-23.45.14:316][383]LogMemory: Process Physical Memory: 785.73 MB used, 817.32 MB peak
[2016.02.16-23.45.14:316][383]LogMemory: Process Virtual Memory: 1390.84 MB used, 1449.00 MB peak
[2016.02.16-23.45.14:316][383]LogMemory: Physical Memory: 5769.16 MB used, 8144.43 MB total
[2016.02.16-23.45.14:316][383]LogMemory: Virtual Memory: 2149.38 MB used, 134217728.00 MB total
[2016.02.16-23.45.14:316][383]LogMemory: 
[2016.02.16-23.45.14:316][383]Allocator Stats for TBB: (not implemented)
[2016.02.16-23.45.14:429][383]LogAIModule: Creating AISystem for world LevelOne
[2016.02.16-23.45.14:430][383]LogWorld: Game class is 'MyStarFoxGameModeBP_C'
[2016.02.16-23.45.14:441][383]LogWorld: Bringing World /Game/Maps/UEDPIE_0_LevelOne.LevelOne up for play (max tick rate 0) at 2016.02.17-00.45.14
[2016.02.16-23.45.14:441][383]LogActor:Warning: GameSession /Game/Maps/UEDPIE_0_LevelOne.LevelOne:PersistentLevel.GameSession_6 has natively added scene component(s), but none of them were set as the actor's RootComponent - picking one arbitrarily
[2016.02.16-23.45.14:441][383]LogActor:Warning: GameNetworkManager /Game/Maps/UEDPIE_0_LevelOne.LevelOne:PersistentLevel.GameNetworkManager_6 has natively added scene component(s), but none of them were set as the actor's RootComponent - picking one arbitrarily
[2016.02.16-23.45.14:442][383]LogWorld: Bringing up level for play took: 0.011498
[2016.02.16-23.45.31:865][907]LogGameMode: ProcessServerTravel: /Game/Maps/Win
[2016.02.16-23.45.31:873][908]LogEngine: Server switch level: /Game/Maps/Win
[2016.02.16-23.45.31:873][908]LogNet: Browse: /Game/Maps/Win
[2016.02.16-23.45.31:874][908]LogLoad: LoadMap: /Game/Maps/Win
[2016.02.16-23.45.31:888][908]LogParticles: Destroying 0 GPU particle simulations for FXSystem 0x000001D8460AD9E0
[2016.02.16-23.45.31:888][908]Cmd: MEM
[2016.02.16-23.45.31:898][908]LogMemory: Platform Memory Stats for Windows
[2016.02.16-23.45.31:898][908]LogMemory: Process Physical Memory: 785.28 MB used, 821.64 MB peak
[2016.02.16-23.45.31:898][908]LogMemory: Process Virtual Memory: 1336.00 MB used, 1449.00 MB peak
[2016.02.16-23.45.31:898][908]LogMemory: Physical Memory: 5772.75 MB used, 8144.43 MB total
[2016.02.16-23.45.31:898][908]LogMemory: Virtual Memory: 2141.38 MB used, 134217728.00 MB total
[2016.02.16-23.45.31:898][908]LogMemory: 
[2016.02.16-23.45.31:898][908]Allocator Stats for TBB: (not implemented)
[2016.02.16-23.45.31:911][908]LogAIModule: Creating AISystem for world Win
[2016.02.16-23.45.31:911][908]LogWorld: Game class is 'StarFoxGameMode'
[2016.02.16-23.45.31:912][908]LogWorld: Bringing World /Game/Maps/UEDPIE_0_Win.Win up for play (max tick rate 0) at 2016.02.17-00.45.31
[2016.02.16-23.45.31:912][908]LogActor:Warning: GameSession /Game/Maps/UEDPIE_0_Win.Win:PersistentLevel.GameSession_7 has natively added scene component(s), but none of them were set as the actor's RootComponent - picking one arbitrarily
[2016.02.16-23.45.31:912][908]LogActor:Warning: GameNetworkManager /Game/Maps/UEDPIE_0_Win.Win:PersistentLevel.GameNetworkManager_7 has natively added scene component(s), but none of them were set as the actor's RootComponent - picking one arbitrarily
[2016.02.16-23.45.31:912][908]LogWorld: Bringing up level for play took: 0.000693
[2016.02.16-23.45.31:913][908]LogGameMode: Warning - PATHS NOT DEFINED or NO PLAYERSTART with positive rating
[2016.02.16-23.45.42:760][980]LogGameMode: ProcessServerTravel: /Game/Maps/GameOver
[2016.02.16-23.45.42:767][981]LogEngine: Server switch level: /Game/Maps/GameOver
[2016.02.16-23.45.42:768][981]LogNet: Browse: /Game/Maps/GameOver
[2016.02.16-23.45.42:770][981]LogLoad: LoadMap: /Game/Maps/GameOver
[2016.02.16-23.45.42:780][981]LogParticles: Destroying 0 GPU particle simulations for FXSystem 0x000001D8460ADD00
[2016.02.16-23.45.42:781][981]Cmd: MEM
[2016.02.16-23.45.42:791][981]LogMemory: Platform Memory Stats for Windows
[2016.02.16-23.45.42:791][981]LogMemory: Process Physical Memory: 779.96 MB used, 821.64 MB peak
[2016.02.16-23.45.42:791][981]LogMemory: Process Virtual Memory: 1318.97 MB used, 1449.00 MB peak
[2016.02.16-23.45.42:791][981]LogMemory: Physical Memory: 5771.17 MB used, 8144.43 MB total
[2016.02.16-23.45.42:791][981]LogMemory: Virtual Memory: 2121.38 MB used, 134217728.00 MB total
[2016.02.16-23.45.42:791][981]LogMemory: 
[2016.02.16-23.45.42:791][981]Allocator Stats for TBB: (not implemented)
[2016.02.16-23.45.42:845][981]LogAIModule: Creating AISystem for world GameOver
[2016.02.16-23.45.42:846][981]LogWorld: Game class is 'StarFoxGameMode'
[2016.02.16-23.45.42:848][981]LogWorld: Bringing World /Game/Maps/UEDPIE_0_GameOver.GameOver up for play (max tick rate 0) at 2016.02.17-00.45.42
[2016.02.16-23.45.42:848][981]LogActor:Warning: GameSession /Game/Maps/UEDPIE_0_GameOver.GameOver:PersistentLevel.GameSession_8 has natively added scene component(s), but none of them were set as the actor's RootComponent - picking one arbitrarily
[2016.02.16-23.45.42:848][981]LogActor:Warning: GameNetworkManager /Game/Maps/UEDPIE_0_GameOver.GameOver:PersistentLevel.GameNetworkManager_8 has natively added scene component(s), but none of them were set as the actor's RootComponent - picking one arbitrarily
[2016.02.16-23.45.42:848][981]LogWorld: Bringing up level for play took: 0.001420
[2016.02.16-23.45.42:849][981]LogGameMode: Warning - PATHS NOT DEFINED or NO PLAYERSTART with positive rating
[2016.02.16-23.45.53:885][962]LogBlueprintUserMessages: Early EndPlayMap Detection: Level '/Game/Maps/Menu.Menu:PersistentLevel' has LevelScriptBlueprint '/Game/Maps/Menu.Menu:PersistentLevel.Menu' with GeneratedClass '/Game/Maps/Menu.Menu_C' with ClassGeneratedBy '/Game/Maps/Menu.Menu:PersistentLevel.Menu'
[2016.02.16-23.45.53:912][962]LogBlueprintUserMessages: Late EndPlayMap Detection: Level '/Game/Maps/Menu.Menu:PersistentLevel' has LevelScriptBlueprint '/Game/Maps/Menu.Menu:PersistentLevel.Menu' with GeneratedClass '/Game/Maps/Menu.Menu_C' with ClassGeneratedBy '/Game/Maps/Menu.Menu:PersistentLevel.Menu'
[2016.02.16-23.45.53:931][963]LogParticles: Destroying 0 GPU particle simulations for FXSystem 0x000001D803A33BA0
[2016.02.16-23.57.30:423][894]Recompiling StarFox...
[2016.02.16-23.57.30:424][894]Launching UnrealBuildTool... [C:/Program Files (x86)/Epic Games/4.10/Engine/Binaries/DotNET/UnrealBuildTool.exe StarFox -ModuleWithSuffix StarFox 1646 Win64 Development -editorrecompile -canskiplink "F:/Download/starwing/StarWingururur/StarFox/StarFox.uproject" -rocket  -rocket -2015]
[2016.02.16-23.57.30:425][894]Warning: Starting HotReload took  0.0s.
[2016.02.16-23.58.56:878][680]CompilerResultsLog: New page: Compilation - Feb 17, 2016, 1:58:56 AM
[2016.02.16-23.58.56:879][680]CompilerResultsLog: Info Compiling game modules for hot reload
[2016.02.16-23.58.56:879][680]CompilerResultsLog: Info Parsing headers for StarFoxEditor
[2016.02.16-23.58.56:879][680]CompilerResultsLog: Info   Running UnrealHeaderTool "F:/Download/starwing/StarWingururur/StarFox/StarFox.uproject" "F:\Download\starwing\StarWingururur\StarFox\Intermediate\Build\Win64\StarFoxEditor\Development\UnrealHeaderTool.manifest" -LogCmds="loginit warning, logexit warning, logdatabase error" -rocket -installed
[2016.02.16-23.58.56:879][680]CompilerResultsLog: Info Reflection code generated for StarFoxEditor in 7,160431 seconds
[2016.02.16-23.58.56:879][680]CompilerResultsLog: Info Performing 5 actions (4 in parallel)
[2016.02.16-23.58.56:879][680]CompilerResultsLog: Info WinTrigger.cpp
[2016.02.16-23.58.56:879][680]CompilerResultsLog: Info ring.cpp
[2016.02.16-23.58.56:879][680]CompilerResultsLog: Info StarFoxGameMode.cpp
[2016.02.16-23.58.56:879][680]CompilerResultsLog: Info StarFox.generated.cpp
[2016.02.16-23.58.56:879][680]CompilerResultsLog:Error: Error F:\Download\starwing\StarWingururur\StarFox\Source\StarFox\PawnWithCamera.h(47) : warning C4263: 'void APawnWithCamera::TakeDamage(void)': member function does not override any base class virtual member function
[2016.02.16-23.58.56:879][680]CompilerResultsLog:Error: Error f:\download\starwing\starwingururur\starfox\source\starfox\PawnWithCamera.h(47) : warning C4263: 'void APawnWithCamera::TakeDamage(void)': member function does not override any base class virtual member functionf:\download\starwing\starwingururur\starfox\source\starfox\PawnWithCamera.h(47): warning C4263: 'void APawnWithCamera::TakeDamage(void)': member function does not override any base class virtual member function
[2016.02.16-23.58.56:879][680]CompilerResultsLog: Info 
[2016.02.16-23.58.56:879][680]CompilerResultsLog:Error: Error f:\download\starwing\starwingururur\starfox\source\starfox\PawnWithCamera.h(115) : warning C4264: 'float APawn::TakeDamage(float,const FDamageEvent &,AController *,AActor *)': no override available for virtual member function from base 'APawn'; function is hiddenf:\download\starwing\starwingururur\starfox\source\starfox\PawnWithCamera.h(115): warning C4264: 'float APawn::TakeDamage(float,const FDamageEvent &,AController *,AActor *)': no override available for virtual member function from base 'APawn'; function is hiddenF:\Download\starwing\StarWingururur\StarFox\Source\StarFox\PawnWithCamera.h(115): warning C4264: 'float APawn::TakeDamage(float,const FDamageEvent &,AController *,AActor *)': no override available for virtual member function from base 'APawn'; function is hidden
[2016.02.16-23.58.56:879][680]CompilerResultsLog: Info 
[2016.02.16-23.58.56:879][680]CompilerResultsLog: Info 
[2016.02.16-23.58.56:879][680]CompilerResultsLog: Info C:\Program Files (x86)\Epic Games\4.10\Engine\Source\Runtime\Engine\Classes\GameFramework/Pawn.h(216): note: see declaration of 'APawn::TakeDamage'C:\Program Files (x86)\Epic Games\4.10\Engine\Source\Runtime\Engine\Classes\GameFramework/Pawn.h(216): note: see declaration of 'APawn::TakeDamage'C:\Program Files (x86)\Epic Games\4.10\Engine\Source\Runtime\Engine\Classes\GameFramework/Pawn.h(216): note: see declaration of 'APawn::TakeDamage'
[2016.02.16-23.58.56:879][680]CompilerResultsLog: Info 
[2016.02.16-23.58.56:879][680]CompilerResultsLog: Info 
[2016.02.16-23.58.56:879][680]CompilerResultsLog: Info C:\Program Files (x86)\Epic Games\4.10\Engine\Intermediate\Build\Win64\UE4Editor\Inc\Engine\CheatManager.generated.h(14): note: see declaration of 'APawn'C:\Program Files (x86)\Epic Games\4.10\Engine\Intermediate\Build\Win64\UE4Editor\Inc\Engine\CheatManager.generated.h(14): note: see declaration of 'APawn'C:\Program Files (x86)\Epic Games\4.10\Engine\Intermediate\Build\Win64\UE4Editor\Inc\Engine\CheatManager.generated.h(14): note: see declaration of 'APawn'
[2016.02.16-23.58.56:879][680]CompilerResultsLog: Info 
[2016.02.16-23.58.56:879][680]CompilerResultsLog: Info 
[2016.02.16-23.58.56:879][680]CompilerResultsLog:Error: Error f:\download\starwing\starwingururur\starfox\source\starfox\PawnWithCamera.h(47) : warning C4263: 'void APawnWithCamera::TakeDamage(void)': member function does not override any base class virtual member function
[2016.02.16-23.58.56:879][680]CompilerResultsLog:Error: Error f:\download\starwing\starwingururur\starfox\source\starfox\PawnWithCamera.h(115) : warning C4264: 'float APawn::TakeDamage(float,const FDamageEvent &,AController *,AActor *)': no override available for virtual member function from base 'APawn'; function is hidden
[2016.02.16-23.58.56:879][680]CompilerResultsLog: Info C:\Program Files (x86)\Epic Games\4.10\Engine\Source\Runtime\Engine\Classes\GameFramework/Pawn.h(216): note: see declaration of 'APawn::TakeDamage'
[2016.02.16-23.58.56:879][680]CompilerResultsLog: Info C:\Program Files (x86)\Epic Games\4.10\Engine\Intermediate\Build\Win64\UE4Editor\Inc\UMG\UserWidget.generated.h(15): note: see declaration of 'APawn'
[2016.02.16-23.58.56:879][680]CompilerResultsLog:Error: Error F:\Download\starwing\StarWingururur\StarFox\Source\StarFox\StarFoxGameMode.cpp(25) : error C2228: left of '.won' must have class/struct/union
[2016.02.16-23.58.56:879][680]CompilerResultsLog:Error: Error F:\Download\starwing\StarWingururur\StarFox\Source\StarFox\StarFoxGameMode.cpp(25) : note: type is 'AWinTrigger *'
[2016.02.16-23.58.56:879][680]CompilerResultsLog:Error: Error F:\Download\starwing\StarWingururur\StarFox\Source\StarFox\StarFoxGameMode.cpp(25) : note: did you intend to use '->' instead?
[2016.02.16-23.58.56:879][680]CompilerResultsLog: Info -------- End Detailed Actions Stats -----------------------------------------------------------
[2016.02.16-23.58.56:879][680]CompilerResultsLog: Info ERROR: UBT ERROR: Failed to produce item: F:\Download\starwing\StarWingururur\StarFox\Binaries\Win64\UE4Editor-StarFox-1646.dll
[2016.02.16-23.58.56:879][680]CompilerResultsLog: Info Total build time: 86,40 seconds
[2016.02.16-23.58.56:879][680]LogMainFrame: MainFrame: Module compiling took 86.466 seconds
[2016.02.16-23.58.56:879][680]Warning: HotReload failed, recompile failed
[2016.02.16-23.59.48:801][903]Recompiling StarFox...
[2016.02.16-23.59.48:801][903]Launching UnrealBuildTool... [C:/Program Files (x86)/Epic Games/4.10/Engine/Binaries/DotNET/UnrealBuildTool.exe StarFox -ModuleWithSuffix StarFox 9034 Win64 Development -editorrecompile -canskiplink "F:/Download/starwing/StarWingururur/StarFox/StarFox.uproject" -rocket  -rocket -2015]
[2016.02.16-23.59.48:802][903]Warning: Starting HotReload took  0.0s.
[2016.02.16-23.59.55:728][504]CompilerResultsLog: New page: Compilation - Feb 17, 2016, 1:59:55 AM
[2016.02.16-23.59.55:728][504]CompilerResultsLog: Info Compiling game modules for hot reload
[2016.02.16-23.59.55:728][504]CompilerResultsLog: Info Performing 2 actions (4 in parallel)
[2016.02.16-23.59.55:728][504]CompilerResultsLog: Info StarFoxGameMode.cpp
[2016.02.16-23.59.55:728][504]CompilerResultsLog:Error: Error f:\download\starwing\starwingururur\starfox\source\starfox\PawnWithCamera.h(47) : warning C4263: 'void APawnWithCamera::TakeDamage(void)': member function does not override any base class virtual member function
[2016.02.16-23.59.55:728][504]CompilerResultsLog:Error: Error f:\download\starwing\starwingururur\starfox\source\starfox\PawnWithCamera.h(115) : warning C4264: 'float APawn::TakeDamage(float,const FDamageEvent &,AController *,AActor *)': no override available for virtual member function from base 'APawn'; function is hidden
[2016.02.16-23.59.55:728][504]CompilerResultsLog: Info C:\Program Files (x86)\Epic Games\4.10\Engine\Source\Runtime\Engine\Classes\GameFramework/Pawn.h(216): note: see declaration of 'APawn::TakeDamage'
[2016.02.16-23.59.55:728][504]CompilerResultsLog: Info C:\Program Files (x86)\Epic Games\4.10\Engine\Intermediate\Build\Win64\UE4Editor\Inc\UMG\UserWidget.generated.h(15): note: see declaration of 'APawn'
[2016.02.16-23.59.55:728][504]CompilerResultsLog: Info [2/2] Link UE4Editor-StarFox-9034.dll
[2016.02.16-23.59.55:728][504]CompilerResultsLog: Info    Creating library F:\Download\starwing\StarWingururur\StarFox\Intermediate/Build/Win64\UE4Editor\Development\UE4Editor-StarFox-9034.lib and object F:\Download\starwing\StarWingururur\StarFox\Intermediate/Build/Win64\UE4Editor\Development\UE4Editor-StarFox-9034.exp
[2016.02.16-23.59.55:728][504]CompilerResultsLog: Info -------- End Detailed Actions Stats -----------------------------------------------------------
[2016.02.16-23.59.55:728][504]CompilerResultsLog: Info Total build time: 6,89 seconds
[2016.02.16-23.59.55:728][504]LogMainFrame: MainFrame: Module compiling took 6.935 seconds
[2016.02.16-23.59.55:801][504]LogClass: Could not find existing class WinTrigger in package /Script/StarFox for HotReload, assuming new class
[2016.02.16-23.59.55:801][504]LogClass: Function OnBeginOverlap is new.
[2016.02.16-23.59.55:801][504]LogClass: Could not find existing class StarFoxGameMode in package /Script/StarFox for HotReload, assuming new class
[2016.02.16-23.59.55:801][504]LogClass: Function AddTime is new.
[2016.02.16-23.59.55:801][504]LogClass: Function GetTime is new.
[2016.02.16-23.59.55:807][504]LogHotReload: Re-instancing WinTrigger after hot-reload.
[2016.02.16-23.59.55:885][504]LogHotReload: Re-instancing StarFoxGameMode after hot-reload.
[2016.02.16-23.59.55:939][504]LogContentBrowser: Native class hierarchy updated for 'StarFox' in 0.0016 seconds. Added 8 classes and 2 folders.
[2016.02.16-23.59.55:941][504]Warning: HotReload successful (4 functions remapped  0 scriptstructs remapped)
[2016.02.16-23.59.56:062][504]LogContentBrowser: Native class hierarchy populated in 0.0092 seconds. Added 1902 classes and 342 folders.
[2016.02.17-00.00.03:704][265]Recompiling StarFox...
[2016.02.17-00.00.03:704][265]Launching UnrealBuildTool... [C:/Program Files (x86)/Epic Games/4.10/Engine/Binaries/DotNET/UnrealBuildTool.exe StarFox -ModuleWithSuffix StarFox 3661 Win64 Development -editorrecompile -canskiplink "F:/Download/starwing/StarWingururur/StarFox/StarFox.uproject" -rocket  -rocket -2015]
[2016.02.17-00.00.03:705][265]Warning: Starting HotReload took  0.0s.
[2016.02.17-00.00.04:718][346]CompilerResultsLog: New page: Compilation - Feb 17, 2016, 2:00:04 AM
[2016.02.17-00.00.04:718][346]CompilerResultsLog: Info Compiling game modules for hot reload
[2016.02.17-00.00.04:718][346]CompilerResultsLog: Info Target is up to date.
[2016.02.17-00.00.04:718][346]LogMainFrame: MainFrame: Module compiling took 1.021 seconds
[2016.02.17-00.00.09:595][818]LogAIModule: Creating AISystem for world LevelOne
[2016.02.17-00.00.09:620][818]Cmd: MAP LOAD FILE="F:/Download/starwing/StarWingururur/StarFox/Content/Maps/LevelOne.umap" TEMPLATE=0 SHOWPROGRESS=1 FEATURELEVEL=3
[2016.02.17-00.00.09:620][818]LightingResults: New page: Lighting Build
[2016.02.17-00.00.09:645][818]LoadErrors: New page: Loading map: LevelOne.umap
[2016.02.17-00.00.09:645][818]MapCheck: New page: Map Check
[2016.02.17-00.00.09:645][818]LightingResults: New page: Lighting Build
[2016.02.17-00.00.09:663][818]LogParticles: Destroying 0 GPU particle simulations for FXSystem 0x000001D86E0EAF20
[2016.02.17-00.00.09:668][818]LogEditorServer: Finished looking for orphan Actors (0.000 secs)
[2016.02.17-00.00.09:693][818]Cmd: MAP CHECKDEP NOCLEARLOG
[2016.02.17-00.00.09:741][818]MapCheck: Info Map check complete: 0 Error(s), 0 Warning(s), took 48.356ms to complete.
[2016.02.17-00.00.09:741][818]LogFileHelpers: Loading map 'LevelOne' took 0.125
[2016.02.17-00.01.07:569][553]Recompiling StarFox...
[2016.02.17-00.01.07:569][553]Launching UnrealBuildTool... [C:/Program Files (x86)/Epic Games/4.10/Engine/Binaries/DotNET/UnrealBuildTool.exe StarFox -ModuleWithSuffix StarFox 9667 Win64 Development -editorrecompile -canskiplink "F:/Download/starwing/StarWingururur/StarFox/StarFox.uproject" -rocket  -rocket -2015]
[2016.02.17-00.01.07:570][553]Warning: Starting HotReload took  0.0s.
[2016.02.17-00.01.08:528][629]CompilerResultsLog: New page: Compilation - Feb 17, 2016, 2:01:08 AM
[2016.02.17-00.01.08:528][629]CompilerResultsLog: Info Compiling game modules for hot reload
[2016.02.17-00.01.08:528][629]CompilerResultsLog: Info Target is up to date.
[2016.02.17-00.01.08:528][629]LogMainFrame: MainFrame: Module compiling took 0.968 seconds
[2016.02.17-00.01.09:576][731]LogBlueprintUserMessages: Early PlayInEditor Detection: Level '/Game/Maps/LevelOne.LevelOne:PersistentLevel' has LevelScriptBlueprint '/Game/Maps/LevelOne.LevelOne:PersistentLevel.LevelOne' with GeneratedClass '/Game/Maps/LevelOne.LevelOne_C' with ClassGeneratedBy '/Game/Maps/LevelOne.LevelOne:PersistentLevel.LevelOne'
[2016.02.17-00.01.09:576][731]LogPlayLevel: PlayLevel: No blueprints needed recompiling
[2016.02.17-00.01.09:576][731]PIE: New page: PIE session: LevelOne (Feb 17, 2016, 2:01:09 AM)
[2016.02.17-00.01.09:576][731]LogPlayLevel: Creating play world package: /Game/Maps/UEDPIE_0_LevelOne
[2016.02.17-00.01.09:587][731]LogPlayLevel: PIE: StaticDuplicateObject took: (0.011392s)
[2016.02.17-00.01.09:588][731]LogAIModule: Creating AISystem for world LevelOne
[2016.02.17-00.01.09:588][731]LogPlayLevel: PIE: World Init took: (0.000926s)
[2016.02.17-00.01.09:588][731]LogPlayLevel: PIE: Created PIE world by copying editor world from /Game/Maps/LevelOne.LevelOne to /Game/Maps/UEDPIE_0_LevelOne.LevelOne (0.012572s)
[2016.02.17-00.01.09:605][731]LogInit: XAudio2 using 'Hörlurar (2- High Definition Audio Device)' : 2 channels at 44.1 kHz using 16 bits per sample (channel mask 0x3)
[2016.02.17-00.01.09:613][731]LogInit: FAudioDevice initialized.
[2016.02.17-00.01.09:651][731]LogWorld: Game class is 'MyStarFoxGameModeBP_C'
[2016.02.17-00.01.09:663][731]LogWorld: Bringing World /Game/Maps/UEDPIE_0_LevelOne.LevelOne up for play (max tick rate 0) at 2016.02.17-01.01.09
[2016.02.17-00.01.09:663][731]LogActor:Warning: GameSession /Game/Maps/UEDPIE_0_LevelOne.LevelOne:PersistentLevel.GameSession_9 has natively added scene component(s), but none of them were set as the actor's RootComponent - picking one arbitrarily
[2016.02.17-00.01.09:663][731]LogActor:Warning: GameNetworkManager /Game/Maps/UEDPIE_0_LevelOne.LevelOne:PersistentLevel.GameNetworkManager_9 has natively added scene component(s), but none of them were set as the actor's RootComponent - picking one arbitrarily
[2016.02.17-00.01.09:663][731]LogWorld: Bringing up level for play took: 0.011337
[2016.02.17-00.01.09:666][731]PIE: Info Play in editor start time for /Game/Maps/UEDPIE_0_LevelOne -0.53
[2016.02.17-00.01.09:666][731]LogBlueprintUserMessages: Late PlayInEditor Detection: Level '/Game/Maps/LevelOne.LevelOne:PersistentLevel' has LevelScriptBlueprint '/Game/Maps/LevelOne.LevelOne:PersistentLevel.LevelOne' with GeneratedClass '/Game/Maps/LevelOne.LevelOne_C' with ClassGeneratedBy '/Game/Maps/LevelOne.LevelOne:PersistentLevel.LevelOne'
[2016.02.17-00.01.10:084][731]LogCrashTracker: 


[2016.02.17-00.01.10:085][731]LogCrashTracker: 


[2016.02.17-00.01.10:085][731]LogWindows:Error: === Critical error: ===
Fatal error!



[2016.02.17-00.01.10:136][731]LogExit: Executing StaticShutdownAfterError
[2016.02.17-00.01.10:144][731]LogPhysics:Warning: PHYSX: ..\..\PhysX\src\NpScene.cpp (2946) 8 : PxScene::unlockWrite() called without matching call to PxScene::lockWrite(), behaviour will be undefined.
[2016.02.17-00.01.10:144][731]LogPhysics:Warning: PHYSX: ..\..\PhysX\src\NpScene.cpp (2946) 8 : PxScene::unlockWrite() called without matching call to PxScene::lockWrite(), behaviour will be undefined.
[2016.02.17-00.01.10:144][731]LogPhysics:Warning: PHYSX: ..\..\PhysX\src\NpScene.cpp (2946) 8 : PxScene::unlockWrite() called without matching call to PxScene::lockWrite(), behaviour will be undefined.
[2016.02.17-00.01.10:144][731]LogPhysics:Warning: PHYSX: ..\..\PhysX\src\NpScene.cpp (2946) 8 : PxScene::unlockWrite() called without matching call to PxScene::lockWrite(), behaviour will be undefined.
[2016.02.17-00.01.10:144][731]LogWindows: FPlatformMisc::RequestExit(1)
[2016.02.17-00.01.10:144][731]Log file closed, 02/17/16 01:01:10
