[2016.02.15-12.12.16:975][  0]Log file open, 02/15/16 13:12:16
[2016.02.15-12.12.16:975][  0]LogInit:Display: Running engine for game: StarFox
[2016.02.15-12.12.16:975][  0]LogInit:Display: RandInit(1047161197) SRandInit(1047161198).
[2016.02.15-12.12.16:975][  0]LogTaskGraph: Started task graph with 4 named threads and 7 total threads.
[2016.02.15-12.12.16:975][  0]LogStats: Stats thread started at 0.075610
[2016.02.15-12.12.16:975][  0]LogInit: Version: 4.9.2-2707645+++depot+UE4-Releases+4.9
[2016.02.15-12.12.16:975][  0]LogInit: API Version: 2672455
[2016.02.15-12.12.16:975][  0]LogInit: Compiled (64-bit): Sep 28 2015 10:25:44
[2016.02.15-12.12.16:975][  0]LogInit: Compiled with Visual C++: 18.00.21005.01
[2016.02.15-12.12.16:975][  0]LogInit: Build Configuration: Development
[2016.02.15-12.12.16:975][  0]LogInit: Branch Name: ++depot+UE4-Releases+4.9
[2016.02.15-12.12.16:975][  0]LogInit: Command line:  
[2016.02.15-12.12.16:975][  0]LogInit: Base directory: C:/Program Files/Epic Games/4.9/Engine/Binaries/Win64/
[2016.02.15-12.12.16:975][  0]LogInit: Rocket: 1
[2016.02.15-12.12.16:984][  0]LogInit: Using libcurl 7.41.0
[2016.02.15-12.12.16:984][  0]LogInit:  - built for x86_64-pc-win32
[2016.02.15-12.12.16:984][  0]LogInit:  - supports SSL with WinSSL
[2016.02.15-12.12.16:984][  0]LogInit:  - other features:
[2016.02.15-12.12.16:984][  0]LogInit:      CURL_VERSION_SSL
[2016.02.15-12.12.16:984][  0]LogInit:      CURL_VERSION_IPV6
[2016.02.15-12.12.16:984][  0]LogInit:      CURL_VERSION_ASYNCHDNS
[2016.02.15-12.12.16:984][  0]LogInit:      CURL_VERSION_LARGEFILE
[2016.02.15-12.12.16:984][  0]LogInit:      CURL_VERSION_IDN
[2016.02.15-12.12.16:984][  0]LogInit:  CurlRequestOptions (configurable via config and command line):
[2016.02.15-12.12.16:984][  0]LogInit:  - bVerifyPeer = true  - Libcurl will verify peer certificate
[2016.02.15-12.12.16:984][  0]LogInit:  - bUseHttpProxy = false  - Libcurl will NOT use HTTP proxy
[2016.02.15-12.12.16:984][  0]LogInit:  - bDontReuseConnections = false  - Libcurl will reuse connections
[2016.02.15-12.12.16:984][  0]LogInit:  - CertBundlePath = nullptr  - Libcurl will use whatever was configured at build time.
[2016.02.15-12.12.16:992][  0]LogInit: Presizing for 0 objects not considered by GC, pre-allocating 0 bytes.
[2016.02.15-12.12.16:998][  0]LogInit: Object subsystem initialized
[2016.02.15-12.12.16:999][  0]LogInit: Selected Device Profile: [Windows]
[2016.02.15-12.12.16:999][  0]LogInit: Applying CVar settings loaded from the selected device profile: [Windows]
[2016.02.15-12.12.17:008][  0]LogInit: Computer: FIDUS
[2016.02.15-12.12.17:008][  0]LogInit: User: Niclas
[2016.02.15-12.12.17:008][  0]LogInit: CPU Page size=4096, Cores=4
[2016.02.15-12.12.17:008][  0]LogInit: High frequency timer resolution =3.386480 MHz
[2016.02.15-12.12.17:008][  0]LogMemory: Memory total: Physical=15.9GB (16GB approx)
[2016.02.15-12.12.17:008][  0]LogMemory: Platform Memory Stats for Windows
[2016.02.15-12.12.17:008][  0]LogMemory: Process Physical Memory: 54.25 MB used, 54.25 MB peak
[2016.02.15-12.12.17:008][  0]LogMemory: Process Virtual Memory: 58.28 MB used, 58.28 MB peak
[2016.02.15-12.12.17:008][  0]LogMemory: Physical Memory: 7848.59 MB used, 16332.28 MB total
[2016.02.15-12.12.17:008][  0]LogMemory: Virtual Memory: 372.12 MB used, 134217728.00 MB total
[2016.02.15-12.12.17:035][  0]LogTextLocalizationManager: No translations for ('sv-SE') exist, falling back to 'en' for localization and internationalization data.
[2016.02.15-12.12.17:675][  0]LogD3D11RHI: Found D3D11 adapter 0: AMD Radeon HD 7800 Series (Feature Level 11_0)
[2016.02.15-12.12.17:675][  0]LogD3D11RHI: Adapter has 2030MB of dedicated video memory, 0MB of dedicated system memory, and 8166MB of shared system memory, 1 output[s]
[2016.02.15-12.12.17:676][  0]LogD3D11RHI: Found D3D11 adapter 1: Microsoft Basic Render Driver (Feature Level 11_0)
[2016.02.15-12.12.17:676][  0]LogD3D11RHI: Adapter has 0MB of dedicated video memory, 0MB of dedicated system memory, and 8166MB of shared system memory, 0 output[s]
[2016.02.15-12.12.17:676][  0]LogD3D11RHI: Chosen D3D11 Adapter Id = 0
[2016.02.15-12.12.17:679][  0]LogD3D11RHI: !Direct3DDevice
[2016.02.15-12.12.17:680][  0]LogRHI: Texture pool is 1361 MB (70% of 1945 MB)
[2016.02.15-12.12.17:685][  0]LogD3D11RHI: Async texture creation disabled: no driver support
[2016.02.15-12.12.17:694][  0]LogShaderCompilers: Guid format shader working directory is 14 characters bigger than the processId version (../../../../../../Users/Niclas/Documents/GitHub/StarWingururur/StarFox/Intermediate/Shaders/WorkingDirectory/11320/).
[2016.02.15-12.12.17:694][  0]LogShaderCompilers: Cleaned the shader compiler working directory '../../../../../../Users/Niclas/Documents/GitHub/StarWingururur/StarFox/Intermediate/Shaders/tmp/3C25C5914CA560060E08A3A5BC27F048/'.
[2016.02.15-12.12.17:694][  0]LogShaderCompilers:Display: Using Local Shader Compiler.
[2016.02.15-12.12.18:619][  0]LogTemp:Display: Loaded TP AllDesktopTargetPlatform
[2016.02.15-12.12.18:624][  0]LogTemp:Display: Loaded TP WindowsClientTargetPlatform
[2016.02.15-12.12.18:629][  0]LogTemp:Display: Loaded TP WindowsNoEditorTargetPlatform
[2016.02.15-12.12.18:634][  0]LogTemp:Display: Loaded TP WindowsServerTargetPlatform
[2016.02.15-12.12.18:640][  0]LogTemp:Display: Loaded TP WindowsTargetPlatform
[2016.02.15-12.12.18:643][  0]LogTemp:Display: Loaded TP AndroidTargetPlatform
[2016.02.15-12.12.18:647][  0]LogTemp:Display: Loaded TP Android_ASTCTargetPlatform
[2016.02.15-12.12.18:650][  0]LogTemp:Display: Loaded TP Android_ATCTargetPlatform
[2016.02.15-12.12.18:653][  0]LogTemp:Display: Loaded TP Android_DXTTargetPlatform
[2016.02.15-12.12.18:656][  0]LogTemp:Display: Loaded TP Android_ETC1TargetPlatform
[2016.02.15-12.12.18:659][  0]LogTemp:Display: Loaded TP Android_ETC2TargetPlatform
[2016.02.15-12.12.18:663][  0]LogTemp:Display: Loaded TP Android_PVRTCTargetPlatform
[2016.02.15-12.12.18:663][  0]LogTemp:Display: Loaded TP HTML5TargetPlatform
[2016.02.15-12.12.18:680][  0]LogTemp:Display: Loaded TP IOSTargetPlatform
[2016.02.15-12.12.18:683][  0]LogTemp:Display: Loaded TP LinuxNoEditorTargetPlatform
[2016.02.15-12.12.18:685][  0]LogTemp:Display: Loaded TP LinuxServerTargetPlatform
[2016.02.15-12.12.18:689][  0]LogTemp:Display: Loaded TP LinuxTargetPlatform
[2016.02.15-12.12.18:689][  0]LogTargetPlatformManager:Display: Building Assets For Windows
[2016.02.15-12.12.18:778][  0]LogDerivedDataCache:Display: Max Cache Size: 512 MB
[2016.02.15-12.12.18:815][  0]LogDerivedDataCache: Loaded boot cache 0.04s 45MB C:/Users/Niclas/AppData/Local/UnrealEngine/4.9/DerivedDataCache/Boot.ddc.
[2016.02.15-12.12.18:815][  0]LogDerivedDataCache:Display: Loaded Boot cache: C:/Users/Niclas/AppData/Local/UnrealEngine/4.9/DerivedDataCache/Boot.ddc
[2016.02.15-12.12.18:815][  0]LogDerivedDataCache: FDerivedDataBackendGraph:  Pak pak cache file ../../../../../../Users/Niclas/Documents/GitHub/StarWingururur/StarFox/DerivedDataCache/DDC.ddp not found, will not use a pak cache.
[2016.02.15-12.12.18:815][  0]LogDerivedDataCache: Unable to find inner node Pak for hierarchical cache Hierarchy.
[2016.02.15-12.12.18:815][  0]LogDerivedDataCache: FDerivedDataBackendGraph:  CompressedPak pak cache file ../../../../../../Users/Niclas/Documents/GitHub/StarWingururur/StarFox/DerivedDataCache/Compressed.ddp not found, will not use a pak cache.
[2016.02.15-12.12.18:816][  0]LogDerivedDataCache: Unable to find inner node CompressedPak for hierarchical cache Hierarchy.
[2016.02.15-12.12.18:938][  0]LogDerivedDataCache:Display: Pak cache opened for reading ../../../Engine/DerivedDataCache/Compressed.ddp.
[2016.02.15-12.12.18:950][  0]LogDerivedDataCache: Using Local data cache path C:/Users/Niclas/AppData/Local/UnrealEngine/Common/DerivedDataCache: Writable
[2016.02.15-12.12.19:145][  0]LogInit: Selected Device Profile: [Windows]
[2016.02.15-12.12.19:147][  0]LogContentStreaming: Texture pool size is 0.000000MB
[2016.02.15-12.12.19:256][  0]LogMeshUtilities: No automatic mesh reduction module available
[2016.02.15-12.12