[2016.02.16-13.42.38:044][  0]Log file open, 02/16/16 14:42:38
[2016.02.16-13.42.38:044][  0]LogInit:Display: Running engine for game: StarFox
[2016.02.16-13.42.38:044][  0]LogInit:Display: RandInit(411577365) SRandInit(411577366).
[2016.02.16-13.42.38:044][  0]LogTaskGraph: Started task graph with 4 named threads and 7 total threads.
[2016.02.16-13.42.38:044][  0]LogStats: Stats thread started at 0.115081
[2016.02.16-13.42.38:044][  0]LogInit:Warning: Incompatible or missing module: UE4Editor-StarFox.dll
[2016.02.16-13.42.58:523][  0]Running D:/Programs/Epic Games/4.9/Engine/Binaries/DotNET/UnrealBuildTool.exe StarFox Development Win64 -project="C:/Users/snabel/Documents/GitHub/StarWingururur/StarFox/StarFox.uproject" -rocket -editorrecompile -progress -noubtmakefiles
[2016.02.16-13.43.27:268][  0]@progress push 5%
[2016.02.16-13.43.27:977][  0]Parsing headers for StarFoxEditor
[2016.02.16-13.43.27:977][  0]  Running UnrealHeaderTool "C:/Users/snabel/Documents/GitHub/StarWingururur/StarFox/StarFox.uproject" "C:\Users\snabel\Documents\GitHub\StarWingururur\StarFox\Intermediate\Build\Win64\StarFoxEditor\Development\UnrealHeaderTool.manifest" -LogCmds="loginit warning, logexit warning, logdatabase error" -rocket -installed
[2016.02.16-13.43.35:805][  0]Reflection code generated for StarFoxEditor in 7,8391085 seconds
[2016.02.16-13.43.35:905][  0]@progress pop
[2016.02.16-13.43.39:814][  0]Performing 11 actions (4 in parallel)
[2016.02.16-13.43.39:814][  0][3/11] Resource ModuleVersionResource.rc.inl
[2016.02.16-13.43.39:814][  0][2/11] Resource PCLaunch.rc
[2016.02.16-13.43.39:916][  0]PCH.StarFox.h.cpp
[2016.02.16-13.44.03:190][  0]PawnWithCamera.cpp
[2016.02.16-13.44.03:190][  0]StarFox.generated.cpp
[2016.02.16-13.44.03:191][  0]ring.cpp
[2016.02.16-13.44.03:191][  0]StarFoxGameMode.cpp
[2016.02.16-13.44.03:191][  0]c:\users\snabel\documents\github\starwingururur\starfox\source\starfox\PawnWithCamera.h(47) : warning C4263: 'void APawnWithCamera::TakeDamage(void)' : member function does not override any base class virtual member function
[2016.02.16-13.44.03:191][  0]c:\users\snabel\documents\github\starwingururur\starfox\source\starfox\PawnWithCamera.h(115) : warning C4264: 'float APawn::TakeDamage(float,const FDamageEvent &,AController *,AActor *)' : no override available for virtual member function from base 'APawn'; function is hidden
[2016.02.16-13.44.03:191][  0]c:\users\snabel\documents\github\starwingururur\starfox\source\starfox\PawnWithCamera.h(47) : warning C4263: 'void APawnWithCamera::TakeDamage(void)' : member function does not override any base class virtual member function        D:\Programs\Epic Games\4.9\Engine\Source\Runtime\Engine\Classes\GameFramework/Pawn.h(216) : see declaration of 'APawn::TakeDamage'
[2016.02.16-13.44.03:191][  0]        D:\Programs\Epic Games\4.9\Engine\Source\Runtime\Engine\Classes\GameFramework/Pawn.h(31) : see declaration of 'APawn'
[2016.02.16-13.44.03:191][  0]
[2016.02.16-13.44.03:292][  0]c:\users\snabel\documents\github\starwingururur\starfox\source\starfox\PawnWithCamera.h(115) : warning C4264: 'float APawn::TakeDamage(float,const FDamageEvent &,AController *,AActor *)' : no override available for virtual member function from base 'APawn'; function is hidden
[2016.02.16-13.44.03:292][  0]        D:\Programs\Epic Games\4.9\Engine\Source\Runtime\Engine\Classes\GameFramework/Pawn.h(216) : see declaration of 'APawn::TakeDamage'
[2016.02.16-13.44.03:292][  0]        D:\Programs\Epic Games\4.9\Engine\Source\Runtime\Engine\Classes\GameFramework/Pawn.h(31) : see declaration of 'APawn'
[2016.02.16-13.44.03:293][  0]C:\Users\snabel\Documents\GitHub\StarWingururur\StarFox\Source\StarFox\PawnWithCamera.h(47) : warning C4263: 'void APawnWithCamera::TakeDamage(void)' : member function does not override any base class virtual member function
[2016.02.16-13.44.03:293][  0]C:\Users\snabel\Documents\GitHub\StarWingururur\StarFox\Source\StarFox\PawnWithCamera.h(115) : warning C4264: 'float APawn::TakeDamage(float,const FDamageEvent &,AController *,AActor *)' : no override available for virtual member function from base 'APawn'; function is hidden
[2016.02.16-13.44.03:393][  0]        D:\Programs\Epic Games\4.9\Engine\Source\Runtime\Engine\Classes\GameFramework/Pawn.h(216) : see declaration of 'APawn::TakeDamage'
[2016.02.16-13.44.03:393][  0]        D:\Programs\Epic Games\4.9\Engine\Source\Runtime\Engine\Classes\GameFramework/Pawn.h(31) : see declaration of 'APawn'
[2016.02.16-13.44.03:694][  0]Bullet.cpp
[2016.02.16-13.44.03:894][  0]Crosshair.cpp
[2016.02.16-13.44.03:894][  0]StarFox.cpp
[2016.02.16-13.44.04:596][  0][11/11] Link UE4Editor-StarFox.dll
[2016.02.16-13.44.04:897][  0]   Creating library C:\Users\snabel\Documents\GitHub\StarWingururur\StarFox\Intermediate/Build/Win64\UE4Editor\Development\UE4Editor-StarFox.lib and object C:\Users\snabel\Documents\GitHub\StarWingururur\StarFox\Intermediate/Build/Win64\UE4Editor\Development\UE4Editor-StarFox.exp
[2016.02.16-13.44.05:499][  0]-------- End Detailed Actions Stats -----------------------------------------------------------
[2016.02.16-13.44.05:499][  0]Total build time: 66,71 seconds
[2016.02.16-13.44.05:894][  0]LogInit: Version: 4.9.1-2689999+++depot+UE4-Releases+4.9
[2016.02.16-13.44.05:894][  0]LogInit: API Version: 2672455
[2016.02.16-13.44.05:895][  0]LogInit: Compiled (64-bit): Sep 14 2015 04:12:03
[2016.02.16-13.44.05:895][  0]LogInit: Compiled with Visual C++: 18.00.21005.01
[2016.02.16-13.44.05:895][  0]LogInit: Build Configuration: Development
[2016.02.16-13.44.05:895][  0]LogInit: Branch Name: ++depot+UE4-Releases+4.9
[2016.02.16-13.44.05:895][  0]LogInit: Command line:  
[2016.02.16-13.44.05:895][  0]LogInit: Base directory: D:/Programs/Epic Games/4.9/Engine/Binaries/Win64/
[2016.02.16-13.44.05:895][  0]LogInit: Rocket: 1
[2016.02.16-13.44.05:979][  0]LogInit: Using libcurl 7.41.0
[2016.02.16-13.44.05:979][  0]LogInit:  - built for x86_64-pc-win32
[2016.02.16-13.44.05:979][  0]LogInit:  - supports SSL with WinSSL
[2016.02.16-13.44.05:979][  0]LogInit:  - other features:
[2016.02.16-13.44.05:979][  0]LogInit:      CURL_VERSION_SSL
[2016.02.16-13.44.05:979][  0]LogInit:      CURL_VERSION_IPV6
[2016.02.16-13.44.05:979][  0]LogInit:      CURL_VERSION_ASYNCHDNS
[2016.02.16-13.44.05:979][  0]LogInit:      CURL_VERSION_LARGEFILE
[2016.02.16-13.44.05:979][  0]LogInit:      CURL_VERSION_IDN
[2016.02.16-13.44.05:980][  0]LogInit:  CurlRequestOptions (configurable via config and command line):
[2016.02.16-13.44.05:980][  0]LogInit:  - bVerifyPeer = true  - Libcurl will verify peer certificate
[2016.02.16-13.44.05:980][  0]LogInit:  - bUseHttpProxy = false  - Libcurl will NOT use HTTP proxy
[2016.02.16-13.44.05:980][  0]LogInit:  - bDontReuseConnections = false  - Libcurl will reuse connections
[2016.02.16-13.44.05:980][  0]LogInit:  - CertBundlePath = nullptr  - Libcurl will use whatever was configured at build time.
[2016.02.16-13.44.06:155][  0]LogInit: Presizing for 0 objects not considered by GC, pre-allocating 0 bytes.
[2016.02.16-13.44.06:438][  0]LogInit: Object subsystem initialized
[2016.02.16-13.44.06:687][  0]LogInit: Selected Device Profile: [Windows]
[2016.02.16-13.44.06:687][  0]LogInit: Applying CVar settings loaded from the selected device profile: [Windows]
[2016.02.16-13.44.06:779][  0]LogInit: Computer: SNABELSLYNA
[2016.02.16-13.44.06:779][  0]LogInit: User: snabel
[2016.02.16-13.44.06:779][  0]LogInit: CPU Page size=4096, Cores=4
[2016.02.16-13.44.06:779][  0]LogInit: High frequency timer resolution =3.415993 MHz
[2016.02.16-13.44.06:789][  0]LogMemory: Memory total: Physical=7.9GB (8GB approx)
[2016.02.16-13.44.06:807][  0]LogMemory: Platform Memory Stats for Windows
[2016.02.16-13.44.06:807][  0]LogMemory: Process Physical Memory: 57.06 MB used, 57.06 MB peak
[2016.02.16-13.44.06:807][  0]LogMemory: Process Virtual Memory: 55.59 MB used, 55.59 MB peak
[2016.02.16-13.44.06:807][  0]LogMemory: Physical Memory: 5545.69 MB used, 8134.06 MB total
[2016.02.16-13.44.06:807][  0]LogMemory: Virtual Memory: 395.64 MB used, 134217728.00 MB total
[2016.02.16-13.44.07:405][  0]LogTextLocalizationManager: No translations for ('sv-SE') exist, falling back to 'en' for localization and internationalization data.
[2016.02.16-13.44.08:619][  0]LogD3D11RHI: Found D3D11 adapter 0: NVIDIA GeForce GTX 970 (Feature Level 11_0)
[2016.02.16-13.44.08:619][  0]LogD3D11RHI: Adapter has 4008MB of dedicated video memory, 0MB of dedicated system memory, and 4067MB of shared system memory, 1 output[s]
[2016.02.16-13.44.08:626][  0]LogD3D11RHI: Found D3D11 adapter 1: Microsoft Basic Render Driver (Feature Level 11_0)
[2016.02.16-13.44.08:626][  0]LogD3D11RHI: Adapter has 0MB of dedicated video memory, 0MB of dedicated system memory, and 4067MB of shared system memory, 0 output[s]
[2016.02.16-13.44.08:626][  0]LogD3D11RHI: Chosen D3D11 Adapter Id = 0
[2016.02.16-13.44.08:633][  0]LogD3D11RHI: !Direct3DDevice
[2016.02.16-13.44.08:633][  0]LogRHI: Texture pool is 1361 MB (70% of 1945 MB)
[2016.02.16-13.44.08:644][  0]LogD3D11RHI: Async texture creation enabled
[2016.02.16-13.44.08:958][  0]LogShaderCompilers: Guid format shader working directory is 15 characters bigger than the processId version (C:/Users/snabel/Documents/GitHub/StarWingururur/StarFox/Intermediate/Shaders/WorkingDirectory/7868/).
[2016.02.16-13.44.08:958][  0]LogShaderCompilers: Cleaned the shader compiler working directory 'C:/Users/snabel/Documents/GitHub/StarWingururur/StarFox/Intermediate/Shaders/tmp/A2599D1541261EEAECB047B23D87C976/'.
[2016.02.16-13.44.08:967][  0]LogShaderCompilers:Display: Using Local Shader Compiler.
[2016.02.16-13.44.11:268][  0]LogTemp:Display: Loaded TP AllDesktopTargetPlatform
[2016.02.16-13.44.11:272][  0]LogTemp:Display: Loaded TP WindowsClientTargetPlatform
[2016.02.16-13.44.11:280][  0]LogTemp:Display: Loaded TP WindowsNoEditorTargetPlatform
[2016.02.16-13.44.11:290][  0]LogTemp:Display: Loaded TP WindowsServerTargetPlatform
[2016.02.16-13.44.11:299][  0]LogTemp:Display: Loaded TP WindowsTargetPlatform
[2016.02.16-13.44.11:306][  0]LogTemp:Display: Loaded TP AndroidTargetPlatform
[2016.02.16-13.44.11:309][  0]LogTemp:Display: Loaded TP Android_ASTCTargetPlatform
[2016.02.16-13.44.11:311][  0]LogTemp:Display: Loaded TP Android_ATCTargetPlatform
[2016.02.16-13.44.11:314][  0]LogTemp:Display: Loaded TP Android_DXTTargetPlatform
[2016.02.16-13.44.11:317][  0]LogTemp:Display: Loaded TP Android_ETC1TargetPlatform
[2016.02.16-13.44.11:320][  0]LogTemp:Display: Loaded TP Android_ETC2TargetPlatform
[2016.02.16-13.44.11:323][  0]LogTemp:Display: Loaded TP Android_PVRTCTargetPlatform
[2016.02.16-13.44.11:324][  0]LogTemp:Display: Loaded TP HTML5TargetPlatform
[2016.02.16-13.44.11:383][  0]LogTemp:Display: Loaded TP IOSTargetPlatform
[2016.02.16-13.44.11:386][  0]LogTemp:Display: Loaded TP LinuxNoEditorTargetPlatform
[2016.02.16-13.44.11:389][  0]LogTemp:Display: Loaded TP LinuxServerTargetPlatform
[2016.02.16-13.44.11:394][  0]LogTemp:Display: Loaded TP LinuxTargetPlatform
[2016.02.16-13.44.11:394][  0]LogTargetPlatformManager:Display: Building Assets For Windows
[2016.02.16-13.44.12:009][  0]LogDerivedDataCache:Display: Max Cache Size: 512 MB
[2016.02.16-13.44.12:189][  0]LogDerivedDataCache: Loaded boot cache 0.18s 41MB C:/Users/snabel/AppData/Local/UnrealEngine/4.9/DerivedDataCache/Boot.ddc.
[2016.02.16-13.44.12:189][  0]LogDerivedDataCache:Display: Loaded Boot cache: C:/Users/snabel/AppData/Local/UnrealEngine/4.9/DerivedDataCache/Boot.ddc
[2016.02.16-13.44.12:189][  0]LogDerivedDataCache: FDerivedDataBackendGraph:  Pak pak cache file C:/Users/snabel/Documents/GitHub/StarWingururur/StarFox/DerivedDataCache/DDC.ddp not found, will not use a pak cache.
[2016.02.16-13.44.12:189][  0]LogDerivedDataCache: Unable to find inner node Pak for hierarchical cache Hierarchy.
[2016.02.16-13.44.12:189][  0]LogDerivedDataCache: FDerivedDataBackendGraph:  CompressedPak pak cache file C:/Users/snabel/Documents/GitHub/StarWingururur/StarFox/DerivedDataCache/Compressed.ddp not found, will not use a pak cache.
[2016.02.16-13.44.12:189][  0]LogDerivedDataCache: Unable to find inner node CompressedPak for hierarchical cache Hierarchy.
[2016.02.16-13.44.12:409][  0]LogDerivedDataCache:Display: Pak cache opened for reading ../../../Engine/DerivedDataCache/Compressed.ddp.
[2016.02.16-13.44.12:421][  0]LogDerivedDataCache: Using Local data cache path C:/Users/snabel/AppData/Local/UnrealEngine/Common/DerivedDataCache: Writable
[2016.02.16-13.44.21:534][  0]LogInit: Selected Device Profile: [Windows]
[2016.02.16-13.44.21:646][  0]LogContentStreaming: Texture pool size is 0.000000MB
[2016.02.16-13.44.22:993][  0]LogMeshUtilities: No automatic mesh reduction module available
[2016.02.16-13.44.22:993][  0]LogMeshUtilities: No automatic mesh merging module available
[2016.02.16-13.44.26:231][  0]LogInit: WinSock: version 1.1 (2.2), MaxSocks=32767, MaxUdp=65467
[2016.02.16-13.44.32:204][  0]UdpMessaging: Initializing bridge on interface 0.0.0.0:0 to multicast group 230.0.0.1:6666.
[2016.02.16-13.44.32:748][  0]LogAssetRegistry: FAssetRegistry took 0.0143 seconds to start up
[2016.02.16-13.44.35:148][  0]SourceControl: Info Source control is disabled
[2016.02.16-13.44.35:150][  0]SourceControl: Info Source control is disabled
[2016.02.16-13.44.35:247][  0]SourceControl: Info Source control is disabled
[2016.02.16-13.44.35:272][  0]SourceControl: Info Source control is disabled
[2016.02.16-13.44.36:027][  0]LogLinker:Warning: Asset '../../../Engine/Plugins/Runtime/LeapMotionController/Content/LM_PassthroughMaterial.uasset' has been saved with empty engine version. The asset will be loaded but may be incompatible.
[2016.02.16-13.44.36:451][  0]LogObj: 28421 objects as part of root set at end of initial load.
[2016.02.16-13.44.36:451][  0]LogUObjectAllocator: 6064616 out of 0 bytes used by permanent object pool.
[2016.02.16-13.44.37:382][  0]LogEngine: Initializing Engine...
[2016.02.16-13.44.37:423][  0]LogHMD: Can't find Oculus library dev build: is proper Runtime installed? Version: 0.7.0.0
[2016.02.16-13.44.37:504][  0]LogHMD: SteamVR failed to initialize.  Err: 110
[2016.02.16-13.44.38:642][  0]LogAIModule: Creating AISystem for world NewWorld
[2016.02.16-13.44.38:870][  0]LogInit: XAudio2 using 'Högtalare (Logitech G35 Headset)' : 2 channels at 44.1 kHz using 16 bits per sample (channel mask 0x3)
[2016.02.16-13.44.38:903][  0]LogInit: FAudioDevice initialized.
[2016.02.16-13.44.38:938][  0]LogDerivedDataCache: Saved boot cache 0.04s 41MB C:/Users/snabel/AppData/Local/UnrealEngine/4.9/DerivedDataCache/Boot.ddc.
[2016.02.16-13.44.38:943][  0]LogInit: Texture streaming: Enabled
[2016.02.16-13.44.38:968][  0]LogAnalytics: Creating configured Analytics provider AnalyticsET
[2016.02.16-13.44.38:968][  0]LogAnalytics: [UEEditor.Rocket.Release] APIServer = http://et2.epicgames.com/ET2/. AppVersion = 4.9.1-2689999+++depot+UE4-Releases+4.9
[2016.02.16-13.44.38:968][  0]LogAnalytics: [UEEditor.Rocket.Release] SetUserId fcf2056d41add8e83a7ca0a198c79fb6|02468cb7164248659234c918f7d8f06b|43049118-77b7-47eb-aed6-017bd9278743
[2016.02.16-13.44.38:969][  0]LogAnalytics: [UEEditor.Rocket.Release] AnalyticsET::StartSession
[2016.02.16-13.44.39:298][  0]LogInit: Transaction tracking system initialized
[2016.02.16-13.44.40:050][  0]BlueprintLog: New page: Editor Load
[2016.02.16-13.44.43:982][  0]LocalizationService: Info Localization service is disabled
[2016.02.16-13.44.45:649][  0]LogLinker:Warning: Can't find file '/Game/FirstPersonCPP/FirstPersonOverview'
[2016.02.16-13.44.45:649][  0]LogLinker:Warning: Can't find file '/Game/FirstPersonCPP/FirstPersonOverview'
[2016.02.16-13.44.45:675][  0]LogUObjectGlobals:Warning: Failed to find object 'Class /Game/FirstPersonCPP/FirstPersonOverview.FirstPersonOverview_C'
[2016.02.16-13.44.46:487][  0]LogConsoleResponse:Display: 
[2016.02.16-13.44.49:064][  0]LogFileCache: Scanning file cache for directory 'C:/Users/snabel/Documents/GitHub/StarWingururur/StarFox/Content/' took 0.03s
[2016.02.16-13.44.49:064][  0]LogCook:Display: Done creating registry. It took  0.00s.
[2016.02.16-13.44.51:000][  0]SourceControl: Info Source control is disabled
[2016.02.16-13.44.51:109][  0]Cmd: MAP LOAD FILE="C:/Users/snabel/Documents/GitHub/StarWingururur/StarFox/Content/StarterContent/Maps/Minimal_Default.umap" TEMPLATE=0 SHOWPROGRESS=1 FEATURELEVEL=3
[2016.02.16-13.44.51:203][  0]LightingResults: New page: Lighting Build
[2016.02.16-13.44.51:850][  0]MapCheck: New page: Map Check
[2016.02.16-13.44.51:850][  0]LightingResults: New page: Lighting Build
[2016.02.16-13.44.53:363][  0]LogParticles: Destroying 0 GPU particle simulations for FXSystem 0x00000211141DA160
[2016.02.16-13.44.59:619][  0]LogStaticMesh: Building static mesh ring...
[2016.02.16-13.44.59:881][  0]LogStaticMesh: Built static mesh [0.303245.2s] /Game/ring.ring
[2016.02.16-13.45.02:189][  0]LogAIModule: Creating AISystem for world Minimal_Default
[2016.02.16-13.45.04:802][  0]LogEditorServer: Finished looking for orphan Actors (0.006 secs)
[2016.02.16-13.45.05:239][  0]Cmd: MAP CHECKDEP NOCLEARLOG
[2016.02.16-13.45.05:436][  0]MapCheck: Info Map check complete: 0 Error(s), 0 Warning(s), took 180.284ms to complete.
[2016.02.16-13.45.05:436][  0]LogFileHelpers: Loading map 'Minimal_Default' took 14.393
[2016.02.16-13.45.08:533][  0]LogCollectionManager: Loaded 0 collections in 0.003517 seconds
[2016.02.16-13.45.08:668][  0]LogFileCache: Scanning file cache for directory 'C:/Users/snabel/Documents/GitHub/StarWingururur/StarFox/Saved/Collections/' took 0.01s
[2016.02.16-13.45.08:668][  0]LogFileCache: Scanning file cache for directory 'C:/Users/snabel/Documents/GitHub/StarWingururur/StarFox/Content/Developers/snabel/Collections/' took 0.01s
[2016.02.16-13.45.08:668][  0]LogFileCache: Scanning file cache for directory 'C:/Users/snabel/Documents/GitHub/StarWingururur/StarFox/Content/Collections/' took 0.01s
[2016.02.16-13.45.08:668][  0]LogContentBrowser: Native class hierarchy populated in 0.0565 seconds. Added 1872 classes and 335 folders.
[2016.02.16-13.45.08:737][  0]LogCollectionManager: Rebuilt the GUID cache for 0 collections in 0.000008 seconds
[2016.02.16-13.45.08:905][  0]LogContentBrowser: Native class hierarchy updated for 'WidgetCarousel' in 0.0037 seconds. Added 0 classes and 0 folders.
[2016.02.16-13.45.11:309][  0]LogContentBrowser: Native class hierarchy updated for 'AddContentDialog' in 0.0035 seconds. Added 0 classes and 0 folders.
[2016.02.16-13.45.13:146][  0]LogContentBrowser: Native class hierarchy updated for 'SceneOutliner' in 0.0059 seconds. Added 1 classes and 2 folders.
[2016.02.16-13.45.15:364][  0]LogCrashTracker: Crashtracker disabled due to settings.
[2016.02.16-13.45.16:696][  0]LogUObjectGlobals:Warning: Failed to find object 'Class None.'
[2016.02.16-13.45.17:149][  0]LogLoad: Full Startup: 161.11 seconds (BP compile: 1.39 seconds)
[2016.02.16-13.45.20:617][  0]LogContentStreaming: Texture pool size now 1000 MB
[2016.02.16-13.45.26:996][  0]LogRenderer: Reallocating scene render targets to support 960x904 (Frame:2).
[2016.02.16-13.45.33:358][ 10]LogAssetRegistry: Asset discovery search completed in 60.6217 seconds
[2016.02.16-13.45.33:654][ 10]LogCollectionManager: Rebuilt the object cache for 0 collections in 0.000001 seconds (found 0 objects)
[2016.02.16-13.45.33:656][ 10]LogCollectionManager: Fixed up redirectors for 0 collections in 0.296857 seconds (updated 0 objects)
[2016.02.16-13.45.35:855][ 11]LogBlueprintUserMessages: Early PlayInEditor Detection: Level '/Game/StarterContent/Maps/Minimal_Default.Minimal_Default:PersistentLevel' has LevelScriptBlueprint '/Game/StarterContent/Maps/Minimal_Default.Minimal_Default:PersistentLevel.Minimal_Default' with GeneratedClass '/Game/StarterContent/Maps/Minimal_Default.Minimal_Default_C' with ClassGeneratedBy '/Game/StarterContent/Maps/Minimal_Default.Minimal_Default:PersistentLevel.Minimal_Default'
[2016.02.16-13.45.35:856][ 11]LogPlayLevel: PlayLevel: No blueprints needed recompiling
[2016.02.16-13.45.36:268][ 11]PIE: New page: PIE session: Minimal_Default (Feb 16, 2016, 3:45:36 PM)
[2016.02.16-13.45.36:321][ 11]LogPlayLevel: Creating play world package: /Game/StarterContent/Maps/UEDPIE_0_Minimal_Default
[2016.02.16-13.45.37:513][ 11]LogPlayLevel: PIE: StaticDuplicateObject took: (1.192075s)
[2016.02.16-13.45.37:528][ 11]LogAIModule: Creating AISystem for world Minimal_Default
[2016.02.16-13.45.37:529][ 11]LogPlayLevel: PIE: World Init took: (0.015040s)
[2016.02.16-13.45.37:561][ 11]LogPlayLevel: PIE: Created PIE world by copying editor world from /Game/StarterContent/Maps/Minimal_Default.Minimal_Default to /Game/StarterContent/Maps/UEDPIE_0_Minimal_Default.Minimal_Default (1.239895s)
[2016.02.16-13.45.37:609][ 11]LogActorComponent: UnregisterComponent: (/Engine/Transient.MoveComp) Not registered. Aborting.
[2016.02.16-13.45.38:064][ 11]LogInit: XAudio2 using 'Högtalare (Logitech G35 Headset)' : 2 channels at 44.1 kHz using 16 bits per sample (channel mask 0x3)
[2016.02.16-13.45.38:069][ 11]LogInit: FAudioDevice initialized.
[2016.02.16-13.45.39:258][ 11]LogWorld: Game class is 'MyStarFoxGameModeBP_C'
[2016.02.16-13.45.39:652][ 11]LogWorld:Warning: *** WARNING - PATHS MAY NOT BE VALID ***
[2016.02.16-13.45.39:652][ 11]LogWorld: Bringing World /Game/StarterContent/Maps/UEDPIE_0_Minimal_Default.Minimal_Default up for play (max tick rate 0) at 2016.02.16-14.45.39
[2016.02.16-13.45.39:652][ 11]LogActor:Warning: GameSession /Game/StarterContent/Maps/UEDPIE_0_Minimal_Default.Minimal_Default:PersistentLevel.GameSession_0 has natively added scene component(s), but none of them were set as the actor's RootComponent - picking one arbitrarily
[2016.02.16-13.45.39:701][ 11]LogActor:Warning: GameNetworkManager /Game/StarterContent/Maps/UEDPIE_0_Minimal_Default.Minimal_Default:PersistentLevel.GameNetworkManager_0 has natively added scene component(s), but none of them were set as the actor's RootComponent - picking one arbitrarily
[2016.02.16-13.45.40:029][ 11]LogWorld: Bringing up level for play took: 0.395498
[2016.02.16-13.45.40:227][ 11]PIE: Info Play in editor start time for /Game/StarterContent/Maps/UEDPIE_0_Minimal_Default 5.029
[2016.02.16-13.45.40:227][ 11]LogBlueprintUserMessages: Late PlayInEditor Detection: Level '/Game/StarterContent/Maps/Minimal_Default.Minimal_Default:PersistentLevel' has LevelScriptBlueprint '/Game/StarterContent/Maps/Minimal_Default.Minimal_Default:PersistentLevel.Minimal_Default' with GeneratedClass '/Game/StarterContent/Maps/Minimal_Default.Minimal_Default_C' with ClassGeneratedBy '/Game/StarterContent/Maps/Minimal_Default.Minimal_Default:PersistentLevel.Minimal_Default'
[2016.02.16-13.46.07:413][ 41]LogBlueprintUserMessages: Early EndPlayMap Detection: Level '/Game/StarterContent/Maps/Minimal_Default.Minimal_Default:PersistentLevel' has LevelScriptBlueprint '/Game/StarterContent/Maps/Minimal_Default.Minimal_Default:PersistentLevel.Minimal_Default' with GeneratedClass '/Game/StarterContent/Maps/Minimal_Default.Minimal_Default_C' with ClassGeneratedBy '/Game/StarterContent/Maps/Minimal_Default.Minimal_Default:PersistentLevel.Minimal_Default'
[2016.02.16-13.46.07:648][ 41]LogBlueprintUserMessages: Late EndPlayMap Detection: Level '/Game/StarterContent/Maps/Minimal_Default.Minimal_Default:PersistentLevel' has LevelScriptBlueprint '/Game/StarterContent/Maps/Minimal_Default.Minimal_Default:PersistentLevel.Minimal_Default' with GeneratedClass '/Game/StarterContent/Maps/Minimal_Default.Minimal_Default_C' with ClassGeneratedBy '/Game/StarterContent/Maps/Minimal_Default.Minimal_Default:PersistentLevel.Minimal_Default'
[2016.02.16-13.46.07:711][ 41]LogParticles: Destroying 0 GPU particle simulations for FXSystem 0x0000021120401760
[2016.02.16-13.46.08:535][109]LogBlueprintUserMessages: Early PlayInEditor Detection: Level '/Game/StarterContent/Maps/Minimal_Default.Minimal_Default:PersistentLevel' has LevelScriptBlueprint '/Game/StarterContent/Maps/Minimal_Default.Minimal_Default:PersistentLevel.Minimal_Default' with GeneratedClass '/Game/StarterContent/Maps/Minimal_Default.Minimal_Default_C' with ClassGeneratedBy '/Game/StarterContent/Maps/Minimal_Default.Minimal_Default:PersistentLevel.Minimal_Default'
[2016.02.16-13.46.08:536][109]LogPlayLevel: PlayLevel: No blueprints needed recompiling
[2016.02.16-13.46.08:536][109]PIE: New page: PIE session: Minimal_Default (Feb 16, 2016, 3:46:08 PM)
[2016.02.16-13.46.08:536][109]LogPlayLevel: Creating play world package: /Game/StarterContent/Maps/UEDPIE_0_Minimal_Default
[2016.02.16-13.46.08:545][109]LogPlayLevel: PIE: StaticDuplicateObject took: (0.008768s)
[2016.02.16-13.46.08:545][109]LogAIModule: Creating AISystem for world Minimal_Default
[2016.02.16-13.46.08:545][109]LogPlayLevel: PIE: World Init took: (0.000619s)
[2016.02.16-13.46.08:545][109]LogPlayLevel: PIE: Created PIE world by copying editor world from /Game/StarterContent/Maps/Minimal_Default.Minimal_Default to /Game/StarterContent/Maps/UEDPIE_0_Minimal_Default.Minimal_Default (0.009570s)
[2016.02.16-13.46.08:557][109]LogInit: XAudio2 using 'Högtalare (Logitech G35 Headset)' : 2 channels at 44.1 kHz using 16 bits per sample (channel mask 0x3)
[2016.02.16-13.46.08:562][109]LogInit: FAudioDevice initialized.
[2016.02.16-13.46.08:596][109]LogWorld: Game class is 'MyStarFoxGameModeBP_C'
[2016.02.16-13.46.08:601][109]LogWorld:Warning: *** WARNING - PATHS MAY NOT BE VALID ***
[2016.02.16-13.46.08:601][109]LogWorld: Bringing World /Game/StarterContent/Maps/UEDPIE_0_Minimal_Default.Minimal_Default up for play (max tick rate 0) at 2016.02.16-14.46.08
[2016.02.16-13.46.08:601][109]LogActor:Warning: GameSession /Game/StarterContent/Maps/UEDPIE_0_Minimal_Default.Minimal_Default:PersistentLevel.GameSession_1 has natively added scene component(s), but none of them were set as the actor's RootComponent - picking one arbitrarily
[2016.02.16-13.46.08:601][109]LogActor:Warning: GameNetworkManager /Game/StarterContent/Maps/UEDPIE_0_Minimal_Default.Minimal_Default:PersistentLevel.GameNetworkManager_1 has natively added scene component(s), but none of them were set as the actor's RootComponent - picking one arbitrarily
[2016.02.16-13.46.08:603][109]LogWorld: Bringing up level for play took: 0.006145
[2016.02.16-13.46.08:604][109]PIE: Info Play in editor start time for /Game/StarterContent/Maps/UEDPIE_0_Minimal_Default -0.587
[2016.02.16-13.46.08:605][109]LogBlueprintUserMessages: Late PlayInEditor Detection: Level '/Game/StarterContent/Maps/Minimal_Default.Minimal_Default:PersistentLevel' has LevelScriptBlueprint '/Game/StarterContent/Maps/Minimal_Default.Minimal_Default:PersistentLevel.Minimal_Default' with GeneratedClass '/Game/StarterContent/Maps/Minimal_Default.Minimal_Default_C' with ClassGeneratedBy '/Game/StarterContent/Maps/Minimal_Default.Minimal_Default:PersistentLevel.Minimal_Default'
[2016.02.16-13.46.35:081][278]LogBlueprintUserMessages: Early EndPlayMap Detection: Level '/Game/StarterContent/Maps/Minimal_Default.Minimal_Default:PersistentLevel' has LevelScriptBlueprint '/Game/StarterContent/Maps/Minimal_Default.Minimal_Default:PersistentLevel.Minimal_Default' with GeneratedClass '/Game/StarterContent/Maps/Minimal_Default.Minimal_Default_C' with ClassGeneratedBy '/Game/StarterContent/Maps/Minimal_Default.Minimal_Default:PersistentLevel.Minimal_Default'
[2016.02.16-13.46.35:110][278]LogBlueprintUserMessages: Late EndPlayMap Detection: Level '/Game/StarterContent/Maps/Minimal_Default.Minimal_Default:PersistentLevel' has LevelScriptBlueprint '/Game/StarterContent/Maps/Minimal_Default.Minimal_Default:PersistentLevel.Minimal_Default' with GeneratedClass '/Game/StarterContent/Maps/Minimal_Default.Minimal_Default_C' with ClassGeneratedBy '/Game/StarterContent/Maps/Minimal_Default.Minimal_Default:PersistentLevel.Minimal_Default'
[2016.02.16-13.46.35:139][279]LogParticles: Destroying 0 GPU particle simulations for FXSystem 0x0000021104628E00
[2016.02.16-13.46.38:130][599]LogVSAccessor:Warning: Couldn't access Visual Studio
[2016.02.16-13.46.38:165][599]Recompiling StarFox...
[2016.02.16-13.46.38:174][599]Launching UnrealBuildTool... [D:/Programs/Epic Games/4.9/Engine/Binaries/DotNET/UnrealBuildTool.exe StarFox -ModuleWithSuffix StarFox 5765 Win64 Development -editorrecompile -canskiplink "C:/Users/snabel/Documents/GitHub/StarWingururur/StarFox/StarFox.uproject" -rocket  -rocket]
[2016.02.16-13.46.38:175][599]Warning: Starting HotReload took  0.1s.
[2016.02.16-13.46.41:616][992]CompilerResultsLog: New page: Compilation - Feb 16, 2016, 3:46:41 PM
[2016.02.16-13.46.41:625][992]CompilerResultsLog: Info Creating makefile for hot reloading StarFox (.uproject file is newer)
[2016.02.16-13.46.41:625][992]CompilerResultsLog: Info Compiling game modules for hot reload
[2016.02.16-13.46.41:625][992]CompilerResultsLog: Info Target is up to date.
[2016.02.16-13.46.41:625][992]LogMainFrame: MainFrame: Module compiling took 3.487 seconds
[2016.02.16-13.46.56:928][807]LogBlueprintUserMessages: Early PlayInEditor Detection: Level '/Game/StarterContent/Maps/Minimal_Default.Minimal_Default:PersistentLevel' has LevelScriptBlueprint '/Game/StarterContent/Maps/Minimal_Default.Minimal_Default:PersistentLevel.Minimal_Default' with GeneratedClass '/Game/StarterContent/Maps/Minimal_Default.Minimal_Default_C' with ClassGeneratedBy '/Game/StarterContent/Maps/Minimal_Default.Minimal_Default:PersistentLevel.Minimal_Default'
[2016.02.16-13.46.56:928][807]LogPlayLevel: PlayLevel: No blueprints needed recompiling
[2016.02.16-13.46.56:928][807]PIE: New page: PIE session: Minimal_Default (Feb 16, 2016, 3:46:56 PM)
[2016.02.16-13.46.56:929][807]LogPlayLevel: Creating play world package: /Game/StarterContent/Maps/UEDPIE_0_Minimal_Default
[2016.02.16-13.46.56:937][807]LogPlayLevel: PIE: StaticDuplicateObject took: (0.008607s)
[2016.02.16-13.46.56:938][807]LogAIModule: Creating AISystem for world Minimal_Default
[2016.02.16-13.46.56:938][807]LogPlayLevel: PIE: World Init took: (0.000679s)
[2016.02.16-13.46.56:938][807]LogPlayLevel: PIE: Created PIE world by copying editor world from /Game/StarterContent/Maps/Minimal_Default.Minimal_Default to /Game/StarterContent/Maps/UEDPIE_0_Minimal_Default.Minimal_Default (0.009494s)
[2016.02.16-13.46.56:938][807]LogActorComponent: UnregisterComponent: (/Engine/Transient.MoveComp) Not registered. Aborting.
[2016.02.16-13.46.56:961][807]LogInit: XAudio2 using 'Högtalare (Logitech G35 Headset)' : 2 channels at 44.1 kHz using 16 bits per sample (channel mask 0x3)
[2016.02.16-13.46.56:966][807]LogInit: FAudioDevice initialized.
[2016.02.16-13.46.57:003][807]LogWorld: Game class is 'MyStarFoxGameModeBP_C'
[2016.02.16-13.46.57:008][807]LogWorld:Warning: *** WARNING - PATHS MAY NOT BE VALID ***
[2016.02.16-13.46.57:008][807]LogWorld: Bringing World /Game/StarterContent/Maps/UEDPIE_0_Minimal_Default.Minimal_Default up for play (max tick rate 0) at 2016.02.16-14.46.57
[2016.02.16-13.46.57:008][807]LogActor:Warning: GameSession /Game/StarterContent/Maps/UEDPIE_0_Minimal_Default.Minimal_Default:PersistentLevel.GameSession_2 has natively added scene component(s), but none of them were set as the actor's RootComponent - picking one arbitrarily
[2016.02.16-13.46.57:008][807]LogActor:Warning: GameNetworkManager /Game/StarterContent/Maps/UEDPIE_0_Minimal_Default.Minimal_Default:PersistentLevel.GameNetworkManager_2 has natively added scene component(s), but none of them were set as the actor's RootComponent - picking one arbitrarily
[2016.02.16-13.46.57:010][807]LogWorld: Bringing up level for play took: 0.006309
[2016.02.16-13.46.57:011][807]PIE: Info Play in editor start time for /Game/StarterContent/Maps/UEDPIE_0_Minimal_Default -0.18
[2016.02.16-13.46.57:012][807]LogBlueprintUserMessages: Late PlayInEditor Detection: Level '/Game/StarterContent/Maps/Minimal_Default.Minimal_Default:PersistentLevel' has LevelScriptBlueprint '/Game/StarterContent/Maps/Minimal_Default.Minimal_Default:PersistentLevel.Minimal_Default' with GeneratedClass '/Game/StarterContent/Maps/Minimal_Default.Minimal_Default_C' with ClassGeneratedBy '/Game/StarterContent/Maps/Minimal_Default.Minimal_Default:PersistentLevel.Minimal_Default'
[2016.02.16-13.47.03:011][524]LogBlueprintUserMessages: Early EndPlayMap Detection: Level '/Game/StarterContent/Maps/Minimal_Default.Minimal_Default:PersistentLevel' has LevelScriptBlueprint '/Game/StarterContent/Maps/Minimal_Default.Minimal_Default:PersistentLevel.Minimal_Default' with GeneratedClass '/Game/StarterContent/Maps/Minimal_Default.Minimal_Default_C' with ClassGeneratedBy '/Game/StarterContent/Maps/Minimal_Default.Minimal_Default:PersistentLevel.Minimal_Default'
[2016.02.16-13.47.03:040][524]LogBlueprintUserMessages: Late EndPlayMap Detection: Level '/Game/StarterContent/Maps/Minimal_Default.Minimal_Default:PersistentLevel' has LevelScriptBlueprint '/Game/StarterContent/Maps/Minimal_Default.Minimal_Default:PersistentLevel.Minimal_Default' with GeneratedClass '/Game/StarterContent/Maps/Minimal_Default.Minimal_Default_C' with ClassGeneratedBy '/Game/StarterContent/Maps/Minimal_Default.Minimal_Default:PersistentLevel.Minimal_Default'
[2016.02.16-13.47.03:050][524]LogParticles: Destroying 0 GPU particle simulations for FXSystem 0x00000211206258A0
[2016.02.16-13.47.04:738][722]LogVSAccessor:Warning: Couldn't access Visual Studio
[2016.02.16-13.47.04:740][722]Recompiling StarFox...
[2016.02.16-13.47.04:741][722]Launching UnrealBuildTool... [D:/Programs/Epic Games/4.9/Engine/Binaries/DotNET/UnrealBuildTool.exe StarFox -ModuleWithSuffix StarFox 6371 Win64 Development -editorrecompile -canskiplink "C:/Users/snabel/Documents/GitHub/StarWingururur/StarFox/StarFox.uproject" -rocket  -rocket]
[2016.02.16-13.47.04:742][722]Warning: Starting HotReload took  0.0s.
[2016.02.16-13.47.05:306][771]CompilerResultsLog: New page: Compilation - Feb 16, 2016, 3:47:05 PM
[2016.02.16-13.47.05:306][771]CompilerResultsLog: Info Compiling game modules for hot reload
[2016.02.16-13.47.05:306][771]CompilerResultsLog: Info Target is up to date.
[2016.02.16-13.47.05:306][771]LogMainFrame: MainFrame: Module compiling took 0.568 seconds
[2016.02.16-15.54.19:852][178]LogBlueprintUserMessages: Early PlayInEditor Detection: Level '/Game/StarterContent/Maps/Minimal_Default.Minimal_Default:PersistentLevel' has LevelScriptBlueprint '/Game/StarterContent/Maps/Minimal_Default.Minimal_Default:PersistentLevel.Minimal_Default' with GeneratedClass '/Game/StarterContent/Maps/Minimal_Default.Minimal_Default_C' with ClassGeneratedBy '/Game/StarterContent/Maps/Minimal_Default.Minimal_Default:PersistentLevel.Minimal_Default'
[2016.02.16-15.54.19:853][178]LogPlayLevel: PlayLevel: No blueprints needed recompiling
[2016.02.16-15.54.19:853][178]PIE: New page: PIE session: Minimal_Default (Feb 16, 2016, 5:54:19 PM)
[2016.02.16-15.54.19:854][178]LogPlayLevel: Creating play world package: /Game/StarterContent/Maps/UEDPIE_0_Minimal_Default
[2016.02.16-15.54.19:879][178]LogPlayLevel: PIE: StaticDuplicateObject took: (0.024961s)
[2016.02.16-15.54.19:882][178]LogAIModule: Creating AISystem for world Minimal_Default
[2016.02.16-15.54.19:883][178]LogPlayLevel: PIE: World Init took: (0.003500s)
[2016.02.16-15.54.19:883][178]LogPlayLevel: PIE: Created PIE world by copying editor world from /Game/StarterContent/Maps/Minimal_Default.Minimal_Default to /Game/StarterContent/Maps/UEDPIE_0_Minimal_Default.Minimal_Default (0.029583s)
[2016.02.16-15.54.19:884][178]LogActorComponent: UnregisterComponent: (/Engine/Transient.MoveComp) Not registered. Aborting.
[2016.02.16-15.54.19:911][178]LogInit: XAudio2 using 'Högtalare (Logitech G35 Headset)' : 2 channels at 44.1 kHz using 16 bits per sample (channel mask 0x3)
[2016.02.16-15.54.19:919][178]LogInit: FAudioDevice initialized.
[2016.02.16-15.54.19:953][178]LogWorld: Game class is 'MyStarFoxGameModeBP_C'
[2016.02.16-15.54.19:959][178]LogWorld:Warning: *** WARNING - PATHS MAY NOT BE VALID ***
[2016.02.16-15.54.19:959][178]LogWorld: Bringing World /Game/StarterContent/Maps/UEDPIE_0_Minimal_Default.Minimal_Default up for play (max tick rate 0) at 2016.02.16-16.54.19
[2016.02.16-15.54.19:959][178]LogActor:Warning: GameSession /Game/StarterContent/Maps/UEDPIE_0_Minimal_Default.Minimal_Default:PersistentLevel.GameSession_3 has natively added scene component(s), but none of them were set as the actor's RootComponent - picking one arbitrarily
[2016.02.16-15.54.19:959][178]LogActor:Warning: GameNetworkManager /Game/StarterContent/Maps/UEDPIE_0_Minimal_Default.Minimal_Default:PersistentLevel.GameNetworkManager_3 has natively added scene component(s), but none of them were set as the actor's RootComponent - picking one arbitrarily
[2016.02.16-15.54.19:961][178]LogWorld: Bringing up level for play took: 0.006698
[2016.02.16-15.54.19:963][178]PIE: Info Play in editor start time for /Game/StarterContent/Maps/UEDPIE_0_Minimal_Default 0.772
[2016.02.16-15.54.19:964][178]LogBlueprintUserMessages: Late PlayInEditor Detection: Level '/Game/StarterContent/Maps/Minimal_Default.Minimal_Default:PersistentLevel' has LevelScriptBlueprint '/Game/StarterContent/Maps/Minimal_Default.Minimal_Default:PersistentLevel.Minimal_Default' with GeneratedClass '/Game/StarterContent/Maps/Minimal_Default.Minimal_Default_C' with ClassGeneratedBy '/Game/StarterContent/Maps/Minimal_Default.Minimal_Default:PersistentLevel.Minimal_Default'
[2016.02.16-15.55.03:360][380]LogBlueprintUserMessages: Early EndPlayMap Detection: Level '/Game/StarterContent/Maps/Minimal_Default.Minimal_Default:PersistentLevel' has LevelScriptBlueprint '/Game/StarterContent/Maps/Minimal_Default.Minimal_Default:PersistentLevel.Minimal_Default' with GeneratedClass '/Game/StarterContent/Maps/Minimal_Default.Minimal_Default_C' with ClassGeneratedBy '/Game/StarterContent/Maps/Minimal_Default.Minimal_Default:PersistentLevel.Minimal_Default'
[2016.02.16-15.55.03:391][380]LogBlueprintUserMessages: Late EndPlayMap Detection: Level '/Game/StarterContent/Maps/Minimal_Default.Minimal_Default:PersistentLevel' has LevelScriptBlueprint '/Game/StarterContent/Maps/Minimal_Default.Minimal_Default:PersistentLevel.Minimal_Default' with GeneratedClass '/Game/StarterContent/Maps/Minimal_Default.Minimal_Default_C' with ClassGeneratedBy '/Game/StarterContent/Maps/Minimal_Default.Minimal_Default:PersistentLevel.Minimal_Default'
[2016.02.16-15.55.03:402][380]LogParticles: Destroying 0 GPU particle simulations for FXSystem 0x0000021120627B00
[2016.02.16-15.55.12:085][289]LogVSAccessor:Warning: Visual Studio is open but could not be queried - it may be blocked by a modal operation
[2016.02.16-15.55.13:868][290]LogVSAccessor:Warning: Couldn't goto line number '0' in 'C:/Users/snabel/Documents/GitHub/StarWingururur/StarFox/Source/StarFox/Bullet.h'
[2016.02.16-15.55.13:986][290]LogVSAccessor:Warning: Couldn't goto line number '0' in 'C:/Users/snabel/Documents/GitHub/StarWingururur/StarFox/Source/StarFox/Bullet.cpp'
[2016.02.16-15.55.23:732][480]Recompiling StarFox...
[2016.02.16-15.55.23:733][480]Launching UnrealBuildTool... [D:/Programs/Epic Games/4.9/Engine/Binaries/DotNET/UnrealBuildTool.exe StarFox -ModuleWithSuffix StarFox 5087 Win64 Development -editorrecompile -canskiplink "C:/Users/snabel/Documents/GitHub/StarWingururur/StarFox/StarFox.uproject" -rocket  -rocket]
[2016.02.16-15.55.23:734][480]Warning: Starting HotReload took  0.0s.
[2016.02.16-15.55.26:753][824]CompilerResultsLog: New page: Compilation - Feb 16, 2016, 5:55:26 PM
[2016.02.16-15.55.26:753][824]CompilerResultsLog: Info Compiling game modules for hot reload
[2016.02.16-15.55.26:753][824]CompilerResultsLog: Info Performing 2 actions (4 in parallel)
[2016.02.16-15.55.26:753][824]CompilerResultsLog: Info Bullet.cpp
[2016.02.16-15.55.26:753][824]CompilerResultsLog: Info [2/2] Link UE4Editor-StarFox-5087.dll
[2016.02.16-15.55.26:753][824]CompilerResultsLog: Info    Creating library C:\Users\snabel\Documents\GitHub\StarWingururur\StarFox\Intermediate/Build/Win64\UE4Editor\Development\UE4Editor-StarFox-5087.lib and object C:\Users\snabel\Documents\GitHub\StarWingururur\StarFox\Intermediate/Build/Win64\UE4Editor\Development\UE4Editor-StarFox-5087.exp
[2016.02.16-15.55.26:753][824]CompilerResultsLog: Info -------- End Detailed Actions Stats -----------------------------------------------------------
[2016.02.16-15.55.26:753][824]CompilerResultsLog: Info Total build time: 2,93 seconds
[2016.02.16-15.55.26:753][824]LogMainFrame: MainFrame: Module compiling took 3.024 seconds
[2016.02.16-15.55.26:753][824]LogActorComponent: UnregisterComponent: (/Engine/Transient.MoveComp) Not registered. Aborting.
[2016.02.16-15.55.26:818][824]LogHotReload: Re-instancing Bullet after hot-reload.
[2016.02.16-15.55.27:222][824]LogContentBrowser: Native class hierarchy updated for 'StarFox' in 0.0029 seconds. Added 5 classes and 2 folders.
[2016.02.16-15.55.27:225][824]Warning: HotReload successful (4 functions remapped  0 scriptstructs remapped)
[2016.02.16-15.55.27:321][824]LogContentBrowser: Native class hierarchy populated in 0.0134 seconds. Added 1873 classes and 337 folders.
[2016.02.16-15.55.27:950][895]LogBlueprintUserMessages: Early PlayInEditor Detection: Level '/Game/StarterContent/Maps/Minimal_Default.Minimal_Default:PersistentLevel' has LevelScriptBlueprint '/Game/StarterContent/Maps/Minimal_Default.Minimal_Default:PersistentLevel.Minimal_Default' with GeneratedClass '/Game/StarterContent/Maps/Minimal_Default.Minimal_Default_C' with ClassGeneratedBy '/Game/StarterContent/Maps/Minimal_Default.Minimal_Default:PersistentLevel.Minimal_Default'
[2016.02.16-15.55.27:950][895]LogPlayLevel: PlayLevel: No blueprints needed recompiling
[2016.02.16-15.55.27:950][895]PIE: New page: PIE session: Minimal_Default (Feb 16, 2016, 5:55:27 PM)
[2016.02.16-15.55.27:950][895]LogPlayLevel: Creating play world package: /Game/StarterContent/Maps/UEDPIE_0_Minimal_Default
[2016.02.16-15.55.27:959][895]LogPlayLevel: PIE: StaticDuplicateObject took: (0.009297s)
[2016.02.16-15.55.27:961][895]LogAIModule: Creating AISystem for world Minimal_Default
[2016.02.16-15.55.27:961][895]LogPlayLevel: PIE: World Init took: (0.001053s)
[2016.02.16-15.55.27:961][895]LogPlayLevel: PIE: Created PIE world by copying editor world from /Game/StarterContent/Maps/Minimal_Default.Minimal_Default to /Game/StarterContent/Maps/UEDPIE_0_Minimal_Default.Minimal_Default (0.010534s)
[2016.02.16-15.55.28:003][895]LogInit: XAudio2 using 'Högtalare (Logitech G35 Headset)' : 2 channels at 44.1 kHz using 16 bits per sample (channel mask 0x3)
[2016.02.16-15.55.28:008][895]LogInit: FAudioDevice initialized.
[2016.02.16-15.55.28:044][895]LogWorld: Game class is 'MyStarFoxGameModeBP_C'
[2016.02.16-15.55.28:050][895]LogWorld:Warning: *** WARNING - PATHS MAY NOT BE VALID ***
[2016.02.16-15.55.28:050][895]LogWorld: Bringing World /Game/StarterContent/Maps/UEDPIE_0_Minimal_Default.Minimal_Default up for play (max tick rate 0) at 2016.02.16-16.55.28
[2016.02.16-15.55.28:050][895]LogActor:Warning: GameSession /Game/StarterContent/Maps/UEDPIE_0_Minimal_Default.Minimal_Default:PersistentLevel.GameSession_4 has natively added scene component(s), but none of them were set as the actor's RootComponent - picking one arbitrarily
[2016.02.16-15.55.28:050][895]LogActor:Warning: GameNetworkManager /Game/StarterContent/Maps/UEDPIE_0_Minimal_Default.Minimal_Default:PersistentLevel.GameNetworkManager_4 has natively added scene component(s), but none of them were set as the actor's RootComponent - picking one arbitrarily
[2016.02.16-15.55.28:052][895]LogWorld: Bringing up level for play took: 0.006388
[2016.02.16-15.55.28:053][895]PIE: Info Play in editor start time for /Game/StarterContent/Maps/UEDPIE_0_Minimal_Default 0.861
[2016.02.16-15.55.28:053][895]LogBlueprintUserMessages: Late PlayInEditor Detection: Level '/Game/StarterContent/Maps/Minimal_Default.Minimal_Default:PersistentLevel' has LevelScriptBlueprint '/Game/StarterContent/Maps/Minimal_Default.Minimal_Default:PersistentLevel.Minimal_Default' with GeneratedClass '/Game/StarterContent/Maps/Minimal_Default.Minimal_Default_C' with ClassGeneratedBy '/Game/StarterContent/Maps/Minimal_Default.Minimal_Default:PersistentLevel.Minimal_Default'
[2016.02.16-15.55.48:071][294]LogBlueprintUserMessages: Early EndPlayMap Detection: Level '/Game/StarterContent/Maps/Minimal_Default.Minimal_Default:PersistentLevel' has LevelScriptBlueprint '/Game/StarterContent/Maps/Minimal_Default.Minimal_Default:PersistentLevel.Minimal_Default' with GeneratedClass '/Game/StarterContent/Maps/Minimal_Default.Minimal_Default_C' with ClassGeneratedBy '/Game/StarterContent/Maps/Minimal_Default.Minimal_Default:PersistentLevel.Minimal_Default'
[2016.02.16-15.55.48:098][294]LogBlueprintUserMessages: Late EndPlayMap Detection: Level '/Game/StarterContent/Maps/Minimal_Default.Minimal_Default:PersistentLevel' has LevelScriptBlueprint '/Game/StarterContent/Maps/Minimal_Default.Minimal_Default:PersistentLevel.Minimal_Default' with GeneratedClass '/Game/StarterContent/Maps/Minimal_Default.Minimal_Default_C' with ClassGeneratedBy '/Game/StarterContent/Maps/Minimal_Default.Minimal_Default:PersistentLevel.Minimal_Default'
[2016.02.16-15.55.48:108][294]LogParticles: Destroying 0 GPU particle simulations for FXSystem 0x000002112E325BC0
[2016.02.16-15.55.55:082][580]Recompiling StarFox...
[2016.02.16-15.55.55:082][580]Launching UnrealBuildTool... [D:/Programs/Epic Games/4.9/Engine/Binaries/DotNET/UnrealBuildTool.exe StarFox -ModuleWithSuffix StarFox 4746 Win64 Development -editorrecompile -canskiplink "C:/Users/snabel/Documents/GitHub/StarWingururur/StarFox/StarFox.uproject" -rocket  -rocket]
[2016.02.16-15.55.55:083][580]Warning: Starting HotReload took  0.0s.
[2016.02.16-15.55.57:595][863]CompilerResultsLog: New page: Compilation - Feb 16, 2016, 5:55:57 PM
[2016.02.16-15.55.57:595][863]CompilerResultsLog: Info Compiling game modules for hot reload
[2016.02.16-15.55.57:595][863]CompilerResultsLog: Info Performing 2 actions (4 in parallel)
[2016.02.16-15.55.57:595][863]CompilerResultsLog: Info Bullet.cpp
[2016.02.16-15.55.57:595][863]CompilerResultsLog: Info [2/2] Link UE4Editor-StarFox-4746.dll
[2016.02.16-15.55.57:595][863]CompilerResultsLog: Info    Creating library C:\Users\snabel\Documents\GitHub\StarWingururur\StarFox\Intermediate/Build/Win64\UE4Editor\Development\UE4Editor-StarFox-4746.lib and object C:\Users\snabel\Documents\GitHub\StarWingururur\StarFox\Intermediate/Build/Win64\UE4Editor\Development\UE4Editor-StarFox-4746.exp
[2016.02.16-15.55.57:595][863]CompilerResultsLog: Info -------- End Detailed Actions Stats -----------------------------------------------------------
[2016.02.16-15.55.57:595][863]CompilerResultsLog: Info Total build time: 2,46 seconds
[2016.02.16-15.55.57:595][863]LogMainFrame: MainFrame: Module compiling took 2.516 seconds
[2016.02.16-15.55.57:625][863]LogHotReload: Re-instancing Bullet after hot-reload.
[2016.02.16-15.55.57:676][863]LogContentBrowser: Native class hierarchy updated for 'StarFox' in 0.0010 seconds. Added 5 classes and 2 folders.
[2016.02.16-15.55.57:678][863]Warning: HotReload successful (4 functions remapped  0 scriptstructs remapped)
[2016.02.16-15.55.57:731][863]LogContentBrowser: Native class hierarchy populated in 0.0068 seconds. Added 1873 classes and 337 folders.
[2016.02.16-15.56.04:820][653]LogLinker:Warning: Asset '../../../Engine/Content/ArtTools/RenderToTexture/Macros/RenderToTextureMacros.uasset' has been saved with empty engine version. The asset will be loaded but may be incompatible.
[2016.02.16-15.56.05:843][653]LogContentBrowser: Native class hierarchy updated for 'BlueprintGraph' in 0.0044 seconds. Added 107 classes and 0 folders.
[2016.02.16-15.57.43:981][144]LogVSAccessor:Warning: Couldn't goto line number '0' in 'C:/Users/snabel/Documents/GitHub/StarWingururur/StarFox/Source/StarFox/PawnWithCamera.h'
[2016.02.16-15.57.44:033][144]LogVSAccessor:Warning: Couldn't goto line number '0' in 'C:/Users/snabel/Documents/GitHub/StarWingururur/StarFox/Source/StarFox/PawnWithCamera.cpp'
[2016.02.16-15.57.46:677][454]LogVSAccessor:Warning: Couldn't goto line number '0' in 'C:/Users/snabel/Documents/GitHub/StarWingururur/StarFox/Source/StarFox/StarFoxGameMode.h'
[2016.02.16-15.57.46:729][454]LogVSAccessor:Warning: Couldn't goto line number '0' in 'C:/Users/snabel/Documents/GitHub/StarWingururur/StarFox/Source/StarFox/StarFoxGameMode.cpp'
[2016.02.16-15.58.36:922][767]Recompiling StarFox...
[2016.02.16-15.58.36:922][767]Launching UnrealBuildTool... [D:/Programs/Epic Games/4.9/Engine/Binaries/DotNET/UnrealBuildTool.exe StarFox -ModuleWithSuffix StarFox 8172 Win64 Development -editorrecompile -canskiplink "C:/Users/snabel/Documents/GitHub/StarWingururur/StarFox/StarFox.uproject" -rocket  -rocket]
[2016.02.16-15.58.36:923][767]Warning: Starting HotReload took  0.0s.
[2016.02.16-15.58.40:286][151]CompilerResultsLog: New page: Compilation - Feb 16, 2016, 5:58:40 PM
[2016.02.16-15.58.40:298][151]CompilerResultsLog: Info Compiling game modules for hot reload
[2016.02.16-15.58.40:298][151]CompilerResultsLog: Info Performing 2 actions (4 in parallel)
[2016.02.16-15.58.40:298][151]CompilerResultsLog: Info PawnWithCamera.cpp
[2016.02.16-15.58.40:298][151]CompilerResultsLog:Error: Error c:\users\snabel\documents\github\starwingururur\starfox\source\starfox\PawnWithCamera.h(47)  : warning C4263: 'void APawnWithCamera::TakeDamage(void)' : member function does not override any base class virtual member function
[2016.02.16-15.58.40:298][151]CompilerResultsLog:Error: Error c:\users\snabel\documents\github\starwingururur\starfox\source\starfox\PawnWithCamera.h(115)  : warning C4264: 'float APawn::TakeDamage(float,const FDamageEvent &,AController *,AActor *)' : no override available for virtual member function from base 'APawn'; function is hidden
[2016.02.16-15.58.40:298][151]CompilerResultsLog: Info          D:\Programs\Epic Games\4.9\Engine\Source\Runtime\Engine\Classes\GameFramework/Pawn.h(216)  : see declaration of 'APawn::TakeDamage'
[2016.02.16-15.58.40:298][151]CompilerResultsLog: Info          D:\Programs\Epic Games\4.9\Engine\Source\Runtime\Engine\Classes\GameFramework/Pawn.h(31)  : see declaration of 'APawn'
[2016.02.16-15.58.40:298][151]CompilerResultsLog: Info [2/2] Link UE4Editor-StarFox-8172.dll
[2016.02.16-15.58.40:298][151]CompilerResultsLog: Info    Creating library C:\Users\snabel\Documents\GitHub\StarWingururur\StarFox\Intermediate/Build/Win64\UE4Editor\Development\UE4Editor-StarFox-8172.lib and object C:\Users\snabel\Documents\GitHub\StarWingururur\StarFox\Intermediate/Build/Win64\UE4Editor\Development\UE4Editor-StarFox-8172.exp
[2016.02.16-15.58.40:298][151]CompilerResultsLog: Info -------- End Detailed Actions Stats -----------------------------------------------------------
[2016.02.16-15.58.40:298][151]CompilerResultsLog: Info Total build time: 3,25 seconds
[2016.02.16-15.58.40:298][151]LogMainFrame: MainFrame: Module compiling took 3.379 seconds
[2016.02.16-15.58.40:299][151]LogActorComponent: UnregisterComponent: (/Engine/Transient.MoveComp) Not registered. Aborting.
[2016.02.16-15.58.40:371][151]LogContentBrowser: Native class hierarchy updated for 'StarFox' in 0.0009 seconds. Added 5 classes and 2 folders.
[2016.02.16-15.58.40:373][151]Warning: HotReload successful (4 functions remapped  0 scriptstructs remapped)
[2016.02.16-15.58.40:738][151]LogContentBrowser: Native class hierarchy populated in 0.0066 seconds. Added 1873 classes and 337 folders.
[2016.02.16-15.58.41:153][196]LogBlueprintUserMessages: Early PlayInEditor Detection: Level '/Game/StarterContent/Maps/Minimal_Default.Minimal_Default:PersistentLevel' has LevelScriptBlueprint '/Game/StarterContent/Maps/Minimal_Default.Minimal_Default:PersistentLevel.Minimal_Default' with GeneratedClass '/Game/StarterContent/Maps/Minimal_Default.Minimal_Default_C' with ClassGeneratedBy '/Game/StarterContent/Maps/Minimal_Default.Minimal_Default:PersistentLevel.Minimal_Default'
[2016.02.16-15.58.41:154][196]LogPlayLevel: PlayLevel: No blueprints needed recompiling
[2016.02.16-15.58.41:154][196]PIE: New page: PIE session: Minimal_Default (Feb 16, 2016, 5:58:41 PM)
[2016.02.16-15.58.41:154][196]LogPlayLevel: Creating play world package: /Game/StarterContent/Maps/UEDPIE_0_Minimal_Default
[2016.02.16-15.58.41:163][196]LogPlayLevel: PIE: StaticDuplicateObject took: (0.009368s)
[2016.02.16-15.58.41:174][196]LogAIModule: Creating AISystem for world Minimal_Default
[2016.02.16-15.58.41:174][196]LogPlayLevel: PIE: World Init took: (0.011397s)
[2016.02.16-15.58.41:174][196]LogPlayLevel: PIE: Created PIE world by copying editor world from /Game/StarterContent/Maps/Minimal_Default.Minimal_Default to /Game/StarterContent/Maps/UEDPIE_0_Minimal_Default.Minimal_Default (0.020926s)
[2016.02.16-15.58.41:211][196]LogInit: XAudio2 using 'Högtalare (Logitech G35 Headset)' : 2 channels at 44.1 kHz using 16 bits per sample (channel mask 0x3)
[2016.02.16-15.58.41:216][196]LogInit: FAudioDevice initialized.
[2016.02.16-15.58.41:247][196]LogWorld: Game class is 'MyStarFoxGameModeBP_C'
[2016.02.16-15.58.41:253][196]LogWorld:Warning: *** WARNING - PATHS MAY NOT BE VALID ***
[2016.02.16-15.58.41:253][196]LogWorld: Bringing World /Game/StarterContent/Maps/UEDPIE_0_Minimal_Default.Minimal_Default up for play (max tick rate 0) at 2016.02.16-16.58.41
[2016.02.16-15.58.41:253][196]LogActor:Warning: GameSession /Game/StarterContent/Maps/UEDPIE_0_Minimal_Default.Minimal_Default:PersistentLevel.GameSession_5 has natively added scene component(s), but none of them were set as the actor's RootComponent - picking one arbitrarily
[2016.02.16-15.58.41:253][196]LogActor:Warning: GameNetworkManager /Game/StarterContent/Maps/UEDPIE_0_Minimal_Default.Minimal_Default:PersistentLevel.GameNetworkManager_5 has natively added scene component(s), but none of them were set as the actor's RootComponent - picking one arbitrarily
[2016.02.16-15.58.41:255][196]LogWorld: Bringing up level for play took: 0.006127
[2016.02.16-15.58.41:256][196]PIE: Info Play in editor start time for /Game/StarterContent/Maps/UEDPIE_0_Minimal_Default 0.064
[2016.02.16-15.58.41:256][196]LogBlueprintUserMessages: Late PlayInEditor Detection: Level '/Game/StarterContent/Maps/Minimal_Default.Minimal_Default:PersistentLevel' has LevelScriptBlueprint '/Game/StarterContent/Maps/Minimal_Default.Minimal_Default:PersistentLevel.Minimal_Default' with GeneratedClass '/Game/StarterContent/Maps/Minimal_Default.Minimal_Default_C' with ClassGeneratedBy '/Game/StarterContent/Maps/Minimal_Default.Minimal_Default:PersistentLevel.Minimal_Default'
[2016.02.16-15.58.48:770][ 75]LogBlueprintUserMessages: Early EndPlayMap Detection: Level '/Game/StarterContent/Maps/Minimal_Default.Minimal_Default:PersistentLevel' has LevelScriptBlueprint '/Game/StarterContent/Maps/Minimal_Default.Minimal_Default:PersistentLevel.Minimal_Default' with GeneratedClass '/Game/StarterContent/Maps/Minimal_Default.Minimal_Default_C' with ClassGeneratedBy '/Game/StarterContent/Maps/Minimal_Default.Minimal_Default:PersistentLevel.Minimal_Default'
[2016.02.16-15.58.48:802][ 75]LogBlueprintUserMessages: Late EndPlayMap Detection: Level '/Game/StarterContent/Maps/Minimal_Default.Minimal_Default:PersistentLevel' has LevelScriptBlueprint '/Game/StarterContent/Maps/Minimal_Default.Minimal_Default:PersistentLevel.Minimal_Default' with GeneratedClass '/Game/StarterContent/Maps/Minimal_Default.Minimal_Default_C' with ClassGeneratedBy '/Game/StarterContent/Maps/Minimal_Default.Minimal_Default:PersistentLevel.Minimal_Default'
[2016.02.16-15.58.48:826][ 75]LogParticles: Destroying 0 GPU particle simulations for FXSystem 0x000002115B4DA020
[2016.02.16-15.58.57:146][364]Recompiling StarFox...
[2016.02.16-15.58.57:146][364]Launching UnrealBuildTool... [D:/Programs/Epic Games/4.9/Engine/Binaries/DotNET/UnrealBuildTool.exe StarFox -ModuleWithSuffix StarFox 9559 Win64 Development -editorrecompile -canskiplink "C:/Users/snabel/Documents/GitHub/StarWingururur/StarFox/StarFox.uproject" -rocket  -rocket]
[2016.02.16-15.58.57:147][364]Warning: Starting HotReload took  0.0s.
[2016.02.16-15.58.59:961][682]CompilerResultsLog: New page: Compilation - Feb 16, 2016, 5:58:59 PM
[2016.02.16-15.58.59:962][682]CompilerResultsLog: Info Compiling game modules for hot reload
[2016.02.16-15.58.59:962][682]CompilerResultsLog: Info Performing 2 actions (4 in parallel)
[2016.02.16-15.58.59:962][682]CompilerResultsLog: Info PawnWithCamera.cpp
[2016.02.16-15.58.59:962][682]CompilerResultsLog:Error: Error c:\users\snabel\documents\github\starwingururur\starfox\source\starfox\PawnWithCamera.h(47)  : warning C4263: 'void APawnWithCamera::TakeDamage(void)' : member function does not override any base class virtual member function
[2016.02.16-15.58.59:962][682]CompilerResultsLog:Error: Error c:\users\snabel\documents\github\starwingururur\starfox\source\starfox\PawnWithCamera.h(115)  : warning C4264: 'float APawn::TakeDamage(float,const FDamageEvent &,AController *,AActor *)' : no override available for virtual member function from base 'APawn'; function is hidden
[2016.02.16-15.58.59:962][682]CompilerResultsLog: Info          D:\Programs\Epic Games\4.9\Engine\Source\Runtime\Engine\Classes\GameFramework/Pawn.h(216)  : see declaration of 'APawn::TakeDamage'
[2016.02.16-15.58.59:962][682]CompilerResultsLog: Info          D:\Programs\Epic Games\4.9\Engine\Source\Runtime\Engine\Classes\GameFramework/Pawn.h(31)  : see declaration of 'APawn'
[2016.02.16-15.58.59:962][682]CompilerResultsLog: Info [2/2] Link UE4Editor-StarFox-9559.dll
[2016.02.16-15.58.59:962][682]CompilerResultsLog: Info    Creating library C:\Users\snabel\Documents\GitHub\StarWingururur\StarFox\Intermediate/Build/Win64\UE4Editor\Development\UE4Editor-StarFox-9559.lib and object C:\Users\snabel\Documents\GitHub\StarWingururur\StarFox\Intermediate/Build/Win64\UE4Editor\Development\UE4Editor-StarFox-9559.exp
[2016.02.16-15.58.59:962][682]CompilerResultsLog: Info -------- End Detailed Actions Stats -----------------------------------------------------------
[2016.02.16-15.58.59:962][682]CompilerResultsLog: Info Total build time: 2,77 seconds
[2016.02.16-15.58.59:962][682]LogMainFrame: MainFrame: Module compiling took 2.819 seconds
[2016.02.16-15.59.00:018][682]LogContentBrowser: Native class hierarchy updated for 'StarFox' in 0.0009 seconds. Added 5 classes and 2 folders.
[2016.02.16-15.59.00:021][682]Warning: HotReload successful (4 functions remapped  0 scriptstructs remapped)
[2016.02.16-15.59.00:407][682]LogContentBrowser: Native class hierarchy populated in 0.0068 seconds. Added 1873 classes and 337 folders.
[2016.02.16-15.59.00:785][724]LogBlueprintUserMessages: Early PlayInEditor Detection: Level '/Game/StarterContent/Maps/Minimal_Default.Minimal_Default:PersistentLevel' has LevelScriptBlueprint '/Game/StarterContent/Maps/Minimal_Default.Minimal_Default:PersistentLevel.Minimal_Default' with GeneratedClass '/Game/StarterContent/Maps/Minimal_Default.Minimal_Default_C' with ClassGeneratedBy '/Game/StarterContent/Maps/Minimal_Default.Minimal_Default:PersistentLevel.Minimal_Default'
[2016.02.16-15.59.00:785][724]LogPlayLevel: PlayLevel: No blueprints needed recompiling
[2016.02.16-15.59.00:785][724]PIE: New page: PIE session: Minimal_Default (Feb 16, 2016, 5:59:00 PM)
[2016.02.16-15.59.00:785][724]LogPlayLevel: Creating play world package: /Game/StarterContent/Maps/UEDPIE_0_Minimal_Default
[2016.02.16-15.59.00:794][724]LogPlayLevel: PIE: StaticDuplicateObject took: (0.009073s)
[2016.02.16-15.59.00:795][724]LogAIModule: Creating AISystem for world Minimal_Default
[2016.02.16-15.59.00:795][724]LogPlayLevel: PIE: World Init took: (0.000604s)
[2016.02.16-15.59.00:795][724]LogPlayLevel: PIE: Created PIE world by copying editor world from /Game/StarterContent/Maps/Minimal_Default.Minimal_Default to /Game/StarterContent/Maps/UEDPIE_0_Minimal_Default.Minimal_Default (0.009854s)
[2016.02.16-15.59.00:847][724]LogInit: XAudio2 using 'Högtalare (Logitech G35 Headset)' : 2 channels at 44.1 kHz using 16 bits per sample (channel mask 0x3)
[2016.02.16-15.59.00:851][724]LogInit: FAudioDevice initialized.
[2016.02.16-15.59.00:884][724]LogWorld: Game class is 'MyStarFoxGameModeBP_C'
[2016.02.16-15.59.00:889][724]LogWorld:Warning: *** WARNING - PATHS MAY NOT BE VALID ***
[2016.02.16-15.59.00:889][724]LogWorld: Bringing World /Game/StarterContent/Maps/UEDPIE_0_Minimal_Default.Minimal_Default up for play (max tick rate 0) at 2016.02.16-16.59.00
[2016.02.16-15.59.00:889][724]LogActor:Warning: GameSession /Game/StarterContent/Maps/UEDPIE_0_Minimal_Default.Minimal_Default:PersistentLevel.GameSession_6 has natively added scene component(s), but none of them were set as the actor's RootComponent - picking one arbitrarily
[2016.02.16-15.59.00:889][724]LogActor:Warning: GameNetworkManager /Game/StarterContent/Maps/UEDPIE_0_Minimal_Default.Minimal_Default:PersistentLevel.GameNetworkManager_6 has natively added scene component(s), but none of them were set as the actor's RootComponent - picking one arbitrarily
[2016.02.16-15.59.00:891][724]LogWorld: Bringing up level for play took: 0.006116
[2016.02.16-15.59.00:892][724]PIE: Info Play in editor start time for /Game/StarterContent/Maps/UEDPIE_0_Minimal_Default -0.299
[2016.02.16-15.59.00:893][724]LogBlueprintUserMessages: Late PlayInEditor Detection: Level '/Game/StarterContent/Maps/Minimal_Default.Minimal_Default:PersistentLevel' has LevelScriptBlueprint '/Game/StarterContent/Maps/Minimal_Default.Minimal_Default:PersistentLevel.Minimal_Default' with GeneratedClass '/Game/StarterContent/Maps/Minimal_Default.Minimal_Default_C' with ClassGeneratedBy '/Game/StarterContent/Maps/Minimal_Default.Minimal_Default:PersistentLevel.Minimal_Default'
[2016.02.16-15.59.08:381][597]LogBlueprintUserMessages: Early EndPlayMap Detection: Level '/Game/StarterContent/Maps/Minimal_Default.Minimal_Default:PersistentLevel' has LevelScriptBlueprint '/Game/StarterContent/Maps/Minimal_Default.Minimal_Default:PersistentLevel.Minimal_Default' with GeneratedClass '/Game/StarterContent/Maps/Minimal_Default.Minimal_Default_C' with ClassGeneratedBy '/Game/StarterContent/Maps/Minimal_Default.Minimal_Default:PersistentLevel.Minimal_Default'
[2016.02.16-15.59.08:412][597]LogBlueprintUserMessages: Late EndPlayMap Detection: Level '/Game/StarterContent/Maps/Minimal_Default.Minimal_Default:PersistentLevel' has LevelScriptBlueprint '/Game/StarterContent/Maps/Minimal_Default.Minimal_Default:PersistentLevel.Minimal_Default' with GeneratedClass '/Game/StarterContent/Maps/Minimal_Default.Minimal_Default_C' with ClassGeneratedBy '/Game/StarterContent/Maps/Minimal_Default.Minimal_Default:PersistentLevel.Minimal_Default'
[2016.02.16-15.59.08:448][597]LogParticles: Destroying 0 GPU particle simulations for FXSystem 0x00000211468674C0
[2016.02.16-15.59.25:292][931]Recompiling StarFox...
[2016.02.16-15.59.25:292][931]Launching UnrealBuildTool... [D:/Programs/Epic Games/4.9/Engine/Binaries/DotNET/UnrealBuildTool.exe StarFox -ModuleWithSuffix StarFox 5867 Win64 Development -editorrecompile -canskiplink "C:/Users/snabel/Documents/GitHub/StarWingururur/StarFox/StarFox.uproject" -rocket  -rocket]
[2016.02.16-15.59.25:293][931]Warning: Starting HotReload took  0.0s.
[2016.02.16-15.59.28:122][250]CompilerResultsLog: New page: Compilation - Feb 16, 2016, 5:59:28 PM
[2016.02.16-15.59.28:123][250]CompilerResultsLog: Info Compiling game modules for hot reload
[2016.02.16-15.59.28:123][250]CompilerResultsLog: Info Performing 2 actions (4 in parallel)
[2016.02.16-15.59.28:123][250]CompilerResultsLog: Info PawnWithCamera.cpp
[2016.02.16-15.59.28:123][250]CompilerResultsLog:Error: Error c:\users\snabel\documents\github\starwingururur\starfox\source\starfox\PawnWithCamera.h(47)  : warning C4263: 'void APawnWithCamera::TakeDamage(void)' : member function does not override any base class virtual member function
[2016.02.16-15.59.28:123][250]CompilerResultsLog:Error: Error c:\users\snabel\documents\github\starwingururur\starfox\source\starfox\PawnWithCamera.h(115)  : warning C4264: 'float APawn::TakeDamage(float,const FDamageEvent &,AController *,AActor *)' : no override available for virtual member function from base 'APawn'; function is hidden
[2016.02.16-15.59.28:123][250]CompilerResultsLog: Info          D:\Programs\Epic Games\4.9\Engine\Source\Runtime\Engine\Classes\GameFramework/Pawn.h(216)  : see declaration of 'APawn::TakeDamage'
[2016.02.16-15.59.28:123][250]CompilerResultsLog: Info          D:\Programs\Epic Games\4.9\Engine\Source\Runtime\Engine\Classes\GameFramework/Pawn.h(31)  : see declaration of 'APawn'
[2016.02.16-15.59.28:123][250]CompilerResultsLog: Info [2/2] Link UE4Editor-StarFox-5867.dll
[2016.02.16-15.59.28:123][250]CompilerResultsLog: Info    Creating library C:\Users\snabel\Documents\GitHub\StarWingururur\StarFox\Intermediate/Build/Win64\UE4Editor\Development\UE4Editor-StarFox-5867.lib and object C:\Users\snabel\Documents\GitHub\StarWingururur\StarFox\Intermediate/Build/Win64\UE4Editor\Development\UE4Editor-StarFox-5867.exp
[2016.02.16-15.59.28:123][250]CompilerResultsLog: Info -------- End Detailed Actions Stats -----------------------------------------------------------
[2016.02.16-15.59.28:123][250]CompilerResultsLog: Info Total build time: 2,78 seconds
[2016.02.16-15.59.28:123][250]LogMainFrame: MainFrame: Module compiling took 2.833 seconds
[2016.02.16-15.59.28:182][250]LogContentBrowser: Native class hierarchy updated for 'StarFox' in 0.0009 seconds. Added 5 classes and 2 folders.
[2016.02.16-15.59.28:185][250]Warning: HotReload successful (4 functions remapped  0 scriptstructs remapped)
[2016.02.16-15.59.28:568][250]LogContentBrowser: Native class hierarchy populated in 0.0066 seconds. Added 1873 classes and 337 folders.
[2016.02.16-15.59.28:979][296]LogBlueprintUserMessages: Early PlayInEditor Detection: Level '/Game/StarterContent/Maps/Minimal_Default.Minimal_Default:PersistentLevel' has LevelScriptBlueprint '/Game/StarterContent/Maps/Minimal_Default.Minimal_Default:PersistentLevel.Minimal_Default' with GeneratedClass '/Game/StarterContent/Maps/Minimal_Default.Minimal_Default_C' with ClassGeneratedBy '/Game/StarterContent/Maps/Minimal_Default.Minimal_Default:PersistentLevel.Minimal_Default'
[2016.02.16-15.59.28:979][296]LogPlayLevel: PlayLevel: No blueprints needed recompiling
[2016.02.16-15.59.28:979][296]PIE: New page: PIE session: Minimal_Default (Feb 16, 2016, 5:59:28 PM)
[2016.02.16-15.59.28:979][296]LogPlayLevel: Creating play world package: /Game/StarterContent/Maps/UEDPIE_0_Minimal_Default
[2016.02.16-15.59.28:989][296]LogPlayLevel: PIE: StaticDuplicateObject took: (0.009202s)
[2016.02.16-15.59.28:989][296]LogAIModule: Creating AISystem for world Minimal_Default
[2016.02.16-15.59.28:989][296]LogPlayLevel: PIE: World Init took: (0.000827s)
[2016.02.16-15.59.28:989][296]LogPlayLevel: PIE: Created PIE world by copying editor world from /Game/StarterContent/Maps/Minimal_Default.Minimal_Default to /Game/StarterContent/Maps/UEDPIE_0_Minimal_Default.Minimal_Default (0.010233s)
[2016.02.16-15.59.29:042][296]LogInit: XAudio2 using 'Högtalare (Logitech G35 Headset)' : 2 channels at 44.1 kHz using 16 bits per sample (channel mask 0x3)
[2016.02.16-15.59.29:046][296]LogInit: FAudioDevice initialized.
[2016.02.16-15.59.29:082][296]LogWorld: Game class is 'MyStarFoxGameModeBP_C'
[2016.02.16-15.59.29:087][296]LogWorld:Warning: *** WARNING - PATHS MAY NOT BE VALID ***
[2016.02.16-15.59.29:087][296]LogWorld: Bringing World /Game/StarterContent/Maps/UEDPIE_0_Minimal_Default.Minimal_Default up for play (max tick rate 0) at 2016.02.16-16.59.29
[2016.02.16-15.59.29:087][296]LogActor:Warning: GameSession /Game/StarterContent/Maps/UEDPIE_0_Minimal_Default.Minimal_Default:PersistentLevel.GameSession_7 has natively added scene component(s), but none of them were set as the actor's RootComponent - picking one arbitrarily
[2016.02.16-15.59.29:087][296]LogActor:Warning: GameNetworkManager /Game/StarterContent/Maps/UEDPIE_0_Minimal_Default.Minimal_Default:PersistentLevel.GameNetworkManager_7 has natively added scene component(s), but none of them were set as the actor's RootComponent - picking one arbitrarily
[2016.02.16-15.59.29:089][296]LogWorld: Bringing up level for play took: 0.005797
[2016.02.16-15.59.29:090][296]PIE: Info Play in editor start time for /Game/StarterContent/Maps/UEDPIE_0_Minimal_Default -0.101
[2016.02.16-15.59.29:090][296]LogBlueprintUserMessages: Late PlayInEditor Detection: Level '/Game/StarterContent/Maps/Minimal_Default.Minimal_Default:PersistentLevel' has LevelScriptBlueprint '/Game/StarterContent/Maps/Minimal_Default.Minimal_Default:PersistentLevel.Minimal_Default' with GeneratedClass '/Game/StarterContent/Maps/Minimal_Default.Minimal_Default_C' with ClassGeneratedBy '/Game/StarterContent/Maps/Minimal_Default.Minimal_Default:PersistentLevel.Minimal_Default'
[2016.02.16-15.59.43:342][870]LogBlueprintUserMessages: Early EndPlayMap Detection: Level '/Game/StarterContent/Maps/Minimal_Default.Minimal_Default:PersistentLevel' has LevelScriptBlueprint '/Game/StarterContent/Maps/Minimal_Default.Minimal_Default:PersistentLevel.Minimal_Default' with GeneratedClass '/Game/StarterContent/Maps/Minimal_Default.Minimal_Default_C' with ClassGeneratedBy '/Game/StarterContent/Maps/Minimal_Default.Minimal_Default:PersistentLevel.Minimal_Default'
[2016.02.16-15.59.43:374][870]LogBlueprintUserMessages: Late EndPlayMap Detection: Level '/Game/StarterContent/Maps/Minimal_Default.Minimal_Default:PersistentLevel' has LevelScriptBlueprint '/Game/StarterContent/Maps/Minimal_Default.Minimal_Default:PersistentLevel.Minimal_Default' with GeneratedClass '/Game/StarterContent/Maps/Minimal_Default.Minimal_Default_C' with ClassGeneratedBy '/Game/StarterContent/Maps/Minimal_Default.Minimal_Default:PersistentLevel.Minimal_Default'
[2016.02.16-15.59.43:408][870]LogParticles: Destroying 0 GPU particle simulations for FXSystem 0x000002115C2EB9C0
[2016.02.16-15.59.45:857][157]LogBlueprintUserMessages: Early PlayInEditor Detection: Level '/Game/StarterContent/Maps/Minimal_Default.Minimal_Default:PersistentLevel' has LevelScriptBlueprint '/Game/StarterContent/Maps/Minimal_Default.Minimal_Default:PersistentLevel.Minimal_Default' with GeneratedClass '/Game/StarterContent/Maps/Minimal_Default.Minimal_Default_C' with ClassGeneratedBy '/Game/StarterContent/Maps/Minimal_Default.Minimal_Default:PersistentLevel.Minimal_Default'
[2016.02.16-15.59.45:857][157]LogPlayLevel: PlayLevel: No blueprints needed recompiling
[2016.02.16-15.59.45:857][157]PIE: New page: PIE session: Minimal_Default (Feb 16, 2016, 5:59:45 PM)
[2016.02.16-15.59.45:857][157]LogPlayLevel: Creating play world package: /Game/StarterContent/Maps/UEDPIE_0_Minimal_Default
[2016.02.16-15.59.45:866][157]LogPlayLevel: PIE: StaticDuplicateObject took: (0.008996s)
[2016.02.16-15.59.45:867][157]LogAIModule: Creating AISystem for world Minimal_Default
[2016.02.16-15.59.45:867][157]LogPlayLevel: PIE: World Init took: (0.000591s)
[2016.02.16-15.59.45:867][157]LogPlayLevel: PIE: Created PIE world by copying editor world from /Game/StarterContent/Maps/Minimal_Default.Minimal_Default to /Game/StarterContent/Maps/UEDPIE_0_Minimal_Default.Minimal_Default (0.009782s)
[2016.02.16-15.59.45:896][157]LogInit: XAudio2 using 'Högtalare (Logitech G35 Headset)' : 2 channels at 44.1 kHz using 16 bits per sample (channel mask 0x3)
[2016.02.16-15.59.45:900][157]LogInit: FAudioDevice initialized.
[2016.02.16-15.59.45:931][157]LogWorld: Game class is 'MyStarFoxGameModeBP_C'
[2016.02.16-15.59.45:936][157]LogWorld:Warning: *** WARNING - PATHS MAY NOT BE VALID ***
[2016.02.16-15.59.45:936][157]LogWorld: Bringing World /Game/StarterContent/Maps/UEDPIE_0_Minimal_Default.Minimal_Default up for play (max tick rate 0) at 2016.02.16-16.59.45
[2016.02.16-15.59.45:936][157]LogActor:Warning: GameSession /Game/StarterContent/Maps/UEDPIE_0_Minimal_Default.Minimal_Default:PersistentLevel.GameSession_8 has natively added scene component(s), but none of them were set as the actor's RootComponent - picking one arbitrarily
[2016.02.16-15.59.45:936][157]LogActor:Warning: GameNetworkManager /Game/StarterContent/Maps/UEDPIE_0_Minimal_Default.Minimal_Default:PersistentLevel.GameNetworkManager_8 has natively added scene component(s), but none of them were set as the actor's RootComponent - picking one arbitrarily
[2016.02.16-15.59.45:938][157]LogWorld: Bringing up level for play took: 0.006087
[2016.02.16-15.59.45:939][157]PIE: Info Play in editor start time for /Game/StarterContent/Maps/UEDPIE_0_Minimal_Default 0.748
[2016.02.16-15.59.45:939][157]LogBlueprintUserMessages: Late PlayInEditor Detection: Level '/Game/StarterContent/Maps/Minimal_Default.Minimal_Default:PersistentLevel' has LevelScriptBlueprint '/Game/StarterContent/Maps/Minimal_Default.Minimal_Default:PersistentLevel.Minimal_Default' with GeneratedClass '/Game/StarterContent/Maps/Minimal_Default.Minimal_Default_C' with ClassGeneratedBy '/Game/StarterContent/Maps/Minimal_Default.Minimal_Default:PersistentLevel.Minimal_Default'
[2016.02.16-15.59.57:917][591]LogBlueprintUserMessages: Early EndPlayMap Detection: Level '/Game/StarterContent/Maps/Minimal_Default.Minimal_Default:PersistentLevel' has LevelScriptBlueprint '/Game/StarterContent/Maps/Minimal_Default.Minimal_Default:PersistentLevel.Minimal_Default' with GeneratedClass '/Game/StarterContent/Maps/Minimal_Default.Minimal_Default_C' with ClassGeneratedBy '/Game/StarterContent/Maps/Minimal_Default.Minimal_Default:PersistentLevel.Minimal_Default'
[2016.02.16-15.59.57:952][591]LogBlueprintUserMessages: Late EndPlayMap Detection: Level '/Game/StarterContent/Maps/Minimal_Default.Minimal_Default:PersistentLevel' has LevelScriptBlueprint '/Game/StarterContent/Maps/Minimal_Default.Minimal_Default:PersistentLevel.Minimal_Default' with GeneratedClass '/Game/StarterContent/Maps/Minimal_Default.Minimal_Default_C' with ClassGeneratedBy '/Game/StarterContent/Maps/Minimal_Default.Minimal_Default:PersistentLevel.Minimal_Default'
[2016.02.16-15.59.57:976][591]LogParticles: Destroying 0 GPU particle simulations for FXSystem 0x0000021159D1EFC0
[2016.02.16-16.00.17:762][197]LogVSAccessor:Warning: Couldn't goto line number '0' in 'C:/Users/snabel/Documents/GitHub/StarWingururur/StarFox/Source/StarFox/ring.h'
[2016.02.16-16.00.17:827][197]LogVSAccessor:Warning: Couldn't goto line number '0' in 'C:/Users/snabel/Documents/GitHub/StarWingururur/StarFox/Source/StarFox/ring.cpp'
[2016.02.16-16.00.44:922][498]Recompiling StarFox...
[2016.02.16-16.00.44:922][498]Launching UnrealBuildTool... [D:/Programs/Epic Games/4.9/Engine/Binaries/DotNET/UnrealBuildTool.exe StarFox -ModuleWithSuffix StarFox 3285 Win64 Development -editorrecompile -canskiplink "C:/Users/snabel/Documents/GitHub/StarWingururur/StarFox/StarFox.uproject" -rocket  -rocket]
[2016.02.16-16.00.44:923][498]Warning: Starting HotReload took  0.0s.
[2016.02.16-16.00.47:811][825]CompilerResultsLog: New page: Compilation - Feb 16, 2016, 6:00:47 PM
[2016.02.16-16.00.47:811][825]CompilerResultsLog: Info Compiling game modules for hot reload
[2016.02.16-16.00.47:811][825]CompilerResultsLog: Info Performing 2 actions (4 in parallel)
[2016.02.16-16.00.47:811][825]CompilerResultsLog: Info ring.cpp
[2016.02.16-16.00.47:811][825]CompilerResultsLog:Error: Error c:\users\snabel\documents\github\starwingururur\starfox\source\starfox\PawnWithCamera.h(47)  : warning C4263: 'void APawnWithCamera::TakeDamage(void)' : member function does not override any base class virtual member function
[2016.02.16-16.00.47:811][825]CompilerResultsLog:Error: Error c:\users\snabel\documents\github\starwingururur\starfox\source\starfox\PawnWithCamera.h(115)  : warning C4264: 'float APawn::TakeDamage(float,const FDamageEvent &,AController *,AActor *)' : no override available for virtual member function from base 'APawn'; function is hidden
[2016.02.16-16.00.47:811][825]CompilerResultsLog: Info          D:\Programs\Epic Games\4.9\Engine\Source\Runtime\Engine\Classes\GameFramework/Pawn.h(216)  : see declaration of 'APawn::TakeDamage'
[2016.02.16-16.00.47:811][825]CompilerResultsLog: Info          D:\Programs\Epic Games\4.9\Engine\Source\Runtime\Engine\Classes\GameFramework/Pawn.h(31)  : see declaration of 'APawn'
[2016.02.16-16.00.47:811][825]CompilerResultsLog: Info [2/2] Link UE4Editor-StarFox-3285.dll
[2016.02.16-16.00.47:811][825]CompilerResultsLog: Info    Creating library C:\Users\snabel\Documents\GitHub\StarWingururur\StarFox\Intermediate/Build/Win64\UE4Editor\Development\UE4Editor-StarFox-3285.lib and object C:\Users\snabel\Documents\GitHub\StarWingururur\StarFox\Intermediate/Build/Win64\UE4Editor\Development\UE4Editor-StarFox-3285.exp
[2016.02.16-16.00.47:811][825]CompilerResultsLog: Info -------- End Detailed Actions Stats -----------------------------------------------------------
[2016.02.16-16.00.47:811][825]CompilerResultsLog: Info Total build time: 2,85 seconds
[2016.02.16-16.00.47:811][825]LogMainFrame: MainFrame: Module compiling took 2.892 seconds
[2016.02.16-16.00.47:872][825]LogContentBrowser: Native class hierarchy updated for 'StarFox' in 0.0009 seconds. Added 5 classes and 2 folders.
[2016.02.16-16.00.47:875][825]Warning: HotReload successful (4 functions remapped  0 scriptstructs remapped)
[2016.02.16-16.00.48:265][825]LogContentBrowser: Native class hierarchy populated in 0.0070 seconds. Added 1873 classes and 337 folders.
[2016.02.16-16.01.54:871][758]BlueprintLog: New page: Compile RingBP
[2016.02.16-16.01.54:963][758]LogUObjectGlobals:Warning: Guid is in use by SceneComponent /Game/StarterContent/Maps/Minimal_Default.Minimal_Default:PersistentLevel.RingBP_C_2.Root and SceneComponent /Game/StarterContent/Maps/Minimal_Default.Minimal_Default:PersistentLevel.RingBP_C_0.Root, which should never happen in the editor but could happen at runtime with duplicate level loading or PIE
[2016.02.16-16.01.54:963][758]LogUObjectGlobals:Warning: Guid is in use by StaticMeshComponent /Game/StarterContent/Maps/Minimal_Default.Minimal_Default:PersistentLevel.RingBP_C_2.Ring and StaticMeshComponent /Game/StarterContent/Maps/Minimal_Default.Minimal_Default:PersistentLevel.RingBP_C_0.Ring, which should never happen in the editor but could happen at runtime with duplicate level loading or PIE
[2016.02.16-16.01.54:963][758]LogUObjectGlobals:Warning: Guid is in use by BoxComponent /Game/StarterContent/Maps/Minimal_Default.Minimal_Default:PersistentLevel.RingBP_C_2.Trigger and BoxComponent /Game/StarterContent/Maps/Minimal_Default.Minimal_Default:PersistentLevel.RingBP_C_0.Trigger, which should never happen in the editor but could happen at runtime with duplicate level loading or PIE
[2016.02.16-16.01.54:983][758]LogUObjectGlobals:Warning: Guid is in use by SceneComponent /Game/StarterContent/Maps/Minimal_Default.Minimal_Default:PersistentLevel.RingBP_C_3.Root and SceneComponent /Game/StarterContent/Maps/Minimal_Default.Minimal_Default:PersistentLevel.RingBP_C_1.Root, which should never happen in the editor but could happen at runtime with duplicate level loading or PIE
[2016.02.16-16.01.54:984][758]LogUObjectGlobals:Warning: Guid is in use by StaticMeshComponent /Game/StarterContent/Maps/Minimal_Default.Minimal_Default:PersistentLevel.RingBP_C_3.Ring and StaticMeshComponent /Game/StarterContent/Maps/Minimal_Default.Minimal_Default:PersistentLevel.RingBP_C_1.Ring, which should never happen in the editor but could happen at runtime with duplicate level loading or PIE
[2016.02.16-16.01.54:984][758]LogUObjectGlobals:Warning: Guid is in use by BoxComponent /Game/StarterContent/Maps/Minimal_Default.Minimal_Default:PersistentLevel.RingBP_C_3.Trigger and BoxComponent /Game/StarterContent/Maps/Minimal_Default.Minimal_Default:PersistentLevel.RingBP_C_1.Trigger, which should never happen in the editor but could happen at runtime with duplicate level loading or PIE
[2016.02.16-16.01.55:114][758]LogActorComponent: UnregisterComponent: (/Engine/Transient.MoveComp) Not registered. Aborting.
[2016.02.16-16.02.00:404][758]LogCrashTracker: 


[2016.02.16-16.02.00:487][758]LogCrashTracker: 


[2016.02.16-16.02.00:487][758]LogWindows: === Critical error: ===
Fatal error!



[2016.02.16-16.02.00:593][758]LogExit: Executing StaticShutdownAfterError
[2016.02.16-16.02.00:927][758]LogPhysics:Warning: PHYSX: ..\..\PhysX\src\NpScene.cpp (2946) 8 : PxScene::unlockWrite() called without matching call to PxScene::lockWrite(), behaviour will be undefined.
[2016.02.16-16.02.00:929][758]LogPhysics:Warning: PHYSX: ..\..\PhysX\src\NpScene.cpp (2946) 8 : PxScene::unlockWrite() called without matching call to PxScene::lockWrite(), behaviour will be undefined.
[2016.02.16-16.02.00:929][758]LogPhysics:Warning: PHYSX: ..\..\PhysX\src\NpScene.cpp (2946) 8 : PxScene::unlockWrite() called without matching call to PxScene::lockWrite(), behaviour will be undefined.
[2016.02.16-16.02.00:929][758]LogPhysics:Warning: PHYSX: ..\..\PhysX\src\NpScene.cpp (2946) 8 : PxScene::unlockWrite() called without matching call to PxScene::lockWrite(), behaviour will be undefined.
[2016.02.16-16.02.00:930][758]LogPhysics:Warning: PHYSX: ..\..\PhysX\src\NpScene.cpp (2946) 8 : PxScene::unlockWrite() called without matching call to PxScene::lockWrite(), behaviour will be undefined.
[2016.02.16-16.02.00:930][758]LogPhysics:Warning: PHYSX: ..\..\PhysX\src\NpScene.cpp (2946) 8 : PxScene::unlockWrite() called without matching call to PxScene::lockWrite(), behaviour will be undefined.
[2016.02.16-16.02.00:930][758]LogPhysics:Warning: PHYSX: ..\..\PhysX\src\NpScene.cpp (2946) 8 : PxScene::unlockWrite() called without matching call to PxScene::lockWrite(), behaviour will be undefined.
[2016.02.16-16.02.00:930][758]LogPhysics:Warning: PHYSX: ..\..\PhysX\src\NpScene.cpp (2946) 8 : PxScene::unlockWrite() called without matching call to PxScene::lockWrite(), behaviour will be undefined.
[2016.02.16-16.02.00:930][758]LogPhysics:Warning: PHYSX: ..\..\PhysX\src\NpScene.cpp (2946) 8 : PxScene::unlockWrite() called without matching call to PxScene::lockWrite(), behaviour will be undefined.
[2016.02.16-16.02.00:930][758]LogPhysics:Warning: PHYSX: ..\..\PhysX\src\NpScene.cpp (2946) 8 : PxScene::unlockWrite() called without matching call to PxScene::lockWrite(), behaviour will be undefined.
[2016.02.16-16.02.00:930][758]LogPhysics:Warning: PHYSX: ..\..\PhysX\src\NpScene.cpp (2946) 8 : PxScene::unlockWrite() called without matching call to PxScene::lockWrite(), behaviour will be undefined.
[2016.02.16-16.02.00:930][758]LogPhysics:Warning: PHYSX: ..\..\PhysX\src\NpScene.cpp (2946) 8 : PxScene::unlockWrite() called without matching call to PxScene::lockWrite(), behaviour will be undefined.
[2016.02.16-16.02.00:980][758]LogWindows: FPlatformMisc::RequestExit(1)
[2016.02.16-16.02.00:980][758]Log file closed, 02/16/16 17:02:00
