[2016.02.15-13.05.40:408][  0]Log file open, 02/15/16 14:05:40
[2016.02.15-13.05.40:408][  0]LogInit:Display: Running engine for game: StarFox
[2016.02.15-13.05.40:408][  0]LogInit:Display: RandInit(-683695928) SRandInit(-683695927).
[2016.02.15-13.05.40:408][  0]LogTaskGraph: Started task graph with 4 named threads and 7 total threads.
[2016.02.15-13.05.40:408][  0]LogStats: Stats thread started at 0.078367
[2016.02.15-13.05.40:408][  0]LogInit: Version: 4.9.2-2707645+++depot+UE4-Releases+4.9
[2016.02.15-13.05.40:408][  0]LogInit: API Version: 2672455
[2016.02.15-13.05.40:408][  0]LogInit: Compiled (64-bit): Sep 28 2015 10:25:44
[2016.02.15-13.05.40:408][  0]LogInit: Compiled with Visual C++: 18.00.21005.01
[2016.02.15-13.05.40:408][  0]LogInit: Build Configuration: Development
[2016.02.15-13.05.40:408][  0]LogInit: Branch Name: ++depot+UE4-Releases+4.9
[2016.02.15-13.05.40:408][  0]LogInit: Command line:  
[2016.02.15-13.05.40:408][  0]LogInit: Base directory: C:/Program Files/Epic Games/4.9/Engine/Binaries/Win64/
[2016.02.15-13.05.40:408][  0]LogInit: Rocket: 1
[2016.02.15-13.05.40:419][  0]LogInit: Using libcurl 7.41.0
[2016.02.15-13.05.40:419][  0]LogInit:  - built for x86_64-pc-win32
[2016.02.15-13.05.40:419][  0]LogInit:  - supports SSL with WinSSL
[2016.02.15-13.05.40:419][  0]LogInit:  - other features:
[2016.02.15-13.05.40:419][  0]LogInit:      CURL_VERSION_SSL
[2016.02.15-13.05.40:419][  0]LogInit:      CURL_VERSION_IPV6
[2016.02.15-13.05.40:419][  0]LogInit:      CURL_VERSION_ASYNCHDNS
[2016.02.15-13.05.40:419][  0]LogInit:      CURL_VERSION_LARGEFILE
[2016.02.15-13.05.40:419][  0]LogInit:      CURL_VERSION_IDN
[2016.02.15-13.05.40:419][  0]LogInit:  CurlRequestOptions (configurable via config and command line):
[2016.02.15-13.05.40:419][  0]LogInit:  - bVerifyPeer = true  - Libcurl will verify peer certificate
[2016.02.15-13.05.40:419][  0]LogInit:  - bUseHttpProxy = false  - Libcurl will NOT use HTTP proxy
[2016.02.15-13.05.40:419][  0]LogInit:  - bDontReuseConnections = false  - Libcurl will reuse connections
[2016.02.15-13.05.40:419][  0]LogInit:  - CertBundlePath = nullptr  - Libcurl will use whatever was configured at build time.
[2016.02.15-13.05.40:426][  0]LogInit: Presizing for 0 objects not considered by GC, pre-allocating 0 bytes.
[2016.02.15-13.05.40:433][  0]LogInit: Object subsystem initialized
[2016.02.15-13.05.40:434][  0]LogInit: Selected Device Profile: [Windows]
[2016.02.15-13.05.40:434][  0]LogInit: Applying CVar settings loaded from the selected device profile: [Windows]
[2016.02.15-13.05.40:441][  0]LogInit: Computer: FIDUS
[2016.02.15-13.05.40:441][  0]LogInit: User: Niclas
[2016.02.15-13.05.40:441][  0]LogInit: CPU Page size=4096, Cores=4
[2016.02.15-13.05.40:441][  0]LogInit: High frequency timer resolution =3.386481 MHz
[2016.02.15-13.05.40:441][  0]LogMemory: Memory total: Physical=15.9GB (16GB approx)
[2016.02.15-13.05.40:441][  0]LogMemory: Platform Memory Stats for Windows
[2016.02.15-13.05.40:441][  0]LogMemory: Process Physical Memory: 54.32 MB used, 54.32 MB peak
[2016.02.15-13.05.40:441][  0]LogMemory: Process Virtual Memory: 58.24 MB used, 58.24 MB peak
[2016.02.15-13.05.40:441][  0]LogMemory: Physical Memory: 4055.09 MB used, 16332.28 MB total
[2016.02.15-13.05.40:441][  0]LogMemory: Virtual Memory: 372.15 MB used, 134217728.00 MB total
[2016.02.15-13.05.40:472][  0]LogTextLocalizationManager: No translations for ('sv-SE') exist, falling back to 'en' for localization and internationalization data.
[2016.02.15-13.05.41:111][  0]LogD3D11RHI: Found D3D11 adapter 0: AMD Radeon HD 7800 Series (Feature Level 11_0)
[2016.02.15-13.05.41:111][  0]LogD3D11RHI: Adapter has 2030MB of dedicated video memory, 0MB of dedicated system memory, and 8166MB of shared system memory, 1 output[s]
[2016.02.15-13.05.41:113][  0]LogD3D11RHI: Found D3D11 adapter 1: Microsoft Basic Render Driver (Feature Level 11_0)
[2016.02.15-13.05.41:113][  0]LogD3D11RHI: Adapter has 0MB of dedicated video memory, 0MB of dedicated system memory, and 8166MB of shared system memory, 0 output[s]
[2016.02.15-13.05.41:113][  0]LogD3D11RHI: Chosen D3D11 Adapter Id = 0
[2016.02.15-13.05.41:115][  0]LogD3D11RHI: !Direct3DDevice
[2016.02.15-13.05.41:115][  0]LogRHI: Texture pool is 1361 MB (70% of 1945 MB)
[2016.02.15-13.05.41:120][  0]LogD3D11RHI: Async texture creation disabled: no driver support
[2016.02.15-13.05.41:129][  0]LogShaderCompilers: Guid format shader working directory is 15 characters bigger than the processId version (../../../../../../Users/Niclas/Documents/GitHub/StarWingururur/StarFox/Intermediate/Shaders/WorkingDirectory/7724/).
[2016.02.15-13.05.41:129][  0]LogShaderCompilers: Cleaned the shader compiler working directory '../../../../../../Users/Niclas/Documents/GitHub/StarWingururur/StarFox/Intermediate/Shaders/tmp/5B1A155249E2699ED471D2B0968AA4F6/'.
[2016.02.15-13.05.41:129][  0]LogShaderCompilers:Display: Using Local Shader Compiler.
[2016.02.15-13.05.42:065][  0]LogTemp:Display: Loaded TP AllDesktopTargetPlatform
[2016.02.15-13.05.42:070][  0]LogTemp:Display: Loaded TP WindowsClientTargetPlatform
[2016.02.15-13.05.42:075][  0]LogTemp:Display: Loaded TP WindowsNoEditorTargetPlatform
[2016.02.15-13.05.42:080][  0]LogTemp:Display: Loaded TP WindowsServerTargetPlatform
[2016.02.15-13.05.42:085][  0]LogTemp:Display: Loaded TP WindowsTargetPlatform
[2016.02.15-13.05.42:089][  0]LogTemp:Display: Loaded TP AndroidTargetPlatform
[2016.02.15-13.05.42:092][  0]LogTemp:Display: Loaded TP Android_ASTCTargetPlatform
[2016.02.15-13.05.42:095][  0]LogTemp:Display: Loaded TP Android_ATCTargetPlatform
[2016.02.15-13.05.42:098][  0]LogTemp:Display: Loaded TP Android_DXTTargetPlatform
[2016.02.15-13.05.42:101][  0]LogTemp:Display: Loaded TP Android_ETC1TargetPlatform
[2016.02.15-13.05.42:104][  0]LogTemp:Display: Loaded TP Android_ETC2TargetPlatform
[2016.02.15-13.05.42:107][  0]LogTemp:Display: Loaded TP Android_PVRTCTargetPlatform
[2016.02.15-13.05.42:108][  0]LogTemp:Display: Loaded TP HTML5TargetPlatform
[2016.02.15-13.05.42:126][  0]LogTemp:Display: Loaded TP IOSTargetPlatform
[2016.02.15-13.05.42:129][  0]LogTemp:Display: Loaded TP LinuxNoEditorTargetPlatform
[2016.02.15-13.05.42:132][  0]LogTemp:Display: Loaded TP LinuxServerTargetPlatform
[2016.02.15-13.05.42:135][  0]LogTemp:Display: Loaded TP LinuxTargetPlatform
[2016.02.15-13.05.42:135][  0]LogTargetPlatformManager:Display: Building Assets For Windows
[2016.02.15-13.05.42:227][  0]LogDerivedDataCache:Display: Max Cache Size: 512 MB
[2016.02.15-13.05.42:260][  0]LogDerivedDataCache: Loaded boot cache 0.03s 41MB C:/Users/Niclas/AppData/Local/UnrealEngine/4.9/DerivedDataCache/Boot.ddc.
[2016.02.15-13.05.42:260][  0]LogDerivedDataCache:Display: Loaded Boot cache: C:/Users/Niclas/AppData/Local/UnrealEngine/4.9/DerivedDataCache/Boot.ddc
[2016.02.15-13.05.42:260][  0]LogDerivedDataCache: FDerivedDataBackendGraph:  Pak pak cache file ../../../../../../Users/Niclas/Documents/GitHub/StarWingururur/StarFox/DerivedDataCache/DDC.ddp not found, will not use a pak cache.
[2016.02.15-13.05.42:260][  0]LogDerivedDataCache: Unable to find inner node Pak for hierarchical cache Hierarchy.
[2016.02.15-13.05.42:260][  0]LogDerivedDataCache: FDerivedDataBackendGraph:  CompressedPak pak cache file ../../../../../../Users/Niclas/Documents/GitHub/StarWingururur/StarFox/DerivedDataCache/Compressed.ddp not found, will not use a pak cache.
[2016.02.15-13.05.42:260][  0]LogDerivedDataCache: Unable to find inner node CompressedPak for hierarchical cache Hierarchy.
[2016.02.15-13.05.42:382][  0]LogDerivedDataCache:Display: Pak cache opened for reading ../../../Engine/DerivedDataCache/Compressed.ddp.
[2016.02.15-13.05.42:394][  0]LogDerivedDataCache: Using Local data cache path C:/Users/Niclas/AppData/Local/UnrealEngine/Common/DerivedDataCache: Writable
[2016.02.15-13.05.42:577][  0]LogInit: Selected Device Profile: [Windows]
[2016.02.15-13.05.42:579][  0]LogContentStreaming: Texture pool size is 0.000000MB
[2016.02.15-13.05.42:687][  0]LogMeshUtilities: No automatic mesh reduction module available
[2016.02.15-13.05.42:687][  0]LogMeshUtilities: No automatic mesh merging module available
[2016.02.15-13.05.42:908][  0]LogInit: WinSock: version 1.1 (2.2), MaxSocks=32767, MaxUdp=65467
[2016.02.15-13.05.43:528][  0]UdpMessaging: Initializing bridge on interface 0.0.0.0:0 to multicast group 230.0.0.1:6666.
[2016.02.15-13.05.43:650][  0]LogAssetRegistry: FAssetRegistry took 0.0105 seconds to start up
[2016.02.15-13.05.43:807][  0]SourceControl: Info Source control is disabled
[2016.02.15-13.05.43:808][  0]SourceControl: Info Source control is disabled
[2016.02.15-13.05.43:822][  0]SourceControl: Info Source control is disabled
[2016.02.15-13.05.43:836][  0]SourceControl: Info Source control is disabled
[2016.02.15-13.05.44:006][  0]LogLinker:Warning: Asset '../../../Engine/Plugins/Runtime/LeapMotionController/Content/LM_PassthroughMaterial.uasset' has been saved with empty engine version. The asset will be loaded but may be incompatible.
[2016.02.15-13.05.44:095][  0]LogObj: 28418 objects as part of root set at end of initial load.
[2016.02.15-13.05.44:095][  0]LogUObjectAllocator: 6064104 out of 0 bytes used by permanent object pool.
[2016.02.15-13.05.44:145][  0]LogEngine: Initializing Engine...
[2016.02.15-13.05.44:148][  0]LogHMD: Can't find Oculus library dev build: is proper Runtime installed? Version: 0.7.0.0
[2016.02.15-13.05.44:148][  0]LogHMD: SteamVR failed to initialize.  Err: 110
[2016.02.15-13.05.44:251][  0]LogAIModule: Creating AISystem for world NewWorld
[2016.02.15-13.05.44:264][  0]LogInit: XAudio2 using '1 - BenQ GW2750H (AMD High Definition Audio Device)' : 2 channels at 48 kHz using 16 bits per sample (channel mask 0x3)
[2016.02.15-13.05.44:280][  0]LogInit: FAudioDevice initialized.
[2016.02.15-13.05.44:298][  0]LogDerivedDataCache: Saved boot cache 0.02s 41MB C:/Users/Niclas/AppData/Local/UnrealEngine/4.9/DerivedDataCache/Boot.ddc.
[2016.02.15-13.05.44:301][  0]LogInit: Texture streaming: Enabled
[2016.02.15-13.05.44:307][  0]LogAnalytics: Creating configured Analytics provider AnalyticsET
[2016.02.15-13.05.44:307][  0]LogAnalytics: [UEEditor.Rocket.Release] APIServer = http://et2.epicgames.com/ET2/. AppVersion = 4.9.2-2707645+++depot+UE4-Releases+4.9
[2016.02.15-13.05.44:307][  0]LogAnalytics: [UEEditor.Rocket.Release] SetUserId 8d5f2d8b4e520712a8f1e688fed765ab|99f216c1865e471987722078da7bde5f|50f43dcd-c54f-4aa6-a5c1-e948023fc359
[2016.02.15-13.05.44:307][  0]LogAnalytics: [UEEditor.Rocket.Release] AnalyticsET::StartSession
[2016.02.15-13.05.44:315][  0]LogWindowsTextInputMethodSystem:Display: IME system now deactivated.
[2016.02.15-13.05.44:334][  0]LogInit: Transaction tracking system initialized
[2016.02.15-13.05.44:364][  0]BlueprintLog: New page: Editor Load
[2016.02.15-13.05.44:443][  0]LocalizationService: Info Localization service is disabled
[2016.02.15-13.05.44:517][  0]LogConsoleResponse:Display: 
[2016.02.15-13.05.44:609][  0]LogCook:Display: Done creating registry. It took  0.00s.
[2016.02.15-13.05.44:672][  0]LogFileCache: Scanning file cache for directory 'C:/Users/Niclas/Documents/GitHub/StarWingururur/StarFox/Content/' took 0.01s
[2016.02.15-13.05.44:672][  0]SourceControl: Info Source control is disabled
[2016.02.15-13.05.44:672][  0]Cmd: MAP LOAD FILE="../../../../../../Users/Niclas/Documents/GitHub/StarWingururur/StarFox/Content/StarterContent/Maps/Minimal_Default.umap" TEMPLATE=0 SHOWPROGRESS=1 FEATURELEVEL=3
[2016.02.15-13.05.44:672][  0]LightingResults: New page: Lighting Build
[2016.02.15-13.05.44:675][  0]MapCheck: New page: Map Check
[2016.02.15-13.05.44:675][  0]LightingResults: New page: Lighting Build
[2016.02.15-13.05.44:683][  0]LogParticles: Destroying 0 GPU particle simulations for FXSystem 0x000001CED017AAC0
[2016.02.15-13.05.45:126][  0]LogAIModule: Creating AISystem for world Minimal_Default
[2016.02.15-13.05.45:136][  0]LogEditorServer: Finished looking for orphan Actors (0.000 secs)
[2016.02.15-13.05.45:136][  0]Cmd: MAP CHECKDEP NOCLEARLOG
[2016.02.15-13.05.45:201][  0]MapCheck: Info Map check complete: 0 Error(s), 0 Warning(s), took 65.121ms to complete.
[2016.02.15-13.05.45:201][  0]LogFileHelpers: Loading map 'Minimal_Default' took 0.530
[2016.02.15-13.05.45:295][  0]LogCollectionManager: Loaded 0 collections in 0.002210 seconds
[2016.02.15-13.05.45:336][  0]LogFileCache: Scanning file cache for directory 'C:/Users/Niclas/Documents/GitHub/StarWingururur/StarFox/Saved/Collections/' took 0.01s
[2016.02.15-13.05.45:336][  0]LogFileCache: Scanning file cache for directory 'C:/Users/Niclas/Documents/GitHub/StarWingururur/StarFox/Content/Developers/Niclas/Collections/' took 0.01s
[2016.02.15-13.05.45:336][  0]LogFileCache: Scanning file cache for directory 'C:/Users/Niclas/Documents/GitHub/StarWingururur/StarFox/Content/Collections/' took 0.01s
[2016.02.15-13.05.45:336][  0]LogContentBrowser: Native class hierarchy populated in 0.0072 seconds. Added 1872 classes and 335 folders.
[2016.02.15-13.05.45:341][  0]LogCollectionManager: Rebuilt the GUID cache for 0 collections in 0.000002 seconds
[2016.02.15-13.05.45:348][  0]LogContentBrowser: Native class hierarchy updated for 'WidgetCarousel' in 0.0014 seconds. Added 0 classes and 0 folders.
[2016.02.15-13.05.45:392][  0]LogContentBrowser: Native class hierarchy updated for 'AddContentDialog' in 0.0015 seconds. Added 0 classes and 0 folders.
[2016.02.15-13.05.45:397][  0]LogContentBrowser: Native class hierarchy updated for 'SceneOutliner' in 0.0014 seconds. Added 1 classes and 2 folders.
[2016.02.15-13.05.45:418][  0]LogCrashTracker: Crashtracker disabled due to settings.
[2016.02.15-13.05.45:422][  0]LogUObjectGlobals:Warning: Failed to find object 'Class None.'
[2016.02.15-13.05.45:444][  0]LogLoad: Full Startup: 5.98 seconds (BP compile: 0.08 seconds)
[2016.02.15-13.05.45:500][  0]LogContentStreaming: Texture pool size now 1000 MB
[2016.02.15-13.05.45:608][  0]LogRenderer: Reallocating scene render targets to support 1208x576 (Frame:2).
[2016.02.15-13.05.45:891][  3]LogAssetRegistry: Asset discovery search completed in 2.2515 seconds
[2016.02.15-13.05.45:891][  3]LogCollectionManager: Rebuilt the object cache for 0 collections in 0.000001 seconds (found 0 objects)
[2016.02.15-13.05.45:891][  3]LogCollectionManager: Fixed up redirectors for 0 collections in 0.000020 seconds (updated 0 objects)
[2016.02.15-13.06.37:077][530]Recompiling StarFox...
[2016.02.15-13.06.37:077][530]Launching UnrealBuildTool... [C:/Program Files/Epic Games/4.9/Engine/Binaries/DotNET/UnrealBuildTool.exe StarFox -ModuleWithSuffix StarFox 7268 Win64 Development -editorrecompile -canskiplink "C:/Users/Niclas/Documents/GitHub/StarWingururur/StarFox/StarFox.uproject" -rocket  -rocket]
[2016.02.15-13.06.37:079][530]Warning: Starting HotReload took  0.0s.
[2016.02.15-13.06.40:395][907]CompilerResultsLog: New page: Compilation - Feb 15, 2016, 3:06:40 PM
[2016.02.15-13.06.40:395][907]CompilerResultsLog: Info Compiling game modules for hot reload
[2016.02.15-13.06.40:395][907]CompilerResultsLog: Info Performing 2 actions (4 in parallel)
[2016.02.15-13.06.40:395][907]CompilerResultsLog: Info PawnWithCamera.cpp
[2016.02.15-13.06.40:395][907]CompilerResultsLog:Error: Error c:\users\niclas\documents\github\starwingururur\starfox\source\starfox\PawnWithCamera.h(39)  : warning C4263: 'void APawnWithCamera::TakeDamage(void)' : member function does not override any base class virtual member function
[2016.02.15-13.06.40:395][907]CompilerResultsLog:Error: Error c:\users\niclas\documents\github\starwingururur\starfox\source\starfox\PawnWithCamera.h(105)  : warning C4264: 'float APawn::TakeDamage(float,const FDamageEvent &,AController *,AActor *)' : no override available for virtual member function from base 'APawn'; function is hidden
[2016.02.15-13.06.40:395][907]CompilerResultsLog: Info          C:\Program Files\Epic Games\4.9\Engine\Source\Runtime\Engine\Classes\GameFramework/Pawn.h(216)  : see declaration of 'APawn::TakeDamage'
[2016.02.15-13.06.40:395][907]CompilerResultsLog: Info          C:\Program Files\Epic Games\4.9\Engine\Source\Runtime\Engine\Classes\GameFramework/Pawn.h(31)  : see declaration of 'APawn'
[2016.02.15-13.06.40:395][907]CompilerResultsLog: Info [2/2] Link UE4Editor-StarFox-7268.dll
[2016.02.15-13.06.40:395][907]CompilerResultsLog: Info    Creating library C:\Users\Niclas\Documents\GitHub\StarWingururur\StarFox\Intermediate/Build/Win64\UE4Editor\Development\UE4Editor-StarFox-7268.lib and object C:\Users\Niclas\Documents\GitHub\StarWingururur\StarFox\Intermediate/Build/Win64\UE4Editor\Development\UE4Editor-StarFox-7268.exp
[2016.02.15-13.06.40:395][907]CompilerResultsLog: Info -------- End Detailed Actions Stats -----------------------------------------------------------
[2016.02.15-13.06.40:395][907]CompilerResultsLog: Info Total build time: 3,25 seconds
[2016.02.15-13.06.40:395][907]LogMainFrame: MainFrame: Module compiling took 3.323 seconds
[2016.02.15-13.06.40:425][907]LogContentBrowser: Native class hierarchy updated for 'StarFox' in 0.0015 seconds. Added 5 classes and 2 folders.
[2016.02.15-13.06.40:426][907]Warning: HotReload successful (3 functions remapped  0 scriptstructs remapped)
[2016.02.15-13.06.40:482][907]LogContentBrowser: Native class hierarchy populated in 0.0074 seconds. Added 1873 classes and 337 folders.
[2016.02.15-13.06.41:302][  2]LogBlueprintUserMessages: Early PlayInEditor Detection: Level '/Game/StarterContent/Maps/Minimal_Default.Minimal_Default:PersistentLevel' has LevelScriptBlueprint '/Game/StarterContent/Maps/Minimal_Default.Minimal_Default:PersistentLevel.Minimal_Default' with GeneratedClass '/Game/StarterContent/Maps/Minimal_Default.Minimal_Default_C' with ClassGeneratedBy '/Game/StarterContent/Maps/Minimal_Default.Minimal_Default:PersistentLevel.Minimal_Default'
[2016.02.15-13.06.41:302][  2]LogPlayLevel: PlayLevel: No blueprints needed recompiling
[2016.02.15-13.06.41:302][  2]PIE: New page: PIE session: Minimal_Default (Feb 15, 2016, 3:06:41 PM)
[2016.02.15-13.06.41:302][  2]LogPlayLevel: Creating play world package: /Game/StarterContent/Maps/UEDPIE_0_Minimal_Default
[2016.02.15-13.06.41:311][  2]LogPlayLevel: PIE: StaticDuplicateObject took: (0.008796s)
[2016.02.15-13.06.41:311][  2]LogAIModule: Creating AISystem for world Minimal_Default
[2016.02.15-13.06.41:312][  2]LogPlayLevel: PIE: World Init took: (0.000629s)
[2016.02.15-13.06.41:312][  2]LogPlayLevel: PIE: Created PIE world by copying editor world from /Game/StarterContent/Maps/Minimal_Default.Minimal_Default to /Game/StarterContent/Maps/UEDPIE_0_Minimal_Default.Minimal_Default (0.009595s)
[2016.02.15-13.06.41:330][  2]LogInit: XAudio2 using '1 - BenQ GW2750H (AMD High Definition Audio Device)' : 2 channels at 48 kHz using 16 bits per sample (channel mask 0x3)
[2016.02.15-13.06.41:336][  2]LogInit: FAudioDevice initialized.
[2016.02.15-13.06.41:388][  2]LogBlueprint:Warning: [compiler SFHUD] Warning ReturnNode Exec pin has no connections on  EdGraphPin_5506 
[2016.02.15-13.06.41:389][  2]LogBlueprint:Error: [compiler SFHUD] Error The type of  Object  is undetermined.  Connect something to  Cast To PawnWithCamera  to imply a specific type.
[2016.02.15-13.06.41:389][  2]LogBlueprint:Error: [compiler SFHUD] Error The current value of the ' Object ' pin is invalid: Unsupported type Wildcard on pin Object
[2016.02.15-13.06.41:391][  2]LogBlueprint:Warning: [compiler SFHUD] Warning [0061.92] Compile of SFHUD failed. 2 Fatal Issue(s) 1 Warning(s) [in 3 ms]
[2016.02.15-13.06.41:391][  2]LogBlueprint:Warning: [compiler SFHUD] Warning [0061.92] Compile of SFHUD failed. 2 Fatal Issue(s) 2 Warning(s) [in 0 ms]
[2016.02.15-13.06.41:391][  2]LogBlueprint:Warning: [compiler SFHUD] Warning [0061.92] Compile of SFHUD failed. 2 Fatal Issue(s) 3 Warning(s) [in 0 ms]
[2016.02.15-13.06.41:399][  2]LogWorld: Game class is 'MyStarFoxGameModeBP_C'
[2016.02.15-13.06.41:407][  2]LogWorld:Warning: *** WARNING - PATHS MAY NOT BE VALID ***
[2016.02.15-13.06.41:407][  2]LogWorld: Bringing World /Game/StarterContent/Maps/UEDPIE_0_Minimal_Default.Minimal_Default up for play (max tick rate 0) at 2016.02.15-14.06.41
[2016.02.15-13.06.41:408][  2]LogActor:Warning: GameSession /Game/StarterContent/Maps/UEDPIE_0_Minimal_Default.Minimal_Default:PersistentLevel.GameSession_0 has natively added scene component(s), but none of them were set as the actor's RootComponent - picking one arbitrarily
[2016.02.15-13.06.41:408][  2]LogActor:Warning: GameNetworkManager /Game/StarterContent/Maps/UEDPIE_0_Minimal_Default.Minimal_Default:PersistentLevel.GameNetworkManager_0 has natively added scene component(s), but none of them were set as the actor's RootComponent - picking one arbitrarily
[2016.02.15-13.06.41:411][  2]LogWorld: Bringing up level for play took: 0.009500
[2016.02.15-13.06.41:412][  2]PIE: Info Play in editor start time for /Game/StarterContent/Maps/UEDPIE_0_Minimal_Default 0.29
[2016.02.15-13.06.41:412][  2]LogBlueprintUserMessages: Late PlayInEditor Detection: Level '/Game/StarterContent/Maps/Minimal_Default.Minimal_Default:PersistentLevel' has LevelScriptBlueprint '/Game/StarterContent/Maps/Minimal_Default.Minimal_Default:PersistentLevel.Minimal_Default' with GeneratedClass '/Game/StarterContent/Maps/Minimal_Default.Minimal_Default_C' with ClassGeneratedBy '/Game/StarterContent/Maps/Minimal_Default.Minimal_Default:PersistentLevel.Minimal_Default'
[2016.02.15-13.06.45:341][448]LogCrashTracker: 


[2016.02.15-13.06.45:341][448]LogCrashTracker: 


[2016.02.15-13.06.45:341][448]LogWindows: === Critical error: ===
Fatal error!



[2016.02.15-13.06.45:444][448]LogExit: Executing StaticShutdownAfterError
[2016.02.15-13.06.45:445][448]LogOutputDevice:Warning: 

Script Stack:
ring.OnBeginOverlap

[2016.02.15-13.06.45:446][448]LogPhysics:Warning: PHYSX: ..\..\PhysX\src\NpScene.cpp (2946) 8 : PxScene::unlockWrite() called without matching call to PxScene::lockWrite(), behaviour will be undefined.
[2016.02.15-13.06.45:446][448]LogPhysics:Warning: PHYSX: ..\..\PhysX\src\NpScene.cpp (2946) 8 : PxScene::unlockWrite() called without matching call to PxScene::lockWrite(), behaviour will be undefined.
[2016.02.15-13.06.45:447][448]LogPhysics:Warning: PHYSX: ..\..\PhysX\src\NpScene.cpp (2946) 8 : PxScene::unlockWrite() called without matching call to PxScene::lockWrite(), behaviour will be undefined.
[2016.02.15-13.06.45:447][448]LogPhysics:Warning: PHYSX: ..\..\PhysX\src\NpScene.cpp (2946) 8 : PxScene::unlockWrite() called without matching call to PxScene::lockWrite(), behaviour will be undefined.
[2016.02.15-13.06.45:447][448]LogWindows: FPlatformMisc::RequestExit(1)
[2016.02.15-13.06.45:447][448]Log file closed, 02/15/16 14:06:45
